{
	"start":	{
		"connected":	[{
				"socket":	5,
				"local_host":	"192.168.5.32",
				"local_port":	5201,
				"remote_host":	"192.168.5.22",
				"remote_port":	61377
			}],
		"version":	"iperf 3.18",
		"system_info":	"CYGWIN_NT-10.0-22621 WIN-20250124JFD 3.5.4-1.x86_64 2024-08-25 16:52 UTC x86_64",
		"sock_bufsize":	0,
		"sndbuf_actual":	65536,
		"rcvbuf_actual":	65536,
		"timestamp":	{
			"time":	"Mon, 10 Feb 2025 20:35:00 GMT",
			"timesecs":	1739219700
		},
		"accepted_connection":	{
			"host":	"192.168.5.22",
			"port":	61370
		},
		"cookie":	"mn2h5kbjxfifrowvyz4c4qpz26pd5ilnn5fq",
		"tcp_mss_default":	0,
		"target_bitrate":	0,
		"fq_rate":	0,
		"test_start":	{
			"protocol":	"TCP",
			"num_streams":	1,
			"blksize":	131072,
			"omit":	0,
			"duration":	30,
			"bytes":	0,
			"blocks":	0,
			"reverse":	0,
			"tos":	0,
			"target_bitrate":	0,
			"bidir":	0,
			"fqrate":	0,
			"interval":	1
		}
	},
	"intervals":	[{
			"streams":	[{
					"socket":	5,
					"start":	0,
					"end":	1.000821,
					"seconds":	1.0008209943771362,
					"bytes":	67895296,
					"bits_per_second":	542716800.55836427,
					"omitted":	false,
					"sender":	false
				}],
			"sum":	{
				"start":	0,
				"end":	1.000821,
				"seconds":	1.0008209943771362,
				"bytes":	67895296,
				"bits_per_second":	542716800.55836427,
				"omitted":	false,
				"sender":	false
			}
		}, {
			"streams":	[{
					"socket":	5,
					"start":	1.000821,
					"end":	2.006055,
					"seconds":	1.0052340030670166,
					"bytes":	49676288,
					"bits_per_second":	395341087.53532243,
					"omitted":	false,
					"sender":	false
				}],
			"sum":	{
				"start":	1.000821,
				"end":	2.006055,
				"seconds":	1.0052340030670166,
				"bytes":	49676288,
				"bits_per_second":	395341087.53532243,
				"omitted":	false,
				"sender":	false
			}
		}, {
			"streams":	[{
					"socket":	5,
					"start":	2.006055,
					"end":	3.004508,
					"seconds":	0.99845302104949951,
					"bytes":	49283072,
					"bits_per_second":	394875439.99374,
					"omitted":	false,
					"sender":	false
				}],
			"sum":	{
				"start":	2.006055,
				"end":	3.004508,
				"seconds":	0.99845302104949951,
				"bytes":	49283072,
				"bits_per_second":	394875439.99374,
				"omitted":	false,
				"sender":	false
			}
		}, {
			"streams":	[{
					"socket":	5,
					"start":	3.004508,
					"end":	4.005481,
					"seconds":	1.0009729862213135,
					"bytes":	49283072,
					"bits_per_second":	393881334.8883211,
					"omitted":	false,
					"sender":	false
				}],
			"sum":	{
				"start":	3.004508,
				"end":	4.005481,
				"seconds":	1.0009729862213135,
				"bytes":	49283072,
				"bits_per_second":	393881334.8883211,
				"omitted":	false,
				"sender":	false
			}
		}, {
			"streams":	[{
					"socket":	5,
					"start":	4.005481,
					"end":	5.00577,
					"seconds":	1.0002889633178711,
					"bytes":	49414144,
					"bits_per_second":	395198953.99903327,
					"omitted":	false,
					"sender":	false
				}],
			"sum":	{
				"start":	4.005481,
				"end":	5.00577,
				"seconds":	1.0002889633178711,
				"bytes":	49414144,
				"bits_per_second":	395198953.99903327,
				"omitted":	false,
				"sender":	false
			}
		}, {
			"streams":	[{
					"socket":	5,
					"start":	5.00577,
					"end":	6.005089,
					"seconds":	0.999319016933441,
					"bytes":	49414144,
					"bits_per_second":	395582537.00912958,
					"omitted":	false,
					"sender":	false
				}],
			"sum":	{
				"start":	5.00577,
				"end":	6.005089,
				"seconds":	0.999319016933441,
				"bytes":	49414144,
				"bits_per_second":	395582537.00912958,
				"omitted":	false,
				"sender":	false
			}
		}, {
			"streams":	[{
					"socket":	5,
					"start":	6.005089,
					"end":	7.014727,
					"seconds":	1.0096379518508911,
					"bytes":	49807360,
					"bits_per_second":	394655212.06838173,
					"omitted":	false,
					"sender":	false
				}],
			"sum":	{
				"start":	6.005089,
				"end":	7.014727,
				"seconds":	1.0096379518508911,
				"bytes":	49807360,
				"bits_per_second":	394655212.06838173,
				"omitted":	false,
				"sender":	false
			}
		}, {
			"streams":	[{
					"socket":	5,
					"start":	7.014727,
					"end":	8.00216,
					"seconds":	0.98743301630020142,
					"bytes":	48758784,
					"bits_per_second":	395034666.21113068,
					"omitted":	false,
					"sender":	false
				}],
			"sum":	{
				"start":	7.014727,
				"end":	8.00216,
				"seconds":	0.98743301630020142,
				"bytes":	48758784,
				"bits_per_second":	395034666.21113068,
				"omitted":	false,
				"sender":	false
			}
		}, {
			"streams":	[{
					"socket":	5,
					"start":	8.00216,
					"end":	9.003351,
					"seconds":	1.0011910200119019,
					"bytes":	49414144,
					"bits_per_second":	394842886.22095376,
					"omitted":	false,
					"sender":	false
				}],
			"sum":	{
				"start":	8.00216,
				"end":	9.003351,
				"seconds":	1.0011910200119019,
				"bytes":	49414144,
				"bits_per_second":	394842886.22095376,
				"omitted":	false,
				"sender":	false
			}
		}, {
			"streams":	[{
					"socket":	5,
					"start":	9.003351,
					"end":	10.005515,
					"seconds":	1.0021640062332153,
					"bytes":	49414144,
					"bits_per_second":	394459539.09863931,
					"omitted":	false,
					"sender":	false
				}],
			"sum":	{
				"start":	9.003351,
				"end":	10.005515,
				"seconds":	1.0021640062332153,
				"bytes":	49414144,
				"bits_per_second":	394459539.09863931,
				"omitted":	false,
				"sender":	false
			}
		}, {
			"streams":	[{
					"socket":	5,
					"start":	10.005515,
					"end":	11.007448,
					"seconds":	1.0019329786300659,
					"bytes":	49545216,
					"bits_per_second":	395597047.36133337,
					"omitted":	false,
					"sender":	false
				}],
			"sum":	{
				"start":	10.005515,
				"end":	11.007448,
				"seconds":	1.0019329786300659,
				"bytes":	49545216,
				"bits_per_second":	395597047.36133337,
				"omitted":	false,
				"sender":	false
			}
		}, {
			"streams":	[{
					"socket":	5,
					"start":	11.007448,
					"end":	12.010526,
					"seconds":	1.0030779838562012,
					"bytes":	49545216,
					"bits_per_second":	395145476.60216761,
					"omitted":	false,
					"sender":	false
				}],
			"sum":	{
				"start":	11.007448,
				"end":	12.010526,
				"seconds":	1.0030779838562012,
				"bytes":	49545216,
				"bits_per_second":	395145476.60216761,
				"omitted":	false,
				"sender":	false
			}
		}, {
			"streams":	[{
					"socket":	5,
					"start":	12.010526,
					"end":	13.011631,
					"seconds":	1.0011049509048462,
					"bytes":	49545216,
					"bits_per_second":	395924251.14045179,
					"omitted":	false,
					"sender":	false
				}],
			"sum":	{
				"start":	12.010526,
				"end":	13.011631,
				"seconds":	1.0011049509048462,
				"bytes":	49545216,
				"bits_per_second":	395924251.14045179,
				"omitted":	false,
				"sender":	false
			}
		}, {
			"streams":	[{
					"socket":	5,
					"start":	13.011631,
					"end":	14.011751,
					"seconds":	1.0001200437545776,
					"bytes":	49414144,
					"bits_per_second":	395265702.82097763,
					"omitted":	false,
					"sender":	false
				}],
			"sum":	{
				"start":	13.011631,
				"end":	14.011751,
				"seconds":	1.0001200437545776,
				"bytes":	49414144,
				"bits_per_second":	395265702.82097763,
				"omitted":	false,
				"sender":	false
			}
		}, {
			"streams":	[{
					"socket":	5,
					"start":	14.011751,
					"end":	15.000382,
					"seconds":	0.988631010055542,
					"bytes":	48889856,
					"bits_per_second":	395616609.25245172,
					"omitted":	false,
					"sender":	false
				}],
			"sum":	{
				"start":	14.011751,
				"end":	15.000382,
				"seconds":	0.988631010055542,
				"bytes":	48889856,
				"bits_per_second":	395616609.25245172,
				"omitted":	false,
				"sender":	false
			}
		}, {
			"streams":	[{
					"socket":	5,
					"start":	15.000382,
					"end":	16.001355,
					"seconds":	1.0009729862213135,
					"bytes":	49545216,
					"bits_per_second":	395976448.37176961,
					"omitted":	false,
					"sender":	false
				}],
			"sum":	{
				"start":	15.000382,
				"end":	16.001355,
				"seconds":	1.0009729862213135,
				"bytes":	49545216,
				"bits_per_second":	395976448.37176961,
				"omitted":	false,
				"sender":	false
			}
		}, {
			"streams":	[{
					"socket":	5,
					"start":	16.001355,
					"end":	17.000627,
					"seconds":	0.99927198886871338,
					"bytes":	49414144,
					"bits_per_second":	395601154.04369366,
					"omitted":	false,
					"sender":	false
				}],
			"sum":	{
				"start":	16.001355,
				"end":	17.000627,
				"seconds":	0.99927198886871338,
				"bytes":	49414144,
				"bits_per_second":	395601154.04369366,
				"omitted":	false,
				"sender":	false
			}
		}, {
			"streams":	[{
					"socket":	5,
					"start":	17.000627,
					"end":	18.000412,
					"seconds":	0.999785006046295,
					"bytes":	49414144,
					"bits_per_second":	395398160.213752,
					"omitted":	false,
					"sender":	false
				}],
			"sum":	{
				"start":	17.000627,
				"end":	18.000412,
				"seconds":	0.999785006046295,
				"bytes":	49414144,
				"bits_per_second":	395398160.213752,
				"omitted":	false,
				"sender":	false
			}
		}, {
			"streams":	[{
					"socket":	5,
					"start":	18.000412,
					"end":	19.001345,
					"seconds":	1.000933051109314,
					"bytes":	49414144,
					"bits_per_second":	394944648.457639,
					"omitted":	false,
					"sender":	false
				}],
			"sum":	{
				"start":	18.000412,
				"end":	19.001345,
				"seconds":	1.000933051109314,
				"bytes":	49414144,
				"bits_per_second":	394944648.457639,
				"omitted":	false,
				"sender":	false
			}
		}, {
			"streams":	[{
					"socket":	5,
					"start":	19.001345,
					"end":	20.014693,
					"seconds":	1.0133479833602905,
					"bytes":	50200576,
					"bits_per_second":	396314607.21742177,
					"omitted":	false,
					"sender":	false
				}],
			"sum":	{
				"start":	19.001345,
				"end":	20.014693,
				"seconds":	1.0133479833602905,
				"bytes":	50200576,
				"bits_per_second":	396314607.21742177,
				"omitted":	false,
				"sender":	false
			}
		}, {
			"streams":	[{
					"socket":	5,
					"start":	20.014693,
					"end":	21.014854,
					"seconds":	1.0001610517501831,
					"bytes":	49414144,
					"bits_per_second":	395249496.37684953,
					"omitted":	false,
					"sender":	false
				}],
			"sum":	{
				"start":	20.014693,
				"end":	21.014854,
				"seconds":	1.0001610517501831,
				"bytes":	49414144,
				"bits_per_second":	395249496.37684953,
				"omitted":	false,
				"sender":	false
			}
		}, {
			"streams":	[{
					"socket":	5,
					"start":	21.014854,
					"end":	22.001179,
					"seconds":	0.98632502555847168,
					"bytes":	48889856,
					"bits_per_second":	396541543.47198355,
					"omitted":	false,
					"sender":	false
				}],
			"sum":	{
				"start":	21.014854,
				"end":	22.001179,
				"seconds":	0.98632502555847168,
				"bytes":	48889856,
				"bits_per_second":	396541543.47198355,
				"omitted":	false,
				"sender":	false
			}
		}, {
			"streams":	[{
					"socket":	5,
					"start":	22.001179,
					"end":	23.001382,
					"seconds":	1.000203013420105,
					"bytes":	49414144,
					"bits_per_second":	395232914.4143067,
					"omitted":	false,
					"sender":	false
				}],
			"sum":	{
				"start":	22.001179,
				"end":	23.001382,
				"seconds":	1.000203013420105,
				"bytes":	49414144,
				"bits_per_second":	395232914.4143067,
				"omitted":	false,
				"sender":	false
			}
		}, {
			"streams":	[{
					"socket":	5,
					"start":	23.001382,
					"end":	24.001549,
					"seconds":	1.0001670122146606,
					"bytes":	49414144,
					"bits_per_second":	395247140.89966,
					"omitted":	false,
					"sender":	false
				}],
			"sum":	{
				"start":	23.001382,
				"end":	24.001549,
				"seconds":	1.0001670122146606,
				"bytes":	49414144,
				"bits_per_second":	395247140.89966,
				"omitted":	false,
				"sender":	false
			}
		}, {
			"streams":	[{
					"socket":	5,
					"start":	24.001549,
					"end":	25.000886,
					"seconds":	0.99933701753616333,
					"bytes":	49545216,
					"bits_per_second":	396624683.20969278,
					"omitted":	false,
					"sender":	false
				}],
			"sum":	{
				"start":	24.001549,
				"end":	25.000886,
				"seconds":	0.99933701753616333,
				"bytes":	49545216,
				"bits_per_second":	396624683.20969278,
				"omitted":	false,
				"sender":	false
			}
		}, {
			"streams":	[{
					"socket":	5,
					"start":	25.000886,
					"end":	26.011515,
					"seconds":	1.0106290578842163,
					"bytes":	49938432,
					"bits_per_second":	395305728.52949768,
					"omitted":	false,
					"sender":	false
				}],
			"sum":	{
				"start":	25.000886,
				"end":	26.011515,
				"seconds":	1.0106290578842163,
				"bytes":	49938432,
				"bits_per_second":	395305728.52949768,
				"omitted":	false,
				"sender":	false
			}
		}, {
			"streams":	[{
					"socket":	5,
					"start":	26.011515,
					"end":	27.010058,
					"seconds":	0.99854302406311035,
					"bytes":	49283072,
					"bits_per_second":	394839848.157691,
					"omitted":	false,
					"sender":	false
				}],
			"sum":	{
				"start":	26.011515,
				"end":	27.010058,
				"seconds":	0.99854302406311035,
				"bytes":	49283072,
				"bits_per_second":	394839848.157691,
				"omitted":	false,
				"sender":	false
			}
		}, {
			"streams":	[{
					"socket":	5,
					"start":	27.010058,
					"end":	28.01072,
					"seconds":	1.0006619691848755,
					"bytes":	49414144,
					"bits_per_second":	395051639.98789346,
					"omitted":	false,
					"sender":	false
				}],
			"sum":	{
				"start":	27.010058,
				"end":	28.01072,
				"seconds":	1.0006619691848755,
				"bytes":	49414144,
				"bits_per_second":	395051639.98789346,
				"omitted":	false,
				"sender":	false
			}
		}, {
			"streams":	[{
					"socket":	5,
					"start":	28.01072,
					"end":	29.006432,
					"seconds":	0.99571198225021362,
					"bytes":	49283072,
					"bits_per_second":	395962470.10003823,
					"omitted":	false,
					"sender":	false
				}],
			"sum":	{
				"start":	28.01072,
				"end":	29.006432,
				"seconds":	0.99571198225021362,
				"bytes":	49283072,
				"bits_per_second":	395962470.10003823,
				"omitted":	false,
				"sender":	false
			}
		}, {
			"streams":	[{
					"socket":	5,
					"start":	29.006432,
					"end":	30.005349,
					"seconds":	0.998916983604431,
					"bytes":	49414144,
					"bits_per_second":	395741746.80019569,
					"omitted":	false,
					"sender":	false
				}],
			"sum":	{
				"start":	29.006432,
				"end":	30.005349,
				"seconds":	0.998916983604431,
				"bytes":	49414144,
				"bits_per_second":	395741746.80019569,
				"omitted":	false,
				"sender":	false
			}
		}, {
			"streams":	[{
					"socket":	5,
					"start":	30.005349,
					"end":	30.031572,
					"seconds":	0.026223000138998032,
					"bytes":	1835008,
					"bits_per_second":	559816341.46309078,
					"omitted":	false,
					"sender":	false
				}],
			"sum":	{
				"start":	30.005349,
				"end":	30.031572,
				"seconds":	0.026223000138998032,
				"bytes":	1835008,
				"bits_per_second":	559816341.46309078,
				"omitted":	false,
				"sender":	false
			}
		}],
	"end":	{
		"streams":	[{
				"sender":	{
					"socket":	5,
					"start":	0,
					"end":	30.031572,
					"seconds":	30.031572,
					"bytes":	0,
					"bits_per_second":	0,
					"sender":	false
				},
				"receiver":	{
					"socket":	5,
					"start":	0,
					"end":	30.031572,
					"seconds":	30.031572,
					"bytes":	1503133696,
					"bits_per_second":	400414256.303333,
					"sender":	false
				}
			}],
		"sum_sent":	{
			"start":	0,
			"end":	30.031572,
			"seconds":	30.031572,
			"bytes":	0,
			"bits_per_second":	0,
			"sender":	false
		},
		"sum_received":	{
			"start":	0,
			"end":	30.031572,
			"seconds":	30.031572,
			"bytes":	1503133696,
			"bits_per_second":	400414256.303333,
			"sender":	false
		},
		"cpu_utilization_percent":	{
			"host_total":	0.20644895248300982,
			"host_user":	0,
			"host_system":	0.20644895248300982,
			"remote_total":	0,
			"remote_user":	0,
			"remote_system":	0
		}
	}
}
{
	"start":	{
		"connected":	[],
		"version":	"iperf 3.18",
		"system_info":	"CYGWIN_NT-10.0-22621 WIN-20250124JFD 3.5.4-1.x86_64 2024-08-25 16:52 UTC x86_64"
	},
	"intervals":	[],
	"end":	{
	},
	"error":	"interrupt - the server has terminated"
}
