{
	"start":	{
		"connected":	[{
				"socket":	5,
				"local_host":	"192.168.5.33",
				"local_port":	5201,
				"remote_host":	"192.168.5.23",
				"remote_port":	61379
			}],
		"version":	"iperf 3.18",
		"system_info":	"CYGWIN_NT-10.0-22621 WIN-20250124JFD 3.5.4-1.x86_64 2024-08-25 16:52 UTC x86_64",
		"sock_bufsize":	0,
		"sndbuf_actual":	65536,
		"rcvbuf_actual":	65536,
		"timestamp":	{
			"time":	"Mon, 10 Feb 2025 20:35:00 GMT",
			"timesecs":	1739219700
		},
		"accepted_connection":	{
			"host":	"192.168.5.23",
			"port":	61372
		},
		"cookie":	"vb4tiszbasi2vdclenng6y72vdcvhexzzhlo",
		"tcp_mss_default":	0,
		"target_bitrate":	0,
		"fq_rate":	0,
		"test_start":	{
			"protocol":	"TCP",
			"num_streams":	1,
			"blksize":	131072,
			"omit":	0,
			"duration":	30,
			"bytes":	0,
			"blocks":	0,
			"reverse":	0,
			"tos":	0,
			"target_bitrate":	0,
			"bidir":	0,
			"fqrate":	0,
			"interval":	1
		}
	},
	"intervals":	[{
			"streams":	[{
					"socket":	5,
					"start":	0,
					"end":	1.000143,
					"seconds":	1.0001430511474609,
					"bytes":	37748736,
					"bits_per_second":	301946694.17892569,
					"omitted":	false,
					"sender":	false
				}],
			"sum":	{
				"start":	0,
				"end":	1.000143,
				"seconds":	1.0001430511474609,
				"bytes":	37748736,
				"bits_per_second":	301946694.17892569,
				"omitted":	false,
				"sender":	false
			}
		}, {
			"streams":	[{
					"socket":	5,
					"start":	1.000143,
					"end":	2.005359,
					"seconds":	1.0052160024642944,
					"bytes":	48365568,
					"bits_per_second":	384916816.93432218,
					"omitted":	false,
					"sender":	false
				}],
			"sum":	{
				"start":	1.000143,
				"end":	2.005359,
				"seconds":	1.0052160024642944,
				"bytes":	48365568,
				"bits_per_second":	384916816.93432218,
				"omitted":	false,
				"sender":	false
			}
		}, {
			"streams":	[{
					"socket":	5,
					"start":	2.005359,
					"end":	3.003839,
					"seconds":	0.99848002195358276,
					"bytes":	47448064,
					"bits_per_second":	380162350.426723,
					"omitted":	false,
					"sender":	false
				}],
			"sum":	{
				"start":	2.005359,
				"end":	3.003839,
				"seconds":	0.99848002195358276,
				"bytes":	47448064,
				"bits_per_second":	380162350.426723,
				"omitted":	false,
				"sender":	false
			}
		}, {
			"streams":	[{
					"socket":	5,
					"start":	3.003839,
					"end":	4.0048,
					"seconds":	1.0009609460830688,
					"bytes":	47972352,
					"bits_per_second":	383410379.29780585,
					"omitted":	false,
					"sender":	false
				}],
			"sum":	{
				"start":	3.003839,
				"end":	4.0048,
				"seconds":	1.0009609460830688,
				"bytes":	47972352,
				"bits_per_second":	383410379.29780585,
				"omitted":	false,
				"sender":	false
			}
		}, {
			"streams":	[{
					"socket":	5,
					"start":	4.0048,
					"end":	5.005054,
					"seconds":	1.0002540349960327,
					"bytes":	47579136,
					"bits_per_second":	380536418.43245322,
					"omitted":	false,
					"sender":	false
				}],
			"sum":	{
				"start":	4.0048,
				"end":	5.005054,
				"seconds":	1.0002540349960327,
				"bytes":	47579136,
				"bits_per_second":	380536418.43245322,
				"omitted":	false,
				"sender":	false
			}
		}, {
			"streams":	[{
					"socket":	5,
					"start":	5.005054,
					"end":	6.004396,
					"seconds":	0.99934202432632446,
					"bytes":	47972352,
					"bits_per_second":	384031499.38452017,
					"omitted":	false,
					"sender":	false
				}],
			"sum":	{
				"start":	5.005054,
				"end":	6.004396,
				"seconds":	0.99934202432632446,
				"bytes":	47972352,
				"bits_per_second":	384031499.38452017,
				"omitted":	false,
				"sender":	false
			}
		}, {
			"streams":	[{
					"socket":	5,
					"start":	6.004396,
					"end":	7.014054,
					"seconds":	1.0096579790115356,
					"bytes":	48365568,
					"bits_per_second":	383223380.63311565,
					"omitted":	false,
					"sender":	false
				}],
			"sum":	{
				"start":	6.004396,
				"end":	7.014054,
				"seconds":	1.0096579790115356,
				"bytes":	48365568,
				"bits_per_second":	383223380.63311565,
				"omitted":	false,
				"sender":	false
			}
		}, {
			"streams":	[{
					"socket":	5,
					"start":	7.014054,
					"end":	8.00147,
					"seconds":	0.98741602897644043,
					"bytes":	47316992,
					"bits_per_second":	383360128.75180072,
					"omitted":	false,
					"sender":	false
				}],
			"sum":	{
				"start":	7.014054,
				"end":	8.00147,
				"seconds":	0.98741602897644043,
				"bytes":	47316992,
				"bits_per_second":	383360128.75180072,
				"omitted":	false,
				"sender":	false
			}
		}, {
			"streams":	[{
					"socket":	5,
					"start":	8.00147,
					"end":	9.002646,
					"seconds":	1.0011759996414185,
					"bytes":	47972352,
					"bits_per_second":	383328022.3831318,
					"omitted":	false,
					"sender":	false
				}],
			"sum":	{
				"start":	8.00147,
				"end":	9.002646,
				"seconds":	1.0011759996414185,
				"bytes":	47972352,
				"bits_per_second":	383328022.3831318,
				"omitted":	false,
				"sender":	false
			}
		}, {
			"streams":	[{
					"socket":	5,
					"start":	9.002646,
					"end":	10.004831,
					"seconds":	1.0021849870681763,
					"bytes":	48103424,
					"bits_per_second":	383988382.35023481,
					"omitted":	false,
					"sender":	false
				}],
			"sum":	{
				"start":	9.002646,
				"end":	10.004831,
				"seconds":	1.0021849870681763,
				"bytes":	48103424,
				"bits_per_second":	383988382.35023481,
				"omitted":	false,
				"sender":	false
			}
		}, {
			"streams":	[{
					"socket":	5,
					"start":	10.004831,
					"end":	11.006751,
					"seconds":	1.0019199848175049,
					"bytes":	47972352,
					"bits_per_second":	383043378.528779,
					"omitted":	false,
					"sender":	false
				}],
			"sum":	{
				"start":	10.004831,
				"end":	11.006751,
				"seconds":	1.0019199848175049,
				"bytes":	47972352,
				"bits_per_second":	383043378.528779,
				"omitted":	false,
				"sender":	false
			}
		}, {
			"streams":	[{
					"socket":	5,
					"start":	11.006751,
					"end":	12.009832,
					"seconds":	1.00308096408844,
					"bytes":	48234496,
					"bits_per_second":	384690749.61528027,
					"omitted":	false,
					"sender":	false
				}],
			"sum":	{
				"start":	11.006751,
				"end":	12.009832,
				"seconds":	1.00308096408844,
				"bytes":	48234496,
				"bits_per_second":	384690749.61528027,
				"omitted":	false,
				"sender":	false
			}
		}, {
			"streams":	[{
					"socket":	5,
					"start":	12.009832,
					"end":	13.010979,
					"seconds":	1.0011470317840576,
					"bytes":	47972352,
					"bits_per_second":	383339113.85233891,
					"omitted":	false,
					"sender":	false
				}],
			"sum":	{
				"start":	12.009832,
				"end":	13.010979,
				"seconds":	1.0011470317840576,
				"bytes":	47972352,
				"bits_per_second":	383339113.85233891,
				"omitted":	false,
				"sender":	false
			}
		}, {
			"streams":	[{
					"socket":	5,
					"start":	13.010979,
					"end":	14.011057,
					"seconds":	1.0000779628753662,
					"bytes":	47841280,
					"bits_per_second":	382700403.57613337,
					"omitted":	false,
					"sender":	false
				}],
			"sum":	{
				"start":	13.010979,
				"end":	14.011057,
				"seconds":	1.0000779628753662,
				"bytes":	47841280,
				"bits_per_second":	382700403.57613337,
				"omitted":	false,
				"sender":	false
			}
		}, {
			"streams":	[{
					"socket":	5,
					"start":	14.011057,
					"end":	15.014611,
					"seconds":	1.0035539865493774,
					"bytes":	47710208,
					"bits_per_second":	380329976.3796218,
					"omitted":	false,
					"sender":	false
				}],
			"sum":	{
				"start":	14.011057,
				"end":	15.014611,
				"seconds":	1.0035539865493774,
				"bytes":	47710208,
				"bits_per_second":	380329976.3796218,
				"omitted":	false,
				"sender":	false
			}
		}, {
			"streams":	[{
					"socket":	5,
					"start":	15.014611,
					"end":	16.000666,
					"seconds":	0.986055016517639,
					"bytes":	47185920,
					"bits_per_second":	382825860.29848289,
					"omitted":	false,
					"sender":	false
				}],
			"sum":	{
				"start":	15.014611,
				"end":	16.000666,
				"seconds":	0.986055016517639,
				"bytes":	47185920,
				"bits_per_second":	382825860.29848289,
				"omitted":	false,
				"sender":	false
			}
		}, {
			"streams":	[{
					"socket":	5,
					"start":	16.000666,
					"end":	17.015391,
					"seconds":	1.0147249698638916,
					"bytes":	48758784,
					"bits_per_second":	384409848.56450456,
					"omitted":	false,
					"sender":	false
				}],
			"sum":	{
				"start":	16.000666,
				"end":	17.015391,
				"seconds":	1.0147249698638916,
				"bytes":	48758784,
				"bits_per_second":	384409848.56450456,
				"omitted":	false,
				"sender":	false
			}
		}, {
			"streams":	[{
					"socket":	5,
					"start":	17.015391,
					"end":	18.014652,
					"seconds":	0.99926102161407471,
					"bytes":	47972352,
					"bits_per_second":	384062629.98239863,
					"omitted":	false,
					"sender":	false
				}],
			"sum":	{
				"start":	17.015391,
				"end":	18.014652,
				"seconds":	0.99926102161407471,
				"bytes":	47972352,
				"bits_per_second":	384062629.98239863,
				"omitted":	false,
				"sender":	false
			}
		}, {
			"streams":	[{
					"socket":	5,
					"start":	18.014652,
					"end":	19.000655,
					"seconds":	0.98600298166275024,
					"bytes":	47054848,
					"bits_per_second":	381782602.08218729,
					"omitted":	false,
					"sender":	false
				}],
			"sum":	{
				"start":	18.014652,
				"end":	19.000655,
				"seconds":	0.98600298166275024,
				"bytes":	47054848,
				"bits_per_second":	381782602.08218729,
				"omitted":	false,
				"sender":	false
			}
		}, {
			"streams":	[{
					"socket":	5,
					"start":	19.000655,
					"end":	20.014002,
					"seconds":	1.0133470296859741,
					"bytes":	48496640,
					"bits_per_second":	382863035.69689143,
					"omitted":	false,
					"sender":	false
				}],
			"sum":	{
				"start":	19.000655,
				"end":	20.014002,
				"seconds":	1.0133470296859741,
				"bytes":	48496640,
				"bits_per_second":	382863035.69689143,
				"omitted":	false,
				"sender":	false
			}
		}, {
			"streams":	[{
					"socket":	5,
					"start":	20.014002,
					"end":	21.014166,
					"seconds":	1.0001640319824219,
					"bytes":	47710208,
					"bits_per_second":	381619066.26803,
					"omitted":	false,
					"sender":	false
				}],
			"sum":	{
				"start":	20.014002,
				"end":	21.014166,
				"seconds":	1.0001640319824219,
				"bytes":	47710208,
				"bits_per_second":	381619066.26803,
				"omitted":	false,
				"sender":	false
			}
		}, {
			"streams":	[{
					"socket":	5,
					"start":	21.014166,
					"end":	22.000476,
					"seconds":	0.98631000518798828,
					"bytes":	47316992,
					"bits_per_second":	383790019.37413377,
					"omitted":	false,
					"sender":	false
				}],
			"sum":	{
				"start":	21.014166,
				"end":	22.000476,
				"seconds":	0.98631000518798828,
				"bytes":	47316992,
				"bits_per_second":	383790019.37413377,
				"omitted":	false,
				"sender":	false
			}
		}, {
			"streams":	[{
					"socket":	5,
					"start":	22.000476,
					"end":	23.000663,
					"seconds":	1.0001870393753052,
					"bytes":	48103424,
					"bits_per_second":	384755427.58517921,
					"omitted":	false,
					"sender":	false
				}],
			"sum":	{
				"start":	22.000476,
				"end":	23.000663,
				"seconds":	1.0001870393753052,
				"bytes":	48103424,
				"bits_per_second":	384755427.58517921,
				"omitted":	false,
				"sender":	false
			}
		}, {
			"streams":	[{
					"socket":	5,
					"start":	23.000663,
					"end":	24.000874,
					"seconds":	1.0002110004425049,
					"bytes":	48103424,
					"bits_per_second":	384746210.37935787,
					"omitted":	false,
					"sender":	false
				}],
			"sum":	{
				"start":	23.000663,
				"end":	24.000874,
				"seconds":	1.0002110004425049,
				"bytes":	48103424,
				"bits_per_second":	384746210.37935787,
				"omitted":	false,
				"sender":	false
			}
		}, {
			"streams":	[{
					"socket":	5,
					"start":	24.000874,
					"end":	25.000183,
					"seconds":	0.999309003353119,
					"bytes":	47710208,
					"bits_per_second":	381945587.119991,
					"omitted":	false,
					"sender":	false
				}],
			"sum":	{
				"start":	24.000874,
				"end":	25.000183,
				"seconds":	0.999309003353119,
				"bytes":	47710208,
				"bits_per_second":	381945587.119991,
				"omitted":	false,
				"sender":	false
			}
		}, {
			"streams":	[{
					"socket":	5,
					"start":	25.000183,
					"end":	26.010831,
					"seconds":	1.0106480121612549,
					"bytes":	48103424,
					"bits_per_second":	380772917.34542936,
					"omitted":	false,
					"sender":	false
				}],
			"sum":	{
				"start":	25.000183,
				"end":	26.010831,
				"seconds":	1.0106480121612549,
				"bytes":	48103424,
				"bits_per_second":	380772917.34542936,
				"omitted":	false,
				"sender":	false
			}
		}, {
			"streams":	[{
					"socket":	5,
					"start":	26.010831,
					"end":	27.00937,
					"seconds":	0.99853897094726562,
					"bytes":	47579136,
					"bits_per_second":	381190017.69045812,
					"omitted":	false,
					"sender":	false
				}],
			"sum":	{
				"start":	26.010831,
				"end":	27.00937,
				"seconds":	0.99853897094726562,
				"bytes":	47579136,
				"bits_per_second":	381190017.69045812,
				"omitted":	false,
				"sender":	false
			}
		}, {
			"streams":	[{
					"socket":	5,
					"start":	27.00937,
					"end":	28.010004,
					"seconds":	1.0006339550018311,
					"bytes":	47710208,
					"bits_per_second":	381439848.30027235,
					"omitted":	false,
					"sender":	false
				}],
			"sum":	{
				"start":	27.00937,
				"end":	28.010004,
				"seconds":	1.0006339550018311,
				"bytes":	47710208,
				"bits_per_second":	381439848.30027235,
				"omitted":	false,
				"sender":	false
			}
		}, {
			"streams":	[{
					"socket":	5,
					"start":	28.010004,
					"end":	29.005737,
					"seconds":	0.99573302268981934,
					"bytes":	47579136,
					"bits_per_second":	382264200.67075646,
					"omitted":	false,
					"sender":	false
				}],
			"sum":	{
				"start":	28.010004,
				"end":	29.005737,
				"seconds":	0.99573302268981934,
				"bytes":	47579136,
				"bits_per_second":	382264200.67075646,
				"omitted":	false,
				"sender":	false
			}
		}, {
			"streams":	[{
					"socket":	5,
					"start":	29.005737,
					"end":	30.002684,
					"seconds":	0.99694699048995972,
					"bytes":	47710208,
					"bits_per_second":	382850510.248713,
					"omitted":	false,
					"sender":	false
				}],
			"sum":	{
				"start":	29.005737,
				"end":	30.002684,
				"seconds":	0.99694699048995972,
				"bytes":	47710208,
				"bits_per_second":	382850510.248713,
				"omitted":	false,
				"sender":	false
			}
		}],
	"end":	{
		"streams":	[{
				"sender":	{
					"socket":	5,
					"start":	0,
					"end":	30.002684,
					"seconds":	30.002684,
					"bytes":	0,
					"bits_per_second":	0,
					"sender":	false
				},
				"receiver":	{
					"socket":	5,
					"start":	0,
					"end":	30.002684,
					"seconds":	30.002684,
					"bytes":	1425670144,
					"bits_per_second":	380144694.787973,
					"sender":	false
				}
			}],
		"sum_sent":	{
			"start":	0,
			"end":	30.002684,
			"seconds":	30.002684,
			"bytes":	0,
			"bits_per_second":	0,
			"sender":	false
		},
		"sum_received":	{
			"start":	0,
			"end":	30.002684,
			"seconds":	30.002684,
			"bytes":	1425670144,
			"bits_per_second":	380144694.787973,
			"sender":	false
		},
		"cpu_utilization_percent":	{
			"host_total":	0.41329544791727424,
			"host_user":	0.15331927906608561,
			"host_system":	0.25997616885118863,
			"remote_total":	0,
			"remote_user":	0,
			"remote_system":	0
		}
	}
}
{
	"start":	{
		"connected":	[],
		"version":	"iperf 3.18",
		"system_info":	"CYGWIN_NT-10.0-22621 WIN-20250124JFD 3.5.4-1.x86_64 2024-08-25 16:52 UTC x86_64"
	},
	"intervals":	[],
	"end":	{
	},
	"error":	"interrupt - the server has terminated"
}
