{
	"start":	{
		"connected":	[{
				"socket":	5,
				"local_host":	"192.168.5.31",
				"local_port":	5201,
				"remote_host":	"192.168.5.21",
				"remote_port":	61382
			}],
		"version":	"iperf 3.18",
		"system_info":	"CYGWIN_NT-10.0-22621 WIN-20250124JFD 3.5.4-1.x86_64 2024-08-25 16:52 UTC x86_64",
		"sock_bufsize":	0,
		"sndbuf_actual":	65536,
		"rcvbuf_actual":	65536,
		"timestamp":	{
			"time":	"Mon, 10 Feb 2025 20:35:00 GMT",
			"timesecs":	1739219700
		},
		"accepted_connection":	{
			"host":	"192.168.5.21",
			"port":	61374
		},
		"cookie":	"igqjprmcbiowyq3jsiizz3o23lzpdr5etplq",
		"tcp_mss_default":	0,
		"target_bitrate":	0,
		"fq_rate":	0,
		"test_start":	{
			"protocol":	"TCP",
			"num_streams":	1,
			"blksize":	131072,
			"omit":	0,
			"duration":	30,
			"bytes":	0,
			"blocks":	0,
			"reverse":	0,
			"tos":	0,
			"target_bitrate":	0,
			"bidir":	0,
			"fqrate":	0,
			"interval":	1
		}
	},
	"intervals":	[{
			"streams":	[{
					"socket":	5,
					"start":	0,
					"end":	1.013822,
					"seconds":	1.0138219594955444,
					"bytes":	38141952,
					"bits_per_second":	300975544.21866024,
					"omitted":	false,
					"sender":	false
				}],
			"sum":	{
				"start":	0,
				"end":	1.013822,
				"seconds":	1.0138219594955444,
				"bytes":	38141952,
				"bits_per_second":	300975544.21866024,
				"omitted":	false,
				"sender":	false
			}
		}, {
			"streams":	[{
					"socket":	5,
					"start":	1.013822,
					"end":	2.004052,
					"seconds":	0.9902300238609314,
					"bytes":	48365568,
					"bits_per_second":	390742084.84547019,
					"omitted":	false,
					"sender":	false
				}],
			"sum":	{
				"start":	1.013822,
				"end":	2.004052,
				"seconds":	0.9902300238609314,
				"bytes":	48365568,
				"bits_per_second":	390742084.84547019,
				"omitted":	false,
				"sender":	false
			}
		}, {
			"streams":	[{
					"socket":	5,
					"start":	2.004052,
					"end":	3.002533,
					"seconds":	0.99848097562789917,
					"bytes":	48627712,
					"bits_per_second":	389613528.44540876,
					"omitted":	false,
					"sender":	false
				}],
			"sum":	{
				"start":	2.004052,
				"end":	3.002533,
				"seconds":	0.99848097562789917,
				"bytes":	48627712,
				"bits_per_second":	389613528.44540876,
				"omitted":	false,
				"sender":	false
			}
		}, {
			"streams":	[{
					"socket":	5,
					"start":	3.002533,
					"end":	4.003476,
					"seconds":	1.0009429454803467,
					"bytes":	48758784,
					"bits_per_second":	389702803.50275862,
					"omitted":	false,
					"sender":	false
				}],
			"sum":	{
				"start":	3.002533,
				"end":	4.003476,
				"seconds":	1.0009429454803467,
				"bytes":	48758784,
				"bits_per_second":	389702803.50275862,
				"omitted":	false,
				"sender":	false
			}
		}, {
			"streams":	[{
					"socket":	5,
					"start":	4.003476,
					"end":	5.003751,
					"seconds":	1.0002750158309937,
					"bytes":	48627712,
					"bits_per_second":	388914738.2900635,
					"omitted":	false,
					"sender":	false
				}],
			"sum":	{
				"start":	4.003476,
				"end":	5.003751,
				"seconds":	1.0002750158309937,
				"bytes":	48627712,
				"bits_per_second":	388914738.2900635,
				"omitted":	false,
				"sender":	false
			}
		}, {
			"streams":	[{
					"socket":	5,
					"start":	5.003751,
					"end":	6.003071,
					"seconds":	0.99931997060775757,
					"bytes":	48627712,
					"bits_per_second":	389286422.20910311,
					"omitted":	false,
					"sender":	false
				}],
			"sum":	{
				"start":	5.003751,
				"end":	6.003071,
				"seconds":	0.99931997060775757,
				"bytes":	48627712,
				"bits_per_second":	389286422.20910311,
				"omitted":	false,
				"sender":	false
			}
		}, {
			"streams":	[{
					"socket":	5,
					"start":	6.003071,
					"end":	7.012752,
					"seconds":	1.0096809864044189,
					"bytes":	49020928,
					"bits_per_second":	388407258.61001879,
					"omitted":	false,
					"sender":	false
				}],
			"sum":	{
				"start":	6.003071,
				"end":	7.012752,
				"seconds":	1.0096809864044189,
				"bytes":	49020928,
				"bits_per_second":	388407258.61001879,
				"omitted":	false,
				"sender":	false
			}
		}, {
			"streams":	[{
					"socket":	5,
					"start":	7.012752,
					"end":	8.000163,
					"seconds":	0.9874110221862793,
					"bytes":	47972352,
					"bits_per_second":	388671796.62452513,
					"omitted":	false,
					"sender":	false
				}],
			"sum":	{
				"start":	7.012752,
				"end":	8.000163,
				"seconds":	0.9874110221862793,
				"bytes":	47972352,
				"bits_per_second":	388671796.62452513,
				"omitted":	false,
				"sender":	false
			}
		}, {
			"streams":	[{
					"socket":	5,
					"start":	8.000163,
					"end":	9.001351,
					"seconds":	1.0011880397796631,
					"bytes":	48758784,
					"bits_per_second":	389607402.9068954,
					"omitted":	false,
					"sender":	false
				}],
			"sum":	{
				"start":	8.000163,
				"end":	9.001351,
				"seconds":	1.0011880397796631,
				"bytes":	48758784,
				"bits_per_second":	389607402.9068954,
				"omitted":	false,
				"sender":	false
			}
		}, {
			"streams":	[{
					"socket":	5,
					"start":	9.001351,
					"end":	10.003528,
					"seconds":	1.0021770000457764,
					"bytes":	48496640,
					"bits_per_second":	387130337.2381112,
					"omitted":	false,
					"sender":	false
				}],
			"sum":	{
				"start":	9.001351,
				"end":	10.003528,
				"seconds":	1.0021770000457764,
				"bytes":	48496640,
				"bits_per_second":	387130337.2381112,
				"omitted":	false,
				"sender":	false
			}
		}, {
			"streams":	[{
					"socket":	5,
					"start":	10.003528,
					"end":	11.005486,
					"seconds":	1.0019580125808716,
					"bytes":	48758784,
					"bits_per_second":	389308002.034183,
					"omitted":	false,
					"sender":	false
				}],
			"sum":	{
				"start":	10.003528,
				"end":	11.005486,
				"seconds":	1.0019580125808716,
				"bytes":	48758784,
				"bits_per_second":	389308002.034183,
				"omitted":	false,
				"sender":	false
			}
		}, {
			"streams":	[{
					"socket":	5,
					"start":	11.005486,
					"end":	12.00851,
					"seconds":	1.0030239820480347,
					"bytes":	49020928,
					"bits_per_second":	390985092.100439,
					"omitted":	false,
					"sender":	false
				}],
			"sum":	{
				"start":	11.005486,
				"end":	12.00851,
				"seconds":	1.0030239820480347,
				"bytes":	49020928,
				"bits_per_second":	390985092.100439,
				"omitted":	false,
				"sender":	false
			}
		}, {
			"streams":	[{
					"socket":	5,
					"start":	12.00851,
					"end":	13.009619,
					"seconds":	1.0011090040206909,
					"bytes":	48627712,
					"bits_per_second":	388590747.29884231,
					"omitted":	false,
					"sender":	false
				}],
			"sum":	{
				"start":	12.00851,
				"end":	13.009619,
				"seconds":	1.0011090040206909,
				"bytes":	48627712,
				"bits_per_second":	388590747.29884231,
				"omitted":	false,
				"sender":	false
			}
		}, {
			"streams":	[{
					"socket":	5,
					"start":	13.009619,
					"end":	14.009715,
					"seconds":	1.0000959634780884,
					"bytes":	48627712,
					"bits_per_second":	388984367.70715278,
					"omitted":	false,
					"sender":	false
				}],
			"sum":	{
				"start":	13.009619,
				"end":	14.009715,
				"seconds":	1.0000959634780884,
				"bytes":	48627712,
				"bits_per_second":	388984367.70715278,
				"omitted":	false,
				"sender":	false
			}
		}, {
			"streams":	[{
					"socket":	5,
					"start":	14.009715,
					"end":	15.013303,
					"seconds":	1.0035879611968994,
					"bytes":	48758784,
					"bits_per_second":	388675718.60347372,
					"omitted":	false,
					"sender":	false
				}],
			"sum":	{
				"start":	14.009715,
				"end":	15.013303,
				"seconds":	1.0035879611968994,
				"bytes":	48758784,
				"bits_per_second":	388675718.60347372,
				"omitted":	false,
				"sender":	false
			}
		}, {
			"streams":	[{
					"socket":	5,
					"start":	15.013303,
					"end":	16.014148,
					"seconds":	1.0008449554443359,
					"bytes":	48889856,
					"bits_per_second":	390788649.00343984,
					"omitted":	false,
					"sender":	false
				}],
			"sum":	{
				"start":	15.013303,
				"end":	16.014148,
				"seconds":	1.0008449554443359,
				"bytes":	48889856,
				"bits_per_second":	390788649.00343984,
				"omitted":	false,
				"sender":	false
			}
		}, {
			"streams":	[{
					"socket":	5,
					"start":	16.014148,
					"end":	17.014096,
					"seconds":	0.999948024749756,
					"bytes":	48496640,
					"bits_per_second":	387993286.0481354,
					"omitted":	false,
					"sender":	false
				}],
			"sum":	{
				"start":	16.014148,
				"end":	17.014096,
				"seconds":	0.999948024749756,
				"bytes":	48496640,
				"bits_per_second":	387993286.0481354,
				"omitted":	false,
				"sender":	false
			}
		}, {
			"streams":	[{
					"socket":	5,
					"start":	17.014096,
					"end":	18.013367,
					"seconds":	0.9992709755897522,
					"bytes":	48758784,
					"bits_per_second":	390354850.214465,
					"omitted":	false,
					"sender":	false
				}],
			"sum":	{
				"start":	17.014096,
				"end":	18.013367,
				"seconds":	0.9992709755897522,
				"bytes":	48758784,
				"bits_per_second":	390354850.214465,
				"omitted":	false,
				"sender":	false
			}
		}, {
			"streams":	[{
					"socket":	5,
					"start":	18.013367,
					"end":	19.014836,
					"seconds":	1.0014690160751343,
					"bytes":	48758784,
					"bits_per_second":	389498093.04009,
					"omitted":	false,
					"sender":	false
				}],
			"sum":	{
				"start":	18.013367,
				"end":	19.014836,
				"seconds":	1.0014690160751343,
				"bytes":	48758784,
				"bits_per_second":	389498093.04009,
				"omitted":	false,
				"sender":	false
			}
		}, {
			"streams":	[{
					"socket":	5,
					"start":	19.014836,
					"end":	20.012702,
					"seconds":	0.99786597490310669,
					"bytes":	48627712,
					"bits_per_second":	389853653.48064321,
					"omitted":	false,
					"sender":	false
				}],
			"sum":	{
				"start":	19.014836,
				"end":	20.012702,
				"seconds":	0.99786597490310669,
				"bytes":	48627712,
				"bits_per_second":	389853653.48064321,
				"omitted":	false,
				"sender":	false
			}
		}, {
			"streams":	[{
					"socket":	5,
					"start":	20.012702,
					"end":	21.012868,
					"seconds":	1.0001660585403442,
					"bytes":	48758784,
					"bits_per_second":	390005508.254573,
					"omitted":	false,
					"sender":	false
				}],
			"sum":	{
				"start":	20.012702,
				"end":	21.012868,
				"seconds":	1.0001660585403442,
				"bytes":	48758784,
				"bits_per_second":	390005508.254573,
				"omitted":	false,
				"sender":	false
			}
		}, {
			"streams":	[{
					"socket":	5,
					"start":	21.012868,
					"end":	22.014666,
					"seconds":	1.0017980337142944,
					"bytes":	48889856,
					"bits_per_second":	390416865.31353712,
					"omitted":	false,
					"sender":	false
				}],
			"sum":	{
				"start":	21.012868,
				"end":	22.014666,
				"seconds":	1.0017980337142944,
				"bytes":	48889856,
				"bits_per_second":	390416865.31353712,
				"omitted":	false,
				"sender":	false
			}
		}, {
			"streams":	[{
					"socket":	5,
					"start":	22.014666,
					"end":	23.014294,
					"seconds":	0.99962800741195679,
					"bytes":	48758784,
					"bits_per_second":	390215429.24742013,
					"omitted":	false,
					"sender":	false
				}],
			"sum":	{
				"start":	22.014666,
				"end":	23.014294,
				"seconds":	0.99962800741195679,
				"bytes":	48758784,
				"bits_per_second":	390215429.24742013,
				"omitted":	false,
				"sender":	false
			}
		}, {
			"streams":	[{
					"socket":	5,
					"start":	23.014294,
					"end":	24.014507,
					"seconds":	1.0002130270004272,
					"bytes":	48758784,
					"bits_per_second":	389987194.197815,
					"omitted":	false,
					"sender":	false
				}],
			"sum":	{
				"start":	23.014294,
				"end":	24.014507,
				"seconds":	1.0002130270004272,
				"bytes":	48758784,
				"bits_per_second":	389987194.197815,
				"omitted":	false,
				"sender":	false
			}
		}, {
			"streams":	[{
					"socket":	5,
					"start":	24.014507,
					"end":	25.014354,
					"seconds":	0.99984699487686157,
					"bytes":	48627712,
					"bits_per_second":	389081227.42111242,
					"omitted":	false,
					"sender":	false
				}],
			"sum":	{
				"start":	24.014507,
				"end":	25.014354,
				"seconds":	0.99984699487686157,
				"bytes":	48627712,
				"bits_per_second":	389081227.42111242,
				"omitted":	false,
				"sender":	false
			}
		}, {
			"streams":	[{
					"socket":	5,
					"start":	25.014354,
					"end":	26.009516,
					"seconds":	0.995162010192871,
					"bytes":	48496640,
					"bits_per_second":	389859255.1024003,
					"omitted":	false,
					"sender":	false
				}],
			"sum":	{
				"start":	25.014354,
				"end":	26.009516,
				"seconds":	0.995162010192871,
				"bytes":	48496640,
				"bits_per_second":	389859255.1024003,
				"omitted":	false,
				"sender":	false
			}
		}, {
			"streams":	[{
					"socket":	5,
					"start":	26.009516,
					"end":	27.008075,
					"seconds":	0.99855899810791,
					"bytes":	48365568,
					"bits_per_second":	387482907.60300839,
					"omitted":	false,
					"sender":	false
				}],
			"sum":	{
				"start":	26.009516,
				"end":	27.008075,
				"seconds":	0.99855899810791,
				"bytes":	48365568,
				"bits_per_second":	387482907.60300839,
				"omitted":	false,
				"sender":	false
			}
		}, {
			"streams":	[{
					"socket":	5,
					"start":	27.008075,
					"end":	28.008716,
					"seconds":	1.0006409883499146,
					"bytes":	48627712,
					"bits_per_second":	388772497.358426,
					"omitted":	false,
					"sender":	false
				}],
			"sum":	{
				"start":	27.008075,
				"end":	28.008716,
				"seconds":	1.0006409883499146,
				"bytes":	48627712,
				"bits_per_second":	388772497.358426,
				"omitted":	false,
				"sender":	false
			}
		}, {
			"streams":	[{
					"socket":	5,
					"start":	28.008716,
					"end":	29.004446,
					"seconds":	0.99572998285293579,
					"bytes":	48496640,
					"bits_per_second":	389636876.142256,
					"omitted":	false,
					"sender":	false
				}],
			"sum":	{
				"start":	28.008716,
				"end":	29.004446,
				"seconds":	0.99572998285293579,
				"bytes":	48496640,
				"bits_per_second":	389636876.142256,
				"omitted":	false,
				"sender":	false
			}
		}, {
			"streams":	[{
					"socket":	5,
					"start":	29.004446,
					"end":	30.003307,
					"seconds":	0.998861014842987,
					"bytes":	48758784,
					"bits_per_second":	390515062.86018771,
					"omitted":	false,
					"sender":	false
				}],
			"sum":	{
				"start":	29.004446,
				"end":	30.003307,
				"seconds":	0.998861014842987,
				"bytes":	48758784,
				"bits_per_second":	390515062.86018771,
				"omitted":	false,
				"sender":	false
			}
		}, {
			"streams":	[{
					"socket":	5,
					"start":	30.003307,
					"end":	30.021664,
					"seconds":	0.018356999382376671,
					"bytes":	917504,
					"bits_per_second":	399849226.28731328,
					"omitted":	false,
					"sender":	false
				}],
			"sum":	{
				"start":	30.003307,
				"end":	30.021664,
				"seconds":	0.018356999382376671,
				"bytes":	917504,
				"bits_per_second":	399849226.28731328,
				"omitted":	false,
				"sender":	false
			}
		}],
	"end":	{
		"streams":	[{
				"sender":	{
					"socket":	5,
					"start":	0,
					"end":	30.021664,
					"seconds":	30.021664,
					"bytes":	0,
					"bits_per_second":	0,
					"sender":	false
				},
				"receiver":	{
					"socket":	5,
					"start":	0,
					"end":	30.021664,
					"seconds":	30.021664,
					"bytes":	1450180608,
					"bits_per_second":	386435770.64882213,
					"sender":	false
				}
			}],
		"sum_sent":	{
			"start":	0,
			"end":	30.021664,
			"seconds":	30.021664,
			"bytes":	0,
			"bits_per_second":	0,
			"sender":	false
		},
		"sum_received":	{
			"start":	0,
			"end":	30.021664,
			"seconds":	30.021664,
			"bytes":	1450180608,
			"bits_per_second":	386435770.64882213,
			"sender":	false
		},
		"cpu_utilization_percent":	{
			"host_total":	0.15322233396719637,
			"host_user":	0.049963804554520555,
			"host_system":	0.1032585294126758,
			"remote_total":	0,
			"remote_user":	0,
			"remote_system":	0
		}
	}
}
{
	"start":	{
		"connected":	[],
		"version":	"iperf 3.18",
		"system_info":	"CYGWIN_NT-10.0-22621 WIN-20250124JFD 3.5.4-1.x86_64 2024-08-25 16:52 UTC x86_64"
	},
	"intervals":	[],
	"end":	{
	},
	"error":	"interrupt - the server has terminated"
}
