{
	"start":	{
		"connected":	[{
				"socket":	5,
				"local_host":	"192.168.5.36",
				"local_port":	5201,
				"remote_host":	"192.168.5.26",
				"remote_port":	61380
			}],
		"version":	"iperf 3.18",
		"system_info":	"CYGWIN_NT-10.0-22621 WIN-20250124JFD 3.5.4-1.x86_64 2024-08-25 16:52 UTC x86_64",
		"sock_bufsize":	0,
		"sndbuf_actual":	65536,
		"rcvbuf_actual":	65536,
		"timestamp":	{
			"time":	"Mon, 10 Feb 2025 20:35:00 GMT",
			"timesecs":	1739219700
		},
		"accepted_connection":	{
			"host":	"192.168.5.26",
			"port":	61373
		},
		"cookie":	"qlpdyjacql6v5j4kvk4n2lj2wlb43ruojpsf",
		"tcp_mss_default":	0,
		"target_bitrate":	0,
		"fq_rate":	0,
		"test_start":	{
			"protocol":	"TCP",
			"num_streams":	1,
			"blksize":	131072,
			"omit":	0,
			"duration":	30,
			"bytes":	0,
			"blocks":	0,
			"reverse":	0,
			"tos":	0,
			"target_bitrate":	0,
			"bidir":	0,
			"fqrate":	0,
			"interval":	1
		}
	},
	"intervals":	[{
			"streams":	[{
					"socket":	5,
					"start":	0,
					"end":	1.014869,
					"seconds":	1.0148689746856689,
					"bytes":	10878976,
					"bits_per_second":	85756693.8894314,
					"omitted":	false,
					"sender":	false
				}],
			"sum":	{
				"start":	0,
				"end":	1.014869,
				"seconds":	1.0148689746856689,
				"bytes":	10878976,
				"bits_per_second":	85756693.8894314,
				"omitted":	false,
				"sender":	false
			}
		}, {
			"streams":	[{
					"socket":	5,
					"start":	1.014869,
					"end":	2.005117,
					"seconds":	0.99024802446365356,
					"bytes":	10354688,
					"bits_per_second":	83653288.8261677,
					"omitted":	false,
					"sender":	false
				}],
			"sum":	{
				"start":	1.014869,
				"end":	2.005117,
				"seconds":	0.99024802446365356,
				"bytes":	10354688,
				"bits_per_second":	83653288.8261677,
				"omitted":	false,
				"sender":	false
			}
		}, {
			"streams":	[{
					"socket":	5,
					"start":	2.005117,
					"end":	3.003547,
					"seconds":	0.99843001365661621,
					"bytes":	12713984,
					"bits_per_second":	101871809.34945445,
					"omitted":	false,
					"sender":	false
				}],
			"sum":	{
				"start":	2.005117,
				"end":	3.003547,
				"seconds":	0.99843001365661621,
				"bytes":	12713984,
				"bits_per_second":	101871809.34945445,
				"omitted":	false,
				"sender":	false
			}
		}, {
			"streams":	[{
					"socket":	5,
					"start":	3.003547,
					"end":	4.004522,
					"seconds":	1.0009750127792358,
					"bytes":	12845056,
					"bits_per_second":	102660352.84405619,
					"omitted":	false,
					"sender":	false
				}],
			"sum":	{
				"start":	3.003547,
				"end":	4.004522,
				"seconds":	1.0009750127792358,
				"bytes":	12845056,
				"bits_per_second":	102660352.84405619,
				"omitted":	false,
				"sender":	false
			}
		}, {
			"streams":	[{
					"socket":	5,
					"start":	4.004522,
					"end":	5.004805,
					"seconds":	1.0002830028533936,
					"bytes":	12713984,
					"bits_per_second":	101683095.39386165,
					"omitted":	false,
					"sender":	false
				}],
			"sum":	{
				"start":	4.004522,
				"end":	5.004805,
				"seconds":	1.0002830028533936,
				"bytes":	12713984,
				"bits_per_second":	101683095.39386165,
				"omitted":	false,
				"sender":	false
			}
		}, {
			"streams":	[{
					"socket":	5,
					"start":	5.004805,
					"end":	6.004099,
					"seconds":	0.9992939829826355,
					"bytes":	13369344,
					"bits_per_second":	107030317.225335,
					"omitted":	false,
					"sender":	false
				}],
			"sum":	{
				"start":	5.004805,
				"end":	6.004099,
				"seconds":	0.9992939829826355,
				"bytes":	13369344,
				"bits_per_second":	107030317.225335,
				"omitted":	false,
				"sender":	false
			}
		}, {
			"streams":	[{
					"socket":	5,
					"start":	6.004099,
					"end":	7.013803,
					"seconds":	1.0097039937973022,
					"bytes":	13500416,
					"bits_per_second":	106965337.03290634,
					"omitted":	false,
					"sender":	false
				}],
			"sum":	{
				"start":	6.004099,
				"end":	7.013803,
				"seconds":	1.0097039937973022,
				"bytes":	13500416,
				"bits_per_second":	106965337.03290634,
				"omitted":	false,
				"sender":	false
			}
		}, {
			"streams":	[{
					"socket":	5,
					"start":	7.013803,
					"end":	8.001215,
					"seconds":	0.9874119758605957,
					"bytes":	12582912,
					"bits_per_second":	101946602.29056387,
					"omitted":	false,
					"sender":	false
				}],
			"sum":	{
				"start":	7.013803,
				"end":	8.001215,
				"seconds":	0.9874119758605957,
				"bytes":	12582912,
				"bits_per_second":	101946602.29056387,
				"omitted":	false,
				"sender":	false
			}
		}, {
			"streams":	[{
					"socket":	5,
					"start":	8.001215,
					"end":	9.002404,
					"seconds":	1.0011889934539795,
					"bytes":	12713984,
					"bits_per_second":	101591080.86986303,
					"omitted":	false,
					"sender":	false
				}],
			"sum":	{
				"start":	8.001215,
				"end":	9.002404,
				"seconds":	1.0011889934539795,
				"bytes":	12713984,
				"bits_per_second":	101591080.86986303,
				"omitted":	false,
				"sender":	false
			}
		}, {
			"streams":	[{
					"socket":	5,
					"start":	9.002404,
					"end":	10.004566,
					"seconds":	1.002161979675293,
					"bytes":	12845056,
					"bits_per_second":	102538761.28217821,
					"omitted":	false,
					"sender":	false
				}],
			"sum":	{
				"start":	9.002404,
				"end":	10.004566,
				"seconds":	1.002161979675293,
				"bytes":	12845056,
				"bits_per_second":	102538761.28217821,
				"omitted":	false,
				"sender":	false
			}
		}, {
			"streams":	[{
					"socket":	5,
					"start":	10.004566,
					"end":	11.006483,
					"seconds":	1.0019170045852661,
					"bytes":	9175040,
					"bits_per_second":	73259880.4732168,
					"omitted":	false,
					"sender":	false
				}],
			"sum":	{
				"start":	10.004566,
				"end":	11.006483,
				"seconds":	1.0019170045852661,
				"bytes":	9175040,
				"bits_per_second":	73259880.4732168,
				"omitted":	false,
				"sender":	false
			}
		}, {
			"streams":	[{
					"socket":	5,
					"start":	11.006483,
					"end":	12.009562,
					"seconds":	1.0030790567398071,
					"bytes":	13369344,
					"bits_per_second":	106626443.13163388,
					"omitted":	false,
					"sender":	false
				}],
			"sum":	{
				"start":	11.006483,
				"end":	12.009562,
				"seconds":	1.0030790567398071,
				"bytes":	13369344,
				"bits_per_second":	106626443.13163388,
				"omitted":	false,
				"sender":	false
			}
		}, {
			"streams":	[{
					"socket":	5,
					"start":	12.009562,
					"end":	13.010693,
					"seconds":	1.0011310577392578,
					"bytes":	13500416,
					"bits_per_second":	107881308.01165217,
					"omitted":	false,
					"sender":	false
				}],
			"sum":	{
				"start":	12.009562,
				"end":	13.010693,
				"seconds":	1.0011310577392578,
				"bytes":	13500416,
				"bits_per_second":	107881308.01165217,
				"omitted":	false,
				"sender":	false
			}
		}, {
			"streams":	[{
					"socket":	5,
					"start":	13.010693,
					"end":	14.010757,
					"seconds":	1.0000640153884888,
					"bytes":	12713984,
					"bits_per_second":	101705361.29178551,
					"omitted":	false,
					"sender":	false
				}],
			"sum":	{
				"start":	13.010693,
				"end":	14.010757,
				"seconds":	1.0000640153884888,
				"bytes":	12713984,
				"bits_per_second":	101705361.29178551,
				"omitted":	false,
				"sender":	false
			}
		}, {
			"streams":	[{
					"socket":	5,
					"start":	14.010757,
					"end":	15.014351,
					"seconds":	1.0035940408706665,
					"bytes":	12845056,
					"bits_per_second":	102392445.3665053,
					"omitted":	false,
					"sender":	false
				}],
			"sum":	{
				"start":	14.010757,
				"end":	15.014351,
				"seconds":	1.0035940408706665,
				"bytes":	12845056,
				"bits_per_second":	102392445.3665053,
				"omitted":	false,
				"sender":	false
			}
		}, {
			"streams":	[{
					"socket":	5,
					"start":	15.014351,
					"end":	16.000389,
					"seconds":	0.98603802919387817,
					"bytes":	13762560,
					"bits_per_second":	111659466.20741507,
					"omitted":	false,
					"sender":	false
				}],
			"sum":	{
				"start":	15.014351,
				"end":	16.000389,
				"seconds":	0.98603802919387817,
				"bytes":	13762560,
				"bits_per_second":	111659466.20741507,
				"omitted":	false,
				"sender":	false
			}
		}, {
			"streams":	[{
					"socket":	5,
					"start":	16.000389,
					"end":	17.015128,
					"seconds":	1.0147390365600586,
					"bytes":	12976128,
					"bits_per_second":	102301202.83133104,
					"omitted":	false,
					"sender":	false
				}],
			"sum":	{
				"start":	16.000389,
				"end":	17.015128,
				"seconds":	1.0147390365600586,
				"bytes":	12976128,
				"bits_per_second":	102301202.83133104,
				"omitted":	false,
				"sender":	false
			}
		}, {
			"streams":	[{
					"socket":	5,
					"start":	17.015128,
					"end":	18.014402,
					"seconds":	0.99927401542663574,
					"bytes":	12713984,
					"bits_per_second":	101785766.89655495,
					"omitted":	false,
					"sender":	false
				}],
			"sum":	{
				"start":	17.015128,
				"end":	18.014402,
				"seconds":	0.99927401542663574,
				"bytes":	12713984,
				"bits_per_second":	101785766.89655495,
				"omitted":	false,
				"sender":	false
			}
		}, {
			"streams":	[{
					"socket":	5,
					"start":	18.014402,
					"end":	19.000402,
					"seconds":	0.98600000143051147,
					"bytes":	12582912,
					"bits_per_second":	102092592.14397097,
					"omitted":	false,
					"sender":	false
				}],
			"sum":	{
				"start":	18.014402,
				"end":	19.000402,
				"seconds":	0.98600000143051147,
				"bytes":	12582912,
				"bits_per_second":	102092592.14397097,
				"omitted":	false,
				"sender":	false
			}
		}, {
			"streams":	[{
					"socket":	5,
					"start":	19.000402,
					"end":	20.013741,
					"seconds":	1.0133390426635742,
					"bytes":	9306112,
					"bits_per_second":	73468891.324181244,
					"omitted":	false,
					"sender":	false
				}],
			"sum":	{
				"start":	19.000402,
				"end":	20.013741,
				"seconds":	1.0133390426635742,
				"bytes":	9306112,
				"bits_per_second":	73468891.324181244,
				"omitted":	false,
				"sender":	false
			}
		}, {
			"streams":	[{
					"socket":	5,
					"start":	20.013741,
					"end":	21.013904,
					"seconds":	1.0001629590988159,
					"bytes":	12845056,
					"bits_per_second":	102743704.97842771,
					"omitted":	false,
					"sender":	false
				}],
			"sum":	{
				"start":	20.013741,
				"end":	21.013904,
				"seconds":	1.0001629590988159,
				"bytes":	12845056,
				"bits_per_second":	102743704.97842771,
				"omitted":	false,
				"sender":	false
			}
		}, {
			"streams":	[{
					"socket":	5,
					"start":	21.013904,
					"end":	22.000209,
					"seconds":	0.986304998397827,
					"bytes":	13893632,
					"bits_per_second":	112692378.3013902,
					"omitted":	false,
					"sender":	false
				}],
			"sum":	{
				"start":	21.013904,
				"end":	22.000209,
				"seconds":	0.986304998397827,
				"bytes":	13893632,
				"bits_per_second":	112692378.3013902,
				"omitted":	false,
				"sender":	false
			}
		}, {
			"streams":	[{
					"socket":	5,
					"start":	22.000209,
					"end":	23.000398,
					"seconds":	1.000188946723938,
					"bytes":	12713984,
					"bits_per_second":	101692657.50551578,
					"omitted":	false,
					"sender":	false
				}],
			"sum":	{
				"start":	22.000209,
				"end":	23.000398,
				"seconds":	1.000188946723938,
				"bytes":	12713984,
				"bits_per_second":	101692657.50551578,
				"omitted":	false,
				"sender":	false
			}
		}, {
			"streams":	[{
					"socket":	5,
					"start":	23.000398,
					"end":	24.000608,
					"seconds":	1.0002100467681885,
					"bytes":	12713984,
					"bits_per_second":	101690512.23654929,
					"omitted":	false,
					"sender":	false
				}],
			"sum":	{
				"start":	23.000398,
				"end":	24.000608,
				"seconds":	1.0002100467681885,
				"bytes":	12713984,
				"bits_per_second":	101690512.23654929,
				"omitted":	false,
				"sender":	false
			}
		}, {
			"streams":	[{
					"socket":	5,
					"start":	24.000608,
					"end":	25.015405,
					"seconds":	1.01479697227478,
					"bytes":	13238272,
					"bits_per_second":	104361935.33628656,
					"omitted":	false,
					"sender":	false
				}],
			"sum":	{
				"start":	24.000608,
				"end":	25.015405,
				"seconds":	1.01479697227478,
				"bytes":	13238272,
				"bits_per_second":	104361935.33628656,
				"omitted":	false,
				"sender":	false
			}
		}, {
			"streams":	[{
					"socket":	5,
					"start":	25.015405,
					"end":	26.010554,
					"seconds":	0.99514901638031,
					"bytes":	13631488,
					"bits_per_second":	109583491.72333834,
					"omitted":	false,
					"sender":	false
				}],
			"sum":	{
				"start":	25.015405,
				"end":	26.010554,
				"seconds":	0.99514901638031,
				"bytes":	13631488,
				"bits_per_second":	109583491.72333834,
				"omitted":	false,
				"sender":	false
			}
		}, {
			"streams":	[{
					"socket":	5,
					"start":	26.010554,
					"end":	27.009096,
					"seconds":	0.99854201078414917,
					"bytes":	12713984,
					"bits_per_second":	101860383.34043278,
					"omitted":	false,
					"sender":	false
				}],
			"sum":	{
				"start":	26.010554,
				"end":	27.009096,
				"seconds":	0.99854201078414917,
				"bytes":	12713984,
				"bits_per_second":	101860383.34043278,
				"omitted":	false,
				"sender":	false
			}
		}, {
			"streams":	[{
					"socket":	5,
					"start":	27.009096,
					"end":	28.009743,
					"seconds":	1.0006469488143921,
					"bytes":	12845056,
					"bits_per_second":	102694010.23183535,
					"omitted":	false,
					"sender":	false
				}],
			"sum":	{
				"start":	27.009096,
				"end":	28.009743,
				"seconds":	1.0006469488143921,
				"bytes":	12845056,
				"bits_per_second":	102694010.23183535,
				"omitted":	false,
				"sender":	false
			}
		}, {
			"streams":	[{
					"socket":	5,
					"start":	28.009743,
					"end":	29.005471,
					"seconds":	0.9957280158996582,
					"bytes":	12713984,
					"bits_per_second":	102148247.69000949,
					"omitted":	false,
					"sender":	false
				}],
			"sum":	{
				"start":	28.009743,
				"end":	29.005471,
				"seconds":	0.9957280158996582,
				"bytes":	12713984,
				"bits_per_second":	102148247.69000949,
				"omitted":	false,
				"sender":	false
			}
		}, {
			"streams":	[{
					"socket":	5,
					"start":	29.005471,
					"end":	30.004398,
					"seconds":	0.99892699718475342,
					"bytes":	9043968,
					"bits_per_second":	72429461.0155765,
					"omitted":	false,
					"sender":	false
				}],
			"sum":	{
				"start":	29.005471,
				"end":	30.004398,
				"seconds":	0.99892699718475342,
				"bytes":	9043968,
				"bits_per_second":	72429461.0155765,
				"omitted":	false,
				"sender":	false
			}
		}, {
			"streams":	[{
					"socket":	5,
					"start":	30.004398,
					"end":	30.027801,
					"seconds":	0.023403000086545944,
					"bytes":	524288,
					"bits_per_second":	179220782.99744341,
					"omitted":	false,
					"sender":	false
				}],
			"sum":	{
				"start":	30.004398,
				"end":	30.027801,
				"seconds":	0.023403000086545944,
				"bytes":	524288,
				"bits_per_second":	179220782.99744341,
				"omitted":	false,
				"sender":	false
			}
		}],
	"end":	{
		"streams":	[{
				"sender":	{
					"socket":	5,
					"start":	0,
					"end":	30.027801,
					"seconds":	30.027801,
					"bytes":	0,
					"bits_per_second":	0,
					"sender":	false
				},
				"receiver":	{
					"socket":	5,
					"start":	0,
					"end":	30.027801,
					"seconds":	30.027801,
					"bytes":	374341632,
					"bits_per_second":	99732013.543049648,
					"sender":	false
				}
			}],
		"sum_sent":	{
			"start":	0,
			"end":	30.027801,
			"seconds":	30.027801,
			"bytes":	0,
			"bits_per_second":	0,
			"sender":	false
		},
		"sum_received":	{
			"start":	0,
			"end":	30.027801,
			"seconds":	30.027801,
			"bytes":	374341632,
			"bits_per_second":	99732013.543049648,
			"sender":	false
		},
		"cpu_utilization_percent":	{
			"host_total":	0.053283806035623216,
			"host_user":	0,
			"host_system":	0.053283806035623216,
			"remote_total":	0,
			"remote_user":	0,
			"remote_system":	0
		}
	}
}
{
	"start":	{
		"connected":	[],
		"version":	"iperf 3.18",
		"system_info":	"CYGWIN_NT-10.0-22621 WIN-20250124JFD 3.5.4-1.x86_64 2024-08-25 16:52 UTC x86_64"
	},
	"intervals":	[],
	"end":	{
	},
	"error":	"interrupt - the server has terminated"
}
