{
	"start":	{
		"connected":	[{
				"socket":	5,
				"local_host":	"192.168.5.34",
				"local_port":	5201,
				"remote_host":	"192.168.5.24",
				"remote_port":	61381
			}],
		"version":	"iperf 3.18",
		"system_info":	"CYGWIN_NT-10.0-22621 WIN-20250124JFD 3.5.4-1.x86_64 2024-08-25 16:52 UTC x86_64",
		"sock_bufsize":	0,
		"sndbuf_actual":	65536,
		"rcvbuf_actual":	65536,
		"timestamp":	{
			"time":	"Mon, 10 Feb 2025 20:35:00 GMT",
			"timesecs":	1739219700
		},
		"accepted_connection":	{
			"host":	"192.168.5.24",
			"port":	61375
		},
		"cookie":	"clovf24lwcb5gqq6rupfoatyossg67n6o772",
		"tcp_mss_default":	0,
		"target_bitrate":	0,
		"fq_rate":	0,
		"test_start":	{
			"protocol":	"TCP",
			"num_streams":	1,
			"blksize":	131072,
			"omit":	0,
			"duration":	30,
			"bytes":	0,
			"blocks":	0,
			"reverse":	0,
			"tos":	0,
			"target_bitrate":	0,
			"bidir":	0,
			"fqrate":	0,
			"interval":	1
		}
	},
	"intervals":	[{
			"streams":	[{
					"socket":	5,
					"start":	0,
					"end":	1.01413,
					"seconds":	1.0141299962997437,
					"bytes":	15204352,
					"bits_per_second":	119940063.34869197,
					"omitted":	false,
					"sender":	false
				}],
			"sum":	{
				"start":	0,
				"end":	1.01413,
				"seconds":	1.0141299962997437,
				"bytes":	15204352,
				"bits_per_second":	119940063.34869197,
				"omitted":	false,
				"sender":	false
			}
		}, {
			"streams":	[{
					"socket":	5,
					"start":	1.01413,
					"end":	2.004365,
					"seconds":	0.99023497104644775,
					"bytes":	14680064,
					"bits_per_second":	118598631.06621324,
					"omitted":	false,
					"sender":	false
				}],
			"sum":	{
				"start":	1.01413,
				"end":	2.004365,
				"seconds":	0.99023497104644775,
				"bytes":	14680064,
				"bits_per_second":	118598631.06621324,
				"omitted":	false,
				"sender":	false
			}
		}, {
			"streams":	[{
					"socket":	5,
					"start":	2.004365,
					"end":	3.002816,
					"seconds":	0.998450994491577,
					"bytes":	12845056,
					"bits_per_second":	102919871.44779882,
					"omitted":	false,
					"sender":	false
				}],
			"sum":	{
				"start":	2.004365,
				"end":	3.002816,
				"seconds":	0.998450994491577,
				"bytes":	12845056,
				"bits_per_second":	102919871.44779882,
				"omitted":	false,
				"sender":	false
			}
		}, {
			"streams":	[{
					"socket":	5,
					"start":	3.002816,
					"end":	4.00378,
					"seconds":	1.0009640455245972,
					"bytes":	12713984,
					"bits_per_second":	101613911.56332056,
					"omitted":	false,
					"sender":	false
				}],
			"sum":	{
				"start":	3.002816,
				"end":	4.00378,
				"seconds":	1.0009640455245972,
				"bytes":	12713984,
				"bits_per_second":	101613911.56332056,
				"omitted":	false,
				"sender":	false
			}
		}, {
			"streams":	[{
					"socket":	5,
					"start":	4.00378,
					"end":	5.00404,
					"seconds":	1.00025999546051,
					"bytes":	12713984,
					"bits_per_second":	101685434.24869533,
					"omitted":	false,
					"sender":	false
				}],
			"sum":	{
				"start":	4.00378,
				"end":	5.00404,
				"seconds":	1.00025999546051,
				"bytes":	12713984,
				"bits_per_second":	101685434.24869533,
				"omitted":	false,
				"sender":	false
			}
		}, {
			"streams":	[{
					"socket":	5,
					"start":	5.00404,
					"end":	6.003353,
					"seconds":	0.999312996864319,
					"bytes":	13369344,
					"bits_per_second":	107028280.76449177,
					"omitted":	false,
					"sender":	false
				}],
			"sum":	{
				"start":	5.00404,
				"end":	6.003353,
				"seconds":	0.999312996864319,
				"bytes":	13369344,
				"bits_per_second":	107028280.76449177,
				"omitted":	false,
				"sender":	false
			}
		}, {
			"streams":	[{
					"socket":	5,
					"start":	6.003353,
					"end":	7.013059,
					"seconds":	1.0097060203552246,
					"bytes":	13500416,
					"bits_per_second":	106965122.34521823,
					"omitted":	false,
					"sender":	false
				}],
			"sum":	{
				"start":	6.003353,
				"end":	7.013059,
				"seconds":	1.0097060203552246,
				"bytes":	13500416,
				"bits_per_second":	106965122.34521823,
				"omitted":	false,
				"sender":	false
			}
		}, {
			"streams":	[{
					"socket":	5,
					"start":	7.013059,
					"end":	8.000479,
					"seconds":	0.98742002248764038,
					"bytes":	12582912,
					"bits_per_second":	101945771.51311514,
					"omitted":	false,
					"sender":	false
				}],
			"sum":	{
				"start":	7.013059,
				"end":	8.000479,
				"seconds":	0.98742002248764038,
				"bytes":	12582912,
				"bits_per_second":	101945771.51311514,
				"omitted":	false,
				"sender":	false
			}
		}, {
			"streams":	[{
					"socket":	5,
					"start":	8.000479,
					"end":	9.001645,
					"seconds":	1.0011659860610962,
					"bytes":	12713984,
					"bits_per_second":	101593415.49363527,
					"omitted":	false,
					"sender":	false
				}],
			"sum":	{
				"start":	8.000479,
				"end":	9.001645,
				"seconds":	1.0011659860610962,
				"bytes":	12713984,
				"bits_per_second":	101593415.49363527,
				"omitted":	false,
				"sender":	false
			}
		}, {
			"streams":	[{
					"socket":	5,
					"start":	9.001645,
					"end":	10.003825,
					"seconds":	1.0021799802780151,
					"bytes":	12845056,
					"bits_per_second":	102536919.53763951,
					"omitted":	false,
					"sender":	false
				}],
			"sum":	{
				"start":	9.001645,
				"end":	10.003825,
				"seconds":	1.0021799802780151,
				"bytes":	12845056,
				"bits_per_second":	102536919.53763951,
				"omitted":	false,
				"sender":	false
			}
		}, {
			"streams":	[{
					"socket":	5,
					"start":	10.003825,
					"end":	11.005744,
					"seconds":	1.0019190311431885,
					"bytes":	16252928,
					"bits_per_second":	129774382.91759308,
					"omitted":	false,
					"sender":	false
				}],
			"sum":	{
				"start":	10.003825,
				"end":	11.005744,
				"seconds":	1.0019190311431885,
				"bytes":	16252928,
				"bits_per_second":	129774382.91759308,
				"omitted":	false,
				"sender":	false
			}
		}, {
			"streams":	[{
					"socket":	5,
					"start":	11.005744,
					"end":	12.008887,
					"seconds":	1.0031429529190063,
					"bytes":	11010048,
					"bits_per_second":	87804418.845487922,
					"omitted":	false,
					"sender":	false
				}],
			"sum":	{
				"start":	11.005744,
				"end":	12.008887,
				"seconds":	1.0031429529190063,
				"bytes":	11010048,
				"bits_per_second":	87804418.845487922,
				"omitted":	false,
				"sender":	false
			}
		}, {
			"streams":	[{
					"socket":	5,
					"start":	12.008887,
					"end":	13.009969,
					"seconds":	1.0010819435119629,
					"bytes":	10878976,
					"bits_per_second":	86937746.269479066,
					"omitted":	false,
					"sender":	false
				}],
			"sum":	{
				"start":	12.008887,
				"end":	13.009969,
				"seconds":	1.0010819435119629,
				"bytes":	10878976,
				"bits_per_second":	86937746.269479066,
				"omitted":	false,
				"sender":	false
			}
		}, {
			"streams":	[{
					"socket":	5,
					"start":	13.009969,
					"end":	14.010007,
					"seconds":	1.0000380277633667,
					"bytes":	12713984,
					"bits_per_second":	101708004.27208105,
					"omitted":	false,
					"sender":	false
				}],
			"sum":	{
				"start":	13.009969,
				"end":	14.010007,
				"seconds":	1.0000380277633667,
				"bytes":	12713984,
				"bits_per_second":	101708004.27208105,
				"omitted":	false,
				"sender":	false
			}
		}, {
			"streams":	[{
					"socket":	5,
					"start":	14.010007,
					"end":	15.013598,
					"seconds":	1.0035909414291382,
					"bytes":	12845056,
					"bits_per_second":	102392761.5903613,
					"omitted":	false,
					"sender":	false
				}],
			"sum":	{
				"start":	14.010007,
				"end":	15.013598,
				"seconds":	1.0035909414291382,
				"bytes":	12845056,
				"bits_per_second":	102392761.5903613,
				"omitted":	false,
				"sender":	false
			}
		}, {
			"streams":	[{
					"socket":	5,
					"start":	15.013598,
					"end":	16.01443,
					"seconds":	1.0008319616317749,
					"bytes":	14024704,
					"bits_per_second":	112104365.46917517,
					"omitted":	false,
					"sender":	false
				}],
			"sum":	{
				"start":	15.013598,
				"end":	16.01443,
				"seconds":	1.0008319616317749,
				"bytes":	14024704,
				"bits_per_second":	112104365.46917517,
				"omitted":	false,
				"sender":	false
			}
		}, {
			"streams":	[{
					"socket":	5,
					"start":	16.01443,
					"end":	17.014392,
					"seconds":	0.9999619722366333,
					"bytes":	12713984,
					"bits_per_second":	101715740.02209222,
					"omitted":	false,
					"sender":	false
				}],
			"sum":	{
				"start":	16.01443,
				"end":	17.014392,
				"seconds":	0.9999619722366333,
				"bytes":	12713984,
				"bits_per_second":	101715740.02209222,
				"omitted":	false,
				"sender":	false
			}
		}, {
			"streams":	[{
					"socket":	5,
					"start":	17.014392,
					"end":	18.013672,
					"seconds":	0.99927997589111328,
					"bytes":	12713984,
					"bits_per_second":	101785159.76896054,
					"omitted":	false,
					"sender":	false
				}],
			"sum":	{
				"start":	17.014392,
				"end":	18.013672,
				"seconds":	0.99927997589111328,
				"bytes":	12713984,
				"bits_per_second":	101785159.76896054,
				"omitted":	false,
				"sender":	false
			}
		}, {
			"streams":	[{
					"socket":	5,
					"start":	18.013672,
					"end":	19.015115,
					"seconds":	1.0014430284500122,
					"bytes":	12845056,
					"bits_per_second":	102612375.42294136,
					"omitted":	false,
					"sender":	false
				}],
			"sum":	{
				"start":	18.013672,
				"end":	19.015115,
				"seconds":	1.0014430284500122,
				"bytes":	12845056,
				"bits_per_second":	102612375.42294136,
				"omitted":	false,
				"sender":	false
			}
		}, {
			"streams":	[{
					"socket":	5,
					"start":	19.015115,
					"end":	20.013005,
					"seconds":	0.99788999557495117,
					"bytes":	16252928,
					"bits_per_second":	130298354.10373546,
					"omitted":	false,
					"sender":	false
				}],
			"sum":	{
				"start":	19.015115,
				"end":	20.013005,
				"seconds":	0.99788999557495117,
				"bytes":	16252928,
				"bits_per_second":	130298354.10373546,
				"omitted":	false,
				"sender":	false
			}
		}, {
			"streams":	[{
					"socket":	5,
					"start":	20.013005,
					"end":	21.013183,
					"seconds":	1.0001779794692993,
					"bytes":	12713984,
					"bits_per_second":	101693772.59632227,
					"omitted":	false,
					"sender":	false
				}],
			"sum":	{
				"start":	20.013005,
				"end":	21.013183,
				"seconds":	1.0001779794692993,
				"bytes":	12713984,
				"bits_per_second":	101693772.59632227,
				"omitted":	false,
				"sender":	false
			}
		}, {
			"streams":	[{
					"socket":	5,
					"start":	21.013183,
					"end":	22.014962,
					"seconds":	1.0017789602279663,
					"bytes":	8912896,
					"bits_per_second":	71176547.752384558,
					"omitted":	false,
					"sender":	false
				}],
			"sum":	{
				"start":	21.013183,
				"end":	22.014962,
				"seconds":	1.0017789602279663,
				"bytes":	8912896,
				"bits_per_second":	71176547.752384558,
				"omitted":	false,
				"sender":	false
			}
		}, {
			"streams":	[{
					"socket":	5,
					"start":	22.014962,
					"end":	23.014598,
					"seconds":	0.99963599443435669,
					"bytes":	12713984,
					"bits_per_second":	101748909.16923574,
					"omitted":	false,
					"sender":	false
				}],
			"sum":	{
				"start":	22.014962,
				"end":	23.014598,
				"seconds":	0.99963599443435669,
				"bytes":	12713984,
				"bits_per_second":	101748909.16923574,
				"omitted":	false,
				"sender":	false
			}
		}, {
			"streams":	[{
					"socket":	5,
					"start":	23.014598,
					"end":	24.014797,
					"seconds":	1.00019896030426,
					"bytes":	12713984,
					"bits_per_second":	101691639.40048416,
					"omitted":	false,
					"sender":	false
				}],
			"sum":	{
				"start":	23.014598,
				"end":	24.014797,
				"seconds":	1.00019896030426,
				"bytes":	12713984,
				"bits_per_second":	101691639.40048416,
				"omitted":	false,
				"sender":	false
			}
		}, {
			"streams":	[{
					"socket":	5,
					"start":	24.014797,
					"end":	25.01466,
					"seconds":	0.999863028526306,
					"bytes":	13107200,
					"bits_per_second":	104871964.46752228,
					"omitted":	false,
					"sender":	false
				}],
			"sum":	{
				"start":	24.014797,
				"end":	25.01466,
				"seconds":	0.999863028526306,
				"bytes":	13107200,
				"bits_per_second":	104871964.46752228,
				"omitted":	false,
				"sender":	false
			}
		}, {
			"streams":	[{
					"socket":	5,
					"start":	25.01466,
					"end":	26.009819,
					"seconds":	0.99515897035598755,
					"bytes":	13631488,
					"bits_per_second":	109582395.62568584,
					"omitted":	false,
					"sender":	false
				}],
			"sum":	{
				"start":	25.01466,
				"end":	26.009819,
				"seconds":	0.99515897035598755,
				"bytes":	13631488,
				"bits_per_second":	109582395.62568584,
				"omitted":	false,
				"sender":	false
			}
		}, {
			"streams":	[{
					"socket":	5,
					"start":	26.009819,
					"end":	27.008353,
					"seconds":	0.99853402376174927,
					"bytes":	12713984,
					"bits_per_second":	101861198.09600849,
					"omitted":	false,
					"sender":	false
				}],
			"sum":	{
				"start":	26.009819,
				"end":	27.008353,
				"seconds":	0.99853402376174927,
				"bytes":	12713984,
				"bits_per_second":	101861198.09600849,
				"omitted":	false,
				"sender":	false
			}
		}, {
			"streams":	[{
					"socket":	5,
					"start":	27.008353,
					"end":	28.008988,
					"seconds":	1.000635027885437,
					"bytes":	12845056,
					"bits_per_second":	102695233.66292258,
					"omitted":	false,
					"sender":	false
				}],
			"sum":	{
				"start":	27.008353,
				"end":	28.008988,
				"seconds":	1.000635027885437,
				"bytes":	12845056,
				"bits_per_second":	102695233.66292258,
				"omitted":	false,
				"sender":	false
			}
		}, {
			"streams":	[{
					"socket":	5,
					"start":	28.008988,
					"end":	29.004767,
					"seconds":	0.995778977870941,
					"bytes":	12713984,
					"bits_per_second":	102143019.94752741,
					"omitted":	false,
					"sender":	false
				}],
			"sum":	{
				"start":	28.008988,
				"end":	29.004767,
				"seconds":	0.995778977870941,
				"bytes":	12713984,
				"bits_per_second":	102143019.94752741,
				"omitted":	false,
				"sender":	false
			}
		}, {
			"streams":	[{
					"socket":	5,
					"start":	29.004767,
					"end":	30.003604,
					"seconds":	0.99883699417114258,
					"bytes":	16252928,
					"bits_per_second":	130174818.07218841,
					"omitted":	false,
					"sender":	false
				}],
			"sum":	{
				"start":	29.004767,
				"end":	30.003604,
				"seconds":	0.99883699417114258,
				"bytes":	16252928,
				"bits_per_second":	130174818.07218841,
				"omitted":	false,
				"sender":	false
			}
		}, {
			"streams":	[{
					"socket":	5,
					"start":	30.003604,
					"end":	30.030176,
					"seconds":	0.026572000235319138,
					"bytes":	786432,
					"bits_per_second":	236770131.87879938,
					"omitted":	false,
					"sender":	false
				}],
			"sum":	{
				"start":	30.003604,
				"end":	30.030176,
				"seconds":	0.026572000235319138,
				"bytes":	786432,
				"bits_per_second":	236770131.87879938,
				"omitted":	false,
				"sender":	false
			}
		}],
	"end":	{
		"streams":	[{
				"sender":	{
					"socket":	5,
					"start":	0,
					"end":	30.030176,
					"seconds":	30.030176,
					"bytes":	0,
					"bits_per_second":	0,
					"sender":	false
				},
				"receiver":	{
					"socket":	5,
					"start":	0,
					"end":	30.030176,
					"seconds":	30.030176,
					"bytes":	394526720,
					"bits_per_second":	105101407.33107924,
					"sender":	false
				}
			}],
		"sum_sent":	{
			"start":	0,
			"end":	30.030176,
			"seconds":	30.030176,
			"bytes":	0,
			"bits_per_second":	0,
			"sender":	false
		},
		"sum_received":	{
			"start":	0,
			"end":	30.030176,
			"seconds":	30.030176,
			"bytes":	394526720,
			"bits_per_second":	105101407.33107924,
			"sender":	false
		},
		"cpu_utilization_percent":	{
			"host_total":	0,
			"host_user":	0,
			"host_system":	0,
			"remote_total":	0,
			"remote_user":	0,
			"remote_system":	0
		}
	}
}
{
	"start":	{
		"connected":	[],
		"version":	"iperf 3.18",
		"system_info":	"CYGWIN_NT-10.0-22621 WIN-20250124JFD 3.5.4-1.x86_64 2024-08-25 16:52 UTC x86_64"
	},
	"intervals":	[],
	"end":	{
	},
	"error":	"interrupt - the server has terminated"
}
