{
	"start":	{
		"connected":	[{
				"socket":	5,
				"local_host":	"192.168.5.30",
				"local_port":	5201,
				"remote_host":	"192.168.5.20",
				"remote_port":	61378
			}],
		"version":	"iperf 3.18",
		"system_info":	"CYGWIN_NT-10.0-22621 WIN-20250124JFD 3.5.4-1.x86_64 2024-08-25 16:52 UTC x86_64",
		"sock_bufsize":	0,
		"sndbuf_actual":	65536,
		"rcvbuf_actual":	65536,
		"timestamp":	{
			"time":	"Mon, 10 Feb 2025 20:35:00 GMT",
			"timesecs":	1739219700
		},
		"accepted_connection":	{
			"host":	"192.168.5.20",
			"port":	61371
		},
		"cookie":	"4rpli64uisquicuo56kkuq5p4eftmf454xgj",
		"tcp_mss_default":	0,
		"target_bitrate":	0,
		"fq_rate":	0,
		"test_start":	{
			"protocol":	"TCP",
			"num_streams":	1,
			"blksize":	131072,
			"omit":	0,
			"duration":	30,
			"bytes":	0,
			"blocks":	0,
			"reverse":	0,
			"tos":	0,
			"target_bitrate":	0,
			"bidir":	0,
			"fqrate":	0,
			"interval":	1
		}
	},
	"intervals":	[{
			"streams":	[{
					"socket":	5,
					"start":	0,
					"end":	1.002052,
					"seconds":	1.0020519495010376,
					"bytes":	37879808,
					"bits_per_second":	302417917.704661,
					"omitted":	false,
					"sender":	false
				}],
			"sum":	{
				"start":	0,
				"end":	1.002052,
				"seconds":	1.0020519495010376,
				"bytes":	37879808,
				"bits_per_second":	302417917.704661,
				"omitted":	false,
				"sender":	false
			}
		}, {
			"streams":	[{
					"socket":	5,
					"start":	1.002052,
					"end":	2.007311,
					"seconds":	1.0052590370178223,
					"bytes":	49283072,
					"bits_per_second":	392201971.31439471,
					"omitted":	false,
					"sender":	false
				}],
			"sum":	{
				"start":	1.002052,
				"end":	2.007311,
				"seconds":	1.0052590370178223,
				"bytes":	49283072,
				"bits_per_second":	392201971.31439471,
				"omitted":	false,
				"sender":	false
			}
		}, {
			"streams":	[{
					"socket":	5,
					"start":	2.007311,
					"end":	3.005743,
					"seconds":	0.9984319806098938,
					"bytes":	48889856,
					"bits_per_second":	391733093.08570468,
					"omitted":	false,
					"sender":	false
				}],
			"sum":	{
				"start":	2.007311,
				"end":	3.005743,
				"seconds":	0.9984319806098938,
				"bytes":	48889856,
				"bits_per_second":	391733093.08570468,
				"omitted":	false,
				"sender":	false
			}
		}, {
			"streams":	[{
					"socket":	5,
					"start":	3.005743,
					"end":	4.006719,
					"seconds":	1.0009759664535522,
					"bytes":	48889856,
					"bits_per_second":	390737501.30658,
					"omitted":	false,
					"sender":	false
				}],
			"sum":	{
				"start":	3.005743,
				"end":	4.006719,
				"seconds":	1.0009759664535522,
				"bytes":	48889856,
				"bits_per_second":	390737501.30658,
				"omitted":	false,
				"sender":	false
			}
		}, {
			"streams":	[{
					"socket":	5,
					"start":	4.006719,
					"end":	5.006981,
					"seconds":	1.0002620220184326,
					"bytes":	48889856,
					"bits_per_second":	391016393.09544086,
					"omitted":	false,
					"sender":	false
				}],
			"sum":	{
				"start":	4.006719,
				"end":	5.006981,
				"seconds":	1.0002620220184326,
				"bytes":	48889856,
				"bits_per_second":	391016393.09544086,
				"omitted":	false,
				"sender":	false
			}
		}, {
			"streams":	[{
					"socket":	5,
					"start":	5.006981,
					"end":	6.006313,
					"seconds":	0.9993320107460022,
					"bytes":	49020928,
					"bits_per_second":	392429562.73085529,
					"omitted":	false,
					"sender":	false
				}],
			"sum":	{
				"start":	5.006981,
				"end":	6.006313,
				"seconds":	0.9993320107460022,
				"bytes":	49020928,
				"bits_per_second":	392429562.73085529,
				"omitted":	false,
				"sender":	false
			}
		}, {
			"streams":	[{
					"socket":	5,
					"start":	6.006313,
					"end":	7.000495,
					"seconds":	0.994181990623474,
					"bytes":	48627712,
					"bits_per_second":	391298273.0214572,
					"omitted":	false,
					"sender":	false
				}],
			"sum":	{
				"start":	6.006313,
				"end":	7.000495,
				"seconds":	0.994181990623474,
				"bytes":	48627712,
				"bits_per_second":	391298273.0214572,
				"omitted":	false,
				"sender":	false
			}
		}, {
			"streams":	[{
					"socket":	5,
					"start":	7.000495,
					"end":	8.003394,
					"seconds":	1.0028990507125854,
					"bytes":	49020928,
					"bits_per_second":	391033797.1916067,
					"omitted":	false,
					"sender":	false
				}],
			"sum":	{
				"start":	7.000495,
				"end":	8.003394,
				"seconds":	1.0028990507125854,
				"bytes":	49020928,
				"bits_per_second":	391033797.1916067,
				"omitted":	false,
				"sender":	false
			}
		}, {
			"streams":	[{
					"socket":	5,
					"start":	8.003394,
					"end":	9.004584,
					"seconds":	1.0011899471282959,
					"bytes":	48889856,
					"bits_per_second":	390653990.405959,
					"omitted":	false,
					"sender":	false
				}],
			"sum":	{
				"start":	8.003394,
				"end":	9.004584,
				"seconds":	1.0011899471282959,
				"bytes":	48889856,
				"bits_per_second":	390653990.405959,
				"omitted":	false,
				"sender":	false
			}
		}, {
			"streams":	[{
					"socket":	5,
					"start":	9.004584,
					"end":	10.006759,
					"seconds":	1.002174973487854,
					"bytes":	48758784,
					"bits_per_second":	389223720.72657579,
					"omitted":	false,
					"sender":	false
				}],
			"sum":	{
				"start":	9.004584,
				"end":	10.006759,
				"seconds":	1.002174973487854,
				"bytes":	48758784,
				"bits_per_second":	389223720.72657579,
				"omitted":	false,
				"sender":	false
			}
		}, {
			"streams":	[{
					"socket":	5,
					"start":	10.006759,
					"end":	11.008683,
					"seconds":	1.0019240379333496,
					"bytes":	49152000,
					"bits_per_second":	392460890.359592,
					"omitted":	false,
					"sender":	false
				}],
			"sum":	{
				"start":	10.006759,
				"end":	11.008683,
				"seconds":	1.0019240379333496,
				"bytes":	49152000,
				"bits_per_second":	392460890.359592,
				"omitted":	false,
				"sender":	false
			}
		}, {
			"streams":	[{
					"socket":	5,
					"start":	11.008683,
					"end":	12.011746,
					"seconds":	1.0030629634857178,
					"bytes":	49283072,
					"bits_per_second":	393060645.59487027,
					"omitted":	false,
					"sender":	false
				}],
			"sum":	{
				"start":	11.008683,
				"end":	12.011746,
				"seconds":	1.0030629634857178,
				"bytes":	49283072,
				"bits_per_second":	393060645.59487027,
				"omitted":	false,
				"sender":	false
			}
		}, {
			"streams":	[{
					"socket":	5,
					"start":	12.011746,
					"end":	13.01286,
					"seconds":	1.0011140108108521,
					"bytes":	48889856,
					"bits_per_second":	390683622.2212227,
					"omitted":	false,
					"sender":	false
				}],
			"sum":	{
				"start":	12.011746,
				"end":	13.01286,
				"seconds":	1.0011140108108521,
				"bytes":	48889856,
				"bits_per_second":	390683622.2212227,
				"omitted":	false,
				"sender":	false
			}
		}, {
			"streams":	[{
					"socket":	5,
					"start":	13.01286,
					"end":	14.012969,
					"seconds":	1.0001089572906494,
					"bytes":	48889856,
					"bits_per_second":	391076237.39273632,
					"omitted":	false,
					"sender":	false
				}],
			"sum":	{
				"start":	13.01286,
				"end":	14.012969,
				"seconds":	1.0001089572906494,
				"bytes":	48889856,
				"bits_per_second":	391076237.39273632,
				"omitted":	false,
				"sender":	false
			}
		}, {
			"streams":	[{
					"socket":	5,
					"start":	14.012969,
					"end":	15.001637,
					"seconds":	0.98866802453994751,
					"bytes":	48365568,
					"bits_per_second":	391359419.33597565,
					"omitted":	false,
					"sender":	false
				}],
			"sum":	{
				"start":	14.012969,
				"end":	15.001637,
				"seconds":	0.98866802453994751,
				"bytes":	48365568,
				"bits_per_second":	391359419.33597565,
				"omitted":	false,
				"sender":	false
			}
		}, {
			"streams":	[{
					"socket":	5,
					"start":	15.001637,
					"end":	16.002583,
					"seconds":	1.000946044921875,
					"bytes":	49152000,
					"bits_per_second":	392844351.59608525,
					"omitted":	false,
					"sender":	false
				}],
			"sum":	{
				"start":	15.001637,
				"end":	16.002583,
				"seconds":	1.000946044921875,
				"bytes":	49152000,
				"bits_per_second":	392844351.59608525,
				"omitted":	false,
				"sender":	false
			}
		}, {
			"streams":	[{
					"socket":	5,
					"start":	16.002583,
					"end":	17.001858,
					"seconds":	0.999275028705597,
					"bytes":	48758784,
					"bits_per_second":	390353266.91318852,
					"omitted":	false,
					"sender":	false
				}],
			"sum":	{
				"start":	16.002583,
				"end":	17.001858,
				"seconds":	0.999275028705597,
				"bytes":	48758784,
				"bits_per_second":	390353266.91318852,
				"omitted":	false,
				"sender":	false
			}
		}, {
			"streams":	[{
					"socket":	5,
					"start":	17.001858,
					"end":	18.001644,
					"seconds":	0.99978601932525635,
					"bytes":	49152000,
					"bits_per_second":	393300158.63332117,
					"omitted":	false,
					"sender":	false
				}],
			"sum":	{
				"start":	17.001858,
				"end":	18.001644,
				"seconds":	0.99978601932525635,
				"bytes":	49152000,
				"bits_per_second":	393300158.63332117,
				"omitted":	false,
				"sender":	false
			}
		}, {
			"streams":	[{
					"socket":	5,
					"start":	18.001644,
					"end":	19.002579,
					"seconds":	1.0009349584579468,
					"bytes":	48889856,
					"bits_per_second":	390753509.70113254,
					"omitted":	false,
					"sender":	false
				}],
			"sum":	{
				"start":	18.001644,
				"end":	19.002579,
				"seconds":	1.0009349584579468,
				"bytes":	48889856,
				"bits_per_second":	390753509.70113254,
				"omitted":	false,
				"sender":	false
			}
		}, {
			"streams":	[{
					"socket":	5,
					"start":	19.002579,
					"end":	20.000455,
					"seconds":	0.997875988483429,
					"bytes":	48889856,
					"bits_per_second":	391951357.1966213,
					"omitted":	false,
					"sender":	false
				}],
			"sum":	{
				"start":	19.002579,
				"end":	20.000455,
				"seconds":	0.997875988483429,
				"bytes":	48889856,
				"bits_per_second":	391951357.1966213,
				"omitted":	false,
				"sender":	false
			}
		}, {
			"streams":	[{
					"socket":	5,
					"start":	20.000455,
					"end":	21.00066,
					"seconds":	1.0002050399780273,
					"bytes":	49020928,
					"bits_per_second":	392087030.48388475,
					"omitted":	false,
					"sender":	false
				}],
			"sum":	{
				"start":	20.000455,
				"end":	21.00066,
				"seconds":	1.0002050399780273,
				"bytes":	49020928,
				"bits_per_second":	392087030.48388475,
				"omitted":	false,
				"sender":	false
			}
		}, {
			"streams":	[{
					"socket":	5,
					"start":	21.00066,
					"end":	22.002418,
					"seconds":	1.0017579793930054,
					"bytes":	49020928,
					"bits_per_second":	391479211.613194,
					"omitted":	false,
					"sender":	false
				}],
			"sum":	{
				"start":	21.00066,
				"end":	22.002418,
				"seconds":	1.0017579793930054,
				"bytes":	49020928,
				"bits_per_second":	391479211.613194,
				"omitted":	false,
				"sender":	false
			}
		}, {
			"streams":	[{
					"socket":	5,
					"start":	22.002418,
					"end":	23.00259,
					"seconds":	1.0001720190048218,
					"bytes":	48889856,
					"bits_per_second":	391051579.69642663,
					"omitted":	false,
					"sender":	false
				}],
			"sum":	{
				"start":	22.002418,
				"end":	23.00259,
				"seconds":	1.0001720190048218,
				"bytes":	48889856,
				"bits_per_second":	391051579.69642663,
				"omitted":	false,
				"sender":	false
			}
		}, {
			"streams":	[{
					"socket":	5,
					"start":	23.00259,
					"end":	24.002775,
					"seconds":	1.0001850128173828,
					"bytes":	49020928,
					"bits_per_second":	392094881.42130685,
					"omitted":	false,
					"sender":	false
				}],
			"sum":	{
				"start":	23.00259,
				"end":	24.002775,
				"seconds":	1.0001850128173828,
				"bytes":	49020928,
				"bits_per_second":	392094881.42130685,
				"omitted":	false,
				"sender":	false
			}
		}, {
			"streams":	[{
					"socket":	5,
					"start":	24.002775,
					"end":	25.002122,
					"seconds":	0.99934697151184082,
					"bytes":	49020928,
					"bits_per_second":	392423687.847593,
					"omitted":	false,
					"sender":	false
				}],
			"sum":	{
				"start":	24.002775,
				"end":	25.002122,
				"seconds":	0.99934697151184082,
				"bytes":	49020928,
				"bits_per_second":	392423687.847593,
				"omitted":	false,
				"sender":	false
			}
		}, {
			"streams":	[{
					"socket":	5,
					"start":	25.002122,
					"end":	26.01275,
					"seconds":	1.0106279850006104,
					"bytes":	49414144,
					"bits_per_second":	391155952.40494084,
					"omitted":	false,
					"sender":	false
				}],
			"sum":	{
				"start":	25.002122,
				"end":	26.01275,
				"seconds":	1.0106279850006104,
				"bytes":	49414144,
				"bits_per_second":	391155952.40494084,
				"omitted":	false,
				"sender":	false
			}
		}, {
			"streams":	[{
					"socket":	5,
					"start":	26.01275,
					"end":	27.011316,
					"seconds":	0.998565971851349,
					"bytes":	48889856,
					"bits_per_second":	391680528.90372652,
					"omitted":	false,
					"sender":	false
				}],
			"sum":	{
				"start":	26.01275,
				"end":	27.011316,
				"seconds":	0.998565971851349,
				"bytes":	48889856,
				"bits_per_second":	391680528.90372652,
				"omitted":	false,
				"sender":	false
			}
		}, {
			"streams":	[{
					"socket":	5,
					"start":	27.011316,
					"end":	28.011951,
					"seconds":	1.000635027885437,
					"bytes":	48889856,
					"bits_per_second":	390870634.24765426,
					"omitted":	false,
					"sender":	false
				}],
			"sum":	{
				"start":	27.011316,
				"end":	28.011951,
				"seconds":	1.000635027885437,
				"bytes":	48889856,
				"bits_per_second":	390870634.24765426,
				"omitted":	false,
				"sender":	false
			}
		}, {
			"streams":	[{
					"socket":	5,
					"start":	28.011951,
					"end":	29.00769,
					"seconds":	0.995738983154297,
					"bytes":	48889856,
					"bits_per_second":	392792543.64533937,
					"omitted":	false,
					"sender":	false
				}],
			"sum":	{
				"start":	28.011951,
				"end":	29.00769,
				"seconds":	0.995738983154297,
				"bytes":	48889856,
				"bits_per_second":	392792543.64533937,
				"omitted":	false,
				"sender":	false
			}
		}, {
			"streams":	[{
					"socket":	5,
					"start":	29.00769,
					"end":	30.006561,
					"seconds":	0.99887102842330933,
					"bytes":	48889856,
					"bits_per_second":	391560909.13695878,
					"omitted":	false,
					"sender":	false
				}],
			"sum":	{
				"start":	29.00769,
				"end":	30.006561,
				"seconds":	0.99887102842330933,
				"bytes":	48889856,
				"bits_per_second":	391560909.13695878,
				"omitted":	false,
				"sender":	false
			}
		}, {
			"streams":	[{
					"socket":	5,
					"start":	30.006561,
					"end":	30.024774,
					"seconds":	0.018213000148534775,
					"bytes":	1048576,
					"bits_per_second":	460583535.47396523,
					"omitted":	false,
					"sender":	false
				}],
			"sum":	{
				"start":	30.006561,
				"end":	30.024774,
				"seconds":	0.018213000148534775,
				"bytes":	1048576,
				"bits_per_second":	460583535.47396523,
				"omitted":	false,
				"sender":	false
			}
		}],
	"end":	{
		"streams":	[{
				"sender":	{
					"socket":	5,
					"start":	0,
					"end":	30.024774,
					"seconds":	30.024774,
					"bytes":	0,
					"bits_per_second":	0,
					"sender":	false
				},
				"receiver":	{
					"socket":	5,
					"start":	0,
					"end":	30.024774,
					"seconds":	30.024774,
					"bytes":	1458569216,
					"bits_per_second":	388630859.5695008,
					"sender":	false
				}
			}],
		"sum_sent":	{
			"start":	0,
			"end":	30.024774,
			"seconds":	30.024774,
			"bytes":	0,
			"bits_per_second":	0,
			"sender":	false
		},
		"sum_received":	{
			"start":	0,
			"end":	30.024774,
			"seconds":	30.024774,
			"bytes":	1458569216,
			"bits_per_second":	388630859.5695008,
			"sender":	false
		},
		"cpu_utilization_percent":	{
			"host_total":	0.10324785099589878,
			"host_user":	0.10324785099589878,
			"host_system":	0,
			"remote_total":	0,
			"remote_user":	0,
			"remote_system":	0
		}
	}
}
{
	"start":	{
		"connected":	[],
		"version":	"iperf 3.18",
		"system_info":	"CYGWIN_NT-10.0-22621 WIN-20250124JFD 3.5.4-1.x86_64 2024-08-25 16:52 UTC x86_64"
	},
	"intervals":	[],
	"end":	{
	},
	"error":	"interrupt - the server has terminated"
}
