{
	"start":	{
		"connected":	[{
				"socket":	5,
				"local_host":	"192.168.5.37",
				"local_port":	5201,
				"remote_host":	"192.168.5.27",
				"remote_port":	61368
			}],
		"version":	"iperf 3.18",
		"system_info":	"CYGWIN_NT-10.0-22621 WIN-20250124JFD 3.5.4-1.x86_64 2024-08-25 16:52 UTC x86_64",
		"sock_bufsize":	0,
		"sndbuf_actual":	65536,
		"rcvbuf_actual":	65536,
		"timestamp":	{
			"time":	"Mon, 10 Feb 2025 20:35:00 GMT",
			"timesecs":	1739219700
		},
		"accepted_connection":	{
			"host":	"192.168.5.27",
			"port":	61367
		},
		"cookie":	"vklgbyiblwtsmbttszex4qvshvdeuonpxank",
		"tcp_mss_default":	0,
		"target_bitrate":	0,
		"fq_rate":	0,
		"test_start":	{
			"protocol":	"TCP",
			"num_streams":	1,
			"blksize":	131072,
			"omit":	0,
			"duration":	30,
			"bytes":	0,
			"blocks":	0,
			"reverse":	0,
			"tos":	0,
			"target_bitrate":	0,
			"bidir":	0,
			"fqrate":	0,
			"interval":	1
		}
	},
	"intervals":	[{
			"streams":	[{
					"socket":	5,
					"start":	0,
					"end":	1.002487,
					"seconds":	1.0024869441986084,
					"bytes":	17170432,
					"bits_per_second":	137022688.22045243,
					"omitted":	false,
					"sender":	false
				}],
			"sum":	{
				"start":	0,
				"end":	1.002487,
				"seconds":	1.0024869441986084,
				"bytes":	17170432,
				"bits_per_second":	137022688.22045243,
				"omitted":	false,
				"sender":	false
			}
		}, {
			"streams":	[{
					"socket":	5,
					"start":	1.002487,
					"end":	2.007182,
					"seconds":	1.0046950578689575,
					"bytes":	10747904,
					"bits_per_second":	85581422.269934967,
					"omitted":	false,
					"sender":	false
				}],
			"sum":	{
				"start":	1.002487,
				"end":	2.007182,
				"seconds":	1.0046950578689575,
				"bytes":	10747904,
				"bits_per_second":	85581422.269934967,
				"omitted":	false,
				"sender":	false
			}
		}, {
			"streams":	[{
					"socket":	5,
					"start":	2.007182,
					"end":	3.005544,
					"seconds":	0.99836200475692749,
					"bytes":	12713984,
					"bits_per_second":	101878748.90607834,
					"omitted":	false,
					"sender":	false
				}],
			"sum":	{
				"start":	2.007182,
				"end":	3.005544,
				"seconds":	0.99836200475692749,
				"bytes":	12713984,
				"bits_per_second":	101878748.90607834,
				"omitted":	false,
				"sender":	false
			}
		}, {
			"streams":	[{
					"socket":	5,
					"start":	3.005544,
					"end":	4.007189,
					"seconds":	1.0016449689865112,
					"bytes":	12845056,
					"bits_per_second":	102591687.85520434,
					"omitted":	false,
					"sender":	false
				}],
			"sum":	{
				"start":	3.005544,
				"end":	4.007189,
				"seconds":	1.0016449689865112,
				"bytes":	12845056,
				"bits_per_second":	102591687.85520434,
				"omitted":	false,
				"sender":	false
			}
		}, {
			"streams":	[{
					"socket":	5,
					"start":	4.007189,
					"end":	5.00749,
					"seconds":	1.0003010034561157,
					"bytes":	12713984,
					"bits_per_second":	101681265.5876359,
					"omitted":	false,
					"sender":	false
				}],
			"sum":	{
				"start":	4.007189,
				"end":	5.00749,
				"seconds":	1.0003010034561157,
				"bytes":	12713984,
				"bits_per_second":	101681265.5876359,
				"omitted":	false,
				"sender":	false
			}
		}, {
			"streams":	[{
					"socket":	5,
					"start":	5.00749,
					"end":	6.006072,
					"seconds":	0.99858200550079346,
					"bytes":	13238272,
					"bits_per_second":	106056563.62382333,
					"omitted":	false,
					"sender":	false
				}],
			"sum":	{
				"start":	5.00749,
				"end":	6.006072,
				"seconds":	0.99858200550079346,
				"bytes":	13238272,
				"bits_per_second":	106056563.62382333,
				"omitted":	false,
				"sender":	false
			}
		}, {
			"streams":	[{
					"socket":	5,
					"start":	6.006072,
					"end":	7.000344,
					"seconds":	0.994271993637085,
					"bytes":	13369344,
					"bits_per_second":	107570918.90796946,
					"omitted":	false,
					"sender":	false
				}],
			"sum":	{
				"start":	6.006072,
				"end":	7.000344,
				"seconds":	0.994271993637085,
				"bytes":	13369344,
				"bits_per_second":	107570918.90796946,
				"omitted":	false,
				"sender":	false
			}
		}, {
			"streams":	[{
					"socket":	5,
					"start":	7.000344,
					"end":	8.003755,
					"seconds":	1.0034110546112061,
					"bytes":	12845056,
					"bits_per_second":	102411118.08342278,
					"omitted":	false,
					"sender":	false
				}],
			"sum":	{
				"start":	7.000344,
				"end":	8.003755,
				"seconds":	1.0034110546112061,
				"bytes":	12845056,
				"bits_per_second":	102411118.08342278,
				"omitted":	false,
				"sender":	false
			}
		}, {
			"streams":	[{
					"socket":	5,
					"start":	8.003755,
					"end":	9.003901,
					"seconds":	1.0001460313797,
					"bytes":	12713984,
					"bits_per_second":	101697021.04370564,
					"omitted":	false,
					"sender":	false
				}],
			"sum":	{
				"start":	8.003755,
				"end":	9.003901,
				"seconds":	1.0001460313797,
				"bytes":	12713984,
				"bits_per_second":	101697021.04370564,
				"omitted":	false,
				"sender":	false
			}
		}, {
			"streams":	[{
					"socket":	5,
					"start":	9.003901,
					"end":	10.007165,
					"seconds":	1.0032639503479004,
					"bytes":	12845056,
					"bits_per_second":	102426134.18369703,
					"omitted":	false,
					"sender":	false
				}],
			"sum":	{
				"start":	9.003901,
				"end":	10.007165,
				"seconds":	1.0032639503479004,
				"bytes":	12845056,
				"bits_per_second":	102426134.18369703,
				"omitted":	false,
				"sender":	false
			}
		}, {
			"streams":	[{
					"socket":	5,
					"start":	10.007165,
					"end":	11.008546,
					"seconds":	1.0013810396194458,
					"bytes":	9175040,
					"bits_per_second":	73299091.051188946,
					"omitted":	false,
					"sender":	false
				}],
			"sum":	{
				"start":	10.007165,
				"end":	11.008546,
				"seconds":	1.0013810396194458,
				"bytes":	9175040,
				"bits_per_second":	73299091.051188946,
				"omitted":	false,
				"sender":	false
			}
		}, {
			"streams":	[{
					"socket":	5,
					"start":	11.008546,
					"end":	12.011674,
					"seconds":	1.0031280517578125,
					"bytes":	13107200,
					"bits_per_second":	104530622.80160022,
					"omitted":	false,
					"sender":	false
				}],
			"sum":	{
				"start":	11.008546,
				"end":	12.011674,
				"seconds":	1.0031280517578125,
				"bytes":	13107200,
				"bits_per_second":	104530622.80160022,
				"omitted":	false,
				"sender":	false
			}
		}, {
			"streams":	[{
					"socket":	5,
					"start":	12.011674,
					"end":	13.012706,
					"seconds":	1.0010319948196411,
					"bytes":	13631488,
					"bits_per_second":	108939479.0219949,
					"omitted":	false,
					"sender":	false
				}],
			"sum":	{
				"start":	12.011674,
				"end":	13.012706,
				"seconds":	1.0010319948196411,
				"bytes":	13631488,
				"bits_per_second":	108939479.0219949,
				"omitted":	false,
				"sender":	false
			}
		}, {
			"streams":	[{
					"socket":	5,
					"start":	13.012706,
					"end":	14.013418,
					"seconds":	1.0007120370864868,
					"bytes":	12845056,
					"bits_per_second":	102687330.81214941,
					"omitted":	false,
					"sender":	false
				}],
			"sum":	{
				"start":	13.012706,
				"end":	14.013418,
				"seconds":	1.0007120370864868,
				"bytes":	12845056,
				"bits_per_second":	102687330.81214941,
				"omitted":	false,
				"sender":	false
			}
		}, {
			"streams":	[{
					"socket":	5,
					"start":	14.013418,
					"end":	15.001507,
					"seconds":	0.98808902502059937,
					"bytes":	12582912,
					"bits_per_second":	101876747.38913471,
					"omitted":	false,
					"sender":	false
				}],
			"sum":	{
				"start":	14.013418,
				"end":	15.001507,
				"seconds":	0.98808902502059937,
				"bytes":	12582912,
				"bits_per_second":	101876747.38913471,
				"omitted":	false,
				"sender":	false
			}
		}, {
			"streams":	[{
					"socket":	5,
					"start":	15.001507,
					"end":	16.002469,
					"seconds":	1.0009620189666748,
					"bytes":	14024704,
					"bits_per_second":	112089799.4869228,
					"omitted":	false,
					"sender":	false
				}],
			"sum":	{
				"start":	15.001507,
				"end":	16.002469,
				"seconds":	1.0009620189666748,
				"bytes":	14024704,
				"bits_per_second":	112089799.4869228,
				"omitted":	false,
				"sender":	false
			}
		}, {
			"streams":	[{
					"socket":	5,
					"start":	16.002469,
					"end":	17.001754,
					"seconds":	0.99928498268127441,
					"bytes":	12713984,
					"bits_per_second":	101784649.7873784,
					"omitted":	false,
					"sender":	false
				}],
			"sum":	{
				"start":	16.002469,
				"end":	17.001754,
				"seconds":	0.99928498268127441,
				"bytes":	12713984,
				"bits_per_second":	101784649.7873784,
				"omitted":	false,
				"sender":	false
			}
		}, {
			"streams":	[{
					"socket":	5,
					"start":	17.001754,
					"end":	18.001535,
					"seconds":	0.99978101253509521,
					"bytes":	12713984,
					"bits_per_second":	101734150.50371306,
					"omitted":	false,
					"sender":	false
				}],
			"sum":	{
				"start":	17.001754,
				"end":	18.001535,
				"seconds":	0.99978101253509521,
				"bytes":	12713984,
				"bits_per_second":	101734150.50371306,
				"omitted":	false,
				"sender":	false
			}
		}, {
			"streams":	[{
					"socket":	5,
					"start":	18.001535,
					"end":	19.002471,
					"seconds":	1.0009360313415527,
					"bytes":	12845056,
					"bits_per_second":	102664350.94985077,
					"omitted":	false,
					"sender":	false
				}],
			"sum":	{
				"start":	18.001535,
				"end":	19.002471,
				"seconds":	1.0009360313415527,
				"bytes":	12845056,
				"bits_per_second":	102664350.94985077,
				"omitted":	false,
				"sender":	false
			}
		}, {
			"streams":	[{
					"socket":	5,
					"start":	19.002471,
					"end":	20.000363,
					"seconds":	0.99789202213287354,
					"bytes":	9175040,
					"bits_per_second":	73555373.098499864,
					"omitted":	false,
					"sender":	false
				}],
			"sum":	{
				"start":	19.002471,
				"end":	20.000363,
				"seconds":	0.99789202213287354,
				"bytes":	9175040,
				"bits_per_second":	73555373.098499864,
				"omitted":	false,
				"sender":	false
			}
		}, {
			"streams":	[{
					"socket":	5,
					"start":	20.000363,
					"end":	21.000572,
					"seconds":	1.0002089738845825,
					"bytes":	12845056,
					"bits_per_second":	102738978.23661986,
					"omitted":	false,
					"sender":	false
				}],
			"sum":	{
				"start":	20.000363,
				"end":	21.000572,
				"seconds":	1.0002089738845825,
				"bytes":	12845056,
				"bits_per_second":	102738978.23661986,
				"omitted":	false,
				"sender":	false
			}
		}, {
			"streams":	[{
					"socket":	5,
					"start":	21.000572,
					"end":	22.002324,
					"seconds":	1.0017520189285278,
					"bytes":	14024704,
					"bits_per_second":	112001403.42118441,
					"omitted":	false,
					"sender":	false
				}],
			"sum":	{
				"start":	21.000572,
				"end":	22.002324,
				"seconds":	1.0017520189285278,
				"bytes":	14024704,
				"bits_per_second":	112001403.42118441,
				"omitted":	false,
				"sender":	false
			}
		}, {
			"streams":	[{
					"socket":	5,
					"start":	22.002324,
					"end":	23.00295,
					"seconds":	1.0006259679794312,
					"bytes":	12713984,
					"bits_per_second":	101648243.4544321,
					"omitted":	false,
					"sender":	false
				}],
			"sum":	{
				"start":	22.002324,
				"end":	23.00295,
				"seconds":	1.0006259679794312,
				"bytes":	12713984,
				"bits_per_second":	101648243.4544321,
				"omitted":	false,
				"sender":	false
			}
		}, {
			"streams":	[{
					"socket":	5,
					"start":	23.00295,
					"end":	24.003125,
					"seconds":	1.0001749992370605,
					"bytes":	12845056,
					"bits_per_second":	102742468.14646065,
					"omitted":	false,
					"sender":	false
				}],
			"sum":	{
				"start":	23.00295,
				"end":	24.003125,
				"seconds":	1.0001749992370605,
				"bytes":	12845056,
				"bits_per_second":	102742468.14646065,
				"omitted":	false,
				"sender":	false
			}
		}, {
			"streams":	[{
					"socket":	5,
					"start":	24.003125,
					"end":	25.002494,
					"seconds":	0.99936902523040771,
					"bytes":	12845056,
					"bits_per_second":	102825328.18776153,
					"omitted":	false,
					"sender":	false
				}],
			"sum":	{
				"start":	24.003125,
				"end":	25.002494,
				"seconds":	0.99936902523040771,
				"bytes":	12845056,
				"bits_per_second":	102825328.18776153,
				"omitted":	false,
				"sender":	false
			}
		}, {
			"streams":	[{
					"socket":	5,
					"start":	25.002494,
					"end":	26.01265,
					"seconds":	1.0101560354232788,
					"bytes":	14024704,
					"bits_per_second":	111069605.15559024,
					"omitted":	false,
					"sender":	false
				}],
			"sum":	{
				"start":	25.002494,
				"end":	26.01265,
				"seconds":	1.0101560354232788,
				"bytes":	14024704,
				"bits_per_second":	111069605.15559024,
				"omitted":	false,
				"sender":	false
			}
		}, {
			"streams":	[{
					"socket":	5,
					"start":	26.01265,
					"end":	27.011217,
					"seconds":	0.99856698513031,
					"bytes":	12713984,
					"bits_per_second":	101857835.79328622,
					"omitted":	false,
					"sender":	false
				}],
			"sum":	{
				"start":	26.01265,
				"end":	27.011217,
				"seconds":	0.99856698513031,
				"bytes":	12713984,
				"bits_per_second":	101857835.79328622,
				"omitted":	false,
				"sender":	false
			}
		}, {
			"streams":	[{
					"socket":	5,
					"start":	27.011217,
					"end":	28.012376,
					"seconds":	1.0011589527130127,
					"bytes":	12713984,
					"bits_per_second":	101594129.20832784,
					"omitted":	false,
					"sender":	false
				}],
			"sum":	{
				"start":	27.011217,
				"end":	28.012376,
				"seconds":	1.0011589527130127,
				"bytes":	12713984,
				"bits_per_second":	101594129.20832784,
				"omitted":	false,
				"sender":	false
			}
		}, {
			"streams":	[{
					"socket":	5,
					"start":	28.012376,
					"end":	29.007539,
					"seconds":	0.99516302347183228,
					"bytes":	12713984,
					"bits_per_second":	102206241.18966667,
					"omitted":	false,
					"sender":	false
				}],
			"sum":	{
				"start":	28.012376,
				"end":	29.007539,
				"seconds":	0.99516302347183228,
				"bytes":	12713984,
				"bits_per_second":	102206241.18966667,
				"omitted":	false,
				"sender":	false
			}
		}, {
			"streams":	[{
					"socket":	5,
					"start":	29.007539,
					"end":	30.006952,
					"seconds":	0.999413013458252,
					"bytes":	9175040,
					"bits_per_second":	73443430.305168942,
					"omitted":	false,
					"sender":	false
				}],
			"sum":	{
				"start":	29.007539,
				"end":	30.006952,
				"seconds":	0.999413013458252,
				"bytes":	9175040,
				"bits_per_second":	73443430.305168942,
				"omitted":	false,
				"sender":	false
			}
		}, {
			"streams":	[{
					"socket":	5,
					"start":	30.006952,
					"end":	30.040313,
					"seconds":	0.033360999077558517,
					"bytes":	524288,
					"bits_per_second":	125724771.91851997,
					"omitted":	false,
					"sender":	false
				}],
			"sum":	{
				"start":	30.006952,
				"end":	30.040313,
				"seconds":	0.033360999077558517,
				"bytes":	524288,
				"bits_per_second":	125724771.91851997,
				"omitted":	false,
				"sender":	false
			}
		}],
	"end":	{
		"streams":	[{
				"sender":	{
					"socket":	5,
					"start":	0,
					"end":	30.040313,
					"seconds":	30.040313,
					"bytes":	0,
					"bits_per_second":	0,
					"sender":	false
				},
				"receiver":	{
					"socket":	5,
					"start":	0,
					"end":	30.040313,
					"seconds":	30.040313,
					"bytes":	381157376,
					"bits_per_second":	101505567.13573523,
					"sender":	false
				}
			}],
		"sum_sent":	{
			"start":	0,
			"end":	30.040313,
			"seconds":	30.040313,
			"bytes":	0,
			"bits_per_second":	0,
			"sender":	false
		},
		"sum_received":	{
			"start":	0,
			"end":	30.040313,
			"seconds":	30.040313,
			"bytes":	381157376,
			"bits_per_second":	101505567.13573523,
			"sender":	false
		},
		"cpu_utilization_percent":	{
			"host_total":	0,
			"host_user":	0,
			"host_system":	0,
			"remote_total":	0,
			"remote_user":	0,
			"remote_system":	0
		}
	}
}
{
	"start":	{
		"connected":	[],
		"version":	"iperf 3.18",
		"system_info":	"CYGWIN_NT-10.0-22621 WIN-20250124JFD 3.5.4-1.x86_64 2024-08-25 16:52 UTC x86_64"
	},
	"intervals":	[],
	"end":	{
	},
	"error":	"interrupt - the server has terminated"
}
