{
	"start":	{
		"connected":	[{
				"socket":	5,
				"local_host":	"192.168.5.35",
				"local_port":	5201,
				"remote_host":	"192.168.5.25",
				"remote_port":	61376
			}],
		"version":	"iperf 3.18",
		"system_info":	"CYGWIN_NT-10.0-22621 WIN-20250124JFD 3.5.4-1.x86_64 2024-08-25 16:52 UTC x86_64",
		"sock_bufsize":	0,
		"sndbuf_actual":	65536,
		"rcvbuf_actual":	65536,
		"timestamp":	{
			"time":	"Mon, 10 Feb 2025 20:35:00 GMT",
			"timesecs":	1739219700
		},
		"accepted_connection":	{
			"host":	"192.168.5.25",
			"port":	61369
		},
		"cookie":	"xvv5b4nmta2zqun45ezlw22if5vjfy3e7gar",
		"tcp_mss_default":	0,
		"target_bitrate":	0,
		"fq_rate":	0,
		"test_start":	{
			"protocol":	"TCP",
			"num_streams":	1,
			"blksize":	131072,
			"omit":	0,
			"duration":	30,
			"bytes":	0,
			"blocks":	0,
			"reverse":	0,
			"tos":	0,
			"target_bitrate":	0,
			"bidir":	0,
			"fqrate":	0,
			"interval":	1
		}
	},
	"intervals":	[{
			"streams":	[{
					"socket":	5,
					"start":	0,
					"end":	1.007891,
					"seconds":	1.007891058921814,
					"bytes":	15335424,
					"bits_per_second":	121722869.66335419,
					"omitted":	false,
					"sender":	false
				}],
			"sum":	{
				"start":	0,
				"end":	1.007891,
				"seconds":	1.007891058921814,
				"bytes":	15335424,
				"bits_per_second":	121722869.66335419,
				"omitted":	false,
				"sender":	false
			}
		}, {
			"streams":	[{
					"socket":	5,
					"start":	1.007891,
					"end":	2.013138,
					"seconds":	1.0052469968795776,
					"bytes":	15073280,
					"bits_per_second":	119956826.90355302,
					"omitted":	false,
					"sender":	false
				}],
			"sum":	{
				"start":	1.007891,
				"end":	2.013138,
				"seconds":	1.0052469968795776,
				"bytes":	15073280,
				"bits_per_second":	119956826.90355302,
				"omitted":	false,
				"sender":	false
			}
		}, {
			"streams":	[{
					"socket":	5,
					"start":	2.013138,
					"end":	3.01158,
					"seconds":	0.998441994190216,
					"bytes":	12845056,
					"bits_per_second":	102920799.20310605,
					"omitted":	false,
					"sender":	false
				}],
			"sum":	{
				"start":	2.013138,
				"end":	3.01158,
				"seconds":	0.998441994190216,
				"bytes":	12845056,
				"bits_per_second":	102920799.20310605,
				"omitted":	false,
				"sender":	false
			}
		}, {
			"streams":	[{
					"socket":	5,
					"start":	3.01158,
					"end":	4.012565,
					"seconds":	1.0009850263595581,
					"bytes":	12713984,
					"bits_per_second":	101611781.71656752,
					"omitted":	false,
					"sender":	false
				}],
			"sum":	{
				"start":	3.01158,
				"end":	4.012565,
				"seconds":	1.0009850263595581,
				"bytes":	12713984,
				"bits_per_second":	101611781.71656752,
				"omitted":	false,
				"sender":	false
			}
		}, {
			"streams":	[{
					"socket":	5,
					"start":	4.012565,
					"end":	5.01283,
					"seconds":	1.0002650022506714,
					"bytes":	12713984,
					"bits_per_second":	101684925.26594517,
					"omitted":	false,
					"sender":	false
				}],
			"sum":	{
				"start":	4.012565,
				"end":	5.01283,
				"seconds":	1.0002650022506714,
				"bytes":	12713984,
				"bits_per_second":	101684925.26594517,
				"omitted":	false,
				"sender":	false
			}
		}, {
			"streams":	[{
					"socket":	5,
					"start":	5.01283,
					"end":	6.01215,
					"seconds":	0.99931997060775757,
					"bytes":	10747904,
					"bits_per_second":	86041742.9141414,
					"omitted":	false,
					"sender":	false
				}],
			"sum":	{
				"start":	5.01283,
				"end":	6.01215,
				"seconds":	0.99931997060775757,
				"bytes":	10747904,
				"bits_per_second":	86041742.9141414,
				"omitted":	false,
				"sender":	false
			}
		}, {
			"streams":	[{
					"socket":	5,
					"start":	6.01215,
					"end":	7.006357,
					"seconds":	0.99420702457427979,
					"bytes":	10878976,
					"bits_per_second":	87538918.805434,
					"omitted":	false,
					"sender":	false
				}],
			"sum":	{
				"start":	6.01215,
				"end":	7.006357,
				"seconds":	0.99420702457427979,
				"bytes":	10878976,
				"bits_per_second":	87538918.805434,
				"omitted":	false,
				"sender":	false
			}
		}, {
			"streams":	[{
					"socket":	5,
					"start":	7.006357,
					"end":	8.009246,
					"seconds":	1.0028890371322632,
					"bytes":	12713984,
					"bits_per_second":	101418869.12119672,
					"omitted":	false,
					"sender":	false
				}],
			"sum":	{
				"start":	7.006357,
				"end":	8.009246,
				"seconds":	1.0028890371322632,
				"bytes":	12713984,
				"bits_per_second":	101418869.12119672,
				"omitted":	false,
				"sender":	false
			}
		}, {
			"streams":	[{
					"socket":	5,
					"start":	8.009246,
					"end":	9.010431,
					"seconds":	1.0011850595474243,
					"bytes":	12845056,
					"bits_per_second":	102638814.89247535,
					"omitted":	false,
					"sender":	false
				}],
			"sum":	{
				"start":	8.009246,
				"end":	9.010431,
				"seconds":	1.0011850595474243,
				"bytes":	12845056,
				"bits_per_second":	102638814.89247535,
				"omitted":	false,
				"sender":	false
			}
		}, {
			"streams":	[{
					"socket":	5,
					"start":	9.010431,
					"end":	10.012607,
					"seconds":	1.00217604637146,
					"bytes":	12713984,
					"bits_per_second":	101491022.82803929,
					"omitted":	false,
					"sender":	false
				}],
			"sum":	{
				"start":	9.010431,
				"end":	10.012607,
				"seconds":	1.00217604637146,
				"bytes":	12713984,
				"bits_per_second":	101491022.82803929,
				"omitted":	false,
				"sender":	false
			}
		}, {
			"streams":	[{
					"socket":	5,
					"start":	10.012607,
					"end":	11.014553,
					"seconds":	1.001945972442627,
					"bytes":	16252928,
					"bits_per_second":	129770893.41755436,
					"omitted":	false,
					"sender":	false
				}],
			"sum":	{
				"start":	10.012607,
				"end":	11.014553,
				"seconds":	1.001945972442627,
				"bytes":	16252928,
				"bits_per_second":	129770893.41755436,
				"omitted":	false,
				"sender":	false
			}
		}, {
			"streams":	[{
					"socket":	5,
					"start":	11.014553,
					"end":	12.002105,
					"seconds":	0.987551987171173,
					"bytes":	13107200,
					"bits_per_second":	106179321.55689639,
					"omitted":	false,
					"sender":	false
				}],
			"sum":	{
				"start":	11.014553,
				"end":	12.002105,
				"seconds":	0.987551987171173,
				"bytes":	13107200,
				"bits_per_second":	106179321.55689639,
				"omitted":	false,
				"sender":	false
			}
		}, {
			"streams":	[{
					"socket":	5,
					"start":	12.002105,
					"end":	13.003181,
					"seconds":	1.0010759830474854,
					"bytes":	13500416,
					"bits_per_second":	107887243.15532494,
					"omitted":	false,
					"sender":	false
				}],
			"sum":	{
				"start":	12.002105,
				"end":	13.003181,
				"seconds":	1.0010759830474854,
				"bytes":	13500416,
				"bits_per_second":	107887243.15532494,
				"omitted":	false,
				"sender":	false
			}
		}, {
			"streams":	[{
					"socket":	5,
					"start":	13.003181,
					"end":	14.003347,
					"seconds":	1.0001660585403442,
					"bytes":	12845056,
					"bits_per_second":	102743386.58319397,
					"omitted":	false,
					"sender":	false
				}],
			"sum":	{
				"start":	13.003181,
				"end":	14.003347,
				"seconds":	1.0001660585403442,
				"bytes":	12845056,
				"bits_per_second":	102743386.58319397,
				"omitted":	false,
				"sender":	false
			}
		}, {
			"streams":	[{
					"socket":	5,
					"start":	14.003347,
					"end":	15.007479,
					"seconds":	1.0041320323944092,
					"bytes":	12845056,
					"bits_per_second":	102337585.7803898,
					"omitted":	false,
					"sender":	false
				}],
			"sum":	{
				"start":	14.003347,
				"end":	15.007479,
				"seconds":	1.0041320323944092,
				"bytes":	12845056,
				"bits_per_second":	102337585.7803898,
				"omitted":	false,
				"sender":	false
			}
		}, {
			"streams":	[{
					"socket":	5,
					"start":	15.007479,
					"end":	16.008434,
					"seconds":	1.0009549856185913,
					"bytes":	8912896,
					"bits_per_second":	71235139.466271371,
					"omitted":	false,
					"sender":	false
				}],
			"sum":	{
				"start":	15.007479,
				"end":	16.008434,
				"seconds":	1.0009549856185913,
				"bytes":	8912896,
				"bits_per_second":	71235139.466271371,
				"omitted":	false,
				"sender":	false
			}
		}, {
			"streams":	[{
					"socket":	5,
					"start":	16.008434,
					"end":	17.007706,
					"seconds":	0.99927198886871338,
					"bytes":	12713984,
					"bits_per_second":	101785973.32158695,
					"omitted":	false,
					"sender":	false
				}],
			"sum":	{
				"start":	16.008434,
				"end":	17.007706,
				"seconds":	0.99927198886871338,
				"bytes":	12713984,
				"bits_per_second":	101785973.32158695,
				"omitted":	false,
				"sender":	false
			}
		}, {
			"streams":	[{
					"socket":	5,
					"start":	17.007706,
					"end":	18.00749,
					"seconds":	0.999783992767334,
					"bytes":	12713984,
					"bits_per_second":	101733847.24681225,
					"omitted":	false,
					"sender":	false
				}],
			"sum":	{
				"start":	17.007706,
				"end":	18.00749,
				"seconds":	0.999783992767334,
				"bytes":	12713984,
				"bits_per_second":	101733847.24681225,
				"omitted":	false,
				"sender":	false
			}
		}, {
			"streams":	[{
					"socket":	5,
					"start":	18.00749,
					"end":	19.008439,
					"seconds":	1.0009490251541138,
					"bytes":	12845056,
					"bits_per_second":	102663018.21331832,
					"omitted":	false,
					"sender":	false
				}],
			"sum":	{
				"start":	18.00749,
				"end":	19.008439,
				"seconds":	1.0009490251541138,
				"bytes":	12845056,
				"bits_per_second":	102663018.21331832,
				"omitted":	false,
				"sender":	false
			}
		}, {
			"streams":	[{
					"socket":	5,
					"start":	19.008439,
					"end":	20.006323,
					"seconds":	0.997883975505829,
					"bytes":	16252928,
					"bits_per_second":	130299140.17217375,
					"omitted":	false,
					"sender":	false
				}],
			"sum":	{
				"start":	19.008439,
				"end":	20.006323,
				"seconds":	0.997883975505829,
				"bytes":	16252928,
				"bits_per_second":	130299140.17217375,
				"omitted":	false,
				"sender":	false
			}
		}, {
			"streams":	[{
					"socket":	5,
					"start":	20.006323,
					"end":	21.006494,
					"seconds":	1.0001709461212158,
					"bytes":	12713984,
					"bits_per_second":	101694487.72177494,
					"omitted":	false,
					"sender":	false
				}],
			"sum":	{
				"start":	20.006323,
				"end":	21.006494,
				"seconds":	1.0001709461212158,
				"bytes":	12713984,
				"bits_per_second":	101694487.72177494,
				"omitted":	false,
				"sender":	false
			}
		}, {
			"streams":	[{
					"socket":	5,
					"start":	21.006494,
					"end":	22.008254,
					"seconds":	1.0017600059509277,
					"bytes":	14155776,
					"bits_per_second":	113047244.1775116,
					"omitted":	false,
					"sender":	false
				}],
			"sum":	{
				"start":	21.006494,
				"end":	22.008254,
				"seconds":	1.0017600059509277,
				"bytes":	14155776,
				"bits_per_second":	113047244.1775116,
				"omitted":	false,
				"sender":	false
			}
		}, {
			"streams":	[{
					"socket":	5,
					"start":	22.008254,
					"end":	23.008458,
					"seconds":	1.0002039670944214,
					"bytes":	12713984,
					"bits_per_second":	101691130.35561293,
					"omitted":	false,
					"sender":	false
				}],
			"sum":	{
				"start":	22.008254,
				"end":	23.008458,
				"seconds":	1.0002039670944214,
				"bytes":	12713984,
				"bits_per_second":	101691130.35561293,
				"omitted":	false,
				"sender":	false
			}
		}, {
			"streams":	[{
					"socket":	5,
					"start":	23.008458,
					"end":	24.008648,
					"seconds":	1.0001900196075439,
					"bytes":	12713984,
					"bits_per_second":	101692548.42185873,
					"omitted":	false,
					"sender":	false
				}],
			"sum":	{
				"start":	23.008458,
				"end":	24.008648,
				"seconds":	1.0001900196075439,
				"bytes":	12713984,
				"bits_per_second":	101692548.42185873,
				"omitted":	false,
				"sender":	false
			}
		}, {
			"streams":	[{
					"socket":	5,
					"start":	24.008648,
					"end":	25.007968,
					"seconds":	0.99931997060775757,
					"bytes":	11796480,
					"bits_per_second":	94436059.29600884,
					"omitted":	false,
					"sender":	false
				}],
			"sum":	{
				"start":	24.008648,
				"end":	25.007968,
				"seconds":	0.99931997060775757,
				"bytes":	11796480,
				"bits_per_second":	94436059.29600884,
				"omitted":	false,
				"sender":	false
			}
		}, {
			"streams":	[{
					"socket":	5,
					"start":	25.007968,
					"end":	26.003128,
					"seconds":	0.99515998363494873,
					"bytes":	9830400,
					"bits_per_second":	79025685.611619636,
					"omitted":	false,
					"sender":	false
				}],
			"sum":	{
				"start":	25.007968,
				"end":	26.003128,
				"seconds":	0.99515998363494873,
				"bytes":	9830400,
				"bits_per_second":	79025685.611619636,
				"omitted":	false,
				"sender":	false
			}
		}, {
			"streams":	[{
					"socket":	5,
					"start":	26.003128,
					"end":	27.001642,
					"seconds":	0.99851399660110474,
					"bytes":	12845056,
					"bits_per_second":	102913377.62894841,
					"omitted":	false,
					"sender":	false
				}],
			"sum":	{
				"start":	26.003128,
				"end":	27.001642,
				"seconds":	0.99851399660110474,
				"bytes":	12845056,
				"bits_per_second":	102913377.62894841,
				"omitted":	false,
				"sender":	false
			}
		}, {
			"streams":	[{
					"socket":	5,
					"start":	27.001642,
					"end":	28.002319,
					"seconds":	1.0006769895553589,
					"bytes":	12713984,
					"bits_per_second":	101643060.70952494,
					"omitted":	false,
					"sender":	false
				}],
			"sum":	{
				"start":	27.001642,
				"end":	28.002319,
				"seconds":	1.0006769895553589,
				"bytes":	12713984,
				"bits_per_second":	101643060.70952494,
				"omitted":	false,
				"sender":	false
			}
		}, {
			"streams":	[{
					"socket":	5,
					"start":	28.002319,
					"end":	29.013521,
					"seconds":	1.0112019777297974,
					"bytes":	12845056,
					"bits_per_second":	101622079.72605306,
					"omitted":	false,
					"sender":	false
				}],
			"sum":	{
				"start":	28.002319,
				"end":	29.013521,
				"seconds":	1.0112019777297974,
				"bytes":	12845056,
				"bits_per_second":	101622079.72605306,
				"omitted":	false,
				"sender":	false
			}
		}, {
			"streams":	[{
					"socket":	5,
					"start":	29.013521,
					"end":	30.012388,
					"seconds":	0.9988669753074646,
					"bytes":	16384000,
					"bits_per_second":	131220676.266381,
					"omitted":	false,
					"sender":	false
				}],
			"sum":	{
				"start":	29.013521,
				"end":	30.012388,
				"seconds":	0.9988669753074646,
				"bytes":	16384000,
				"bits_per_second":	131220676.266381,
				"omitted":	false,
				"sender":	false
			}
		}, {
			"streams":	[{
					"socket":	5,
					"start":	30.012388,
					"end":	30.030809,
					"seconds":	0.018420999869704247,
					"bytes":	262144,
					"bits_per_second":	113845720.36445437,
					"omitted":	false,
					"sender":	false
				}],
			"sum":	{
				"start":	30.012388,
				"end":	30.030809,
				"seconds":	0.018420999869704247,
				"bytes":	262144,
				"bits_per_second":	113845720.36445437,
				"omitted":	false,
				"sender":	false
			}
		}],
	"end":	{
		"streams":	[{
				"sender":	{
					"socket":	5,
					"start":	0,
					"end":	30.030809,
					"seconds":	30.030809,
					"bytes":	0,
					"bits_per_second":	0,
					"sender":	false
				},
				"receiver":	{
					"socket":	5,
					"start":	0,
					"end":	30.030809,
					"seconds":	30.030809,
					"bytes":	389545984,
					"bits_per_second":	103772358.31375705,
					"sender":	false
				}
			}],
		"sum_sent":	{
			"start":	0,
			"end":	30.030809,
			"seconds":	30.030809,
			"bytes":	0,
			"bits_per_second":	0,
			"sender":	false
		},
		"sum_received":	{
			"start":	0,
			"end":	30.030809,
			"seconds":	30.030809,
			"bytes":	389545984,
			"bits_per_second":	103772358.31375705,
			"sender":	false
		},
		"cpu_utilization_percent":	{
			"host_total":	0,
			"host_user":	0,
			"host_system":	0,
			"remote_total":	0,
			"remote_user":	0,
			"remote_system":	0
		}
	}
}
{
	"start":	{
		"connected":	[],
		"version":	"iperf 3.18",
		"system_info":	"CYGWIN_NT-10.0-22621 WIN-20250124JFD 3.5.4-1.x86_64 2024-08-25 16:52 UTC x86_64"
	},
	"intervals":	[],
	"end":	{
	},
	"error":	"interrupt - the server has terminated"
}
