{
	"start":	{
		"connected":	[{
				"socket":	5,
				"local_host":	"192.168.5.35",
				"local_port":	5201,
				"remote_host":	"192.168.5.25",
				"remote_port":	49167
			}],
		"version":	"iperf 3.18",
		"system_info":	"CYGWIN_NT-10.0-22621 WIN-20250124JFD 3.5.4-1.x86_64 2024-08-25 16:52 UTC x86_64",
		"sock_bufsize":	0,
		"sndbuf_actual":	65536,
		"rcvbuf_actual":	65536,
		"timestamp":	{
			"time":	"Tue, 11 Feb 2025 18:34:13 GMT",
			"timesecs":	1739298853
		},
		"accepted_connection":	{
			"host":	"192.168.5.25",
			"port":	49161
		},
		"cookie":	"pgk5cwigjs6otdrwaaf43l37wvia2nr3zldq",
		"tcp_mss_default":	0,
		"target_bitrate":	0,
		"fq_rate":	0,
		"test_start":	{
			"protocol":	"TCP",
			"num_streams":	1,
			"blksize":	131072,
			"omit":	0,
			"duration":	30,
			"bytes":	0,
			"blocks":	0,
			"reverse":	0,
			"tos":	0,
			"target_bitrate":	0,
			"bidir":	0,
			"fqrate":	0,
			"interval":	1
		}
	},
	"intervals":	[{
			"streams":	[{
					"socket":	5,
					"start":	0,
					"end":	1.00419,
					"seconds":	1.0041899681091309,
					"bytes":	15204352,
					"bits_per_second":	121127296.49055932,
					"omitted":	false,
					"sender":	false
				}],
			"sum":	{
				"start":	0,
				"end":	1.00419,
				"seconds":	1.0041899681091309,
				"bytes":	15204352,
				"bits_per_second":	121127296.49055932,
				"omitted":	false,
				"sender":	false
			}
		}, {
			"streams":	[{
					"socket":	5,
					"start":	1.00419,
					"end":	2.003288,
					"seconds":	0.999098002910614,
					"bytes":	8257536,
					"bits_per_second":	66119927.9825907,
					"omitted":	false,
					"sender":	false
				}],
			"sum":	{
				"start":	1.00419,
				"end":	2.003288,
				"seconds":	0.999098002910614,
				"bytes":	8257536,
				"bits_per_second":	66119927.9825907,
				"omitted":	false,
				"sender":	false
			}
		}, {
			"streams":	[{
					"socket":	5,
					"start":	2.003288,
					"end":	3.000208,
					"seconds":	0.99691998958587646,
					"bytes":	12189696,
					"bits_per_second":	97818851.0800241,
					"omitted":	false,
					"sender":	false
				}],
			"sum":	{
				"start":	2.003288,
				"end":	3.000208,
				"seconds":	0.99691998958587646,
				"bytes":	12189696,
				"bits_per_second":	97818851.0800241,
				"omitted":	false,
				"sender":	false
			}
		}, {
			"streams":	[{
					"socket":	5,
					"start":	3.000208,
					"end":	4.001352,
					"seconds":	1.0011440515518188,
					"bytes":	12320768,
					"bits_per_second":	98453508.1112633,
					"omitted":	false,
					"sender":	false
				}],
			"sum":	{
				"start":	3.000208,
				"end":	4.001352,
				"seconds":	1.0011440515518188,
				"bytes":	12320768,
				"bits_per_second":	98453508.1112633,
				"omitted":	false,
				"sender":	false
			}
		}, {
			"streams":	[{
					"socket":	5,
					"start":	4.001352,
					"end":	5.001366,
					"seconds":	1.0000139474868774,
					"bytes":	12320768,
					"bits_per_second":	98564769.269174039,
					"omitted":	false,
					"sender":	false
				}],
			"sum":	{
				"start":	4.001352,
				"end":	5.001366,
				"seconds":	1.0000139474868774,
				"bytes":	12320768,
				"bits_per_second":	98564769.269174039,
				"omitted":	false,
				"sender":	false
			}
		}, {
			"streams":	[{
					"socket":	5,
					"start":	5.001366,
					"end":	6.008211,
					"seconds":	1.0068449974060059,
					"bytes":	12320768,
					"bits_per_second":	97896045.8203018,
					"omitted":	false,
					"sender":	false
				}],
			"sum":	{
				"start":	5.001366,
				"end":	6.008211,
				"seconds":	1.0068449974060059,
				"bytes":	12320768,
				"bits_per_second":	97896045.8203018,
				"omitted":	false,
				"sender":	false
			}
		}, {
			"streams":	[{
					"socket":	5,
					"start":	6.008211,
					"end":	7.005093,
					"seconds":	0.99688202142715454,
					"bytes":	12189696,
					"bits_per_second":	97822576.698085159,
					"omitted":	false,
					"sender":	false
				}],
			"sum":	{
				"start":	6.008211,
				"end":	7.005093,
				"seconds":	0.99688202142715454,
				"bytes":	12189696,
				"bits_per_second":	97822576.698085159,
				"omitted":	false,
				"sender":	false
			}
		}, {
			"streams":	[{
					"socket":	5,
					"start":	7.005093,
					"end":	8.006515,
					"seconds":	1.0014220476150513,
					"bytes":	12320768,
					"bits_per_second":	98426177.2893271,
					"omitted":	false,
					"sender":	false
				}],
			"sum":	{
				"start":	7.005093,
				"end":	8.006515,
				"seconds":	1.0014220476150513,
				"bytes":	12320768,
				"bits_per_second":	98426177.2893271,
				"omitted":	false,
				"sender":	false
			}
		}, {
			"streams":	[{
					"socket":	5,
					"start":	8.006515,
					"end":	9.004577,
					"seconds":	0.998062014579773,
					"bytes":	12189696,
					"bits_per_second":	97706922.591437459,
					"omitted":	false,
					"sender":	false
				}],
			"sum":	{
				"start":	8.006515,
				"end":	9.004577,
				"seconds":	0.998062014579773,
				"bytes":	12189696,
				"bits_per_second":	97706922.591437459,
				"omitted":	false,
				"sender":	false
			}
		}, {
			"streams":	[{
					"socket":	5,
					"start":	9.004577,
					"end":	10.003546,
					"seconds":	0.99896901845932,
					"bytes":	10878976,
					"bits_per_second":	87121628.791077569,
					"omitted":	false,
					"sender":	false
				}],
			"sum":	{
				"start":	9.004577,
				"end":	10.003546,
				"seconds":	0.99896901845932,
				"bytes":	10878976,
				"bits_per_second":	87121628.791077569,
				"omitted":	false,
				"sender":	false
			}
		}, {
			"streams":	[{
					"socket":	5,
					"start":	10.003546,
					"end":	11.003165,
					"seconds":	0.9996190071105957,
					"bytes":	12189696,
					"bits_per_second":	97554735.6606144,
					"omitted":	false,
					"sender":	false
				}],
			"sum":	{
				"start":	10.003546,
				"end":	11.003165,
				"seconds":	0.9996190071105957,
				"bytes":	12189696,
				"bits_per_second":	97554735.6606144,
				"omitted":	false,
				"sender":	false
			}
		}, {
			"streams":	[{
					"socket":	5,
					"start":	11.003165,
					"end":	12.013021,
					"seconds":	1.0098559856414795,
					"bytes":	12451840,
					"bits_per_second":	98642500.927221671,
					"omitted":	false,
					"sender":	false
				}],
			"sum":	{
				"start":	11.003165,
				"end":	12.013021,
				"seconds":	1.0098559856414795,
				"bytes":	12451840,
				"bits_per_second":	98642500.927221671,
				"omitted":	false,
				"sender":	false
			}
		}, {
			"streams":	[{
					"socket":	5,
					"start":	12.013021,
					"end":	13.004346,
					"seconds":	0.9913250207901,
					"bytes":	12189696,
					"bits_per_second":	98370933.8056222,
					"omitted":	false,
					"sender":	false
				}],
			"sum":	{
				"start":	12.013021,
				"end":	13.004346,
				"seconds":	0.9913250207901,
				"bytes":	12189696,
				"bits_per_second":	98370933.8056222,
				"omitted":	false,
				"sender":	false
			}
		}, {
			"streams":	[{
					"socket":	5,
					"start":	13.004346,
					"end":	14.002873,
					"seconds":	0.99852699041366577,
					"bytes":	12189696,
					"bits_per_second":	97661424.2140824,
					"omitted":	false,
					"sender":	false
				}],
			"sum":	{
				"start":	13.004346,
				"end":	14.002873,
				"seconds":	0.99852699041366577,
				"bytes":	12189696,
				"bits_per_second":	97661424.2140824,
				"omitted":	false,
				"sender":	false
			}
		}, {
			"streams":	[{
					"socket":	5,
					"start":	14.002873,
					"end":	15.012968,
					"seconds":	1.0100950002670288,
					"bytes":	12320768,
					"bits_per_second":	97581063.1415293,
					"omitted":	false,
					"sender":	false
				}],
			"sum":	{
				"start":	14.002873,
				"end":	15.012968,
				"seconds":	1.0100950002670288,
				"bytes":	12320768,
				"bits_per_second":	97581063.1415293,
				"omitted":	false,
				"sender":	false
			}
		}, {
			"streams":	[{
					"socket":	5,
					"start":	15.012968,
					"end":	16.012536,
					"seconds":	0.999567985534668,
					"bytes":	12320768,
					"bits_per_second":	98608744.403990746,
					"omitted":	false,
					"sender":	false
				}],
			"sum":	{
				"start":	15.012968,
				"end":	16.012536,
				"seconds":	0.999567985534668,
				"bytes":	12320768,
				"bits_per_second":	98608744.403990746,
				"omitted":	false,
				"sender":	false
			}
		}, {
			"streams":	[{
					"socket":	5,
					"start":	16.012536,
					"end":	17.0086,
					"seconds":	0.996064007282257,
					"bytes":	12189696,
					"bits_per_second":	97902913.1532169,
					"omitted":	false,
					"sender":	false
				}],
			"sum":	{
				"start":	16.012536,
				"end":	17.0086,
				"seconds":	0.996064007282257,
				"bytes":	12189696,
				"bits_per_second":	97902913.1532169,
				"omitted":	false,
				"sender":	false
			}
		}, {
			"streams":	[{
					"socket":	5,
					"start":	17.0086,
					"end":	18.004679,
					"seconds":	0.99607902765274048,
					"bytes":	12320768,
					"bits_per_second":	98954140.4483448,
					"omitted":	false,
					"sender":	false
				}],
			"sum":	{
				"start":	17.0086,
				"end":	18.004679,
				"seconds":	0.99607902765274048,
				"bytes":	12320768,
				"bits_per_second":	98954140.4483448,
				"omitted":	false,
				"sender":	false
			}
		}, {
			"streams":	[{
					"socket":	5,
					"start":	18.004679,
					"end":	19.010686,
					"seconds":	1.0060069561004639,
					"bytes":	13762560,
					"bits_per_second":	109443060.341031,
					"omitted":	false,
					"sender":	false
				}],
			"sum":	{
				"start":	18.004679,
				"end":	19.010686,
				"seconds":	1.0060069561004639,
				"bytes":	13762560,
				"bits_per_second":	109443060.341031,
				"omitted":	false,
				"sender":	false
			}
		}, {
			"streams":	[{
					"socket":	5,
					"start":	19.010686,
					"end":	20.009398,
					"seconds":	0.99871200323104858,
					"bytes":	9437184,
					"bits_per_second":	75594837.9069736,
					"omitted":	false,
					"sender":	false
				}],
			"sum":	{
				"start":	19.010686,
				"end":	20.009398,
				"seconds":	0.99871200323104858,
				"bytes":	9437184,
				"bits_per_second":	75594837.9069736,
				"omitted":	false,
				"sender":	false
			}
		}, {
			"streams":	[{
					"socket":	5,
					"start":	20.009398,
					"end":	21.004375,
					"seconds":	0.99497699737548828,
					"bytes":	12189696,
					"bits_per_second":	98009871.843497947,
					"omitted":	false,
					"sender":	false
				}],
			"sum":	{
				"start":	20.009398,
				"end":	21.004375,
				"seconds":	0.99497699737548828,
				"bytes":	12189696,
				"bits_per_second":	98009871.843497947,
				"omitted":	false,
				"sender":	false
			}
		}, {
			"streams":	[{
					"socket":	5,
					"start":	21.004375,
					"end":	22.001299,
					"seconds":	0.99692398309707642,
					"bytes":	12189696,
					"bits_per_second":	97818459.2340218,
					"omitted":	false,
					"sender":	false
				}],
			"sum":	{
				"start":	21.004375,
				"end":	22.001299,
				"seconds":	0.99692398309707642,
				"bytes":	12189696,
				"bits_per_second":	97818459.2340218,
				"omitted":	false,
				"sender":	false
			}
		}, {
			"streams":	[{
					"socket":	5,
					"start":	22.001299,
					"end":	23.013192,
					"seconds":	1.0118930339813232,
					"bytes":	12451840,
					"bits_per_second":	98443923.0775835,
					"omitted":	false,
					"sender":	false
				}],
			"sum":	{
				"start":	22.001299,
				"end":	23.013192,
				"seconds":	1.0118930339813232,
				"bytes":	12451840,
				"bits_per_second":	98443923.0775835,
				"omitted":	false,
				"sender":	false
			}
		}, {
			"streams":	[{
					"socket":	5,
					"start":	23.013192,
					"end":	24.012355,
					"seconds":	0.99916297197341919,
					"bytes":	13107200,
					"bits_per_second":	104945442.27644731,
					"omitted":	false,
					"sender":	false
				}],
			"sum":	{
				"start":	23.013192,
				"end":	24.012355,
				"seconds":	0.99916297197341919,
				"bytes":	13107200,
				"bits_per_second":	104945442.27644731,
				"omitted":	false,
				"sender":	false
			}
		}, {
			"streams":	[{
					"socket":	5,
					"start":	24.012355,
					"end":	25.010453,
					"seconds":	0.99809801578521729,
					"bytes":	12189696,
					"bits_per_second":	97703398.3213378,
					"omitted":	false,
					"sender":	false
				}],
			"sum":	{
				"start":	24.012355,
				"end":	25.010453,
				"seconds":	0.99809801578521729,
				"bytes":	12189696,
				"bits_per_second":	97703398.3213378,
				"omitted":	false,
				"sender":	false
			}
		}, {
			"streams":	[{
					"socket":	5,
					"start":	25.010453,
					"end":	26.010333,
					"seconds":	0.999880015850067,
					"bytes":	12320768,
					"bits_per_second":	98577971.7941478,
					"omitted":	false,
					"sender":	false
				}],
			"sum":	{
				"start":	25.010453,
				"end":	26.010333,
				"seconds":	0.999880015850067,
				"bytes":	12320768,
				"bits_per_second":	98577971.7941478,
				"omitted":	false,
				"sender":	false
			}
		}, {
			"streams":	[{
					"socket":	5,
					"start":	26.010333,
					"end":	27.007559,
					"seconds":	0.99722599983215332,
					"bytes":	12189696,
					"bits_per_second":	97788834.2426025,
					"omitted":	false,
					"sender":	false
				}],
			"sum":	{
				"start":	26.010333,
				"end":	27.007559,
				"seconds":	0.99722599983215332,
				"bytes":	12189696,
				"bits_per_second":	97788834.2426025,
				"omitted":	false,
				"sender":	false
			}
		}, {
			"streams":	[{
					"socket":	5,
					"start":	27.007559,
					"end":	28.007411,
					"seconds":	0.99985200166702271,
					"bytes":	12189696,
					"bits_per_second":	97532002.57379286,
					"omitted":	false,
					"sender":	false
				}],
			"sum":	{
				"start":	27.007559,
				"end":	28.007411,
				"seconds":	0.99985200166702271,
				"bytes":	12189696,
				"bits_per_second":	97532002.57379286,
				"omitted":	false,
				"sender":	false
			}
		}, {
			"streams":	[{
					"socket":	5,
					"start":	28.007411,
					"end":	29.014331,
					"seconds":	1.0069199800491333,
					"bytes":	10747904,
					"bits_per_second":	85392318.857159227,
					"omitted":	false,
					"sender":	false
				}],
			"sum":	{
				"start":	28.007411,
				"end":	29.014331,
				"seconds":	1.0069199800491333,
				"bytes":	10747904,
				"bits_per_second":	85392318.857159227,
				"omitted":	false,
				"sender":	false
			}
		}, {
			"streams":	[{
					"socket":	5,
					"start":	29.014331,
					"end":	30.010477,
					"seconds":	0.996146023273468,
					"bytes":	12320768,
					"bits_per_second":	98947485.305516332,
					"omitted":	false,
					"sender":	false
				}],
			"sum":	{
				"start":	29.014331,
				"end":	30.010477,
				"seconds":	0.996146023273468,
				"bytes":	12320768,
				"bits_per_second":	98947485.305516332,
				"omitted":	false,
				"sender":	false
			}
		}, {
			"streams":	[{
					"socket":	5,
					"start":	30.010477,
					"end":	30.031033,
					"seconds":	0.0205559991300106,
					"bytes":	393216,
					"bits_per_second":	153032113.89065558,
					"omitted":	false,
					"sender":	false
				}],
			"sum":	{
				"start":	30.010477,
				"end":	30.031033,
				"seconds":	0.0205559991300106,
				"bytes":	393216,
				"bits_per_second":	153032113.89065558,
				"omitted":	false,
				"sender":	false
			}
		}],
	"end":	{
		"streams":	[{
				"sender":	{
					"socket":	5,
					"start":	0,
					"end":	30.031033,
					"seconds":	30.031033,
					"bytes":	0,
					"bits_per_second":	0,
					"sender":	false
				},
				"receiver":	{
					"socket":	5,
					"start":	0,
					"end":	30.031033,
					"seconds":	30.031033,
					"bytes":	363855872,
					"bits_per_second":	96927967.0133225,
					"sender":	false
				}
			}],
		"sum_sent":	{
			"start":	0,
			"end":	30.031033,
			"seconds":	30.031033,
			"bytes":	0,
			"bits_per_second":	0,
			"sender":	false
		},
		"sum_received":	{
			"start":	0,
			"end":	30.031033,
			"seconds":	30.031033,
			"bytes":	363855872,
			"bits_per_second":	96927967.0133225,
			"sender":	false
		},
		"cpu_utilization_percent":	{
			"host_total":	1.2487051343991327,
			"host_user":	0.25973066795501959,
			"host_system":	0.988974466444113,
			"remote_total":	0,
			"remote_user":	0,
			"remote_system":	0
		}
	}
}
{
	"start":	{
		"connected":	[{
				"socket":	5,
				"local_host":	"192.168.5.35",
				"local_port":	5201,
				"remote_host":	"192.168.5.25",
				"remote_port":	49233
			}],
		"version":	"iperf 3.18",
		"system_info":	"CYGWIN_NT-10.0-22621 WIN-20250124JFD 3.5.4-1.x86_64 2024-08-25 16:52 UTC x86_64",
		"sock_bufsize":	0,
		"sndbuf_actual":	65536,
		"rcvbuf_actual":	65536,
		"timestamp":	{
			"time":	"Tue, 11 Feb 2025 18:42:15 GMT",
			"timesecs":	1739299335
		},
		"accepted_connection":	{
			"host":	"192.168.5.25",
			"port":	49229
		},
		"cookie":	"k5ekje2g77rn46v5zv7n4oo6kb6mcelhquah",
		"tcp_mss_default":	0,
		"target_bitrate":	0,
		"fq_rate":	0,
		"test_start":	{
			"protocol":	"TCP",
			"num_streams":	1,
			"blksize":	131072,
			"omit":	0,
			"duration":	30,
			"bytes":	0,
			"blocks":	0,
			"reverse":	0,
			"tos":	0,
			"target_bitrate":	0,
			"bidir":	0,
			"fqrate":	0,
			"interval":	1
		}
	},
	"intervals":	[{
			"streams":	[{
					"socket":	5,
					"start":	0,
					"end":	1.006087,
					"seconds":	1.0060869455337524,
					"bytes":	32505856,
					"bits_per_second":	258473533.67858195,
					"omitted":	false,
					"sender":	false
				}],
			"sum":	{
				"start":	0,
				"end":	1.006087,
				"seconds":	1.0060869455337524,
				"bytes":	32505856,
				"bits_per_second":	258473533.67858195,
				"omitted":	false,
				"sender":	false
			}
		}, {
			"streams":	[{
					"socket":	5,
					"start":	1.006087,
					"end":	2.009891,
					"seconds":	1.0038039684295654,
					"bytes":	23592960,
					"bits_per_second":	188028425.80437925,
					"omitted":	false,
					"sender":	false
				}],
			"sum":	{
				"start":	1.006087,
				"end":	2.009891,
				"seconds":	1.0038039684295654,
				"bytes":	23592960,
				"bits_per_second":	188028425.80437925,
				"omitted":	false,
				"sender":	false
			}
		}, {
			"streams":	[{
					"socket":	5,
					"start":	2.009891,
					"end":	3.009551,
					"seconds":	0.99966001510620117,
					"bytes":	23724032,
					"bits_per_second":	189856804.44549638,
					"omitted":	false,
					"sender":	false
				}],
			"sum":	{
				"start":	2.009891,
				"end":	3.009551,
				"seconds":	0.99966001510620117,
				"bytes":	23724032,
				"bits_per_second":	189856804.44549638,
				"omitted":	false,
				"sender":	false
			}
		}, {
			"streams":	[{
					"socket":	5,
					"start":	3.009551,
					"end":	4.012505,
					"seconds":	1.0029540061950684,
					"bytes":	24117248,
					"bits_per_second":	192369722.64755553,
					"omitted":	false,
					"sender":	false
				}],
			"sum":	{
				"start":	3.009551,
				"end":	4.012505,
				"seconds":	1.0029540061950684,
				"bytes":	24117248,
				"bits_per_second":	192369722.64755553,
				"omitted":	false,
				"sender":	false
			}
		}, {
			"streams":	[{
					"socket":	5,
					"start":	4.012505,
					"end":	5.005448,
					"seconds":	0.992942988872528,
					"bytes":	23986176,
					"bits_per_second":	193253197.96848312,
					"omitted":	false,
					"sender":	false
				}],
			"sum":	{
				"start":	4.012505,
				"end":	5.005448,
				"seconds":	0.992942988872528,
				"bytes":	23986176,
				"bits_per_second":	193253197.96848312,
				"omitted":	false,
				"sender":	false
			}
		}, {
			"streams":	[{
					"socket":	5,
					"start":	5.005448,
					"end":	6.014284,
					"seconds":	1.008836030960083,
					"bytes":	24641536,
					"bits_per_second":	195405677.38485146,
					"omitted":	false,
					"sender":	false
				}],
			"sum":	{
				"start":	5.005448,
				"end":	6.014284,
				"seconds":	1.008836030960083,
				"bytes":	24641536,
				"bits_per_second":	195405677.38485146,
				"omitted":	false,
				"sender":	false
			}
		}, {
			"streams":	[{
					"socket":	5,
					"start":	6.014284,
					"end":	7.007196,
					"seconds":	0.992911994457245,
					"bytes":	23986176,
					"bits_per_second":	193259230.496951,
					"omitted":	false,
					"sender":	false
				}],
			"sum":	{
				"start":	6.014284,
				"end":	7.007196,
				"seconds":	0.992911994457245,
				"bytes":	23986176,
				"bits_per_second":	193259230.496951,
				"omitted":	false,
				"sender":	false
			}
		}, {
			"streams":	[{
					"socket":	5,
					"start":	7.007196,
					"end":	8.001797,
					"seconds":	0.994601011276245,
					"bytes":	24117248,
					"bits_per_second":	193985308.49312851,
					"omitted":	false,
					"sender":	false
				}],
			"sum":	{
				"start":	7.007196,
				"end":	8.001797,
				"seconds":	0.994601011276245,
				"bytes":	24117248,
				"bits_per_second":	193985308.49312851,
				"omitted":	false,
				"sender":	false
			}
		}, {
			"streams":	[{
					"socket":	5,
					"start":	8.001797,
					"end":	9.002089,
					"seconds":	1.00029194355011,
					"bytes":	24117248,
					"bits_per_second":	192881673.43950495,
					"omitted":	false,
					"sender":	false
				}],
			"sum":	{
				"start":	8.001797,
				"end":	9.002089,
				"seconds":	1.00029194355011,
				"bytes":	24117248,
				"bits_per_second":	192881673.43950495,
				"omitted":	false,
				"sender":	false
			}
		}, {
			"streams":	[{
					"socket":	5,
					"start":	9.002089,
					"end":	10.002046,
					"seconds":	0.999957025051117,
					"bytes":	23986176,
					"bits_per_second":	191897654.79190546,
					"omitted":	false,
					"sender":	false
				}],
			"sum":	{
				"start":	9.002089,
				"end":	10.002046,
				"seconds":	0.999957025051117,
				"bytes":	23986176,
				"bits_per_second":	191897654.79190546,
				"omitted":	false,
				"sender":	false
			}
		}, {
			"streams":	[{
					"socket":	5,
					"start":	10.002046,
					"end":	11.012679,
					"seconds":	1.0106329917907715,
					"bytes":	24117248,
					"bits_per_second":	190908060.16348952,
					"omitted":	false,
					"sender":	false
				}],
			"sum":	{
				"start":	10.002046,
				"end":	11.012679,
				"seconds":	1.0106329917907715,
				"bytes":	24117248,
				"bits_per_second":	190908060.16348952,
				"omitted":	false,
				"sender":	false
			}
		}, {
			"streams":	[{
					"socket":	5,
					"start":	11.012679,
					"end":	12.004653,
					"seconds":	0.99197399616241455,
					"bytes":	23592960,
					"bits_per_second":	190270794.12381819,
					"omitted":	false,
					"sender":	false
				}],
			"sum":	{
				"start":	11.012679,
				"end":	12.004653,
				"seconds":	0.99197399616241455,
				"bytes":	23592960,
				"bits_per_second":	190270794.12381819,
				"omitted":	false,
				"sender":	false
			}
		}, {
			"streams":	[{
					"socket":	5,
					"start":	12.004653,
					"end":	13.01316,
					"seconds":	1.0085070133209229,
					"bytes":	24117248,
					"bits_per_second":	191310503.00252506,
					"omitted":	false,
					"sender":	false
				}],
			"sum":	{
				"start":	12.004653,
				"end":	13.01316,
				"seconds":	1.0085070133209229,
				"bytes":	24117248,
				"bits_per_second":	191310503.00252506,
				"omitted":	false,
				"sender":	false
			}
		}, {
			"streams":	[{
					"socket":	5,
					"start":	13.01316,
					"end":	14.009281,
					"seconds":	0.99612098932266235,
					"bytes":	23986176,
					"bits_per_second":	192636647.61293712,
					"omitted":	false,
					"sender":	false
				}],
			"sum":	{
				"start":	13.01316,
				"end":	14.009281,
				"seconds":	0.99612098932266235,
				"bytes":	23986176,
				"bits_per_second":	192636647.61293712,
				"omitted":	false,
				"sender":	false
			}
		}, {
			"streams":	[{
					"socket":	5,
					"start":	14.009281,
					"end":	15.004059,
					"seconds":	0.99477797746658325,
					"bytes":	24248320,
					"bits_per_second":	195004879.87684309,
					"omitted":	false,
					"sender":	false
				}],
			"sum":	{
				"start":	14.009281,
				"end":	15.004059,
				"seconds":	0.99477797746658325,
				"bytes":	24248320,
				"bits_per_second":	195004879.87684309,
				"omitted":	false,
				"sender":	false
			}
		}, {
			"streams":	[{
					"socket":	5,
					"start":	15.004059,
					"end":	16.003208,
					"seconds":	0.99914902448654175,
					"bytes":	23855104,
					"bits_per_second":	191003371.19187227,
					"omitted":	false,
					"sender":	false
				}],
			"sum":	{
				"start":	15.004059,
				"end":	16.003208,
				"seconds":	0.99914902448654175,
				"bytes":	23855104,
				"bits_per_second":	191003371.19187227,
				"omitted":	false,
				"sender":	false
			}
		}, {
			"streams":	[{
					"socket":	5,
					"start":	16.003208,
					"end":	17.010801,
					"seconds":	1.007593035697937,
					"bytes":	23855104,
					"bits_per_second":	189402690.60892114,
					"omitted":	false,
					"sender":	false
				}],
			"sum":	{
				"start":	16.003208,
				"end":	17.010801,
				"seconds":	1.007593035697937,
				"bytes":	23855104,
				"bits_per_second":	189402690.60892114,
				"omitted":	false,
				"sender":	false
			}
		}, {
			"streams":	[{
					"socket":	5,
					"start":	17.010801,
					"end":	18.005124,
					"seconds":	0.9943230152130127,
					"bytes":	23986176,
					"bits_per_second":	192984980.80011931,
					"omitted":	false,
					"sender":	false
				}],
			"sum":	{
				"start":	17.010801,
				"end":	18.005124,
				"seconds":	0.9943230152130127,
				"bytes":	23986176,
				"bits_per_second":	192984980.80011931,
				"omitted":	false,
				"sender":	false
			}
		}, {
			"streams":	[{
					"socket":	5,
					"start":	18.005124,
					"end":	19.002601,
					"seconds":	0.99747699499130249,
					"bytes":	24117248,
					"bits_per_second":	193425998.76369312,
					"omitted":	false,
					"sender":	false
				}],
			"sum":	{
				"start":	18.005124,
				"end":	19.002601,
				"seconds":	0.99747699499130249,
				"bytes":	24117248,
				"bits_per_second":	193425998.76369312,
				"omitted":	false,
				"sender":	false
			}
		}, {
			"streams":	[{
					"socket":	5,
					"start":	19.002601,
					"end":	20.014585,
					"seconds":	1.0119839906692505,
					"bytes":	24510464,
					"bits_per_second":	193761673.90783021,
					"omitted":	false,
					"sender":	false
				}],
			"sum":	{
				"start":	19.002601,
				"end":	20.014585,
				"seconds":	1.0119839906692505,
				"bytes":	24510464,
				"bits_per_second":	193761673.90783021,
				"omitted":	false,
				"sender":	false
			}
		}, {
			"streams":	[{
					"socket":	5,
					"start":	20.014585,
					"end":	21.000633,
					"seconds":	0.98604798316955566,
					"bytes":	23461888,
					"bits_per_second":	190350882.71939087,
					"omitted":	false,
					"sender":	false
				}],
			"sum":	{
				"start":	20.014585,
				"end":	21.000633,
				"seconds":	0.98604798316955566,
				"bytes":	23461888,
				"bits_per_second":	190350882.71939087,
				"omitted":	false,
				"sender":	false
			}
		}, {
			"streams":	[{
					"socket":	5,
					"start":	21.000633,
					"end":	22.012978,
					"seconds":	1.01234495639801,
					"bytes":	24772608,
					"bits_per_second":	195764163.93196693,
					"omitted":	false,
					"sender":	false
				}],
			"sum":	{
				"start":	21.000633,
				"end":	22.012978,
				"seconds":	1.01234495639801,
				"bytes":	24772608,
				"bits_per_second":	195764163.93196693,
				"omitted":	false,
				"sender":	false
			}
		}, {
			"streams":	[{
					"socket":	5,
					"start":	22.012978,
					"end":	23.008354,
					"seconds":	0.99537599086761475,
					"bytes":	23592960,
					"bits_per_second":	189620486.86294159,
					"omitted":	false,
					"sender":	false
				}],
			"sum":	{
				"start":	22.012978,
				"end":	23.008354,
				"seconds":	0.99537599086761475,
				"bytes":	23592960,
				"bits_per_second":	189620486.86294159,
				"omitted":	false,
				"sender":	false
			}
		}, {
			"streams":	[{
					"socket":	5,
					"start":	23.008354,
					"end":	24.004464,
					"seconds":	0.99611002206802368,
					"bytes":	23855104,
					"bits_per_second":	191586097.6920957,
					"omitted":	false,
					"sender":	false
				}],
			"sum":	{
				"start":	23.008354,
				"end":	24.004464,
				"seconds":	0.99611002206802368,
				"bytes":	23855104,
				"bits_per_second":	191586097.6920957,
				"omitted":	false,
				"sender":	false
			}
		}, {
			"streams":	[{
					"socket":	5,
					"start":	24.004464,
					"end":	25.002981,
					"seconds":	0.99851697683334351,
					"bytes":	24248320,
					"bits_per_second":	194274673.84200233,
					"omitted":	false,
					"sender":	false
				}],
			"sum":	{
				"start":	24.004464,
				"end":	25.002981,
				"seconds":	0.99851697683334351,
				"bytes":	24248320,
				"bits_per_second":	194274673.84200233,
				"omitted":	false,
				"sender":	false
			}
		}, {
			"streams":	[{
					"socket":	5,
					"start":	25.002981,
					"end":	26.006797,
					"seconds":	1.00381600856781,
					"bytes":	23855104,
					"bits_per_second":	190115350.19478449,
					"omitted":	false,
					"sender":	false
				}],
			"sum":	{
				"start":	25.002981,
				"end":	26.006797,
				"seconds":	1.00381600856781,
				"bytes":	23855104,
				"bits_per_second":	190115350.19478449,
				"omitted":	false,
				"sender":	false
			}
		}, {
			"streams":	[{
					"socket":	5,
					"start":	26.006797,
					"end":	27.003773,
					"seconds":	0.99697601795196533,
					"bytes":	23986176,
					"bits_per_second":	192471438.173797,
					"omitted":	false,
					"sender":	false
				}],
			"sum":	{
				"start":	26.006797,
				"end":	27.003773,
				"seconds":	0.99697601795196533,
				"bytes":	23986176,
				"bits_per_second":	192471438.173797,
				"omitted":	false,
				"sender":	false
			}
		}, {
			"streams":	[{
					"socket":	5,
					"start":	27.003773,
					"end":	28.012002,
					"seconds":	1.0082290172576904,
					"bytes":	24248320,
					"bits_per_second":	192403270.16934043,
					"omitted":	false,
					"sender":	false
				}],
			"sum":	{
				"start":	27.003773,
				"end":	28.012002,
				"seconds":	1.0082290172576904,
				"bytes":	24248320,
				"bits_per_second":	192403270.16934043,
				"omitted":	false,
				"sender":	false
			}
		}, {
			"streams":	[{
					"socket":	5,
					"start":	28.012002,
					"end":	29.0046,
					"seconds":	0.992597997188568,
					"bytes":	23855104,
					"bits_per_second":	192263970.44980651,
					"omitted":	false,
					"sender":	false
				}],
			"sum":	{
				"start":	28.012002,
				"end":	29.0046,
				"seconds":	0.992597997188568,
				"bytes":	23855104,
				"bits_per_second":	192263970.44980651,
				"omitted":	false,
				"sender":	false
			}
		}, {
			"streams":	[{
					"socket":	5,
					"start":	29.0046,
					"end":	30.001243,
					"seconds":	0.99664300680160522,
					"bytes":	23986176,
					"bits_per_second":	192535749.200514,
					"omitted":	false,
					"sender":	false
				}],
			"sum":	{
				"start":	29.0046,
				"end":	30.001243,
				"seconds":	0.99664300680160522,
				"bytes":	23986176,
				"bits_per_second":	192535749.200514,
				"omitted":	false,
				"sender":	false
			}
		}, {
			"streams":	[{
					"socket":	5,
					"start":	30.001243,
					"end":	30.020492,
					"seconds":	0.019248999655246735,
					"bytes":	917504,
					"bits_per_second":	381320179.30600953,
					"omitted":	false,
					"sender":	false
				}],
			"sum":	{
				"start":	30.001243,
				"end":	30.020492,
				"seconds":	0.019248999655246735,
				"bytes":	917504,
				"bits_per_second":	381320179.30600953,
				"omitted":	false,
				"sender":	false
			}
		}],
	"end":	{
		"streams":	[{
				"sender":	{
					"socket":	5,
					"start":	0,
					"end":	30.020492,
					"seconds":	30.020492,
					"bytes":	0,
					"bits_per_second":	0,
					"sender":	false
				},
				"receiver":	{
					"socket":	5,
					"start":	0,
					"end":	30.020492,
					"seconds":	30.020492,
					"bytes":	729939968,
					"bits_per_second":	194517789.51524177,
					"sender":	false
				}
			}],
		"sum_sent":	{
			"start":	0,
			"end":	30.020492,
			"seconds":	30.020492,
			"bytes":	0,
			"bits_per_second":	0,
			"sender":	false
		},
		"sum_received":	{
			"start":	0,
			"end":	30.020492,
			"seconds":	30.020492,
			"bytes":	729939968,
			"bits_per_second":	194517789.51524177,
			"sender":	false
		},
		"cpu_utilization_percent":	{
			"host_total":	0,
			"host_user":	0,
			"host_system":	0,
			"remote_total":	0.729217063945677,
			"remote_user":	0.15649863929427771,
			"remote_system":	0.57271842465139933
		}
	}
}
{
	"start":	{
		"connected":	[{
				"socket":	5,
				"local_host":	"192.168.5.35",
				"local_port":	5201,
				"remote_host":	"192.168.5.25",
				"remote_port":	49252
			}],
		"version":	"iperf 3.18",
		"system_info":	"CYGWIN_NT-10.0-22621 WIN-20250124JFD 3.5.4-1.x86_64 2024-08-25 16:52 UTC x86_64",
		"sock_bufsize":	0,
		"sndbuf_actual":	65536,
		"rcvbuf_actual":	65536,
		"timestamp":	{
			"time":	"Tue, 11 Feb 2025 18:43:03 GMT",
			"timesecs":	1739299383
		},
		"accepted_connection":	{
			"host":	"192.168.5.25",
			"port":	49247
		},
		"cookie":	"ogzu4e4tw3n3uhd5fz4rnbkqipodl5hxa4m2",
		"tcp_mss_default":	0,
		"target_bitrate":	0,
		"fq_rate":	0,
		"test_start":	{
			"protocol":	"TCP",
			"num_streams":	1,
			"blksize":	131072,
			"omit":	0,
			"duration":	30,
			"bytes":	0,
			"blocks":	0,
			"reverse":	0,
			"tos":	0,
			"target_bitrate":	0,
			"bidir":	0,
			"fqrate":	0,
			"interval":	1
		}
	},
	"intervals":	[{
			"streams":	[{
					"socket":	5,
					"start":	0,
					"end":	1.009229,
					"seconds":	1.0092289447784424,
					"bytes":	22937600,
					"bits_per_second":	181822767.71727371,
					"omitted":	false,
					"sender":	false
				}],
			"sum":	{
				"start":	0,
				"end":	1.009229,
				"seconds":	1.0092289447784424,
				"bytes":	22937600,
				"bits_per_second":	181822767.71727371,
				"omitted":	false,
				"sender":	false
			}
		}, {
			"streams":	[{
					"socket":	5,
					"start":	1.009229,
					"end":	2.004003,
					"seconds":	0.9947739839553833,
					"bytes":	10616832,
					"bits_per_second":	85380857.732412726,
					"omitted":	false,
					"sender":	false
				}],
			"sum":	{
				"start":	1.009229,
				"end":	2.004003,
				"seconds":	0.9947739839553833,
				"bytes":	10616832,
				"bits_per_second":	85380857.732412726,
				"omitted":	false,
				"sender":	false
			}
		}, {
			"streams":	[{
					"socket":	5,
					"start":	2.004003,
					"end":	3.013508,
					"seconds":	1.009505033493042,
					"bytes":	13238272,
					"bits_per_second":	104909012.32413712,
					"omitted":	false,
					"sender":	false
				}],
			"sum":	{
				"start":	2.004003,
				"end":	3.013508,
				"seconds":	1.009505033493042,
				"bytes":	13238272,
				"bits_per_second":	104909012.32413712,
				"omitted":	false,
				"sender":	false
			}
		}, {
			"streams":	[{
					"socket":	5,
					"start":	3.013508,
					"end":	4.01437,
					"seconds":	1.0008620023727417,
					"bytes":	13631488,
					"bits_per_second":	108957981.96102045,
					"omitted":	false,
					"sender":	false
				}],
			"sum":	{
				"start":	3.013508,
				"end":	4.01437,
				"seconds":	1.0008620023727417,
				"bytes":	13631488,
				"bits_per_second":	108957981.96102045,
				"omitted":	false,
				"sender":	false
			}
		}, {
			"streams":	[{
					"socket":	5,
					"start":	4.01437,
					"end":	5.011887,
					"seconds":	0.99751698970794678,
					"bytes":	13762560,
					"bits_per_second":	110374541.12158555,
					"omitted":	false,
					"sender":	false
				}],
			"sum":	{
				"start":	4.01437,
				"end":	5.011887,
				"seconds":	0.99751698970794678,
				"bytes":	13762560,
				"bits_per_second":	110374541.12158555,
				"omitted":	false,
				"sender":	false
			}
		}, {
			"streams":	[{
					"socket":	5,
					"start":	5.011887,
					"end":	6.011324,
					"seconds":	0.99943697452545166,
					"bytes":	13762560,
					"bits_per_second":	110162504.29625884,
					"omitted":	false,
					"sender":	false
				}],
			"sum":	{
				"start":	5.011887,
				"end":	6.011324,
				"seconds":	0.99943697452545166,
				"bytes":	13762560,
				"bits_per_second":	110162504.29625884,
				"omitted":	false,
				"sender":	false
			}
		}, {
			"streams":	[{
					"socket":	5,
					"start":	6.011324,
					"end":	7.007457,
					"seconds":	0.996133029460907,
					"bytes":	13631488,
					"bits_per_second":	109475241.53377119,
					"omitted":	false,
					"sender":	false
				}],
			"sum":	{
				"start":	6.011324,
				"end":	7.007457,
				"seconds":	0.996133029460907,
				"bytes":	13631488,
				"bits_per_second":	109475241.53377119,
				"omitted":	false,
				"sender":	false
			}
		}, {
			"streams":	[{
					"socket":	5,
					"start":	7.007457,
					"end":	8.007932,
					"seconds":	1.00047504901886,
					"bytes":	13631488,
					"bits_per_second":	109000123.59822905,
					"omitted":	false,
					"sender":	false
				}],
			"sum":	{
				"start":	7.007457,
				"end":	8.007932,
				"seconds":	1.00047504901886,
				"bytes":	13631488,
				"bits_per_second":	109000123.59822905,
				"omitted":	false,
				"sender":	false
			}
		}, {
			"streams":	[{
					"socket":	5,
					"start":	8.007932,
					"end":	9.002066,
					"seconds":	0.99413400888443,
					"bytes":	13631488,
					"bits_per_second":	109695376.10163128,
					"omitted":	false,
					"sender":	false
				}],
			"sum":	{
				"start":	8.007932,
				"end":	9.002066,
				"seconds":	0.99413400888443,
				"bytes":	13631488,
				"bits_per_second":	109695376.10163128,
				"omitted":	false,
				"sender":	false
			}
		}, {
			"streams":	[{
					"socket":	5,
					"start":	9.002066,
					"end":	10.001668,
					"seconds":	0.99960201978683472,
					"bytes":	13762560,
					"bits_per_second":	110144315.25806534,
					"omitted":	false,
					"sender":	false
				}],
			"sum":	{
				"start":	9.002066,
				"end":	10.001668,
				"seconds":	0.99960201978683472,
				"bytes":	13762560,
				"bits_per_second":	110144315.25806534,
				"omitted":	false,
				"sender":	false
			}
		}, {
			"streams":	[{
					"socket":	5,
					"start":	10.001668,
					"end":	11.014376,
					"seconds":	1.0127079486846924,
					"bytes":	15073280,
					"bits_per_second":	119073065.59271872,
					"omitted":	false,
					"sender":	false
				}],
			"sum":	{
				"start":	10.001668,
				"end":	11.014376,
				"seconds":	1.0127079486846924,
				"bytes":	15073280,
				"bits_per_second":	119073065.59271872,
				"omitted":	false,
				"sender":	false
			}
		}, {
			"streams":	[{
					"socket":	5,
					"start":	11.014376,
					"end":	12.009971,
					"seconds":	0.99559497833251953,
					"bytes":	9568256,
					"bits_per_second":	76884726.887839243,
					"omitted":	false,
					"sender":	false
				}],
			"sum":	{
				"start":	11.014376,
				"end":	12.009971,
				"seconds":	0.99559497833251953,
				"bytes":	9568256,
				"bits_per_second":	76884726.887839243,
				"omitted":	false,
				"sender":	false
			}
		}, {
			"streams":	[{
					"socket":	5,
					"start":	12.009971,
					"end":	13.006295,
					"seconds":	0.99632400274276733,
					"bytes":	13631488,
					"bits_per_second":	109454257.55054826,
					"omitted":	false,
					"sender":	false
				}],
			"sum":	{
				"start":	12.009971,
				"end":	13.006295,
				"seconds":	0.99632400274276733,
				"bytes":	13631488,
				"bits_per_second":	109454257.55054826,
				"omitted":	false,
				"sender":	false
			}
		}, {
			"streams":	[{
					"socket":	5,
					"start":	13.006295,
					"end":	14.005207,
					"seconds":	0.99891197681427,
					"bytes":	13631488,
					"bits_per_second":	109170684.23565039,
					"omitted":	false,
					"sender":	false
				}],
			"sum":	{
				"start":	13.006295,
				"end":	14.005207,
				"seconds":	0.99891197681427,
				"bytes":	13631488,
				"bits_per_second":	109170684.23565039,
				"omitted":	false,
				"sender":	false
			}
		}, {
			"streams":	[{
					"socket":	5,
					"start":	14.005207,
					"end":	15.003085,
					"seconds":	0.99787801504135132,
					"bytes":	13893632,
					"bits_per_second":	111385414.173489,
					"omitted":	false,
					"sender":	false
				}],
			"sum":	{
				"start":	14.005207,
				"end":	15.003085,
				"seconds":	0.99787801504135132,
				"bytes":	13893632,
				"bits_per_second":	111385414.173489,
				"omitted":	false,
				"sender":	false
			}
		}, {
			"streams":	[{
					"socket":	5,
					"start":	15.003085,
					"end":	16.005297,
					"seconds":	1.0022120475769043,
					"bytes":	14680064,
					"bits_per_second":	117181301.38621014,
					"omitted":	false,
					"sender":	false
				}],
			"sum":	{
				"start":	15.003085,
				"end":	16.005297,
				"seconds":	1.0022120475769043,
				"bytes":	14680064,
				"bits_per_second":	117181301.38621014,
				"omitted":	false,
				"sender":	false
			}
		}, {
			"streams":	[{
					"socket":	5,
					"start":	16.005297,
					"end":	17.00256,
					"seconds":	0.997263014316559,
					"bytes":	13762560,
					"bits_per_second":	110402650.47376063,
					"omitted":	false,
					"sender":	false
				}],
			"sum":	{
				"start":	16.005297,
				"end":	17.00256,
				"seconds":	0.997263014316559,
				"bytes":	13762560,
				"bits_per_second":	110402650.47376063,
				"omitted":	false,
				"sender":	false
			}
		}, {
			"streams":	[{
					"socket":	5,
					"start":	17.00256,
					"end":	18.000819,
					"seconds":	0.99825900793075562,
					"bytes":	13631488,
					"bits_per_second":	109242093.61861767,
					"omitted":	false,
					"sender":	false
				}],
			"sum":	{
				"start":	17.00256,
				"end":	18.000819,
				"seconds":	0.99825900793075562,
				"bytes":	13631488,
				"bits_per_second":	109242093.61861767,
				"omitted":	false,
				"sender":	false
			}
		}, {
			"streams":	[{
					"socket":	5,
					"start":	18.000819,
					"end":	19.000804,
					"seconds":	0.9999849796295166,
					"bytes":	13762560,
					"bits_per_second":	110102133.77484031,
					"omitted":	false,
					"sender":	false
				}],
			"sum":	{
				"start":	18.000819,
				"end":	19.000804,
				"seconds":	0.9999849796295166,
				"bytes":	13762560,
				"bits_per_second":	110102133.77484031,
				"omitted":	false,
				"sender":	false
			}
		}, {
			"streams":	[{
					"socket":	5,
					"start":	19.000804,
					"end":	20.014101,
					"seconds":	1.0132969617843628,
					"bytes":	14417920,
					"bits_per_second":	113829769.89972061,
					"omitted":	false,
					"sender":	false
				}],
			"sum":	{
				"start":	19.000804,
				"end":	20.014101,
				"seconds":	1.0132969617843628,
				"bytes":	14417920,
				"bits_per_second":	113829769.89972061,
				"omitted":	false,
				"sender":	false
			}
		}, {
			"streams":	[{
					"socket":	5,
					"start":	20.014101,
					"end":	21.011275,
					"seconds":	0.99717402458190918,
					"bytes":	10485760,
					"bits_per_second":	84123811.824291542,
					"omitted":	false,
					"sender":	false
				}],
			"sum":	{
				"start":	20.014101,
				"end":	21.011275,
				"seconds":	0.99717402458190918,
				"bytes":	10485760,
				"bits_per_second":	84123811.824291542,
				"omitted":	false,
				"sender":	false
			}
		}, {
			"streams":	[{
					"socket":	5,
					"start":	21.011275,
					"end":	22.011045,
					"seconds":	0.99976998567581177,
					"bytes":	13238272,
					"bits_per_second":	105930541.54192366,
					"omitted":	false,
					"sender":	false
				}],
			"sum":	{
				"start":	21.011275,
				"end":	22.011045,
				"seconds":	0.99976998567581177,
				"bytes":	13238272,
				"bits_per_second":	105930541.54192366,
				"omitted":	false,
				"sender":	false
			}
		}, {
			"streams":	[{
					"socket":	5,
					"start":	22.011045,
					"end":	23.005235,
					"seconds":	0.994189977645874,
					"bytes":	13500416,
					"bits_per_second":	108634496.85515769,
					"omitted":	false,
					"sender":	false
				}],
			"sum":	{
				"start":	22.011045,
				"end":	23.005235,
				"seconds":	0.994189977645874,
				"bytes":	13500416,
				"bits_per_second":	108634496.85515769,
				"omitted":	false,
				"sender":	false
			}
		}, {
			"streams":	[{
					"socket":	5,
					"start":	23.005235,
					"end":	24.003738,
					"seconds":	0.998503029346466,
					"bytes":	13631488,
					"bits_per_second":	109215396.24309,
					"omitted":	false,
					"sender":	false
				}],
			"sum":	{
				"start":	23.005235,
				"end":	24.003738,
				"seconds":	0.998503029346466,
				"bytes":	13631488,
				"bits_per_second":	109215396.24309,
				"omitted":	false,
				"sender":	false
			}
		}, {
			"streams":	[{
					"socket":	5,
					"start":	24.003738,
					"end":	25.000979,
					"seconds":	0.99724102020263672,
					"bytes":	14942208,
					"bits_per_second":	119868378.43444332,
					"omitted":	false,
					"sender":	false
				}],
			"sum":	{
				"start":	24.003738,
				"end":	25.000979,
				"seconds":	0.99724102020263672,
				"bytes":	14942208,
				"bits_per_second":	119868378.43444332,
				"omitted":	false,
				"sender":	false
			}
		}, {
			"streams":	[{
					"socket":	5,
					"start":	25.000979,
					"end":	26.01367,
					"seconds":	1.0126910209655762,
					"bytes":	13631488,
					"bits_per_second":	107685268.00605151,
					"omitted":	false,
					"sender":	false
				}],
			"sum":	{
				"start":	25.000979,
				"end":	26.01367,
				"seconds":	1.0126910209655762,
				"bytes":	13631488,
				"bits_per_second":	107685268.00605151,
				"omitted":	false,
				"sender":	false
			}
		}, {
			"streams":	[{
					"socket":	5,
					"start":	26.01367,
					"end":	27.000897,
					"seconds":	0.98722702264785767,
					"bytes":	13369344,
					"bits_per_second":	108338557.94702107,
					"omitted":	false,
					"sender":	false
				}],
			"sum":	{
				"start":	26.01367,
				"end":	27.000897,
				"seconds":	0.98722702264785767,
				"bytes":	13369344,
				"bits_per_second":	108338557.94702107,
				"omitted":	false,
				"sender":	false
			}
		}, {
			"streams":	[{
					"socket":	5,
					"start":	27.000897,
					"end":	28.013758,
					"seconds":	1.0128610134124756,
					"bytes":	13762560,
					"bits_per_second":	108702456.25217178,
					"omitted":	false,
					"sender":	false
				}],
			"sum":	{
				"start":	27.000897,
				"end":	28.013758,
				"seconds":	1.0128610134124756,
				"bytes":	13762560,
				"bits_per_second":	108702456.25217178,
				"omitted":	false,
				"sender":	false
			}
		}, {
			"streams":	[{
					"socket":	5,
					"start":	28.013758,
					"end":	29.011743,
					"seconds":	0.997985005378723,
					"bytes":	13500416,
					"bits_per_second":	108221393.5258617,
					"omitted":	false,
					"sender":	false
				}],
			"sum":	{
				"start":	28.013758,
				"end":	29.011743,
				"seconds":	0.997985005378723,
				"bytes":	13500416,
				"bits_per_second":	108221393.5258617,
				"omitted":	false,
				"sender":	false
			}
		}, {
			"streams":	[{
					"socket":	5,
					"start":	29.011743,
					"end":	30.008523,
					"seconds":	0.996779978275299,
					"bytes":	14811136,
					"bits_per_second":	118871857.96510319,
					"omitted":	false,
					"sender":	false
				}],
			"sum":	{
				"start":	29.011743,
				"end":	30.008523,
				"seconds":	0.996779978275299,
				"bytes":	14811136,
				"bits_per_second":	118871857.96510319,
				"omitted":	false,
				"sender":	false
			}
		}, {
			"streams":	[{
					"socket":	5,
					"start":	30.008523,
					"end":	30.043431,
					"seconds":	0.0349080003798008,
					"bytes":	655360,
					"bits_per_second":	150191358.51258171,
					"omitted":	false,
					"sender":	false
				}],
			"sum":	{
				"start":	30.008523,
				"end":	30.043431,
				"seconds":	0.0349080003798008,
				"bytes":	655360,
				"bits_per_second":	150191358.51258171,
				"omitted":	false,
				"sender":	false
			}
		}],
	"end":	{
		"streams":	[{
				"sender":	{
					"socket":	5,
					"start":	0,
					"end":	30.043431,
					"seconds":	30.043431,
					"bytes":	0,
					"bits_per_second":	0,
					"sender":	false
				},
				"receiver":	{
					"socket":	5,
					"start":	0,
					"end":	30.043431,
					"seconds":	30.043431,
					"bytes":	414187520,
					"bits_per_second":	110290338.01099482,
					"sender":	false
				}
			}],
		"sum_sent":	{
			"start":	0,
			"end":	30.043431,
			"seconds":	30.043431,
			"bytes":	0,
			"bits_per_second":	0,
			"sender":	false
		},
		"sum_received":	{
			"start":	0,
			"end":	30.043431,
			"seconds":	30.043431,
			"bytes":	414187520,
			"bits_per_second":	110290338.01099482,
			"sender":	false
		},
		"cpu_utilization_percent":	{
			"host_total":	0,
			"host_user":	0,
			"host_system":	0,
			"remote_total":	1.3525922931023524,
			"remote_user":	0.259857632664984,
			"remote_system":	1.0927346604373684
		}
	}
}
{
	"start":	{
		"connected":	[{
				"socket":	5,
				"local_host":	"192.168.5.35",
				"local_port":	5201,
				"remote_host":	"192.168.5.25",
				"remote_port":	49269
			}],
		"version":	"iperf 3.18",
		"system_info":	"CYGWIN_NT-10.0-22621 WIN-20250124JFD 3.5.4-1.x86_64 2024-08-25 16:52 UTC x86_64",
		"sock_bufsize":	0,
		"sndbuf_actual":	65536,
		"rcvbuf_actual":	65536,
		"timestamp":	{
			"time":	"Tue, 11 Feb 2025 18:43:49 GMT",
			"timesecs":	1739299429
		},
		"accepted_connection":	{
			"host":	"192.168.5.25",
			"port":	49266
		},
		"cookie":	"h4n34fv5an6xj64w4fuckarvpn6fujn6akmj",
		"tcp_mss_default":	0,
		"target_bitrate":	0,
		"fq_rate":	0,
		"test_start":	{
			"protocol":	"TCP",
			"num_streams":	1,
			"blksize":	131072,
			"omit":	0,
			"duration":	30,
			"bytes":	0,
			"blocks":	0,
			"reverse":	0,
			"tos":	0,
			"target_bitrate":	0,
			"bidir":	0,
			"fqrate":	0,
			"interval":	1
		}
	},
	"intervals":	[{
			"streams":	[{
					"socket":	5,
					"start":	0,
					"end":	1.013243,
					"seconds":	1.0132429599761963,
					"bytes":	12189696,
					"bits_per_second":	96243025.4657688,
					"omitted":	false,
					"sender":	false
				}],
			"sum":	{
				"start":	0,
				"end":	1.013243,
				"seconds":	1.0132429599761963,
				"bytes":	12189696,
				"bits_per_second":	96243025.4657688,
				"omitted":	false,
				"sender":	false
			}
		}, {
			"streams":	[{
					"socket":	5,
					"start":	1.013243,
					"end":	2.009817,
					"seconds":	0.99657398462295532,
					"bytes":	9043968,
					"bits_per_second":	72600474.341474622,
					"omitted":	false,
					"sender":	false
				}],
			"sum":	{
				"start":	1.013243,
				"end":	2.009817,
				"seconds":	0.99657398462295532,
				"bytes":	9043968,
				"bits_per_second":	72600474.341474622,
				"omitted":	false,
				"sender":	false
			}
		}, {
			"streams":	[{
					"socket":	5,
					"start":	2.009817,
					"end":	3.006354,
					"seconds":	0.99653702974319458,
					"bytes":	11141120,
					"bits_per_second":	89438683.500771,
					"omitted":	false,
					"sender":	false
				}],
			"sum":	{
				"start":	2.009817,
				"end":	3.006354,
				"seconds":	0.99653702974319458,
				"bytes":	11141120,
				"bits_per_second":	89438683.500771,
				"omitted":	false,
				"sender":	false
			}
		}, {
			"streams":	[{
					"socket":	5,
					"start":	3.006354,
					"end":	4.007165,
					"seconds":	1.000810980796814,
					"bytes":	11272192,
					"bits_per_second":	90104463.010791,
					"omitted":	false,
					"sender":	false
				}],
			"sum":	{
				"start":	3.006354,
				"end":	4.007165,
				"seconds":	1.000810980796814,
				"bytes":	11272192,
				"bits_per_second":	90104463.010791,
				"omitted":	false,
				"sender":	false
			}
		}, {
			"streams":	[{
					"socket":	5,
					"start":	4.007165,
					"end":	5.005293,
					"seconds":	0.99812799692153931,
					"bytes":	11534336,
					"bits_per_second":	92447750.47348313,
					"omitted":	false,
					"sender":	false
				}],
			"sum":	{
				"start":	4.007165,
				"end":	5.005293,
				"seconds":	0.99812799692153931,
				"bytes":	11534336,
				"bits_per_second":	92447750.47348313,
				"omitted":	false,
				"sender":	false
			}
		}, {
			"streams":	[{
					"socket":	5,
					"start":	5.005293,
					"end":	6.002449,
					"seconds":	0.997156023979187,
					"bytes":	11796480,
					"bits_per_second":	94640996.7252725,
					"omitted":	false,
					"sender":	false
				}],
			"sum":	{
				"start":	5.005293,
				"end":	6.002449,
				"seconds":	0.997156023979187,
				"bytes":	11796480,
				"bits_per_second":	94640996.7252725,
				"omitted":	false,
				"sender":	false
			}
		}, {
			"streams":	[{
					"socket":	5,
					"start":	6.002449,
					"end":	7.015551,
					"seconds":	1.0131020545959473,
					"bytes":	11403264,
					"bits_per_second":	90046320.196619734,
					"omitted":	false,
					"sender":	false
				}],
			"sum":	{
				"start":	6.002449,
				"end":	7.015551,
				"seconds":	1.0131020545959473,
				"bytes":	11403264,
				"bits_per_second":	90046320.196619734,
				"omitted":	false,
				"sender":	false
			}
		}, {
			"streams":	[{
					"socket":	5,
					"start":	7.015551,
					"end":	8.009157,
					"seconds":	0.99360597133636475,
					"bytes":	11141120,
					"bits_per_second":	89702520.487195462,
					"omitted":	false,
					"sender":	false
				}],
			"sum":	{
				"start":	7.015551,
				"end":	8.009157,
				"seconds":	0.99360597133636475,
				"bytes":	11141120,
				"bits_per_second":	89702520.487195462,
				"omitted":	false,
				"sender":	false
			}
		}, {
			"streams":	[{
					"socket":	5,
					"start":	8.009157,
					"end":	9.008067,
					"seconds":	0.99891000986099243,
					"bytes":	11272192,
					"bits_per_second":	90275935.879898772,
					"omitted":	false,
					"sender":	false
				}],
			"sum":	{
				"start":	8.009157,
				"end":	9.008067,
				"seconds":	0.99891000986099243,
				"bytes":	11272192,
				"bits_per_second":	90275935.879898772,
				"omitted":	false,
				"sender":	false
			}
		}, {
			"streams":	[{
					"socket":	5,
					"start":	9.008067,
					"end":	10.010211,
					"seconds":	1.0021439790725708,
					"bytes":	12320768,
					"bits_per_second":	98355272.3543952,
					"omitted":	false,
					"sender":	false
				}],
			"sum":	{
				"start":	9.008067,
				"end":	10.010211,
				"seconds":	1.0021439790725708,
				"bytes":	12320768,
				"bits_per_second":	98355272.3543952,
				"omitted":	false,
				"sender":	false
			}
		}, {
			"streams":	[{
					"socket":	5,
					"start":	10.010211,
					"end":	11.01122,
					"seconds":	1.0010089874267578,
					"bytes":	8650752,
					"bits_per_second":	69136258.3845569,
					"omitted":	false,
					"sender":	false
				}],
			"sum":	{
				"start":	10.010211,
				"end":	11.01122,
				"seconds":	1.0010089874267578,
				"bytes":	8650752,
				"bits_per_second":	69136258.3845569,
				"omitted":	false,
				"sender":	false
			}
		}, {
			"streams":	[{
					"socket":	5,
					"start":	11.01122,
					"end":	12.009907,
					"seconds":	0.9986870288848877,
					"bytes":	11141120,
					"bits_per_second":	89246137.6008052,
					"omitted":	false,
					"sender":	false
				}],
			"sum":	{
				"start":	11.01122,
				"end":	12.009907,
				"seconds":	0.9986870288848877,
				"bytes":	11141120,
				"bits_per_second":	89246137.6008052,
				"omitted":	false,
				"sender":	false
			}
		}, {
			"streams":	[{
					"socket":	5,
					"start":	12.009907,
					"end":	13.001142,
					"seconds":	0.99123501777648926,
					"bytes":	11141120,
					"bits_per_second":	89917081.622006848,
					"omitted":	false,
					"sender":	false
				}],
			"sum":	{
				"start":	12.009907,
				"end":	13.001142,
				"seconds":	0.99123501777648926,
				"bytes":	11141120,
				"bits_per_second":	89917081.622006848,
				"omitted":	false,
				"sender":	false
			}
		}, {
			"streams":	[{
					"socket":	5,
					"start":	13.001142,
					"end":	14.013915,
					"seconds":	1.0127730369567871,
					"bytes":	11272192,
					"bits_per_second":	89040221.954336733,
					"omitted":	false,
					"sender":	false
				}],
			"sum":	{
				"start":	13.001142,
				"end":	14.013915,
				"seconds":	1.0127730369567871,
				"bytes":	11272192,
				"bits_per_second":	89040221.954336733,
				"omitted":	false,
				"sender":	false
			}
		}, {
			"streams":	[{
					"socket":	5,
					"start":	14.013915,
					"end":	15.007523,
					"seconds":	0.993607997894287,
					"bytes":	12058624,
					"bits_per_second":	97089588.856413,
					"omitted":	false,
					"sender":	false
				}],
			"sum":	{
				"start":	14.013915,
				"end":	15.007523,
				"seconds":	0.993607997894287,
				"bytes":	12058624,
				"bits_per_second":	97089588.856413,
				"omitted":	false,
				"sender":	false
			}
		}, {
			"streams":	[{
					"socket":	5,
					"start":	15.007523,
					"end":	16.004022,
					"seconds":	0.996499001979828,
					"bytes":	11141120,
					"bits_per_second":	89442096.6031276,
					"omitted":	false,
					"sender":	false
				}],
			"sum":	{
				"start":	15.007523,
				"end":	16.004022,
				"seconds":	0.996499001979828,
				"bytes":	11141120,
				"bits_per_second":	89442096.6031276,
				"omitted":	false,
				"sender":	false
			}
		}, {
			"streams":	[{
					"socket":	5,
					"start":	16.004022,
					"end":	17.000185,
					"seconds":	0.996163010597229,
					"bytes":	11141120,
					"bits_per_second":	89472264.1293061,
					"omitted":	false,
					"sender":	false
				}],
			"sum":	{
				"start":	16.004022,
				"end":	17.000185,
				"seconds":	0.996163010597229,
				"bytes":	11141120,
				"bits_per_second":	89472264.1293061,
				"omitted":	false,
				"sender":	false
			}
		}, {
			"streams":	[{
					"socket":	5,
					"start":	17.000185,
					"end":	18.01004,
					"seconds":	1.0098550319671631,
					"bytes":	11141120,
					"bits_per_second":	88259163.125998229,
					"omitted":	false,
					"sender":	false
				}],
			"sum":	{
				"start":	17.000185,
				"end":	18.01004,
				"seconds":	1.0098550319671631,
				"bytes":	11141120,
				"bits_per_second":	88259163.125998229,
				"omitted":	false,
				"sender":	false
			}
		}, {
			"streams":	[{
					"socket":	5,
					"start":	18.01004,
					"end":	19.005751,
					"seconds":	0.99571102857589722,
					"bytes":	11141120,
					"bits_per_second":	89512878.1765886,
					"omitted":	false,
					"sender":	false
				}],
			"sum":	{
				"start":	18.01004,
				"end":	19.005751,
				"seconds":	0.99571102857589722,
				"bytes":	11141120,
				"bits_per_second":	89512878.1765886,
				"omitted":	false,
				"sender":	false
			}
		}, {
			"streams":	[{
					"socket":	5,
					"start":	19.005751,
					"end":	20.003334,
					"seconds":	0.997582972049713,
					"bytes":	11665408,
					"bits_per_second":	93549375.4552071,
					"omitted":	false,
					"sender":	false
				}],
			"sum":	{
				"start":	19.005751,
				"end":	20.003334,
				"seconds":	0.997582972049713,
				"bytes":	11665408,
				"bits_per_second":	93549375.4552071,
				"omitted":	false,
				"sender":	false
			}
		}, {
			"streams":	[{
					"socket":	5,
					"start":	20.003334,
					"end":	21.001782,
					"seconds":	0.99844801425933838,
					"bytes":	9043968,
					"bits_per_second":	72464207.416618943,
					"omitted":	false,
					"sender":	false
				}],
			"sum":	{
				"start":	20.003334,
				"end":	21.001782,
				"seconds":	0.99844801425933838,
				"bytes":	9043968,
				"bits_per_second":	72464207.416618943,
				"omitted":	false,
				"sender":	false
			}
		}, {
			"streams":	[{
					"socket":	5,
					"start":	21.001782,
					"end":	22.001581,
					"seconds":	0.99979901313781738,
					"bytes":	11141120,
					"bits_per_second":	89146877.3511522,
					"omitted":	false,
					"sender":	false
				}],
			"sum":	{
				"start":	21.001782,
				"end":	22.001581,
				"seconds":	0.99979901313781738,
				"bytes":	11141120,
				"bits_per_second":	89146877.3511522,
				"omitted":	false,
				"sender":	false
			}
		}, {
			"streams":	[{
					"socket":	5,
					"start":	22.001581,
					"end":	23.014147,
					"seconds":	1.0125659704208374,
					"bytes":	11272192,
					"bits_per_second":	89058430.397893861,
					"omitted":	false,
					"sender":	false
				}],
			"sum":	{
				"start":	22.001581,
				"end":	23.014147,
				"seconds":	1.0125659704208374,
				"bytes":	11272192,
				"bits_per_second":	89058430.397893861,
				"omitted":	false,
				"sender":	false
			}
		}, {
			"streams":	[{
					"socket":	5,
					"start":	23.014147,
					"end":	24.01385,
					"seconds":	0.99970299005508423,
					"bytes":	11272192,
					"bits_per_second":	90204327.5823664,
					"omitted":	false,
					"sender":	false
				}],
			"sum":	{
				"start":	23.014147,
				"end":	24.01385,
				"seconds":	0.99970299005508423,
				"bytes":	11272192,
				"bits_per_second":	90204327.5823664,
				"omitted":	false,
				"sender":	false
			}
		}, {
			"streams":	[{
					"socket":	5,
					"start":	24.01385,
					"end":	25.010029,
					"seconds":	0.99617898464202881,
					"bytes":	11927552,
					"bits_per_second":	95786417.371862933,
					"omitted":	false,
					"sender":	false
				}],
			"sum":	{
				"start":	24.01385,
				"end":	25.010029,
				"seconds":	0.99617898464202881,
				"bytes":	11927552,
				"bits_per_second":	95786417.371862933,
				"omitted":	false,
				"sender":	false
			}
		}, {
			"streams":	[{
					"socket":	5,
					"start":	25.010029,
					"end":	26.008933,
					"seconds":	0.99890398979187,
					"bytes":	11141120,
					"bits_per_second":	89226753.432600424,
					"omitted":	false,
					"sender":	false
				}],
			"sum":	{
				"start":	25.010029,
				"end":	26.008933,
				"seconds":	0.99890398979187,
				"bytes":	11141120,
				"bits_per_second":	89226753.432600424,
				"omitted":	false,
				"sender":	false
			}
		}, {
			"streams":	[{
					"socket":	5,
					"start":	26.008933,
					"end":	27.004527,
					"seconds":	0.995594024658203,
					"bytes":	11141120,
					"bits_per_second":	89523397.88358897,
					"omitted":	false,
					"sender":	false
				}],
			"sum":	{
				"start":	26.008933,
				"end":	27.004527,
				"seconds":	0.995594024658203,
				"bytes":	11141120,
				"bits_per_second":	89523397.88358897,
				"omitted":	false,
				"sender":	false
			}
		}, {
			"streams":	[{
					"socket":	5,
					"start":	27.004527,
					"end":	28.001834,
					"seconds":	0.997307002544403,
					"bytes":	11272192,
					"bits_per_second":	90421039.6296551,
					"omitted":	false,
					"sender":	false
				}],
			"sum":	{
				"start":	27.004527,
				"end":	28.001834,
				"seconds":	0.997307002544403,
				"bytes":	11272192,
				"bits_per_second":	90421039.6296551,
				"omitted":	false,
				"sender":	false
			}
		}, {
			"streams":	[{
					"socket":	5,
					"start":	28.001834,
					"end":	29.014713,
					"seconds":	1.0128790140151978,
					"bytes":	11796480,
					"bits_per_second":	93171878.076431349,
					"omitted":	false,
					"sender":	false
				}],
			"sum":	{
				"start":	28.001834,
				"end":	29.014713,
				"seconds":	1.0128790140151978,
				"bytes":	11796480,
				"bits_per_second":	93171878.076431349,
				"omitted":	false,
				"sender":	false
			}
		}, {
			"streams":	[{
					"socket":	5,
					"start":	29.014713,
					"end":	30.010517,
					"seconds":	0.99580401182174683,
					"bytes":	8519680,
					"bits_per_second":	68444632.870389029,
					"omitted":	false,
					"sender":	false
				}],
			"sum":	{
				"start":	29.014713,
				"end":	30.010517,
				"seconds":	0.99580401182174683,
				"bytes":	8519680,
				"bits_per_second":	68444632.870389029,
				"omitted":	false,
				"sender":	false
			}
		}, {
			"streams":	[{
					"socket":	5,
					"start":	30.010517,
					"end":	30.034287,
					"seconds":	0.023770000785589218,
					"bytes":	393216,
					"bits_per_second":	132340256.45918895,
					"omitted":	false,
					"sender":	false
				}],
			"sum":	{
				"start":	30.010517,
				"end":	30.034287,
				"seconds":	0.023770000785589218,
				"bytes":	393216,
				"bits_per_second":	132340256.45918895,
				"omitted":	false,
				"sender":	false
			}
		}],
	"end":	{
		"streams":	[{
				"sender":	{
					"socket":	5,
					"start":	0,
					"end":	30.034287,
					"seconds":	30.034287,
					"bytes":	0,
					"bits_per_second":	0,
					"sender":	false
				},
				"receiver":	{
					"socket":	5,
					"start":	0,
					"end":	30.034287,
					"seconds":	30.034287,
					"bytes":	332529664,
					"bits_per_second":	88573346.588850275,
					"sender":	false
				}
			}],
		"sum_sent":	{
			"start":	0,
			"end":	30.034287,
			"seconds":	30.034287,
			"bytes":	0,
			"bits_per_second":	0,
			"sender":	false
		},
		"sum_received":	{
			"start":	0,
			"end":	30.034287,
			"seconds":	30.034287,
			"bytes":	332529664,
			"bits_per_second":	88573346.588850275,
			"sender":	false
		},
		"cpu_utilization_percent":	{
			"host_total":	0,
			"host_user":	0,
			"host_system":	0,
			"remote_total":	1.0423479670551439,
			"remote_user":	0.20980166749033249,
			"remote_system":	0.83254629956481152
		}
	}
}
{
	"start":	{
		"connected":	[],
		"version":	"iperf 3.18",
		"system_info":	"CYGWIN_NT-10.0-22621 WIN-20250124JFD 3.5.4-1.x86_64 2024-08-25 16:52 UTC x86_64"
	},
	"intervals":	[],
	"end":	{
	},
	"error":	"interrupt - the server has terminated"
}
