{
	"start":	{
		"connected":	[{
				"socket":	5,
				"local_host":	"192.168.5.31",
				"local_port":	5201,
				"remote_host":	"192.168.5.21",
				"remote_port":	49362
			}],
		"version":	"iperf 3.18",
		"system_info":	"CYGWIN_NT-10.0-22621 WIN-20250124JFD 3.5.4-1.x86_64 2024-08-25 16:52 UTC x86_64",
		"sock_bufsize":	0,
		"sndbuf_actual":	65536,
		"rcvbuf_actual":	65536,
		"timestamp":	{
			"time":	"Tue, 11 Feb 2025 18:55:23 GMT",
			"timesecs":	1739300123
		},
		"accepted_connection":	{
			"host":	"192.168.5.21",
			"port":	49357
		},
		"cookie":	"ctqgqamqnmz7uo6t6yh5yaslcrop2hak6myw",
		"tcp_mss_default":	0,
		"target_bitrate":	0,
		"fq_rate":	0,
		"test_start":	{
			"protocol":	"TCP",
			"num_streams":	1,
			"blksize":	131072,
			"omit":	0,
			"duration":	30,
			"bytes":	0,
			"blocks":	0,
			"reverse":	0,
			"tos":	0,
			"target_bitrate":	0,
			"bidir":	0,
			"fqrate":	0,
			"interval":	1
		}
	},
	"intervals":	[{
			"streams":	[{
					"socket":	5,
					"start":	0,
					"end":	1.012609,
					"seconds":	1.0126090049743652,
					"bytes":	39976960,
					"bits_per_second":	315833335.89660931,
					"omitted":	false,
					"sender":	false
				}],
			"sum":	{
				"start":	0,
				"end":	1.012609,
				"seconds":	1.0126090049743652,
				"bytes":	39976960,
				"bits_per_second":	315833335.89660931,
				"omitted":	false,
				"sender":	false
			}
		}, {
			"streams":	[{
					"socket":	5,
					"start":	1.012609,
					"end":	2.008254,
					"seconds":	0.995644986629486,
					"bytes":	57278464,
					"bits_per_second":	460232028.63825834,
					"omitted":	false,
					"sender":	false
				}],
			"sum":	{
				"start":	1.012609,
				"end":	2.008254,
				"seconds":	0.995644986629486,
				"bytes":	57278464,
				"bits_per_second":	460232028.63825834,
				"omitted":	false,
				"sender":	false
			}
		}, {
			"streams":	[{
					"socket":	5,
					"start":	2.008254,
					"end":	3.01418,
					"seconds":	1.0059260129928589,
					"bytes":	58982400,
					"bits_per_second":	469079429.20783156,
					"omitted":	false,
					"sender":	false
				}],
			"sum":	{
				"start":	2.008254,
				"end":	3.01418,
				"seconds":	1.0059260129928589,
				"bytes":	58982400,
				"bits_per_second":	469079429.20783156,
				"omitted":	false,
				"sender":	false
			}
		}, {
			"streams":	[{
					"socket":	5,
					"start":	3.01418,
					"end":	4.004861,
					"seconds":	0.990680992603302,
					"bytes":	58458112,
					"bits_per_second":	472064064.50887352,
					"omitted":	false,
					"sender":	false
				}],
			"sum":	{
				"start":	3.01418,
				"end":	4.004861,
				"seconds":	0.990680992603302,
				"bytes":	58458112,
				"bits_per_second":	472064064.50887352,
				"omitted":	false,
				"sender":	false
			}
		}, {
			"streams":	[{
					"socket":	5,
					"start":	4.004861,
					"end":	5.015149,
					"seconds":	1.0102880001068115,
					"bytes":	59244544,
					"bits_per_second":	469129943.09532678,
					"omitted":	false,
					"sender":	false
				}],
			"sum":	{
				"start":	4.004861,
				"end":	5.015149,
				"seconds":	1.0102880001068115,
				"bytes":	59244544,
				"bits_per_second":	469129943.09532678,
				"omitted":	false,
				"sender":	false
			}
		}, {
			"streams":	[{
					"socket":	5,
					"start":	5.015149,
					"end":	6.009198,
					"seconds":	0.99404901266098022,
					"bytes":	58589184,
					"bits_per_second":	471519478.44633538,
					"omitted":	false,
					"sender":	false
				}],
			"sum":	{
				"start":	5.015149,
				"end":	6.009198,
				"seconds":	0.99404901266098022,
				"bytes":	58589184,
				"bits_per_second":	471519478.44633538,
				"omitted":	false,
				"sender":	false
			}
		}, {
			"streams":	[{
					"socket":	5,
					"start":	6.009198,
					"end":	7.014378,
					"seconds":	1.00518000125885,
					"bytes":	59113472,
					"bits_per_second":	470470736.990139,
					"omitted":	false,
					"sender":	false
				}],
			"sum":	{
				"start":	6.009198,
				"end":	7.014378,
				"seconds":	1.00518000125885,
				"bytes":	59113472,
				"bits_per_second":	470470736.990139,
				"omitted":	false,
				"sender":	false
			}
		}, {
			"streams":	[{
					"socket":	5,
					"start":	7.014378,
					"end":	8.00794,
					"seconds":	0.99356198310852051,
					"bytes":	58195968,
					"bits_per_second":	468584498.91912681,
					"omitted":	false,
					"sender":	false
				}],
			"sum":	{
				"start":	7.014378,
				"end":	8.00794,
				"seconds":	0.99356198310852051,
				"bytes":	58195968,
				"bits_per_second":	468584498.91912681,
				"omitted":	false,
				"sender":	false
			}
		}, {
			"streams":	[{
					"socket":	5,
					"start":	8.00794,
					"end":	9.000272,
					"seconds":	0.99233198165893555,
					"bytes":	58195968,
					"bits_per_second":	469165312.21908718,
					"omitted":	false,
					"sender":	false
				}],
			"sum":	{
				"start":	8.00794,
				"end":	9.000272,
				"seconds":	0.99233198165893555,
				"bytes":	58195968,
				"bits_per_second":	469165312.21908718,
				"omitted":	false,
				"sender":	false
			}
		}, {
			"streams":	[{
					"socket":	5,
					"start":	9.000272,
					"end":	10.005691,
					"seconds":	1.0054190158843994,
					"bytes":	58982400,
					"bits_per_second":	469315969.30752021,
					"omitted":	false,
					"sender":	false
				}],
			"sum":	{
				"start":	9.000272,
				"end":	10.005691,
				"seconds":	1.0054190158843994,
				"bytes":	58982400,
				"bits_per_second":	469315969.30752021,
				"omitted":	false,
				"sender":	false
			}
		}, {
			"streams":	[{
					"socket":	5,
					"start":	10.005691,
					"end":	11.012032,
					"seconds":	1.0063409805297852,
					"bytes":	59113472,
					"bits_per_second":	469927971.879908,
					"omitted":	false,
					"sender":	false
				}],
			"sum":	{
				"start":	10.005691,
				"end":	11.012032,
				"seconds":	1.0063409805297852,
				"bytes":	59113472,
				"bits_per_second":	469927971.879908,
				"omitted":	false,
				"sender":	false
			}
		}, {
			"streams":	[{
					"socket":	5,
					"start":	11.012032,
					"end":	12.008472,
					"seconds":	0.99643999338150024,
					"bytes":	58589184,
					"bits_per_second":	470388056.59474051,
					"omitted":	false,
					"sender":	false
				}],
			"sum":	{
				"start":	11.012032,
				"end":	12.008472,
				"seconds":	0.99643999338150024,
				"bytes":	58589184,
				"bits_per_second":	470388056.59474051,
				"omitted":	false,
				"sender":	false
			}
		}, {
			"streams":	[{
					"socket":	5,
					"start":	12.008472,
					"end":	13.00192,
					"seconds":	0.99344801902771,
					"bytes":	58195968,
					"bits_per_second":	468638252.91599286,
					"omitted":	false,
					"sender":	false
				}],
			"sum":	{
				"start":	12.008472,
				"end":	13.00192,
				"seconds":	0.99344801902771,
				"bytes":	58195968,
				"bits_per_second":	468638252.91599286,
				"omitted":	false,
				"sender":	false
			}
		}, {
			"streams":	[{
					"socket":	5,
					"start":	13.00192,
					"end":	14.0082,
					"seconds":	1.0062799453735352,
					"bytes":	58982400,
					"bits_per_second":	468914442.91364068,
					"omitted":	false,
					"sender":	false
				}],
			"sum":	{
				"start":	13.00192,
				"end":	14.0082,
				"seconds":	1.0062799453735352,
				"bytes":	58982400,
				"bits_per_second":	468914442.91364068,
				"omitted":	false,
				"sender":	false
			}
		}, {
			"streams":	[{
					"socket":	5,
					"start":	14.0082,
					"end":	15.002614,
					"seconds":	0.99441397190094,
					"bytes":	58458112,
					"bits_per_second":	470291960.10390246,
					"omitted":	false,
					"sender":	false
				}],
			"sum":	{
				"start":	14.0082,
				"end":	15.002614,
				"seconds":	0.99441397190094,
				"bytes":	58458112,
				"bits_per_second":	470291960.10390246,
				"omitted":	false,
				"sender":	false
			}
		}, {
			"streams":	[{
					"socket":	5,
					"start":	15.002614,
					"end":	16.011442,
					"seconds":	1.0088280439376831,
					"bytes":	58982400,
					"bits_per_second":	467730058.49265176,
					"omitted":	false,
					"sender":	false
				}],
			"sum":	{
				"start":	15.002614,
				"end":	16.011442,
				"seconds":	1.0088280439376831,
				"bytes":	58982400,
				"bits_per_second":	467730058.49265176,
				"omitted":	false,
				"sender":	false
			}
		}, {
			"streams":	[{
					"socket":	5,
					"start":	16.011442,
					"end":	17.005038,
					"seconds":	0.99359601736068726,
					"bytes":	58589184,
					"bits_per_second":	471734451.2360816,
					"omitted":	false,
					"sender":	false
				}],
			"sum":	{
				"start":	16.011442,
				"end":	17.005038,
				"seconds":	0.99359601736068726,
				"bytes":	58589184,
				"bits_per_second":	471734451.2360816,
				"omitted":	false,
				"sender":	false
			}
		}, {
			"streams":	[{
					"socket":	5,
					"start":	17.005038,
					"end":	18.010211,
					"seconds":	1.0051729679107666,
					"bytes":	58720256,
					"bits_per_second":	467344489.950214,
					"omitted":	false,
					"sender":	false
				}],
			"sum":	{
				"start":	17.005038,
				"end":	18.010211,
				"seconds":	1.0051729679107666,
				"bytes":	58720256,
				"bits_per_second":	467344489.950214,
				"omitted":	false,
				"sender":	false
			}
		}, {
			"streams":	[{
					"socket":	5,
					"start":	18.010211,
					"end":	19.002083,
					"seconds":	0.991872012615204,
					"bytes":	58195968,
					"bits_per_second":	469382882.14471149,
					"omitted":	false,
					"sender":	false
				}],
			"sum":	{
				"start":	18.010211,
				"end":	19.002083,
				"seconds":	0.991872012615204,
				"bytes":	58195968,
				"bits_per_second":	469382882.14471149,
				"omitted":	false,
				"sender":	false
			}
		}, {
			"streams":	[{
					"socket":	5,
					"start":	19.002083,
					"end":	20.007257,
					"seconds":	1.0051740407943726,
					"bytes":	59113472,
					"bits_per_second":	470473526.77976912,
					"omitted":	false,
					"sender":	false
				}],
			"sum":	{
				"start":	19.002083,
				"end":	20.007257,
				"seconds":	1.0051740407943726,
				"bytes":	59113472,
				"bits_per_second":	470473526.77976912,
				"omitted":	false,
				"sender":	false
			}
		}, {
			"streams":	[{
					"socket":	5,
					"start":	20.007257,
					"end":	21.00193,
					"seconds":	0.99467301368713379,
					"bytes":	58327040,
					"bits_per_second":	469115290.73289037,
					"omitted":	false,
					"sender":	false
				}],
			"sum":	{
				"start":	20.007257,
				"end":	21.00193,
				"seconds":	0.99467301368713379,
				"bytes":	58327040,
				"bits_per_second":	469115290.73289037,
				"omitted":	false,
				"sender":	false
			}
		}, {
			"streams":	[{
					"socket":	5,
					"start":	21.00193,
					"end":	22.00644,
					"seconds":	1.0045100450515747,
					"bytes":	59375616,
					"bits_per_second":	472872252.8360697,
					"omitted":	false,
					"sender":	false
				}],
			"sum":	{
				"start":	21.00193,
				"end":	22.00644,
				"seconds":	1.0045100450515747,
				"bytes":	59375616,
				"bits_per_second":	472872252.8360697,
				"omitted":	false,
				"sender":	false
			}
		}, {
			"streams":	[{
					"socket":	5,
					"start":	22.00644,
					"end":	23.011544,
					"seconds":	1.0051039457321167,
					"bytes":	58720256,
					"bits_per_second":	467376583.28246421,
					"omitted":	false,
					"sender":	false
				}],
			"sum":	{
				"start":	22.00644,
				"end":	23.011544,
				"seconds":	1.0051039457321167,
				"bytes":	58720256,
				"bits_per_second":	467376583.28246421,
				"omitted":	false,
				"sender":	false
			}
		}, {
			"streams":	[{
					"socket":	5,
					"start":	23.011544,
					"end":	24.00142,
					"seconds":	0.98987597227096558,
					"bytes":	58327040,
					"bits_per_second":	471388671.98634243,
					"omitted":	false,
					"sender":	false
				}],
			"sum":	{
				"start":	23.011544,
				"end":	24.00142,
				"seconds":	0.98987597227096558,
				"bytes":	58327040,
				"bits_per_second":	471388671.98634243,
				"omitted":	false,
				"sender":	false
			}
		}, {
			"streams":	[{
					"socket":	5,
					"start":	24.00142,
					"end":	25.006637,
					"seconds":	1.0052169561386108,
					"bytes":	59244544,
					"bits_per_second":	471496575.048467,
					"omitted":	false,
					"sender":	false
				}],
			"sum":	{
				"start":	24.00142,
				"end":	25.006637,
				"seconds":	1.0052169561386108,
				"bytes":	59244544,
				"bits_per_second":	471496575.048467,
				"omitted":	false,
				"sender":	false
			}
		}, {
			"streams":	[{
					"socket":	5,
					"start":	25.006637,
					"end":	26.001389,
					"seconds":	0.99475198984146118,
					"bytes":	58195968,
					"bits_per_second":	468023938.38307369,
					"omitted":	false,
					"sender":	false
				}],
			"sum":	{
				"start":	25.006637,
				"end":	26.001389,
				"seconds":	0.99475198984146118,
				"bytes":	58195968,
				"bits_per_second":	468023938.38307369,
				"omitted":	false,
				"sender":	false
			}
		}, {
			"streams":	[{
					"socket":	5,
					"start":	26.001389,
					"end":	27.008987,
					"seconds":	1.0075980424880981,
					"bytes":	59113472,
					"bits_per_second":	469341697.83838779,
					"omitted":	false,
					"sender":	false
				}],
			"sum":	{
				"start":	26.001389,
				"end":	27.008987,
				"seconds":	1.0075980424880981,
				"bytes":	59113472,
				"bits_per_second":	469341697.83838779,
				"omitted":	false,
				"sender":	false
			}
		}, {
			"streams":	[{
					"socket":	5,
					"start":	27.008987,
					"end":	28.000509,
					"seconds":	0.99152201414108276,
					"bytes":	57933824,
					"bits_per_second":	467433486.4884333,
					"omitted":	false,
					"sender":	false
				}],
			"sum":	{
				"start":	27.008987,
				"end":	28.000509,
				"seconds":	0.99152201414108276,
				"bytes":	57933824,
				"bits_per_second":	467433486.4884333,
				"omitted":	false,
				"sender":	false
			}
		}, {
			"streams":	[{
					"socket":	5,
					"start":	28.000509,
					"end":	29.00569,
					"seconds":	1.0051809549331665,
					"bytes":	59375616,
					"bits_per_second":	472556633.379094,
					"omitted":	false,
					"sender":	false
				}],
			"sum":	{
				"start":	28.000509,
				"end":	29.00569,
				"seconds":	1.0051809549331665,
				"bytes":	59375616,
				"bits_per_second":	472556633.379094,
				"omitted":	false,
				"sender":	false
			}
		}, {
			"streams":	[{
					"socket":	5,
					"start":	29.00569,
					"end":	30.009578,
					"seconds":	1.0038880109786987,
					"bytes":	59113472,
					"bits_per_second":	471076226.45972061,
					"omitted":	false,
					"sender":	false
				}],
			"sum":	{
				"start":	29.00569,
				"end":	30.009578,
				"seconds":	1.0038880109786987,
				"bytes":	59113472,
				"bits_per_second":	471076226.45972061,
				"omitted":	false,
				"sender":	false
			}
		}],
	"end":	{
		"streams":	[{
				"sender":	{
					"socket":	5,
					"start":	0,
					"end":	30.009578,
					"seconds":	30.009578,
					"bytes":	0,
					"bits_per_second":	0,
					"sender":	false
				},
				"receiver":	{
					"socket":	5,
					"start":	0,
					"end":	30.009578,
					"seconds":	30.009578,
					"bytes":	1741684736,
					"bits_per_second":	464301027.09208369,
					"sender":	false
				}
			}],
		"sum_sent":	{
			"start":	0,
			"end":	30.009578,
			"seconds":	30.009578,
			"bytes":	0,
			"bits_per_second":	0,
			"sender":	false
		},
		"sum_received":	{
			"start":	0,
			"end":	30.009578,
			"seconds":	30.009578,
			"bytes":	1741684736,
			"bits_per_second":	464301027.09208369,
			"sender":	false
		},
		"cpu_utilization_percent":	{
			"host_total":	0.67644921079370357,
			"host_user":	0.20660025157246117,
			"host_system":	0.46984895922124231,
			"remote_total":	0,
			"remote_user":	0,
			"remote_system":	0
		}
	}
}
{
	"start":	{
		"connected":	[],
		"version":	"iperf 3.18",
		"system_info":	"CYGWIN_NT-10.0-22621 WIN-20250124JFD 3.5.4-1.x86_64 2024-08-25 16:52 UTC x86_64"
	},
	"intervals":	[],
	"end":	{
	},
	"error":	"interrupt - the server has terminated"
}
