{
	"start":	{
		"connected":	[{
				"socket":	5,
				"local_host":	"192.168.5.33",
				"local_port":	5201,
				"remote_host":	"192.168.5.23",
				"remote_port":	49366
			}],
		"version":	"iperf 3.18",
		"system_info":	"CYGWIN_NT-10.0-22621 WIN-20250124JFD 3.5.4-1.x86_64 2024-08-25 16:52 UTC x86_64",
		"sock_bufsize":	0,
		"sndbuf_actual":	65536,
		"rcvbuf_actual":	65536,
		"timestamp":	{
			"time":	"Tue, 11 Feb 2025 18:55:23 GMT",
			"timesecs":	1739300123
		},
		"accepted_connection":	{
			"host":	"192.168.5.23",
			"port":	49359
		},
		"cookie":	"y3zd2ozmknvoxkzw3q4w4kzpaiqb5xlmd2yw",
		"tcp_mss_default":	0,
		"target_bitrate":	0,
		"fq_rate":	0,
		"test_start":	{
			"protocol":	"TCP",
			"num_streams":	1,
			"blksize":	131072,
			"omit":	0,
			"duration":	30,
			"bytes":	0,
			"blocks":	0,
			"reverse":	0,
			"tos":	0,
			"target_bitrate":	0,
			"bidir":	0,
			"fqrate":	0,
			"interval":	1
		}
	},
	"intervals":	[{
			"streams":	[{
					"socket":	5,
					"start":	0,
					"end":	1.01048,
					"seconds":	1.0104800462722778,
					"bytes":	13762560,
					"bits_per_second":	108958588.94608295,
					"omitted":	false,
					"sender":	false
				}],
			"sum":	{
				"start":	0,
				"end":	1.01048,
				"seconds":	1.0104800462722778,
				"bytes":	13762560,
				"bits_per_second":	108958588.94608295,
				"omitted":	false,
				"sender":	false
			}
		}, {
			"streams":	[{
					"socket":	5,
					"start":	1.01048,
					"end":	2.006145,
					"seconds":	0.99566501379013062,
					"bytes":	11927552,
					"bits_per_second":	95835863.145145133,
					"omitted":	false,
					"sender":	false
				}],
			"sum":	{
				"start":	1.01048,
				"end":	2.006145,
				"seconds":	0.99566501379013062,
				"bytes":	11927552,
				"bits_per_second":	95835863.145145133,
				"omitted":	false,
				"sender":	false
			}
		}, {
			"streams":	[{
					"socket":	5,
					"start":	2.006145,
					"end":	3.012061,
					"seconds":	1.0059159994125366,
					"bytes":	16908288,
					"bits_per_second":	134470774.974249,
					"omitted":	false,
					"sender":	false
				}],
			"sum":	{
				"start":	2.006145,
				"end":	3.012061,
				"seconds":	1.0059159994125366,
				"bytes":	16908288,
				"bits_per_second":	134470774.974249,
				"omitted":	false,
				"sender":	false
			}
		}, {
			"streams":	[{
					"socket":	5,
					"start":	3.012061,
					"end":	4.002773,
					"seconds":	0.99071198701858521,
					"bytes":	12058624,
					"bits_per_second":	97373397.3788997,
					"omitted":	false,
					"sender":	false
				}],
			"sum":	{
				"start":	3.012061,
				"end":	4.002773,
				"seconds":	0.99071198701858521,
				"bytes":	12058624,
				"bits_per_second":	97373397.3788997,
				"omitted":	false,
				"sender":	false
			}
		}, {
			"streams":	[{
					"socket":	5,
					"start":	4.002773,
					"end":	5.013038,
					"seconds":	1.0102649927139282,
					"bytes":	12320768,
					"bits_per_second":	97564643.6438588,
					"omitted":	false,
					"sender":	false
				}],
			"sum":	{
				"start":	4.002773,
				"end":	5.013038,
				"seconds":	1.0102649927139282,
				"bytes":	12320768,
				"bits_per_second":	97564643.6438588,
				"omitted":	false,
				"sender":	false
			}
		}, {
			"streams":	[{
					"socket":	5,
					"start":	5.013038,
					"end":	6.007078,
					"seconds":	0.994040012359619,
					"bytes":	12058624,
					"bits_per_second":	97047393.2643869,
					"omitted":	false,
					"sender":	false
				}],
			"sum":	{
				"start":	5.013038,
				"end":	6.007078,
				"seconds":	0.994040012359619,
				"bytes":	12058624,
				"bits_per_second":	97047393.2643869,
				"omitted":	false,
				"sender":	false
			}
		}, {
			"streams":	[{
					"socket":	5,
					"start":	6.007078,
					"end":	7.012256,
					"seconds":	1.0051779747009277,
					"bytes":	12320768,
					"bits_per_second":	98058400.085145667,
					"omitted":	false,
					"sender":	false
				}],
			"sum":	{
				"start":	6.007078,
				"end":	7.012256,
				"seconds":	1.0051779747009277,
				"bytes":	12320768,
				"bits_per_second":	98058400.085145667,
				"omitted":	false,
				"sender":	false
			}
		}, {
			"streams":	[{
					"socket":	5,
					"start":	7.012256,
					"end":	8.005809,
					"seconds":	0.99355298280715942,
					"bytes":	12058624,
					"bits_per_second":	97094964.9081008,
					"omitted":	false,
					"sender":	false
				}],
			"sum":	{
				"start":	7.012256,
				"end":	8.005809,
				"seconds":	0.99355298280715942,
				"bytes":	12058624,
				"bits_per_second":	97094964.9081008,
				"omitted":	false,
				"sender":	false
			}
		}, {
			"streams":	[{
					"socket":	5,
					"start":	8.005809,
					"end":	9.012837,
					"seconds":	1.0070279836654663,
					"bytes":	12189696,
					"bits_per_second":	96836999.151748732,
					"omitted":	false,
					"sender":	false
				}],
			"sum":	{
				"start":	8.005809,
				"end":	9.012837,
				"seconds":	1.0070279836654663,
				"bytes":	12189696,
				"bits_per_second":	96836999.151748732,
				"omitted":	false,
				"sender":	false
			}
		}, {
			"streams":	[{
					"socket":	5,
					"start":	9.012837,
					"end":	10.003598,
					"seconds":	0.99076098203659058,
					"bytes":	12058624,
					"bits_per_second":	97368582.078898653,
					"omitted":	false,
					"sender":	false
				}],
			"sum":	{
				"start":	9.012837,
				"end":	10.003598,
				"seconds":	0.99076098203659058,
				"bytes":	12058624,
				"bits_per_second":	97368582.078898653,
				"omitted":	false,
				"sender":	false
			}
		}, {
			"streams":	[{
					"socket":	5,
					"start":	10.003598,
					"end":	11.009913,
					"seconds":	1.0063149929046631,
					"bytes":	12189696,
					"bits_per_second":	96905609.76193136,
					"omitted":	false,
					"sender":	false
				}],
			"sum":	{
				"start":	10.003598,
				"end":	11.009913,
				"seconds":	1.0063149929046631,
				"bytes":	12189696,
				"bits_per_second":	96905609.76193136,
				"omitted":	false,
				"sender":	false
			}
		}, {
			"streams":	[{
					"socket":	5,
					"start":	11.009913,
					"end":	12.006341,
					"seconds":	0.99642801284790039,
					"bytes":	15597568,
					"bits_per_second":	125227856.2937663,
					"omitted":	false,
					"sender":	false
				}],
			"sum":	{
				"start":	11.009913,
				"end":	12.006341,
				"seconds":	0.99642801284790039,
				"bytes":	15597568,
				"bits_per_second":	125227856.2937663,
				"omitted":	false,
				"sender":	false
			}
		}, {
			"streams":	[{
					"socket":	5,
					"start":	12.006341,
					"end":	13.015,
					"seconds":	1.0086590051651,
					"bytes":	13631488,
					"bits_per_second":	108115729.34120594,
					"omitted":	false,
					"sender":	false
				}],
			"sum":	{
				"start":	12.006341,
				"end":	13.015,
				"seconds":	1.0086590051651,
				"bytes":	13631488,
				"bits_per_second":	108115729.34120594,
				"omitted":	false,
				"sender":	false
			}
		}, {
			"streams":	[{
					"socket":	5,
					"start":	13.015,
					"end":	14.006078,
					"seconds":	0.991078019142151,
					"bytes":	12058624,
					"bits_per_second":	97337434.7294079,
					"omitted":	false,
					"sender":	false
				}],
			"sum":	{
				"start":	13.015,
				"end":	14.006078,
				"seconds":	0.991078019142151,
				"bytes":	12058624,
				"bits_per_second":	97337434.7294079,
				"omitted":	false,
				"sender":	false
			}
		}, {
			"streams":	[{
					"socket":	5,
					"start":	14.006078,
					"end":	15.0005,
					"seconds":	0.99442201852798462,
					"bytes":	12058624,
					"bits_per_second":	97010112.61074084,
					"omitted":	false,
					"sender":	false
				}],
			"sum":	{
				"start":	14.006078,
				"end":	15.0005,
				"seconds":	0.99442201852798462,
				"bytes":	12058624,
				"bits_per_second":	97010112.61074084,
				"omitted":	false,
				"sender":	false
			}
		}, {
			"streams":	[{
					"socket":	5,
					"start":	15.0005,
					"end":	16.00933,
					"seconds":	1.0088299512863159,
					"bytes":	12320768,
					"bits_per_second":	97703427.494715557,
					"omitted":	false,
					"sender":	false
				}],
			"sum":	{
				"start":	15.0005,
				"end":	16.00933,
				"seconds":	1.0088299512863159,
				"bytes":	12320768,
				"bits_per_second":	97703427.494715557,
				"omitted":	false,
				"sender":	false
			}
		}, {
			"streams":	[{
					"socket":	5,
					"start":	16.00933,
					"end":	17.002961,
					"seconds":	0.99363100528717041,
					"bytes":	12058624,
					"bits_per_second":	97087340.759983,
					"omitted":	false,
					"sender":	false
				}],
			"sum":	{
				"start":	16.00933,
				"end":	17.002961,
				"seconds":	0.99363100528717041,
				"bytes":	12058624,
				"bits_per_second":	97087340.759983,
				"omitted":	false,
				"sender":	false
			}
		}, {
			"streams":	[{
					"socket":	5,
					"start":	17.002961,
					"end":	18.008097,
					"seconds":	1.0051360130310059,
					"bytes":	12189696,
					"bits_per_second":	97019275.7355634,
					"omitted":	false,
					"sender":	false
				}],
			"sum":	{
				"start":	17.002961,
				"end":	18.008097,
				"seconds":	1.0051360130310059,
				"bytes":	12189696,
				"bits_per_second":	97019275.7355634,
				"omitted":	false,
				"sender":	false
			}
		}, {
			"streams":	[{
					"socket":	5,
					"start":	18.008097,
					"end":	19.015103,
					"seconds":	1.007006049156189,
					"bytes":	12320768,
					"bits_per_second":	97880389.181964248,
					"omitted":	false,
					"sender":	false
				}],
			"sum":	{
				"start":	18.008097,
				"end":	19.015103,
				"seconds":	1.007006049156189,
				"bytes":	12320768,
				"bits_per_second":	97880389.181964248,
				"omitted":	false,
				"sender":	false
			}
		}, {
			"streams":	[{
					"socket":	5,
					"start":	19.015103,
					"end":	20.005185,
					"seconds":	0.990082025527954,
					"bytes":	11927552,
					"bits_per_second":	96376273.419485375,
					"omitted":	false,
					"sender":	false
				}],
			"sum":	{
				"start":	19.015103,
				"end":	20.005185,
				"seconds":	0.990082025527954,
				"bytes":	11927552,
				"bits_per_second":	96376273.419485375,
				"omitted":	false,
				"sender":	false
			}
		}, {
			"streams":	[{
					"socket":	5,
					"start":	20.005185,
					"end":	21.015298,
					"seconds":	1.010113000869751,
					"bytes":	12320768,
					"bits_per_second":	97579324.209400624,
					"omitted":	false,
					"sender":	false
				}],
			"sum":	{
				"start":	20.005185,
				"end":	21.015298,
				"seconds":	1.010113000869751,
				"bytes":	12320768,
				"bits_per_second":	97579324.209400624,
				"omitted":	false,
				"sender":	false
			}
		}, {
			"streams":	[{
					"socket":	5,
					"start":	21.015298,
					"end":	22.004375,
					"seconds":	0.98907697200775146,
					"bytes":	16908288,
					"bits_per_second":	136760138.824605,
					"omitted":	false,
					"sender":	false
				}],
			"sum":	{
				"start":	21.015298,
				"end":	22.004375,
				"seconds":	0.98907697200775146,
				"bytes":	16908288,
				"bits_per_second":	136760138.824605,
				"omitted":	false,
				"sender":	false
			}
		}, {
			"streams":	[{
					"socket":	5,
					"start":	22.004375,
					"end":	23.009416,
					"seconds":	1.0050410032272339,
					"bytes":	12189696,
					"bits_per_second":	97028447.284107327,
					"omitted":	false,
					"sender":	false
				}],
			"sum":	{
				"start":	22.004375,
				"end":	23.009416,
				"seconds":	1.0050410032272339,
				"bytes":	12189696,
				"bits_per_second":	97028447.284107327,
				"omitted":	false,
				"sender":	false
			}
		}, {
			"streams":	[{
					"socket":	5,
					"start":	23.009416,
					"end":	24.014158,
					"seconds":	1.0047420263290405,
					"bytes":	12320768,
					"bits_per_second":	98100946.727713376,
					"omitted":	false,
					"sender":	false
				}],
			"sum":	{
				"start":	23.009416,
				"end":	24.014158,
				"seconds":	1.0047420263290405,
				"bytes":	12320768,
				"bits_per_second":	98100946.727713376,
				"omitted":	false,
				"sender":	false
			}
		}, {
			"streams":	[{
					"socket":	5,
					"start":	24.014158,
					"end":	25.004524,
					"seconds":	0.990365982055664,
					"bytes":	12058624,
					"bits_per_second":	97407416.801375866,
					"omitted":	false,
					"sender":	false
				}],
			"sum":	{
				"start":	24.014158,
				"end":	25.004524,
				"seconds":	0.990365982055664,
				"bytes":	12058624,
				"bits_per_second":	97407416.801375866,
				"omitted":	false,
				"sender":	false
			}
		}, {
			"streams":	[{
					"socket":	5,
					"start":	25.004524,
					"end":	26.014037,
					"seconds":	1.0095130205154419,
					"bytes":	12189696,
					"bits_per_second":	96598623.314644352,
					"omitted":	false,
					"sender":	false
				}],
			"sum":	{
				"start":	25.004524,
				"end":	26.014037,
				"seconds":	1.0095130205154419,
				"bytes":	12189696,
				"bits_per_second":	96598623.314644352,
				"omitted":	false,
				"sender":	false
			}
		}, {
			"streams":	[{
					"socket":	5,
					"start":	26.014037,
					"end":	27.006875,
					"seconds":	0.99283802509307861,
					"bytes":	12058624,
					"bits_per_second":	97164884.4643677,
					"omitted":	false,
					"sender":	false
				}],
			"sum":	{
				"start":	26.014037,
				"end":	27.006875,
				"seconds":	0.99283802509307861,
				"bytes":	12058624,
				"bits_per_second":	97164884.4643677,
				"omitted":	false,
				"sender":	false
			}
		}, {
			"streams":	[{
					"socket":	5,
					"start":	27.006875,
					"end":	28.014003,
					"seconds":	1.0071280002593994,
					"bytes":	12320768,
					"bits_per_second":	97868537.0425735,
					"omitted":	false,
					"sender":	false
				}],
			"sum":	{
				"start":	27.006875,
				"end":	28.014003,
				"seconds":	1.0071280002593994,
				"bytes":	12320768,
				"bits_per_second":	97868537.0425735,
				"omitted":	false,
				"sender":	false
			}
		}, {
			"streams":	[{
					"socket":	5,
					"start":	28.014003,
					"end":	29.003597,
					"seconds":	0.9895939826965332,
					"bytes":	12058624,
					"bits_per_second":	97483406.0097382,
					"omitted":	false,
					"sender":	false
				}],
			"sum":	{
				"start":	28.014003,
				"end":	29.003597,
				"seconds":	0.9895939826965332,
				"bytes":	12058624,
				"bits_per_second":	97483406.0097382,
				"omitted":	false,
				"sender":	false
			}
		}, {
			"streams":	[{
					"socket":	5,
					"start":	29.003597,
					"end":	30.003478,
					"seconds":	0.99988102912902832,
					"bytes":	12189696,
					"bits_per_second":	97529171.130434528,
					"omitted":	false,
					"sender":	false
				}],
			"sum":	{
				"start":	29.003597,
				"end":	30.003478,
				"seconds":	0.99988102912902832,
				"bytes":	12189696,
				"bits_per_second":	97529171.130434528,
				"omitted":	false,
				"sender":	false
			}
		}],
	"end":	{
		"streams":	[{
				"sender":	{
					"socket":	5,
					"start":	0,
					"end":	30.003478,
					"seconds":	30.003478,
					"bytes":	0,
					"bits_per_second":	0,
					"sender":	false
				},
				"receiver":	{
					"socket":	5,
					"start":	0,
					"end":	30.003478,
					"seconds":	30.003478,
					"bytes":	380633088,
					"bits_per_second":	101490390.68070708,
					"sender":	false
				}
			}],
		"sum_sent":	{
			"start":	0,
			"end":	30.003478,
			"seconds":	30.003478,
			"bytes":	0,
			"bits_per_second":	0,
			"sender":	false
		},
		"sum_received":	{
			"start":	0,
			"end":	30.003478,
			"seconds":	30.003478,
			"bytes":	380633088,
			"bits_per_second":	101490390.68070708,
			"sender":	false
		},
		"cpu_utilization_percent":	{
			"host_total":	0.2599692716320931,
			"host_user":	0,
			"host_system":	0.2599692716320931,
			"remote_total":	0,
			"remote_user":	0,
			"remote_system":	0
		}
	}
}
{
	"start":	{
		"connected":	[],
		"version":	"iperf 3.18",
		"system_info":	"CYGWIN_NT-10.0-22621 WIN-20250124JFD 3.5.4-1.x86_64 2024-08-25 16:52 UTC x86_64"
	},
	"intervals":	[],
	"end":	{
	},
	"error":	"interrupt - the server has terminated"
}
