{
	"start":	{
		"connected":	[{
				"socket":	5,
				"local_host":	"192.168.5.33",
				"local_port":	5201,
				"remote_host":	"192.168.5.23",
				"remote_port":	49166
			}],
		"version":	"iperf 3.18",
		"system_info":	"CYGWIN_NT-10.0-22621 WIN-20250124JFD 3.5.4-1.x86_64 2024-08-25 16:52 UTC x86_64",
		"sock_bufsize":	0,
		"sndbuf_actual":	65536,
		"rcvbuf_actual":	65536,
		"timestamp":	{
			"time":	"Tue, 11 Feb 2025 18:34:13 GMT",
			"timesecs":	1739298853
		},
		"accepted_connection":	{
			"host":	"192.168.5.23",
			"port":	49160
		},
		"cookie":	"7gptbcy3vbq3vyayjippt753kfnhkugbluip",
		"tcp_mss_default":	0,
		"target_bitrate":	0,
		"fq_rate":	0,
		"test_start":	{
			"protocol":	"TCP",
			"num_streams":	1,
			"blksize":	131072,
			"omit":	0,
			"duration":	30,
			"bytes":	0,
			"blocks":	0,
			"reverse":	0,
			"tos":	0,
			"target_bitrate":	0,
			"bidir":	0,
			"fqrate":	0,
			"interval":	1
		}
	},
	"intervals":	[{
			"streams":	[{
					"socket":	5,
					"start":	0,
					"end":	1.005528,
					"seconds":	1.0055279731750488,
					"bytes":	20840448,
					"bits_per_second":	165807007.31134775,
					"omitted":	false,
					"sender":	false
				}],
			"sum":	{
				"start":	0,
				"end":	1.005528,
				"seconds":	1.0055279731750488,
				"bytes":	20840448,
				"bits_per_second":	165807007.31134775,
				"omitted":	false,
				"sender":	false
			}
		}, {
			"streams":	[{
					"socket":	5,
					"start":	1.005528,
					"end":	2.004616,
					"seconds":	0.99908798933029175,
					"bytes":	13107200,
					"bits_per_second":	104953318.54633555,
					"omitted":	false,
					"sender":	false
				}],
			"sum":	{
				"start":	1.005528,
				"end":	2.004616,
				"seconds":	0.99908798933029175,
				"bytes":	13107200,
				"bits_per_second":	104953318.54633555,
				"omitted":	false,
				"sender":	false
			}
		}, {
			"streams":	[{
					"socket":	5,
					"start":	2.004616,
					"end":	3.001538,
					"seconds":	0.99692201614379883,
					"bytes":	12189696,
					"bits_per_second":	97818652.2324067,
					"omitted":	false,
					"sender":	false
				}],
			"sum":	{
				"start":	2.004616,
				"end":	3.001538,
				"seconds":	0.99692201614379883,
				"bytes":	12189696,
				"bits_per_second":	97818652.2324067,
				"omitted":	false,
				"sender":	false
			}
		}, {
			"streams":	[{
					"socket":	5,
					"start":	3.001538,
					"end":	4.002651,
					"seconds":	1.0011130571365356,
					"bytes":	12320768,
					"bits_per_second":	98456556.2274523,
					"omitted":	false,
					"sender":	false
				}],
			"sum":	{
				"start":	3.001538,
				"end":	4.002651,
				"seconds":	1.0011130571365356,
				"bytes":	12320768,
				"bits_per_second":	98456556.2274523,
				"omitted":	false,
				"sender":	false
			}
		}, {
			"streams":	[{
					"socket":	5,
					"start":	4.002651,
					"end":	5.002671,
					"seconds":	1.0000200271606445,
					"bytes":	12189696,
					"bits_per_second":	97515615.039112255,
					"omitted":	false,
					"sender":	false
				}],
			"sum":	{
				"start":	4.002651,
				"end":	5.002671,
				"seconds":	1.0000200271606445,
				"bytes":	12189696,
				"bits_per_second":	97515615.039112255,
				"omitted":	false,
				"sender":	false
			}
		}, {
			"streams":	[{
					"socket":	5,
					"start":	5.002671,
					"end":	6.009542,
					"seconds":	1.0068709850311279,
					"bytes":	12320768,
					"bits_per_second":	97893519.095649362,
					"omitted":	false,
					"sender":	false
				}],
			"sum":	{
				"start":	5.002671,
				"end":	6.009542,
				"seconds":	1.0068709850311279,
				"bytes":	12320768,
				"bits_per_second":	97893519.095649362,
				"omitted":	false,
				"sender":	false
			}
		}, {
			"streams":	[{
					"socket":	5,
					"start":	6.009542,
					"end":	7.006428,
					"seconds":	0.99688601493835449,
					"bytes":	12189696,
					"bits_per_second":	97822184.82223396,
					"omitted":	false,
					"sender":	false
				}],
			"sum":	{
				"start":	6.009542,
				"end":	7.006428,
				"seconds":	0.99688601493835449,
				"bytes":	12189696,
				"bits_per_second":	97822184.82223396,
				"omitted":	false,
				"sender":	false
			}
		}, {
			"streams":	[{
					"socket":	5,
					"start":	7.006428,
					"end":	8.007852,
					"seconds":	1.0014239549636841,
					"bytes":	12320768,
					"bits_per_second":	98425989.8232357,
					"omitted":	false,
					"sender":	false
				}],
			"sum":	{
				"start":	7.006428,
				"end":	8.007852,
				"seconds":	1.0014239549636841,
				"bytes":	12320768,
				"bits_per_second":	98425989.8232357,
				"omitted":	false,
				"sender":	false
			}
		}, {
			"streams":	[{
					"socket":	5,
					"start":	8.007852,
					"end":	9.005894,
					"seconds":	0.99804198741912842,
					"bytes":	12320768,
					"bits_per_second":	98759516.3755441,
					"omitted":	false,
					"sender":	false
				}],
			"sum":	{
				"start":	8.007852,
				"end":	9.005894,
				"seconds":	0.99804198741912842,
				"bytes":	12320768,
				"bits_per_second":	98759516.3755441,
				"omitted":	false,
				"sender":	false
			}
		}, {
			"streams":	[{
					"socket":	5,
					"start":	9.005894,
					"end":	10.004873,
					"seconds":	0.99897897243499756,
					"bytes":	16908288,
					"bits_per_second":	135404555.78388226,
					"omitted":	false,
					"sender":	false
				}],
			"sum":	{
				"start":	9.005894,
				"end":	10.004873,
				"seconds":	0.99897897243499756,
				"bytes":	16908288,
				"bits_per_second":	135404555.78388226,
				"omitted":	false,
				"sender":	false
			}
		}, {
			"streams":	[{
					"socket":	5,
					"start":	10.004873,
					"end":	11.004496,
					"seconds":	0.99962300062179565,
					"bytes":	12189696,
					"bits_per_second":	97554345.9277559,
					"omitted":	false,
					"sender":	false
				}],
			"sum":	{
				"start":	10.004873,
				"end":	11.004496,
				"seconds":	0.99962300062179565,
				"bytes":	12189696,
				"bits_per_second":	97554345.9277559,
				"omitted":	false,
				"sender":	false
			}
		}, {
			"streams":	[{
					"socket":	5,
					"start":	11.004496,
					"end":	12.014361,
					"seconds":	1.0098650455474854,
					"bytes":	12451840,
					"bits_per_second":	98641615.9656216,
					"omitted":	false,
					"sender":	false
				}],
			"sum":	{
				"start":	11.004496,
				"end":	12.014361,
				"seconds":	1.0098650455474854,
				"bytes":	12451840,
				"bits_per_second":	98641615.9656216,
				"omitted":	false,
				"sender":	false
			}
		}, {
			"streams":	[{
					"socket":	5,
					"start":	12.014361,
					"end":	13.005646,
					"seconds":	0.99128502607345581,
					"bytes":	12058624,
					"bits_per_second":	97317108.05934386,
					"omitted":	false,
					"sender":	false
				}],
			"sum":	{
				"start":	12.014361,
				"end":	13.005646,
				"seconds":	0.99128502607345581,
				"bytes":	12058624,
				"bits_per_second":	97317108.05934386,
				"omitted":	false,
				"sender":	false
			}
		}, {
			"streams":	[{
					"socket":	5,
					"start":	13.005646,
					"end":	14.004217,
					"seconds":	0.99857097864151,
					"bytes":	12320768,
					"bits_per_second":	98707198.6951721,
					"omitted":	false,
					"sender":	false
				}],
			"sum":	{
				"start":	13.005646,
				"end":	14.004217,
				"seconds":	0.99857097864151,
				"bytes":	12320768,
				"bits_per_second":	98707198.6951721,
				"omitted":	false,
				"sender":	false
			}
		}, {
			"streams":	[{
					"socket":	5,
					"start":	14.004217,
					"end":	15.014282,
					"seconds":	1.010064959526062,
					"bytes":	12320768,
					"bits_per_second":	97583965.3384756,
					"omitted":	false,
					"sender":	false
				}],
			"sum":	{
				"start":	14.004217,
				"end":	15.014282,
				"seconds":	1.010064959526062,
				"bytes":	12320768,
				"bits_per_second":	97583965.3384756,
				"omitted":	false,
				"sender":	false
			}
		}, {
			"streams":	[{
					"socket":	5,
					"start":	15.014282,
					"end":	16.013891,
					"seconds":	0.99960899353027344,
					"bytes":	12320768,
					"bits_per_second":	98604699.07528387,
					"omitted":	false,
					"sender":	false
				}],
			"sum":	{
				"start":	15.014282,
				"end":	16.013891,
				"seconds":	0.99960899353027344,
				"bytes":	12320768,
				"bits_per_second":	98604699.07528387,
				"omitted":	false,
				"sender":	false
			}
		}, {
			"streams":	[{
					"socket":	5,
					"start":	16.013891,
					"end":	17.009945,
					"seconds":	0.99605399370193481,
					"bytes":	12189696,
					"bits_per_second":	97903897.395728678,
					"omitted":	false,
					"sender":	false
				}],
			"sum":	{
				"start":	16.013891,
				"end":	17.009945,
				"seconds":	0.99605399370193481,
				"bytes":	12189696,
				"bits_per_second":	97903897.395728678,
				"omitted":	false,
				"sender":	false
			}
		}, {
			"streams":	[{
					"socket":	5,
					"start":	17.009945,
					"end":	18.005984,
					"seconds":	0.99603897333145142,
					"bytes":	12189696,
					"bits_per_second":	97905373.796602562,
					"omitted":	false,
					"sender":	false
				}],
			"sum":	{
				"start":	17.009945,
				"end":	18.005984,
				"seconds":	0.99603897333145142,
				"bytes":	12189696,
				"bits_per_second":	97905373.796602562,
				"omitted":	false,
				"sender":	false
			}
		}, {
			"streams":	[{
					"socket":	5,
					"start":	18.005984,
					"end":	19.012015,
					"seconds":	1.0060310363769531,
					"bytes":	13893632,
					"bits_per_second":	110482730.63253009,
					"omitted":	false,
					"sender":	false
				}],
			"sum":	{
				"start":	18.005984,
				"end":	19.012015,
				"seconds":	1.0060310363769531,
				"bytes":	13893632,
				"bits_per_second":	110482730.63253009,
				"omitted":	false,
				"sender":	false
			}
		}, {
			"streams":	[{
					"socket":	5,
					"start":	19.012015,
					"end":	20.010723,
					"seconds":	0.99870800971984863,
					"bytes":	14024704,
					"bits_per_second":	112342777.776933,
					"omitted":	false,
					"sender":	false
				}],
			"sum":	{
				"start":	19.012015,
				"end":	20.010723,
				"seconds":	0.99870800971984863,
				"bytes":	14024704,
				"bits_per_second":	112342777.776933,
				"omitted":	false,
				"sender":	false
			}
		}, {
			"streams":	[{
					"socket":	5,
					"start":	20.010723,
					"end":	21.005695,
					"seconds":	0.994971990585327,
					"bytes":	12189696,
					"bits_per_second":	98010365.03814733,
					"omitted":	false,
					"sender":	false
				}],
			"sum":	{
				"start":	20.010723,
				"end":	21.005695,
				"seconds":	0.994971990585327,
				"bytes":	12189696,
				"bits_per_second":	98010365.03814733,
				"omitted":	false,
				"sender":	false
			}
		}, {
			"streams":	[{
					"socket":	5,
					"start":	21.005695,
					"end":	22.002608,
					"seconds":	0.99691301584243774,
					"bytes":	12189696,
					"bits_per_second":	97819535.3559439,
					"omitted":	false,
					"sender":	false
				}],
			"sum":	{
				"start":	21.005695,
				"end":	22.002608,
				"seconds":	0.99691301584243774,
				"bytes":	12189696,
				"bits_per_second":	97819535.3559439,
				"omitted":	false,
				"sender":	false
			}
		}, {
			"streams":	[{
					"socket":	5,
					"start":	22.002608,
					"end":	23.014516,
					"seconds":	1.0119080543518066,
					"bytes":	12451840,
					"bits_per_second":	98442461.814190969,
					"omitted":	false,
					"sender":	false
				}],
			"sum":	{
				"start":	22.002608,
				"end":	23.014516,
				"seconds":	1.0119080543518066,
				"bytes":	12451840,
				"bits_per_second":	98442461.814190969,
				"omitted":	false,
				"sender":	false
			}
		}, {
			"streams":	[{
					"socket":	5,
					"start":	23.014516,
					"end":	24.013705,
					"seconds":	0.999189019203186,
					"bytes":	13107200,
					"bits_per_second":	104942706.5197532,
					"omitted":	false,
					"sender":	false
				}],
			"sum":	{
				"start":	23.014516,
				"end":	24.013705,
				"seconds":	0.999189019203186,
				"bytes":	13107200,
				"bits_per_second":	104942706.5197532,
				"omitted":	false,
				"sender":	false
			}
		}, {
			"streams":	[{
					"socket":	5,
					"start":	24.013705,
					"end":	25.011776,
					"seconds":	0.998071014881134,
					"bytes":	12189696,
					"bits_per_second":	97706041.50007695,
					"omitted":	false,
					"sender":	false
				}],
			"sum":	{
				"start":	24.013705,
				"end":	25.011776,
				"seconds":	0.998071014881134,
				"bytes":	12189696,
				"bits_per_second":	97706041.50007695,
				"omitted":	false,
				"sender":	false
			}
		}, {
			"streams":	[{
					"socket":	5,
					"start":	25.011776,
					"end":	26.011672,
					"seconds":	0.999895989894867,
					"bytes":	12189696,
					"bits_per_second":	97527711.867564738,
					"omitted":	false,
					"sender":	false
				}],
			"sum":	{
				"start":	25.011776,
				"end":	26.011672,
				"seconds":	0.999895989894867,
				"bytes":	12189696,
				"bits_per_second":	97527711.867564738,
				"omitted":	false,
				"sender":	false
			}
		}, {
			"streams":	[{
					"socket":	5,
					"start":	26.011672,
					"end":	27.008873,
					"seconds":	0.99720102548599243,
					"bytes":	12320768,
					"bits_per_second":	98842802.485048741,
					"omitted":	false,
					"sender":	false
				}],
			"sum":	{
				"start":	26.011672,
				"end":	27.008873,
				"seconds":	0.99720102548599243,
				"bytes":	12320768,
				"bits_per_second":	98842802.485048741,
				"omitted":	false,
				"sender":	false
			}
		}, {
			"streams":	[{
					"socket":	5,
					"start":	27.008873,
					"end":	28.008733,
					"seconds":	0.99985998868942261,
					"bytes":	12189696,
					"bits_per_second":	97531223.474420875,
					"omitted":	false,
					"sender":	false
				}],
			"sum":	{
				"start":	27.008873,
				"end":	28.008733,
				"seconds":	0.99985998868942261,
				"bytes":	12189696,
				"bits_per_second":	97531223.474420875,
				"omitted":	false,
				"sender":	false
			}
		}, {
			"streams":	[{
					"socket":	5,
					"start":	28.008733,
					"end":	29.000517,
					"seconds":	0.99178397655487061,
					"bytes":	15335424,
					"bits_per_second":	123699711.73174375,
					"omitted":	false,
					"sender":	false
				}],
			"sum":	{
				"start":	28.008733,
				"end":	29.000517,
				"seconds":	0.99178397655487061,
				"bytes":	15335424,
				"bits_per_second":	123699711.73174375,
				"omitted":	false,
				"sender":	false
			}
		}, {
			"streams":	[{
					"socket":	5,
					"start":	29.000517,
					"end":	30.011787,
					"seconds":	1.0112700462341309,
					"bytes":	12451840,
					"bits_per_second":	98504568.95361957,
					"omitted":	false,
					"sender":	false
				}],
			"sum":	{
				"start":	29.000517,
				"end":	30.011787,
				"seconds":	1.0112700462341309,
				"bytes":	12451840,
				"bits_per_second":	98504568.95361957,
				"omitted":	false,
				"sender":	false
			}
		}, {
			"streams":	[{
					"socket":	5,
					"start":	30.011787,
					"end":	30.033031,
					"seconds":	0.021244000643491745,
					"bytes":	393216,
					"bits_per_second":	148076064.05169815,
					"omitted":	false,
					"sender":	false
				}],
			"sum":	{
				"start":	30.011787,
				"end":	30.033031,
				"seconds":	0.021244000643491745,
				"bytes":	393216,
				"bits_per_second":	148076064.05169815,
				"omitted":	false,
				"sender":	false
			}
		}],
	"end":	{
		"streams":	[{
				"sender":	{
					"socket":	5,
					"start":	0,
					"end":	30.033031,
					"seconds":	30.033031,
					"bytes":	0,
					"bits_per_second":	0,
					"sender":	false
				},
				"receiver":	{
					"socket":	5,
					"start":	0,
					"end":	30.033031,
					"seconds":	30.033031,
					"bytes":	389677056,
					"bits_per_second":	103799594.78615394,
					"sender":	false
				}
			}],
		"sum_sent":	{
			"start":	0,
			"end":	30.033031,
			"seconds":	30.033031,
			"bytes":	0,
			"bits_per_second":	0,
			"sender":	false
		},
		"sum_received":	{
			"start":	0,
			"end":	30.033031,
			"seconds":	30.033031,
			"bytes":	389677056,
			"bits_per_second":	103799594.78615394,
			"sender":	false
		},
		"cpu_utilization_percent":	{
			"host_total":	1.3518417111892072,
			"host_user":	0.25971343219891174,
			"host_system":	1.0921282789902955,
			"remote_total":	0,
			"remote_user":	0,
			"remote_system":	0
		}
	}
}
{
	"start":	{
		"connected":	[{
				"socket":	5,
				"local_host":	"192.168.5.33",
				"local_port":	5201,
				"remote_host":	"192.168.5.23",
				"remote_port":	49207
			}],
		"version":	"iperf 3.18",
		"system_info":	"CYGWIN_NT-10.0-22621 WIN-20250124JFD 3.5.4-1.x86_64 2024-08-25 16:52 UTC x86_64",
		"sock_bufsize":	0,
		"sndbuf_actual":	65536,
		"rcvbuf_actual":	65536,
		"timestamp":	{
			"time":	"Tue, 11 Feb 2025 18:40:21 GMT",
			"timesecs":	1739299221
		},
		"accepted_connection":	{
			"host":	"192.168.5.23",
			"port":	49204
		},
		"cookie":	"b3xxxmlexjosgzv434is3h6cnadp3ccrlf2v",
		"tcp_mss_default":	0,
		"target_bitrate":	0,
		"fq_rate":	0,
		"test_start":	{
			"protocol":	"TCP",
			"num_streams":	1,
			"blksize":	131072,
			"omit":	0,
			"duration":	30,
			"bytes":	0,
			"blocks":	0,
			"reverse":	0,
			"tos":	0,
			"target_bitrate":	0,
			"bidir":	0,
			"fqrate":	0,
			"interval":	1
		}
	},
	"intervals":	[{
			"streams":	[{
					"socket":	5,
					"start":	0,
					"end":	1.008811,
					"seconds":	1.0088109970092773,
					"bytes":	38141952,
					"bits_per_second":	302470548.898263,
					"omitted":	false,
					"sender":	false
				}],
			"sum":	{
				"start":	0,
				"end":	1.008811,
				"seconds":	1.0088109970092773,
				"bytes":	38141952,
				"bits_per_second":	302470548.898263,
				"omitted":	false,
				"sender":	false
			}
		}, {
			"streams":	[{
					"socket":	5,
					"start":	1.008811,
					"end":	2.009106,
					"seconds":	1.0002950429916382,
					"bytes":	55181312,
					"bits_per_second":	441320287.542093,
					"omitted":	false,
					"sender":	false
				}],
			"sum":	{
				"start":	1.008811,
				"end":	2.009106,
				"seconds":	1.0002950429916382,
				"bytes":	55181312,
				"bits_per_second":	441320287.542093,
				"omitted":	false,
				"sender":	false
			}
		}, {
			"streams":	[{
					"socket":	5,
					"start":	2.009106,
					"end":	3.011956,
					"seconds":	1.00285005569458,
					"bytes":	55181312,
					"bits_per_second":	440195913.13105,
					"omitted":	false,
					"sender":	false
				}],
			"sum":	{
				"start":	2.009106,
				"end":	3.011956,
				"seconds":	1.00285005569458,
				"bytes":	55181312,
				"bits_per_second":	440195913.13105,
				"omitted":	false,
				"sender":	false
			}
		}, {
			"streams":	[{
					"socket":	5,
					"start":	3.011956,
					"end":	4.01413,
					"seconds":	1.0021740198135376,
					"bytes":	55443456,
					"bits_per_second":	442585458.44415879,
					"omitted":	false,
					"sender":	false
				}],
			"sum":	{
				"start":	3.011956,
				"end":	4.01413,
				"seconds":	1.0021740198135376,
				"bytes":	55443456,
				"bits_per_second":	442585458.44415879,
				"omitted":	false,
				"sender":	false
			}
		}, {
			"streams":	[{
					"socket":	5,
					"start":	4.01413,
					"end":	5.014398,
					"seconds":	1.00026798248291,
					"bytes":	55312384,
					"bits_per_second":	442380521.76938516,
					"omitted":	false,
					"sender":	false
				}],
			"sum":	{
				"start":	4.01413,
				"end":	5.014398,
				"seconds":	1.00026798248291,
				"bytes":	55312384,
				"bits_per_second":	442380521.76938516,
				"omitted":	false,
				"sender":	false
			}
		}, {
			"streams":	[{
					"socket":	5,
					"start":	5.014398,
					"end":	6.002338,
					"seconds":	0.987940013408661,
					"bytes":	54788096,
					"bits_per_second":	443655244.297404,
					"omitted":	false,
					"sender":	false
				}],
			"sum":	{
				"start":	5.014398,
				"end":	6.002338,
				"seconds":	0.987940013408661,
				"bytes":	54788096,
				"bits_per_second":	443655244.297404,
				"omitted":	false,
				"sender":	false
			}
		}, {
			"streams":	[{
					"socket":	5,
					"start":	6.002338,
					"end":	7.008855,
					"seconds":	1.0065170526504517,
					"bytes":	55574528,
					"bits_per_second":	441717527.61589986,
					"omitted":	false,
					"sender":	false
				}],
			"sum":	{
				"start":	6.002338,
				"end":	7.008855,
				"seconds":	1.0065170526504517,
				"bytes":	55574528,
				"bits_per_second":	441717527.61589986,
				"omitted":	false,
				"sender":	false
			}
		}, {
			"streams":	[{
					"socket":	5,
					"start":	7.008855,
					"end":	8.012405,
					"seconds":	1.0035500526428223,
					"bytes":	55443456,
					"bits_per_second":	441978600.70051223,
					"omitted":	false,
					"sender":	false
				}],
			"sum":	{
				"start":	7.008855,
				"end":	8.012405,
				"seconds":	1.0035500526428223,
				"bytes":	55443456,
				"bits_per_second":	441978600.70051223,
				"omitted":	false,
				"sender":	false
			}
		}, {
			"streams":	[{
					"socket":	5,
					"start":	8.012405,
					"end":	9.013254,
					"seconds":	1.0008490085601807,
					"bytes":	55312384,
					"bits_per_second":	442123705.18963522,
					"omitted":	false,
					"sender":	false
				}],
			"sum":	{
				"start":	8.012405,
				"end":	9.013254,
				"seconds":	1.0008490085601807,
				"bytes":	55312384,
				"bits_per_second":	442123705.18963522,
				"omitted":	false,
				"sender":	false
			}
		}, {
			"streams":	[{
					"socket":	5,
					"start":	9.013254,
					"end":	10.000042,
					"seconds":	0.986787974834442,
					"bytes":	54657024,
					"bits_per_second":	443110580.13588017,
					"omitted":	false,
					"sender":	false
				}],
			"sum":	{
				"start":	9.013254,
				"end":	10.000042,
				"seconds":	0.986787974834442,
				"bytes":	54657024,
				"bits_per_second":	443110580.13588017,
				"omitted":	false,
				"sender":	false
			}
		}, {
			"streams":	[{
					"socket":	5,
					"start":	10.000042,
					"end":	11.000312,
					"seconds":	1.0002700090408325,
					"bytes":	55181312,
					"bits_per_second":	441331332.55020881,
					"omitted":	false,
					"sender":	false
				}],
			"sum":	{
				"start":	10.000042,
				"end":	11.000312,
				"seconds":	1.0002700090408325,
				"bytes":	55181312,
				"bits_per_second":	441331332.55020881,
				"omitted":	false,
				"sender":	false
			}
		}, {
			"streams":	[{
					"socket":	5,
					"start":	11.000312,
					"end":	12.003232,
					"seconds":	1.0029200315475464,
					"bytes":	55443456,
					"bits_per_second":	442256245.810135,
					"omitted":	false,
					"sender":	false
				}],
			"sum":	{
				"start":	11.000312,
				"end":	12.003232,
				"seconds":	1.0029200315475464,
				"bytes":	55443456,
				"bits_per_second":	442256245.810135,
				"omitted":	false,
				"sender":	false
			}
		}, {
			"streams":	[{
					"socket":	5,
					"start":	12.003232,
					"end":	13.002725,
					"seconds":	0.99949300289154053,
					"bytes":	54657024,
					"bits_per_second":	437477992.0769977,
					"omitted":	false,
					"sender":	false
				}],
			"sum":	{
				"start":	12.003232,
				"end":	13.002725,
				"seconds":	0.99949300289154053,
				"bytes":	54657024,
				"bits_per_second":	437477992.0769977,
				"omitted":	false,
				"sender":	false
			}
		}, {
			"streams":	[{
					"socket":	5,
					"start":	13.002725,
					"end":	14.005074,
					"seconds":	1.0023490190505981,
					"bytes":	55574528,
					"bits_per_second":	443554306.484094,
					"omitted":	false,
					"sender":	false
				}],
			"sum":	{
				"start":	13.002725,
				"end":	14.005074,
				"seconds":	1.0023490190505981,
				"bytes":	55574528,
				"bits_per_second":	443554306.484094,
				"omitted":	false,
				"sender":	false
			}
		}, {
			"streams":	[{
					"socket":	5,
					"start":	14.005074,
					"end":	15.011049,
					"seconds":	1.0059750080108643,
					"bytes":	55443456,
					"bits_per_second":	440913188.168597,
					"omitted":	false,
					"sender":	false
				}],
			"sum":	{
				"start":	14.005074,
				"end":	15.011049,
				"seconds":	1.0059750080108643,
				"bytes":	55443456,
				"bits_per_second":	440913188.168597,
				"omitted":	false,
				"sender":	false
			}
		}, {
			"streams":	[{
					"socket":	5,
					"start":	15.011049,
					"end":	16.005092,
					"seconds":	0.994042992591858,
					"bytes":	54919168,
					"bits_per_second":	441986259.421672,
					"omitted":	false,
					"sender":	false
				}],
			"sum":	{
				"start":	15.011049,
				"end":	16.005092,
				"seconds":	0.994042992591858,
				"bytes":	54919168,
				"bits_per_second":	441986259.421672,
				"omitted":	false,
				"sender":	false
			}
		}, {
			"streams":	[{
					"socket":	5,
					"start":	16.005092,
					"end":	17.009181,
					"seconds":	1.0040889978408813,
					"bytes":	55312384,
					"bits_per_second":	440697062.66229117,
					"omitted":	false,
					"sender":	false
				}],
			"sum":	{
				"start":	16.005092,
				"end":	17.009181,
				"seconds":	1.0040889978408813,
				"bytes":	55312384,
				"bits_per_second":	440697062.66229117,
				"omitted":	false,
				"sender":	false
			}
		}, {
			"streams":	[{
					"socket":	5,
					"start":	17.009181,
					"end":	18.009014,
					"seconds":	0.99983298778533936,
					"bytes":	55181312,
					"bits_per_second":	441524235.94047076,
					"omitted":	false,
					"sender":	false
				}],
			"sum":	{
				"start":	17.009181,
				"end":	18.009014,
				"seconds":	0.99983298778533936,
				"bytes":	55181312,
				"bits_per_second":	441524235.94047076,
				"omitted":	false,
				"sender":	false
			}
		}, {
			"streams":	[{
					"socket":	5,
					"start":	18.009014,
					"end":	19.001748,
					"seconds":	0.99273401498794556,
					"bytes":	54788096,
					"bits_per_second":	441512793.3390317,
					"omitted":	false,
					"sender":	false
				}],
			"sum":	{
				"start":	18.009014,
				"end":	19.001748,
				"seconds":	0.99273401498794556,
				"bytes":	54788096,
				"bits_per_second":	441512793.3390317,
				"omitted":	false,
				"sender":	false
			}
		}, {
			"streams":	[{
					"socket":	5,
					"start":	19.001748,
					"end":	20.00195,
					"seconds":	1.000201940536499,
					"bytes":	55312384,
					"bits_per_second":	442409731.54146016,
					"omitted":	false,
					"sender":	false
				}],
			"sum":	{
				"start":	19.001748,
				"end":	20.00195,
				"seconds":	1.000201940536499,
				"bytes":	55312384,
				"bits_per_second":	442409731.54146016,
				"omitted":	false,
				"sender":	false
			}
		}, {
			"streams":	[{
					"socket":	5,
					"start":	20.00195,
					"end":	21.00464,
					"seconds":	1.0026899576187134,
					"bytes":	55574528,
					"bits_per_second":	443403487.410875,
					"omitted":	false,
					"sender":	false
				}],
			"sum":	{
				"start":	20.00195,
				"end":	21.00464,
				"seconds":	1.0026899576187134,
				"bytes":	55574528,
				"bits_per_second":	443403487.410875,
				"omitted":	false,
				"sender":	false
			}
		}, {
			"streams":	[{
					"socket":	5,
					"start":	21.00464,
					"end":	22.007784,
					"seconds":	1.0031440258026123,
					"bytes":	55312384,
					"bits_per_second":	441112203.84925079,
					"omitted":	false,
					"sender":	false
				}],
			"sum":	{
				"start":	21.00464,
				"end":	22.007784,
				"seconds":	1.0031440258026123,
				"bytes":	55312384,
				"bits_per_second":	441112203.84925079,
				"omitted":	false,
				"sender":	false
			}
		}, {
			"streams":	[{
					"socket":	5,
					"start":	22.007784,
					"end":	23.010706,
					"seconds":	1.0029220581054688,
					"bytes":	55181312,
					"bits_per_second":	440164310.3093226,
					"omitted":	false,
					"sender":	false
				}],
			"sum":	{
				"start":	22.007784,
				"end":	23.010706,
				"seconds":	1.0029220581054688,
				"bytes":	55181312,
				"bits_per_second":	440164310.3093226,
				"omitted":	false,
				"sender":	false
			}
		}, {
			"streams":	[{
					"socket":	5,
					"start":	23.010706,
					"end":	24.011857,
					"seconds":	1.0011509656906128,
					"bytes":	55181312,
					"bits_per_second":	440942985.75188321,
					"omitted":	false,
					"sender":	false
				}],
			"sum":	{
				"start":	23.010706,
				"end":	24.011857,
				"seconds":	1.0011509656906128,
				"bytes":	55181312,
				"bits_per_second":	440942985.75188321,
				"omitted":	false,
				"sender":	false
			}
		}, {
			"streams":	[{
					"socket":	5,
					"start":	24.011857,
					"end":	25.015151,
					"seconds":	1.0032939910888672,
					"bytes":	55574528,
					"bits_per_second":	443136536.19861031,
					"omitted":	false,
					"sender":	false
				}],
			"sum":	{
				"start":	24.011857,
				"end":	25.015151,
				"seconds":	1.0032939910888672,
				"bytes":	55574528,
				"bits_per_second":	443136536.19861031,
				"omitted":	false,
				"sender":	false
			}
		}, {
			"streams":	[{
					"socket":	5,
					"start":	25.015151,
					"end":	26.001686,
					"seconds":	0.98653501272201538,
					"bytes":	54394880,
					"bits_per_second":	441098424.67660958,
					"omitted":	false,
					"sender":	false
				}],
			"sum":	{
				"start":	25.015151,
				"end":	26.001686,
				"seconds":	0.98653501272201538,
				"bytes":	54394880,
				"bits_per_second":	441098424.67660958,
				"omitted":	false,
				"sender":	false
			}
		}, {
			"streams":	[{
					"socket":	5,
					"start":	26.001686,
					"end":	27.013831,
					"seconds":	1.0121450424194336,
					"bytes":	55836672,
					"bits_per_second":	441333363.5782311,
					"omitted":	false,
					"sender":	false
				}],
			"sum":	{
				"start":	26.001686,
				"end":	27.013831,
				"seconds":	1.0121450424194336,
				"bytes":	55836672,
				"bits_per_second":	441333363.5782311,
				"omitted":	false,
				"sender":	false
			}
		}, {
			"streams":	[{
					"socket":	5,
					"start":	27.013831,
					"end":	28.000615,
					"seconds":	0.98678398132324219,
					"bytes":	54263808,
					"bits_per_second":	439924514.60133487,
					"omitted":	false,
					"sender":	false
				}],
			"sum":	{
				"start":	27.013831,
				"end":	28.000615,
				"seconds":	0.98678398132324219,
				"bytes":	54263808,
				"bits_per_second":	439924514.60133487,
				"omitted":	false,
				"sender":	false
			}
		}, {
			"streams":	[{
					"socket":	5,
					"start":	28.000615,
					"end":	29.002566,
					"seconds":	1.0019509792327881,
					"bytes":	55443456,
					"bits_per_second":	442683980.74687487,
					"omitted":	false,
					"sender":	false
				}],
			"sum":	{
				"start":	28.000615,
				"end":	29.002566,
				"seconds":	1.0019509792327881,
				"bytes":	55443456,
				"bits_per_second":	442683980.74687487,
				"omitted":	false,
				"sender":	false
			}
		}, {
			"streams":	[{
					"socket":	5,
					"start":	29.002566,
					"end":	30.005065,
					"seconds":	1.002498984336853,
					"bytes":	55574528,
					"bits_per_second":	443487954.54800153,
					"omitted":	false,
					"sender":	false
				}],
			"sum":	{
				"start":	29.002566,
				"end":	30.005065,
				"seconds":	1.002498984336853,
				"bytes":	55574528,
				"bits_per_second":	443487954.54800153,
				"omitted":	false,
				"sender":	false
			}
		}, {
			"streams":	[{
					"socket":	5,
					"start":	30.005065,
					"end":	30.013443,
					"seconds":	0.0083779999986290932,
					"bytes":	524288,
					"bits_per_second":	500633086.73744583,
					"omitted":	false,
					"sender":	false
				}],
			"sum":	{
				"start":	30.005065,
				"end":	30.013443,
				"seconds":	0.0083779999986290932,
				"bytes":	524288,
				"bits_per_second":	500633086.73744583,
				"omitted":	false,
				"sender":	false
			}
		}],
	"end":	{
		"streams":	[{
				"sender":	{
					"socket":	5,
					"start":	0,
					"end":	30.013443,
					"seconds":	30.013443,
					"bytes":	0,
					"bits_per_second":	0,
					"sender":	false
				},
				"receiver":	{
					"socket":	5,
					"start":	0,
					"end":	30.013443,
					"seconds":	30.013443,
					"bytes":	1639710720,
					"bits_per_second":	437060345.25928932,
					"sender":	false
				}
			}],
		"sum_sent":	{
			"start":	0,
			"end":	30.013443,
			"seconds":	30.013443,
			"bytes":	0,
			"bits_per_second":	0,
			"sender":	false
		},
		"sum_received":	{
			"start":	0,
			"end":	30.013443,
			"seconds":	30.013443,
			"bytes":	1639710720,
			"bits_per_second":	437060345.25928932,
			"sender":	false
		},
		"cpu_utilization_percent":	{
			"host_total":	0,
			"host_user":	0,
			"host_system":	0,
			"remote_total":	0.93883753136865933,
			"remote_user":	0.20974029956108345,
			"remote_system":	0.7290972318075758
		}
	}
}
{
	"start":	{
		"connected":	[{
				"socket":	5,
				"local_host":	"192.168.5.33",
				"local_port":	5201,
				"remote_host":	"192.168.5.23",
				"remote_port":	49219
			}],
		"version":	"iperf 3.18",
		"system_info":	"CYGWIN_NT-10.0-22621 WIN-20250124JFD 3.5.4-1.x86_64 2024-08-25 16:52 UTC x86_64",
		"sock_bufsize":	0,
		"sndbuf_actual":	65536,
		"rcvbuf_actual":	65536,
		"timestamp":	{
			"time":	"Tue, 11 Feb 2025 18:40:56 GMT",
			"timesecs":	1739299256
		},
		"accepted_connection":	{
			"host":	"192.168.5.23",
			"port":	49217
		},
		"cookie":	"2lql5sukbllukmv6tho4qjitq67yxrcrxq6e",
		"tcp_mss_default":	0,
		"target_bitrate":	0,
		"fq_rate":	0,
		"test_start":	{
			"protocol":	"TCP",
			"num_streams":	1,
			"blksize":	131072,
			"omit":	0,
			"duration":	30,
			"bytes":	0,
			"blocks":	0,
			"reverse":	0,
			"tos":	0,
			"target_bitrate":	0,
			"bidir":	0,
			"fqrate":	0,
			"interval":	1
		}
	},
	"intervals":	[{
			"streams":	[{
					"socket":	5,
					"start":	0,
					"end":	1.003182,
					"seconds":	1.003182053565979,
					"bytes":	36700160,
					"bits_per_second":	292669988.419694,
					"omitted":	false,
					"sender":	false
				}],
			"sum":	{
				"start":	0,
				"end":	1.003182,
				"seconds":	1.003182053565979,
				"bytes":	36700160,
				"bits_per_second":	292669988.419694,
				"omitted":	false,
				"sender":	false
			}
		}, {
			"streams":	[{
					"socket":	5,
					"start":	1.003182,
					"end":	2.008245,
					"seconds":	1.0050630569458008,
					"bytes":	54657024,
					"bits_per_second":	435053491.39857954,
					"omitted":	false,
					"sender":	false
				}],
			"sum":	{
				"start":	1.003182,
				"end":	2.008245,
				"seconds":	1.0050630569458008,
				"bytes":	54657024,
				"bits_per_second":	435053491.39857954,
				"omitted":	false,
				"sender":	false
			}
		}, {
			"streams":	[{
					"socket":	5,
					"start":	2.008245,
					"end":	3.013175,
					"seconds":	1.0049300193786621,
					"bytes":	54525952,
					"bits_per_second":	434067654.053864,
					"omitted":	false,
					"sender":	false
				}],
			"sum":	{
				"start":	2.008245,
				"end":	3.013175,
				"seconds":	1.0049300193786621,
				"bytes":	54525952,
				"bits_per_second":	434067654.053864,
				"omitted":	false,
				"sender":	false
			}
		}, {
			"streams":	[{
					"socket":	5,
					"start":	3.013175,
					"end":	4.004123,
					"seconds":	0.99094802141189575,
					"bytes":	53739520,
					"bits_per_second":	433843300.26458752,
					"omitted":	false,
					"sender":	false
				}],
			"sum":	{
				"start":	3.013175,
				"end":	4.004123,
				"seconds":	0.99094802141189575,
				"bytes":	53739520,
				"bits_per_second":	433843300.26458752,
				"omitted":	false,
				"sender":	false
			}
		}, {
			"streams":	[{
					"socket":	5,
					"start":	4.004123,
					"end":	5.008542,
					"seconds":	1.0044189691543579,
					"bytes":	54525952,
					"bits_per_second":	434288508.47694826,
					"omitted":	false,
					"sender":	false
				}],
			"sum":	{
				"start":	4.004123,
				"end":	5.008542,
				"seconds":	1.0044189691543579,
				"bytes":	54525952,
				"bits_per_second":	434288508.47694826,
				"omitted":	false,
				"sender":	false
			}
		}, {
			"streams":	[{
					"socket":	5,
					"start":	5.008542,
					"end":	6.00956,
					"seconds":	1.0010180473327637,
					"bytes":	54394880,
					"bits_per_second":	434716478.04901379,
					"omitted":	false,
					"sender":	false
				}],
			"sum":	{
				"start":	5.008542,
				"end":	6.00956,
				"seconds":	1.0010180473327637,
				"bytes":	54394880,
				"bits_per_second":	434716478.04901379,
				"omitted":	false,
				"sender":	false
			}
		}, {
			"streams":	[{
					"socket":	5,
					"start":	6.00956,
					"end":	7.010816,
					"seconds":	1.001255989074707,
					"bytes":	54394880,
					"bits_per_second":	434613170.605995,
					"omitted":	false,
					"sender":	false
				}],
			"sum":	{
				"start":	6.00956,
				"end":	7.010816,
				"seconds":	1.001255989074707,
				"bytes":	54394880,
				"bits_per_second":	434613170.605995,
				"omitted":	false,
				"sender":	false
			}
		}, {
			"streams":	[{
					"socket":	5,
					"start":	7.010816,
					"end":	8.012341,
					"seconds":	1.0015250444412231,
					"bytes":	54394880,
					"bits_per_second":	434496413.659617,
					"omitted":	false,
					"sender":	false
				}],
			"sum":	{
				"start":	7.010816,
				"end":	8.012341,
				"seconds":	1.0015250444412231,
				"bytes":	54394880,
				"bits_per_second":	434496413.659617,
				"omitted":	false,
				"sender":	false
			}
		}, {
			"streams":	[{
					"socket":	5,
					"start":	8.012341,
					"end":	9.014631,
					"seconds":	1.0022900104522705,
					"bytes":	54394880,
					"bits_per_second":	434164798.07440168,
					"omitted":	false,
					"sender":	false
				}],
			"sum":	{
				"start":	8.012341,
				"end":	9.014631,
				"seconds":	1.0022900104522705,
				"bytes":	54394880,
				"bits_per_second":	434164798.07440168,
				"omitted":	false,
				"sender":	false
			}
		}, {
			"streams":	[{
					"socket":	5,
					"start":	9.014631,
					"end":	10.003016,
					"seconds":	0.988385021686554,
					"bytes":	52035584,
					"bits_per_second":	421176629.41680652,
					"omitted":	false,
					"sender":	false
				}],
			"sum":	{
				"start":	9.014631,
				"end":	10.003016,
				"seconds":	0.988385021686554,
				"bytes":	52035584,
				"bits_per_second":	421176629.41680652,
				"omitted":	false,
				"sender":	false
			}
		}, {
			"streams":	[{
					"socket":	5,
					"start":	10.003016,
					"end":	11.010861,
					"seconds":	1.0078450441360474,
					"bytes":	54525952,
					"bits_per_second":	432812185.30367357,
					"omitted":	false,
					"sender":	false
				}],
			"sum":	{
				"start":	10.003016,
				"end":	11.010861,
				"seconds":	1.0078450441360474,
				"bytes":	54525952,
				"bits_per_second":	432812185.30367357,
				"omitted":	false,
				"sender":	false
			}
		}, {
			"streams":	[{
					"socket":	5,
					"start":	11.010861,
					"end":	12.015364,
					"seconds":	1.0045030117034912,
					"bytes":	54394880,
					"bits_per_second":	433208297.9642176,
					"omitted":	false,
					"sender":	false
				}],
			"sum":	{
				"start":	11.010861,
				"end":	12.015364,
				"seconds":	1.0045030117034912,
				"bytes":	54394880,
				"bits_per_second":	433208297.9642176,
				"omitted":	false,
				"sender":	false
			}
		}, {
			"streams":	[{
					"socket":	5,
					"start":	12.015364,
					"end":	13.006718,
					"seconds":	0.991353988647461,
					"bytes":	53084160,
					"bits_per_second":	428377032.68778557,
					"omitted":	false,
					"sender":	false
				}],
			"sum":	{
				"start":	12.015364,
				"end":	13.006718,
				"seconds":	0.991353988647461,
				"bytes":	53084160,
				"bits_per_second":	428377032.68778557,
				"omitted":	false,
				"sender":	false
			}
		}, {
			"streams":	[{
					"socket":	5,
					"start":	13.006718,
					"end":	14.010924,
					"seconds":	1.0042059421539307,
					"bytes":	54657024,
					"bits_per_second":	435424820.39304119,
					"omitted":	false,
					"sender":	false
				}],
			"sum":	{
				"start":	13.006718,
				"end":	14.010924,
				"seconds":	1.0042059421539307,
				"bytes":	54657024,
				"bits_per_second":	435424820.39304119,
				"omitted":	false,
				"sender":	false
			}
		}, {
			"streams":	[{
					"socket":	5,
					"start":	14.010924,
					"end":	15.000038,
					"seconds":	0.989113986492157,
					"bytes":	53739520,
					"bits_per_second":	434647741.181657,
					"omitted":	false,
					"sender":	false
				}],
			"sum":	{
				"start":	14.010924,
				"end":	15.000038,
				"seconds":	0.989113986492157,
				"bytes":	53739520,
				"bits_per_second":	434647741.181657,
				"omitted":	false,
				"sender":	false
			}
		}, {
			"streams":	[{
					"socket":	5,
					"start":	15.000038,
					"end":	16.003317,
					"seconds":	1.0032789707183838,
					"bytes":	54657024,
					"bits_per_second":	435827127.61028856,
					"omitted":	false,
					"sender":	false
				}],
			"sum":	{
				"start":	15.000038,
				"end":	16.003317,
				"seconds":	1.0032789707183838,
				"bytes":	54657024,
				"bits_per_second":	435827127.61028856,
				"omitted":	false,
				"sender":	false
			}
		}, {
			"streams":	[{
					"socket":	5,
					"start":	16.003317,
					"end":	17.007495,
					"seconds":	1.0041780471801758,
					"bytes":	54263808,
					"bits_per_second":	432304276.33727115,
					"omitted":	false,
					"sender":	false
				}],
			"sum":	{
				"start":	16.003317,
				"end":	17.007495,
				"seconds":	1.0041780471801758,
				"bytes":	54263808,
				"bits_per_second":	432304276.33727115,
				"omitted":	false,
				"sender":	false
			}
		}, {
			"streams":	[{
					"socket":	5,
					"start":	17.007495,
					"end":	18.01132,
					"seconds":	1.0038249492645264,
					"bytes":	54525952,
					"bits_per_second":	434545501.50362051,
					"omitted":	false,
					"sender":	false
				}],
			"sum":	{
				"start":	17.007495,
				"end":	18.01132,
				"seconds":	1.0038249492645264,
				"bytes":	54525952,
				"bits_per_second":	434545501.50362051,
				"omitted":	false,
				"sender":	false
			}
		}, {
			"streams":	[{
					"socket":	5,
					"start":	18.01132,
					"end":	19.013859,
					"seconds":	1.0025390386581421,
					"bytes":	54525952,
					"bits_per_second":	435102872.98522186,
					"omitted":	false,
					"sender":	false
				}],
			"sum":	{
				"start":	18.01132,
				"end":	19.013859,
				"seconds":	1.0025390386581421,
				"bytes":	54525952,
				"bits_per_second":	435102872.98522186,
				"omitted":	false,
				"sender":	false
			}
		}, {
			"streams":	[{
					"socket":	5,
					"start":	19.013859,
					"end":	20.004133,
					"seconds":	0.99027401208877563,
					"bytes":	53870592,
					"bits_per_second":	435197461.24708468,
					"omitted":	false,
					"sender":	false
				}],
			"sum":	{
				"start":	19.013859,
				"end":	20.004133,
				"seconds":	0.99027401208877563,
				"bytes":	53870592,
				"bits_per_second":	435197461.24708468,
				"omitted":	false,
				"sender":	false
			}
		}, {
			"streams":	[{
					"socket":	5,
					"start":	20.004133,
					"end":	21.007534,
					"seconds":	1.0034010410308838,
					"bytes":	54525952,
					"bits_per_second":	434729084.54614,
					"omitted":	false,
					"sender":	false
				}],
			"sum":	{
				"start":	20.004133,
				"end":	21.007534,
				"seconds":	1.0034010410308838,
				"bytes":	54525952,
				"bits_per_second":	434729084.54614,
				"omitted":	false,
				"sender":	false
			}
		}, {
			"streams":	[{
					"socket":	5,
					"start":	21.007534,
					"end":	22.010462,
					"seconds":	1.0029280185699463,
					"bytes":	54394880,
					"bits_per_second":	433888606.10403925,
					"omitted":	false,
					"sender":	false
				}],
			"sum":	{
				"start":	21.007534,
				"end":	22.010462,
				"seconds":	1.0029280185699463,
				"bytes":	54394880,
				"bits_per_second":	433888606.10403925,
				"omitted":	false,
				"sender":	false
			}
		}, {
			"streams":	[{
					"socket":	5,
					"start":	22.010462,
					"end":	23.015409,
					"seconds":	1.0049469470977783,
					"bytes":	53870592,
					"bits_per_second":	428843271.02500111,
					"omitted":	false,
					"sender":	false
				}],
			"sum":	{
				"start":	22.010462,
				"end":	23.015409,
				"seconds":	1.0049469470977783,
				"bytes":	53870592,
				"bits_per_second":	428843271.02500111,
				"omitted":	false,
				"sender":	false
			}
		}, {
			"streams":	[{
					"socket":	5,
					"start":	23.015409,
					"end":	24.000868,
					"seconds":	0.98545902967453,
					"bytes":	53215232,
					"bits_per_second":	432003607.63917726,
					"omitted":	false,
					"sender":	false
				}],
			"sum":	{
				"start":	23.015409,
				"end":	24.000868,
				"seconds":	0.98545902967453,
				"bytes":	53215232,
				"bits_per_second":	432003607.63917726,
				"omitted":	false,
				"sender":	false
			}
		}, {
			"streams":	[{
					"socket":	5,
					"start":	24.000868,
					"end":	25.00531,
					"seconds":	1.0044419765472412,
					"bytes":	54394880,
					"bits_per_second":	433234621.96975744,
					"omitted":	false,
					"sender":	false
				}],
			"sum":	{
				"start":	24.000868,
				"end":	25.00531,
				"seconds":	1.0044419765472412,
				"bytes":	54394880,
				"bits_per_second":	433234621.96975744,
				"omitted":	false,
				"sender":	false
			}
		}, {
			"streams":	[{
					"socket":	5,
					"start":	25.00531,
					"end":	26.008963,
					"seconds":	1.0036530494689941,
					"bytes":	54394880,
					"bits_per_second":	433575168.46108419,
					"omitted":	false,
					"sender":	false
				}],
			"sum":	{
				"start":	25.00531,
				"end":	26.008963,
				"seconds":	1.0036530494689941,
				"bytes":	54394880,
				"bits_per_second":	433575168.46108419,
				"omitted":	false,
				"sender":	false
			}
		}, {
			"streams":	[{
					"socket":	5,
					"start":	26.008963,
					"end":	27.010584,
					"seconds":	1.0016210079193115,
					"bytes":	53084160,
					"bits_per_second":	423985995.3438704,
					"omitted":	false,
					"sender":	false
				}],
			"sum":	{
				"start":	26.008963,
				"end":	27.010584,
				"seconds":	1.0016210079193115,
				"bytes":	53084160,
				"bits_per_second":	423985995.3438704,
				"omitted":	false,
				"sender":	false
			}
		}, {
			"streams":	[{
					"socket":	5,
					"start":	27.010584,
					"end":	28.013767,
					"seconds":	1.0031830072402954,
					"bytes":	53608448,
					"bits_per_second":	427506826.67541641,
					"omitted":	false,
					"sender":	false
				}],
			"sum":	{
				"start":	27.010584,
				"end":	28.013767,
				"seconds":	1.0031830072402954,
				"bytes":	53608448,
				"bits_per_second":	427506826.67541641,
				"omitted":	false,
				"sender":	false
			}
		}, {
			"streams":	[{
					"socket":	5,
					"start":	28.013767,
					"end":	29.002333,
					"seconds":	0.988565981388092,
					"bytes":	52953088,
					"bits_per_second":	428524460.65883088,
					"omitted":	false,
					"sender":	false
				}],
			"sum":	{
				"start":	28.013767,
				"end":	29.002333,
				"seconds":	0.988565981388092,
				"bytes":	52953088,
				"bits_per_second":	428524460.65883088,
				"omitted":	false,
				"sender":	false
			}
		}, {
			"streams":	[{
					"socket":	5,
					"start":	29.002333,
					"end":	30.003955,
					"seconds":	1.0016219615936279,
					"bytes":	54263808,
					"bits_per_second":	433407493.690843,
					"omitted":	false,
					"sender":	false
				}],
			"sum":	{
				"start":	29.002333,
				"end":	30.003955,
				"seconds":	1.0016219615936279,
				"bytes":	54263808,
				"bits_per_second":	433407493.690843,
				"omitted":	false,
				"sender":	false
			}
		}],
	"end":	{
		"streams":	[{
				"sender":	{
					"socket":	5,
					"start":	0,
					"end":	30.004329,
					"seconds":	30.004329,
					"bytes":	0,
					"bits_per_second":	0,
					"sender":	false
				},
				"receiver":	{
					"socket":	5,
					"start":	0,
					"end":	30.004329,
					"seconds":	30.004329,
					"bytes":	1604714496,
					"bits_per_second":	427862125.09534878,
					"sender":	false
				}
			}],
		"sum_sent":	{
			"start":	0,
			"end":	30.004329,
			"seconds":	30.004329,
			"bytes":	0,
			"bits_per_second":	0,
			"sender":	false
		},
		"sum_received":	{
			"start":	0,
			"end":	30.004329,
			"seconds":	30.004329,
			"bytes":	1604714496,
			"bits_per_second":	427862125.09534878,
			"sender":	false
		},
		"cpu_utilization_percent":	{
			"host_total":	0,
			"host_user":	0,
			"host_system":	0,
			"remote_total":	3.1738726008204114,
			"remote_user":	0.519542629305335,
			"remote_system":	2.6543299715150761
		}
	}
}
{
	"start":	{
		"connected":	[{
				"socket":	5,
				"local_host":	"192.168.5.33",
				"local_port":	5201,
				"remote_host":	"192.168.5.23",
				"remote_port":	49225
			}],
		"version":	"iperf 3.18",
		"system_info":	"CYGWIN_NT-10.0-22621 WIN-20250124JFD 3.5.4-1.x86_64 2024-08-25 16:52 UTC x86_64",
		"sock_bufsize":	0,
		"sndbuf_actual":	65536,
		"rcvbuf_actual":	65536,
		"timestamp":	{
			"time":	"Tue, 11 Feb 2025 18:42:15 GMT",
			"timesecs":	1739299335
		},
		"accepted_connection":	{
			"host":	"192.168.5.23",
			"port":	49224
		},
		"cookie":	"qfew4yflmtpzsymguabxr7m2ygq5ktxu6rwi",
		"tcp_mss_default":	0,
		"target_bitrate":	0,
		"fq_rate":	0,
		"test_start":	{
			"protocol":	"TCP",
			"num_streams":	1,
			"blksize":	131072,
			"omit":	0,
			"duration":	30,
			"bytes":	0,
			"blocks":	0,
			"reverse":	0,
			"tos":	0,
			"target_bitrate":	0,
			"bidir":	0,
			"fqrate":	0,
			"interval":	1
		}
	},
	"intervals":	[{
			"streams":	[{
					"socket":	5,
					"start":	0,
					"end":	1.010241,
					"seconds":	1.0102410316467285,
					"bytes":	20185088,
					"bits_per_second":	159843739.208237,
					"omitted":	false,
					"sender":	false
				}],
			"sum":	{
				"start":	0,
				"end":	1.010241,
				"seconds":	1.0102410316467285,
				"bytes":	20185088,
				"bits_per_second":	159843739.208237,
				"omitted":	false,
				"sender":	false
			}
		}, {
			"streams":	[{
					"socket":	5,
					"start":	1.010241,
					"end":	2.014067,
					"seconds":	1.0038260221481323,
					"bytes":	43646976,
					"bits_per_second":	347844945.53427,
					"omitted":	false,
					"sender":	false
				}],
			"sum":	{
				"start":	1.010241,
				"end":	2.014067,
				"seconds":	1.0038260221481323,
				"bytes":	43646976,
				"bits_per_second":	347844945.53427,
				"omitted":	false,
				"sender":	false
			}
		}, {
			"streams":	[{
					"socket":	5,
					"start":	2.014067,
					"end":	3.012943,
					"seconds":	0.99887597560882568,
					"bytes":	43646976,
					"bits_per_second":	349568731.78091359,
					"omitted":	false,
					"sender":	false
				}],
			"sum":	{
				"start":	2.014067,
				"end":	3.012943,
				"seconds":	0.99887597560882568,
				"bytes":	43646976,
				"bits_per_second":	349568731.78091359,
				"omitted":	false,
				"sender":	false
			}
		}, {
			"streams":	[{
					"socket":	5,
					"start":	3.012943,
					"end":	4.000851,
					"seconds":	0.9879080057144165,
					"bytes":	43909120,
					"bits_per_second":	355572541.13552111,
					"omitted":	false,
					"sender":	false
				}],
			"sum":	{
				"start":	3.012943,
				"end":	4.000851,
				"seconds":	0.9879080057144165,
				"bytes":	43909120,
				"bits_per_second":	355572541.13552111,
				"omitted":	false,
				"sender":	false
			}
		}, {
			"streams":	[{
					"socket":	5,
					"start":	4.000851,
					"end":	5.009126,
					"seconds":	1.008275032043457,
					"bytes":	44826624,
					"bits_per_second":	355669812.901351,
					"omitted":	false,
					"sender":	false
				}],
			"sum":	{
				"start":	4.000851,
				"end":	5.009126,
				"seconds":	1.008275032043457,
				"bytes":	44826624,
				"bits_per_second":	355669812.901351,
				"omitted":	false,
				"sender":	false
			}
		}, {
			"streams":	[{
					"socket":	5,
					"start":	5.009126,
					"end":	6.002374,
					"seconds":	0.99324798583984375,
					"bytes":	44040192,
					"bits_per_second":	354716587.42110962,
					"omitted":	false,
					"sender":	false
				}],
			"sum":	{
				"start":	5.009126,
				"end":	6.002374,
				"seconds":	0.99324798583984375,
				"bytes":	44040192,
				"bits_per_second":	354716587.42110962,
				"omitted":	false,
				"sender":	false
			}
		}, {
			"streams":	[{
					"socket":	5,
					"start":	6.002374,
					"end":	7.011188,
					"seconds":	1.0088139772415161,
					"bytes":	44957696,
					"bits_per_second":	356519215.74624938,
					"omitted":	false,
					"sender":	false
				}],
			"sum":	{
				"start":	6.002374,
				"end":	7.011188,
				"seconds":	1.0088139772415161,
				"bytes":	44957696,
				"bits_per_second":	356519215.74624938,
				"omitted":	false,
				"sender":	false
			}
		}, {
			"streams":	[{
					"socket":	5,
					"start":	7.011188,
					"end":	8.005145,
					"seconds":	0.993956983089447,
					"bytes":	44302336,
					"bits_per_second":	356573467.49392027,
					"omitted":	false,
					"sender":	false
				}],
			"sum":	{
				"start":	7.011188,
				"end":	8.005145,
				"seconds":	0.993956983089447,
				"bytes":	44302336,
				"bits_per_second":	356573467.49392027,
				"omitted":	false,
				"sender":	false
			}
		}, {
			"streams":	[{
					"socket":	5,
					"start":	8.005145,
					"end":	9.006098,
					"seconds":	1.0009529590606689,
					"bytes":	44433408,
					"bits_per_second":	355128840.75349909,
					"omitted":	false,
					"sender":	false
				}],
			"sum":	{
				"start":	8.005145,
				"end":	9.006098,
				"seconds":	1.0009529590606689,
				"bytes":	44433408,
				"bits_per_second":	355128840.75349909,
				"omitted":	false,
				"sender":	false
			}
		}, {
			"streams":	[{
					"socket":	5,
					"start":	9.006098,
					"end":	10.005934,
					"seconds":	0.999836027622223,
					"bytes":	44302336,
					"bits_per_second":	354476812.405797,
					"omitted":	false,
					"sender":	false
				}],
			"sum":	{
				"start":	9.006098,
				"end":	10.005934,
				"seconds":	0.999836027622223,
				"bytes":	44302336,
				"bits_per_second":	354476812.405797,
				"omitted":	false,
				"sender":	false
			}
		}, {
			"streams":	[{
					"socket":	5,
					"start":	10.005934,
					"end":	11.001011,
					"seconds":	0.99507701396942139,
					"bytes":	44171264,
					"bits_per_second":	355118354.69938713,
					"omitted":	false,
					"sender":	false
				}],
			"sum":	{
				"start":	10.005934,
				"end":	11.001011,
				"seconds":	0.99507701396942139,
				"bytes":	44171264,
				"bits_per_second":	355118354.69938713,
				"omitted":	false,
				"sender":	false
			}
		}, {
			"streams":	[{
					"socket":	5,
					"start":	11.001011,
					"end":	12.008673,
					"seconds":	1.0076620578765869,
					"bytes":	44564480,
					"bits_per_second":	353804965.87444615,
					"omitted":	false,
					"sender":	false
				}],
			"sum":	{
				"start":	11.001011,
				"end":	12.008673,
				"seconds":	1.0076620578765869,
				"bytes":	44564480,
				"bits_per_second":	353804965.87444615,
				"omitted":	false,
				"sender":	false
			}
		}, {
			"streams":	[{
					"socket":	5,
					"start":	12.008673,
					"end":	13.001103,
					"seconds":	0.99242997169494629,
					"bytes":	43778048,
					"bits_per_second":	352895815.31063652,
					"omitted":	false,
					"sender":	false
				}],
			"sum":	{
				"start":	12.008673,
				"end":	13.001103,
				"seconds":	0.99242997169494629,
				"bytes":	43778048,
				"bits_per_second":	352895815.31063652,
				"omitted":	false,
				"sender":	false
			}
		}, {
			"streams":	[{
					"socket":	5,
					"start":	13.001103,
					"end":	14.012963,
					"seconds":	1.0118600130081177,
					"bytes":	44564480,
					"bits_per_second":	352337117.206686,
					"omitted":	false,
					"sender":	false
				}],
			"sum":	{
				"start":	13.001103,
				"end":	14.012963,
				"seconds":	1.0118600130081177,
				"bytes":	44564480,
				"bits_per_second":	352337117.206686,
				"omitted":	false,
				"sender":	false
			}
		}, {
			"streams":	[{
					"socket":	5,
					"start":	14.012963,
					"end":	15.007887,
					"seconds":	0.994924008846283,
					"bytes":	43515904,
					"bits_per_second":	349903338.249611,
					"omitted":	false,
					"sender":	false
				}],
			"sum":	{
				"start":	14.012963,
				"end":	15.007887,
				"seconds":	0.994924008846283,
				"bytes":	43515904,
				"bits_per_second":	349903338.249611,
				"omitted":	false,
				"sender":	false
			}
		}, {
			"streams":	[{
					"socket":	5,
					"start":	15.007887,
					"end":	16.006916,
					"seconds":	0.999028980731964,
					"bytes":	43909120,
					"bits_per_second":	351614384.34211475,
					"omitted":	false,
					"sender":	false
				}],
			"sum":	{
				"start":	15.007887,
				"end":	16.006916,
				"seconds":	0.999028980731964,
				"bytes":	43909120,
				"bits_per_second":	351614384.34211475,
				"omitted":	false,
				"sender":	false
			}
		}, {
			"streams":	[{
					"socket":	5,
					"start":	16.006916,
					"end":	17.014323,
					"seconds":	1.0074069499969482,
					"bytes":	44302336,
					"bits_per_second":	351812827.974905,
					"omitted":	false,
					"sender":	false
				}],
			"sum":	{
				"start":	16.006916,
				"end":	17.014323,
				"seconds":	1.0074069499969482,
				"bytes":	44302336,
				"bits_per_second":	351812827.974905,
				"omitted":	false,
				"sender":	false
			}
		}, {
			"streams":	[{
					"socket":	5,
					"start":	17.014323,
					"end":	18.009246,
					"seconds":	0.99492299556732178,
					"bytes":	44302336,
					"bits_per_second":	356227255.3544755,
					"omitted":	false,
					"sender":	false
				}],
			"sum":	{
				"start":	17.014323,
				"end":	18.009246,
				"seconds":	0.99492299556732178,
				"bytes":	44302336,
				"bits_per_second":	356227255.3544755,
				"omitted":	false,
				"sender":	false
			}
		}, {
			"streams":	[{
					"socket":	5,
					"start":	18.009246,
					"end":	19.00569,
					"seconds":	0.9964439868927002,
					"bytes":	44040192,
					"bits_per_second":	353578867.08582139,
					"omitted":	false,
					"sender":	false
				}],
			"sum":	{
				"start":	18.009246,
				"end":	19.00569,
				"seconds":	0.9964439868927002,
				"bytes":	44040192,
				"bits_per_second":	353578867.08582139,
				"omitted":	false,
				"sender":	false
			}
		}, {
			"streams":	[{
					"socket":	5,
					"start":	19.00569,
					"end":	20.002247,
					"seconds":	0.99655699729919434,
					"bytes":	44040192,
					"bits_per_second":	353538770.943197,
					"omitted":	false,
					"sender":	false
				}],
			"sum":	{
				"start":	19.00569,
				"end":	20.002247,
				"seconds":	0.99655699729919434,
				"bytes":	44040192,
				"bits_per_second":	353538770.943197,
				"omitted":	false,
				"sender":	false
			}
		}, {
			"streams":	[{
					"socket":	5,
					"start":	20.002247,
					"end":	21.004523,
					"seconds":	1.0022759437561035,
					"bytes":	43909120,
					"bits_per_second":	350475297.93399858,
					"omitted":	false,
					"sender":	false
				}],
			"sum":	{
				"start":	20.002247,
				"end":	21.004523,
				"seconds":	1.0022759437561035,
				"bytes":	43909120,
				"bits_per_second":	350475297.93399858,
				"omitted":	false,
				"sender":	false
			}
		}, {
			"streams":	[{
					"socket":	5,
					"start":	21.004523,
					"end":	22.002028,
					"seconds":	0.997505009174347,
					"bytes":	43909120,
					"bits_per_second":	352151574.94873637,
					"omitted":	false,
					"sender":	false
				}],
			"sum":	{
				"start":	21.004523,
				"end":	22.002028,
				"seconds":	0.997505009174347,
				"bytes":	43909120,
				"bits_per_second":	352151574.94873637,
				"omitted":	false,
				"sender":	false
			}
		}, {
			"streams":	[{
					"socket":	5,
					"start":	22.002028,
					"end":	23.012339,
					"seconds":	1.0103110074996948,
					"bytes":	41418752,
					"bits_per_second":	327968332.06838053,
					"omitted":	false,
					"sender":	false
				}],
			"sum":	{
				"start":	22.002028,
				"end":	23.012339,
				"seconds":	1.0103110074996948,
				"bytes":	41418752,
				"bits_per_second":	327968332.06838053,
				"omitted":	false,
				"sender":	false
			}
		}, {
			"streams":	[{
					"socket":	5,
					"start":	23.012339,
					"end":	24.008669,
					"seconds":	0.99633002281188965,
					"bytes":	43778048,
					"bits_per_second":	351514433.95390236,
					"omitted":	false,
					"sender":	false
				}],
			"sum":	{
				"start":	23.012339,
				"end":	24.008669,
				"seconds":	0.99633002281188965,
				"bytes":	43778048,
				"bits_per_second":	351514433.95390236,
				"omitted":	false,
				"sender":	false
			}
		}, {
			"streams":	[{
					"socket":	5,
					"start":	24.008669,
					"end":	25.00733,
					"seconds":	0.998660981655121,
					"bytes":	44302336,
					"bits_per_second":	354893897.43915671,
					"omitted":	false,
					"sender":	false
				}],
			"sum":	{
				"start":	24.008669,
				"end":	25.00733,
				"seconds":	0.998660981655121,
				"bytes":	44302336,
				"bits_per_second":	354893897.43915671,
				"omitted":	false,
				"sender":	false
			}
		}, {
			"streams":	[{
					"socket":	5,
					"start":	25.00733,
					"end":	26.010636,
					"seconds":	1.0033060312271118,
					"bytes":	44564480,
					"bits_per_second":	355341071.32193434,
					"omitted":	false,
					"sender":	false
				}],
			"sum":	{
				"start":	25.00733,
				"end":	26.010636,
				"seconds":	1.0033060312271118,
				"bytes":	44564480,
				"bits_per_second":	355341071.32193434,
				"omitted":	false,
				"sender":	false
			}
		}, {
			"streams":	[{
					"socket":	5,
					"start":	26.010636,
					"end":	27.007661,
					"seconds":	0.9970250129699707,
					"bytes":	44171264,
					"bits_per_second":	354424520.35116911,
					"omitted":	false,
					"sender":	false
				}],
			"sum":	{
				"start":	26.010636,
				"end":	27.007661,
				"seconds":	0.9970250129699707,
				"bytes":	44171264,
				"bits_per_second":	354424520.35116911,
				"omitted":	false,
				"sender":	false
			}
		}, {
			"streams":	[{
					"socket":	5,
					"start":	27.007661,
					"end":	28.000524,
					"seconds":	0.9928629994392395,
					"bytes":	44171264,
					"bits_per_second":	355910243.60821223,
					"omitted":	false,
					"sender":	false
				}],
			"sum":	{
				"start":	27.007661,
				"end":	28.000524,
				"seconds":	0.9928629994392395,
				"bytes":	44171264,
				"bits_per_second":	355910243.60821223,
				"omitted":	false,
				"sender":	false
			}
		}, {
			"streams":	[{
					"socket":	5,
					"start":	28.000524,
					"end":	29.008664,
					"seconds":	1.008139967918396,
					"bytes":	44695552,
					"bits_per_second":	354677353.719343,
					"omitted":	false,
					"sender":	false
				}],
			"sum":	{
				"start":	28.000524,
				"end":	29.008664,
				"seconds":	1.008139967918396,
				"bytes":	44695552,
				"bits_per_second":	354677353.719343,
				"omitted":	false,
				"sender":	false
			}
		}, {
			"streams":	[{
					"socket":	5,
					"start":	29.008664,
					"end":	30.004527,
					"seconds":	0.99586302042007446,
					"bytes":	44171264,
					"bits_per_second":	354838069.84914613,
					"omitted":	false,
					"sender":	false
				}],
			"sum":	{
				"start":	29.008664,
				"end":	30.004527,
				"seconds":	0.99586302042007446,
				"bytes":	44171264,
				"bits_per_second":	354838069.84914613,
				"omitted":	false,
				"sender":	false
			}
		}, {
			"streams":	[{
					"socket":	5,
					"start":	30.004527,
					"end":	30.006365,
					"seconds":	0.0018380000256001949,
					"bytes":	131072,
					"bits_per_second":	570498359.84501135,
					"omitted":	false,
					"sender":	false
				}],
			"sum":	{
				"start":	30.004527,
				"end":	30.006365,
				"seconds":	0.0018380000256001949,
				"bytes":	131072,
				"bits_per_second":	570498359.84501135,
				"omitted":	false,
				"sender":	false
			}
		}],
	"end":	{
		"streams":	[{
				"sender":	{
					"socket":	5,
					"start":	0,
					"end":	30.006365,
					"seconds":	30.006365,
					"bytes":	0,
					"bits_per_second":	0,
					"sender":	false
				},
				"receiver":	{
					"socket":	5,
					"start":	0,
					"end":	30.006365,
					"seconds":	30.006365,
					"bytes":	1298661376,
					"bits_per_second":	346236240.47764534,
					"sender":	false
				}
			}],
		"sum_sent":	{
			"start":	0,
			"end":	30.006365,
			"seconds":	30.006365,
			"bytes":	0,
			"bits_per_second":	0,
			"sender":	false
		},
		"sum_received":	{
			"start":	0,
			"end":	30.006365,
			"seconds":	30.006365,
			"bytes":	1298661376,
			"bits_per_second":	346236240.47764534,
			"sender":	false
		},
		"cpu_utilization_percent":	{
			"host_total":	0,
			"host_user":	0,
			"host_system":	0,
			"remote_total":	3.1213732150000872,
			"remote_user":	0.676242009226273,
			"remote_system":	2.4451312057738144
		}
	}
}
{
	"start":	{
		"connected":	[{
				"socket":	5,
				"local_host":	"192.168.5.33",
				"local_port":	5201,
				"remote_host":	"192.168.5.23",
				"remote_port":	49258
			}],
		"version":	"iperf 3.18",
		"system_info":	"CYGWIN_NT-10.0-22621 WIN-20250124JFD 3.5.4-1.x86_64 2024-08-25 16:52 UTC x86_64",
		"sock_bufsize":	0,
		"sndbuf_actual":	65536,
		"rcvbuf_actual":	65536,
		"timestamp":	{
			"time":	"Tue, 11 Feb 2025 18:43:03 GMT",
			"timesecs":	1739299383
		},
		"accepted_connection":	{
			"host":	"192.168.5.23",
			"port":	49253
		},
		"cookie":	"4zdtxlwluyk7o2jnj4qorwmedqj6c3adhxqw",
		"tcp_mss_default":	0,
		"target_bitrate":	0,
		"fq_rate":	0,
		"test_start":	{
			"protocol":	"TCP",
			"num_streams":	1,
			"blksize":	131072,
			"omit":	0,
			"duration":	30,
			"bytes":	0,
			"blocks":	0,
			"reverse":	0,
			"tos":	0,
			"target_bitrate":	0,
			"bidir":	0,
			"fqrate":	0,
			"interval":	1
		}
	},
	"intervals":	[{
			"streams":	[{
					"socket":	5,
					"start":	0,
					"end":	1.011129,
					"seconds":	1.0111290216445923,
					"bytes":	12845056,
					"bits_per_second":	101629412.07330896,
					"omitted":	false,
					"sender":	false
				}],
			"sum":	{
				"start":	0,
				"end":	1.011129,
				"seconds":	1.0111290216445923,
				"bytes":	12845056,
				"bits_per_second":	101629412.07330896,
				"omitted":	false,
				"sender":	false
			}
		}, {
			"streams":	[{
					"socket":	5,
					"start":	1.011129,
					"end":	2.005588,
					"seconds":	0.99445897340774536,
					"bytes":	15204352,
					"bits_per_second":	122312553.10934544,
					"omitted":	false,
					"sender":	false
				}],
			"sum":	{
				"start":	1.011129,
				"end":	2.005588,
				"seconds":	0.99445897340774536,
				"bytes":	15204352,
				"bits_per_second":	122312553.10934544,
				"omitted":	false,
				"sender":	false
			}
		}, {
			"streams":	[{
					"socket":	5,
					"start":	2.005588,
					"end":	3.000453,
					"seconds":	0.99486500024795532,
					"bytes":	13762560,
					"bits_per_second":	110668764.07608981,
					"omitted":	false,
					"sender":	false
				}],
			"sum":	{
				"start":	2.005588,
				"end":	3.000453,
				"seconds":	0.99486500024795532,
				"bytes":	13762560,
				"bits_per_second":	110668764.07608981,
				"omitted":	false,
				"sender":	false
			}
		}, {
			"streams":	[{
					"socket":	5,
					"start":	3.000453,
					"end":	4.001099,
					"seconds":	1.0006459951400757,
					"bytes":	13762560,
					"bits_per_second":	110029401.54133886,
					"omitted":	false,
					"sender":	false
				}],
			"sum":	{
				"start":	3.000453,
				"end":	4.001099,
				"seconds":	1.0006459951400757,
				"bytes":	13762560,
				"bits_per_second":	110029401.54133886,
				"omitted":	false,
				"sender":	false
			}
		}, {
			"streams":	[{
					"socket":	5,
					"start":	4.001099,
					"end":	5.014605,
					"seconds":	1.0135060548782349,
					"bytes":	13893632,
					"bits_per_second":	109667875.65305047,
					"omitted":	false,
					"sender":	false
				}],
			"sum":	{
				"start":	4.001099,
				"end":	5.014605,
				"seconds":	1.0135060548782349,
				"bytes":	13893632,
				"bits_per_second":	109667875.65305047,
				"omitted":	false,
				"sender":	false
			}
		}, {
			"streams":	[{
					"socket":	5,
					"start":	5.014605,
					"end":	6.013825,
					"seconds":	0.99922001361846924,
					"bytes":	13762560,
					"bits_per_second":	110186423.91007943,
					"omitted":	false,
					"sender":	false
				}],
			"sum":	{
				"start":	5.014605,
				"end":	6.013825,
				"seconds":	0.99922001361846924,
				"bytes":	13762560,
				"bits_per_second":	110186423.91007943,
				"omitted":	false,
				"sender":	false
			}
		}, {
			"streams":	[{
					"socket":	5,
					"start":	6.013825,
					"end":	7.010256,
					"seconds":	0.996430993080139,
					"bytes":	13631488,
					"bits_per_second":	109442505.05787848,
					"omitted":	false,
					"sender":	false
				}],
			"sum":	{
				"start":	6.013825,
				"end":	7.010256,
				"seconds":	0.996430993080139,
				"bytes":	13631488,
				"bits_per_second":	109442505.05787848,
				"omitted":	false,
				"sender":	false
			}
		}, {
			"streams":	[{
					"socket":	5,
					"start":	7.010256,
					"end":	8.011268,
					"seconds":	1.0010119676589966,
					"bytes":	13631488,
					"bits_per_second":	108941658.56481495,
					"omitted":	false,
					"sender":	false
				}],
			"sum":	{
				"start":	7.010256,
				"end":	8.011268,
				"seconds":	1.0010119676589966,
				"bytes":	13631488,
				"bits_per_second":	108941658.56481495,
				"omitted":	false,
				"sender":	false
			}
		}, {
			"streams":	[{
					"socket":	5,
					"start":	8.011268,
					"end":	9.003905,
					"seconds":	0.99263697862625122,
					"bytes":	13631488,
					"bits_per_second":	109860811.50323571,
					"omitted":	false,
					"sender":	false
				}],
			"sum":	{
				"start":	8.011268,
				"end":	9.003905,
				"seconds":	0.99263697862625122,
				"bytes":	13631488,
				"bits_per_second":	109860811.50323571,
				"omitted":	false,
				"sender":	false
			}
		}, {
			"streams":	[{
					"socket":	5,
					"start":	9.003905,
					"end":	10.003356,
					"seconds":	0.999450981616974,
					"bytes":	13762560,
					"bits_per_second":	110160960.39234722,
					"omitted":	false,
					"sender":	false
				}],
			"sum":	{
				"start":	9.003905,
				"end":	10.003356,
				"seconds":	0.999450981616974,
				"bytes":	13762560,
				"bits_per_second":	110160960.39234722,
				"omitted":	false,
				"sender":	false
			}
		}, {
			"streams":	[{
					"socket":	5,
					"start":	10.003356,
					"end":	11.001513,
					"seconds":	0.998157024383545,
					"bytes":	14942208,
					"bits_per_second":	119758375.76640375,
					"omitted":	false,
					"sender":	false
				}],
			"sum":	{
				"start":	10.003356,
				"end":	11.001513,
				"seconds":	0.998157024383545,
				"bytes":	14942208,
				"bits_per_second":	119758375.76640375,
				"omitted":	false,
				"sender":	false
			}
		}, {
			"streams":	[{
					"socket":	5,
					"start":	11.001513,
					"end":	12.012909,
					"seconds":	1.011396050453186,
					"bytes":	15204352,
					"bits_per_second":	120264278.21771492,
					"omitted":	false,
					"sender":	false
				}],
			"sum":	{
				"start":	11.001513,
				"end":	12.012909,
				"seconds":	1.011396050453186,
				"bytes":	15204352,
				"bits_per_second":	120264278.21771492,
				"omitted":	false,
				"sender":	false
			}
		}, {
			"streams":	[{
					"socket":	5,
					"start":	12.012909,
					"end":	13.00934,
					"seconds":	0.996430993080139,
					"bytes":	13631488,
					"bits_per_second":	109442505.05787848,
					"omitted":	false,
					"sender":	false
				}],
			"sum":	{
				"start":	12.012909,
				"end":	13.00934,
				"seconds":	0.996430993080139,
				"bytes":	13631488,
				"bits_per_second":	109442505.05787848,
				"omitted":	false,
				"sender":	false
			}
		}, {
			"streams":	[{
					"socket":	5,
					"start":	13.00934,
					"end":	14.00711,
					"seconds":	0.99777001142501831,
					"bytes":	13500416,
					"bits_per_second":	108244712.472115,
					"omitted":	false,
					"sender":	false
				}],
			"sum":	{
				"start":	13.00934,
				"end":	14.00711,
				"seconds":	0.99777001142501831,
				"bytes":	13500416,
				"bits_per_second":	108244712.472115,
				"omitted":	false,
				"sender":	false
			}
		}, {
			"streams":	[{
					"socket":	5,
					"start":	14.00711,
					"end":	15.005517,
					"seconds":	0.998407006263733,
					"bytes":	14024704,
					"bits_per_second":	112376647.29524402,
					"omitted":	false,
					"sender":	false
				}],
			"sum":	{
				"start":	14.00711,
				"end":	15.005517,
				"seconds":	0.998407006263733,
				"bytes":	14024704,
				"bits_per_second":	112376647.29524402,
				"omitted":	false,
				"sender":	false
			}
		}, {
			"streams":	[{
					"socket":	5,
					"start":	15.005517,
					"end":	16.007245,
					"seconds":	1.0017280578613281,
					"bytes":	14680064,
					"bits_per_second":	117237918.09399194,
					"omitted":	false,
					"sender":	false
				}],
			"sum":	{
				"start":	15.005517,
				"end":	16.007245,
				"seconds":	1.0017280578613281,
				"bytes":	14680064,
				"bits_per_second":	117237918.09399194,
				"omitted":	false,
				"sender":	false
			}
		}, {
			"streams":	[{
					"socket":	5,
					"start":	16.007245,
					"end":	17.004682,
					"seconds":	0.9974370002746582,
					"bytes":	13631488,
					"bits_per_second":	109332122.1991675,
					"omitted":	false,
					"sender":	false
				}],
			"sum":	{
				"start":	16.007245,
				"end":	17.004682,
				"seconds":	0.9974370002746582,
				"bytes":	13631488,
				"bits_per_second":	109332122.1991675,
				"omitted":	false,
				"sender":	false
			}
		}, {
			"streams":	[{
					"socket":	5,
					"start":	17.004682,
					"end":	18.003537,
					"seconds":	0.99885499477386475,
					"bytes":	13762560,
					"bits_per_second":	110226690.13626562,
					"omitted":	false,
					"sender":	false
				}],
			"sum":	{
				"start":	17.004682,
				"end":	18.003537,
				"seconds":	0.99885499477386475,
				"bytes":	13762560,
				"bits_per_second":	110226690.13626562,
				"omitted":	false,
				"sender":	false
			}
		}, {
			"streams":	[{
					"socket":	5,
					"start":	18.003537,
					"end":	19.002197,
					"seconds":	0.99866002798080444,
					"bytes":	13631488,
					"bits_per_second":	109198226.56814709,
					"omitted":	false,
					"sender":	false
				}],
			"sum":	{
				"start":	18.003537,
				"end":	19.002197,
				"seconds":	0.99866002798080444,
				"bytes":	13631488,
				"bits_per_second":	109198226.56814709,
				"omitted":	false,
				"sender":	false
			}
		}, {
			"streams":	[{
					"socket":	5,
					"start":	19.002197,
					"end":	20.000605,
					"seconds":	0.998408019542694,
					"bytes":	14417920,
					"bits_per_second":	115527277.16753648,
					"omitted":	false,
					"sender":	false
				}],
			"sum":	{
				"start":	19.002197,
				"end":	20.000605,
				"seconds":	0.998408019542694,
				"bytes":	14417920,
				"bits_per_second":	115527277.16753648,
				"omitted":	false,
				"sender":	false
			}
		}, {
			"streams":	[{
					"socket":	5,
					"start":	20.000605,
					"end":	21.012795,
					"seconds":	1.0121899843215942,
					"bytes":	15728640,
					"bits_per_second":	124313737.4890497,
					"omitted":	false,
					"sender":	false
				}],
			"sum":	{
				"start":	20.000605,
				"end":	21.012795,
				"seconds":	1.0121899843215942,
				"bytes":	15728640,
				"bits_per_second":	124313737.4890497,
				"omitted":	false,
				"sender":	false
			}
		}, {
			"streams":	[{
					"socket":	5,
					"start":	21.012795,
					"end":	22.012593,
					"seconds":	0.9997979998588562,
					"bytes":	13500416,
					"bits_per_second":	108025149.09536435,
					"omitted":	false,
					"sender":	false
				}],
			"sum":	{
				"start":	21.012795,
				"end":	22.012593,
				"seconds":	0.9997979998588562,
				"bytes":	13500416,
				"bits_per_second":	108025149.09536435,
				"omitted":	false,
				"sender":	false
			}
		}, {
			"streams":	[{
					"socket":	5,
					"start":	22.012593,
					"end":	23.008093,
					"seconds":	0.99550002813339233,
					"bytes":	13500416,
					"bits_per_second":	108491536.86365145,
					"omitted":	false,
					"sender":	false
				}],
			"sum":	{
				"start":	22.012593,
				"end":	23.008093,
				"seconds":	0.99550002813339233,
				"bytes":	13500416,
				"bits_per_second":	108491536.86365145,
				"omitted":	false,
				"sender":	false
			}
		}, {
			"streams":	[{
					"socket":	5,
					"start":	23.008093,
					"end":	24.007048,
					"seconds":	0.998955011367798,
					"bytes":	13762560,
					"bits_per_second":	110215654.10563111,
					"omitted":	false,
					"sender":	false
				}],
			"sum":	{
				"start":	23.008093,
				"end":	24.007048,
				"seconds":	0.998955011367798,
				"bytes":	13762560,
				"bits_per_second":	110215654.10563111,
				"omitted":	false,
				"sender":	false
			}
		}, {
			"streams":	[{
					"socket":	5,
					"start":	24.007048,
					"end":	25.003363,
					"seconds":	0.99631500244140625,
					"bytes":	14942208,
					"bits_per_second":	119979789.2303946,
					"omitted":	false,
					"sender":	false
				}],
			"sum":	{
				"start":	24.007048,
				"end":	25.003363,
				"seconds":	0.99631500244140625,
				"bytes":	14942208,
				"bits_per_second":	119979789.2303946,
				"omitted":	false,
				"sender":	false
			}
		}, {
			"streams":	[{
					"socket":	5,
					"start":	25.003363,
					"end":	26.00083,
					"seconds":	0.99746698141098022,
					"bytes":	13369344,
					"bits_per_second":	107226358.35895613,
					"omitted":	false,
					"sender":	false
				}],
			"sum":	{
				"start":	25.003363,
				"end":	26.00083,
				"seconds":	0.99746698141098022,
				"bytes":	13369344,
				"bits_per_second":	107226358.35895613,
				"omitted":	false,
				"sender":	false
			}
		}, {
			"streams":	[{
					"socket":	5,
					"start":	26.00083,
					"end":	27.003646,
					"seconds":	1.0028159618377686,
					"bytes":	13500416,
					"bits_per_second":	107700048.77273019,
					"omitted":	false,
					"sender":	false
				}],
			"sum":	{
				"start":	26.00083,
				"end":	27.003646,
				"seconds":	1.0028159618377686,
				"bytes":	13500416,
				"bits_per_second":	107700048.77273019,
				"omitted":	false,
				"sender":	false
			}
		}, {
			"streams":	[{
					"socket":	5,
					"start":	27.003646,
					"end":	28.001568,
					"seconds":	0.99792200326919556,
					"bytes":	13631488,
					"bits_per_second":	109278985.37435353,
					"omitted":	false,
					"sender":	false
				}],
			"sum":	{
				"start":	27.003646,
				"end":	28.001568,
				"seconds":	0.99792200326919556,
				"bytes":	13631488,
				"bits_per_second":	109278985.37435353,
				"omitted":	false,
				"sender":	false
			}
		}, {
			"streams":	[{
					"socket":	5,
					"start":	28.001568,
					"end":	29.013706,
					"seconds":	1.01213800907135,
					"bytes":	13631488,
					"bits_per_second":	107744105.07521257,
					"omitted":	false,
					"sender":	false
				}],
			"sum":	{
				"start":	28.001568,
				"end":	29.013706,
				"seconds":	1.01213800907135,
				"bytes":	13631488,
				"bits_per_second":	107744105.07521257,
				"omitted":	false,
				"sender":	false
			}
		}, {
			"streams":	[{
					"socket":	5,
					"start":	29.013706,
					"end":	30.010513,
					"seconds":	0.99680697917938232,
					"bytes":	14942208,
					"bits_per_second":	119920572.88604555,
					"omitted":	false,
					"sender":	false
				}],
			"sum":	{
				"start":	29.013706,
				"end":	30.010513,
				"seconds":	0.99680697917938232,
				"bytes":	14942208,
				"bits_per_second":	119920572.88604555,
				"omitted":	false,
				"sender":	false
			}
		}, {
			"streams":	[{
					"socket":	5,
					"start":	30.010513,
					"end":	30.014356,
					"seconds":	0.0038429999258369207,
					"bytes":	131072,
					"bits_per_second":	272853505.13548172,
					"omitted":	false,
					"sender":	false
				}],
			"sum":	{
				"start":	30.010513,
				"end":	30.014356,
				"seconds":	0.0038429999258369207,
				"bytes":	131072,
				"bits_per_second":	272853505.13548172,
				"omitted":	false,
				"sender":	false
			}
		}],
	"end":	{
		"streams":	[{
				"sender":	{
					"socket":	5,
					"start":	0,
					"end":	30.014356,
					"seconds":	30.014356,
					"bytes":	0,
					"bits_per_second":	0,
					"sender":	false
				},
				"receiver":	{
					"socket":	5,
					"start":	0,
					"end":	30.014356,
					"seconds":	30.014356,
					"bytes":	419954688,
					"bits_per_second":	111934352.48119266,
					"sender":	false
				}
			}],
		"sum_sent":	{
			"start":	0,
			"end":	30.014356,
			"seconds":	30.014356,
			"bytes":	0,
			"bits_per_second":	0,
			"sender":	false
		},
		"sum_received":	{
			"start":	0,
			"end":	30.014356,
			"seconds":	30.014356,
			"bytes":	419954688,
			"bits_per_second":	111934352.48119266,
			"sender":	false
		},
		"cpu_utilization_percent":	{
			"host_total":	0,
			"host_user":	0,
			"host_system":	0,
			"remote_total":	1.9752941006392692,
			"remote_user":	0.25981946011781282,
			"remote_system":	1.7154746405214563
		}
	}
}
{
	"start":	{
		"connected":	[{
				"socket":	5,
				"local_host":	"192.168.5.33",
				"local_port":	5201,
				"remote_host":	"192.168.5.23",
				"remote_port":	49278
			}],
		"version":	"iperf 3.18",
		"system_info":	"CYGWIN_NT-10.0-22621 WIN-20250124JFD 3.5.4-1.x86_64 2024-08-25 16:52 UTC x86_64",
		"sock_bufsize":	0,
		"sndbuf_actual":	65536,
		"rcvbuf_actual":	65536,
		"timestamp":	{
			"time":	"Tue, 11 Feb 2025 18:43:49 GMT",
			"timesecs":	1739299429
		},
		"accepted_connection":	{
			"host":	"192.168.5.23",
			"port":	49271
		},
		"cookie":	"7ba2hzbehyvwlyzm4la4jgjvncue5dkuzyqw",
		"tcp_mss_default":	0,
		"target_bitrate":	0,
		"fq_rate":	0,
		"test_start":	{
			"protocol":	"TCP",
			"num_streams":	1,
			"blksize":	131072,
			"omit":	0,
			"duration":	30,
			"bytes":	0,
			"blocks":	0,
			"reverse":	0,
			"tos":	0,
			"target_bitrate":	0,
			"bidir":	0,
			"fqrate":	0,
			"interval":	1
		}
	},
	"intervals":	[{
			"streams":	[{
					"socket":	5,
					"start":	0,
					"end":	1.00029,
					"seconds":	1.0002900362014771,
					"bytes":	20447232,
					"bits_per_second":	163530426.25634268,
					"omitted":	false,
					"sender":	false
				}],
			"sum":	{
				"start":	0,
				"end":	1.00029,
				"seconds":	1.0002900362014771,
				"bytes":	20447232,
				"bits_per_second":	163530426.25634268,
				"omitted":	false,
				"sender":	false
			}
		}, {
			"streams":	[{
					"socket":	5,
					"start":	1.00029,
					"end":	2.011903,
					"seconds":	1.0116130113601685,
					"bytes":	11927552,
					"bits_per_second":	94325018.488742143,
					"omitted":	false,
					"sender":	false
				}],
			"sum":	{
				"start":	1.00029,
				"end":	2.011903,
				"seconds":	1.0116130113601685,
				"bytes":	11927552,
				"bits_per_second":	94325018.488742143,
				"omitted":	false,
				"sender":	false
			}
		}, {
			"streams":	[{
					"socket":	5,
					"start":	2.011903,
					"end":	3.008459,
					"seconds":	0.996555984020233,
					"bytes":	11141120,
					"bits_per_second":	89436982.396555871,
					"omitted":	false,
					"sender":	false
				}],
			"sum":	{
				"start":	2.011903,
				"end":	3.008459,
				"seconds":	0.996555984020233,
				"bytes":	11141120,
				"bits_per_second":	89436982.396555871,
				"omitted":	false,
				"sender":	false
			}
		}, {
			"streams":	[{
					"socket":	5,
					"start":	3.008459,
					"end":	4.009773,
					"seconds":	1.0013140439987183,
					"bytes":	11272192,
					"bits_per_second":	90059194.25625816,
					"omitted":	false,
					"sender":	false
				}],
			"sum":	{
				"start":	3.008459,
				"end":	4.009773,
				"seconds":	1.0013140439987183,
				"bytes":	11272192,
				"bits_per_second":	90059194.25625816,
				"omitted":	false,
				"sender":	false
			}
		}, {
			"streams":	[{
					"socket":	5,
					"start":	4.009773,
					"end":	5.008072,
					"seconds":	0.9982990026474,
					"bytes":	11534336,
					"bits_per_second":	92431914.4417612,
					"omitted":	false,
					"sender":	false
				}],
			"sum":	{
				"start":	4.009773,
				"end":	5.008072,
				"seconds":	0.9982990026474,
				"bytes":	11534336,
				"bits_per_second":	92431914.4417612,
				"omitted":	false,
				"sender":	false
			}
		}, {
			"streams":	[{
					"socket":	5,
					"start":	5.008072,
					"end":	6.005293,
					"seconds":	0.99722099304199219,
					"bytes":	11796480,
					"bits_per_second":	94634830.853411525,
					"omitted":	false,
					"sender":	false
				}],
			"sum":	{
				"start":	5.008072,
				"end":	6.005293,
				"seconds":	0.99722099304199219,
				"bytes":	11796480,
				"bits_per_second":	94634830.853411525,
				"omitted":	false,
				"sender":	false
			}
		}, {
			"streams":	[{
					"socket":	5,
					"start":	6.005293,
					"end":	7.00255,
					"seconds":	0.99725699424743652,
					"bytes":	11272192,
					"bits_per_second":	90425573.869302347,
					"omitted":	false,
					"sender":	false
				}],
			"sum":	{
				"start":	6.005293,
				"end":	7.00255,
				"seconds":	0.99725699424743652,
				"bytes":	11272192,
				"bits_per_second":	90425573.869302347,
				"omitted":	false,
				"sender":	false
			}
		}, {
			"streams":	[{
					"socket":	5,
					"start":	7.00255,
					"end":	8.011926,
					"seconds":	1.009376049041748,
					"bytes":	11272192,
					"bits_per_second":	89339880.895341352,
					"omitted":	false,
					"sender":	false
				}],
			"sum":	{
				"start":	7.00255,
				"end":	8.011926,
				"seconds":	1.009376049041748,
				"bytes":	11272192,
				"bits_per_second":	89339880.895341352,
				"omitted":	false,
				"sender":	false
			}
		}, {
			"streams":	[{
					"socket":	5,
					"start":	8.011926,
					"end":	9.010642,
					"seconds":	0.99871599674224854,
					"bytes":	11272192,
					"bits_per_second":	90293473.1136316,
					"omitted":	false,
					"sender":	false
				}],
			"sum":	{
				"start":	8.011926,
				"end":	9.010642,
				"seconds":	0.99871599674224854,
				"bytes":	11272192,
				"bits_per_second":	90293473.1136316,
				"omitted":	false,
				"sender":	false
			}
		}, {
			"streams":	[{
					"socket":	5,
					"start":	9.010642,
					"end":	10.012682,
					"seconds":	1.0020400285720825,
					"bytes":	12320768,
					"bits_per_second":	98365475.6192303,
					"omitted":	false,
					"sender":	false
				}],
			"sum":	{
				"start":	9.010642,
				"end":	10.012682,
				"seconds":	1.0020400285720825,
				"bytes":	12320768,
				"bits_per_second":	98365475.6192303,
				"omitted":	false,
				"sender":	false
			}
		}, {
			"streams":	[{
					"socket":	5,
					"start":	10.012682,
					"end":	11.014009,
					"seconds":	1.0013270378112793,
					"bytes":	12845056,
					"bits_per_second":	102624261.72433718,
					"omitted":	false,
					"sender":	false
				}],
			"sum":	{
				"start":	10.012682,
				"end":	11.014009,
				"seconds":	1.0013270378112793,
				"bytes":	12845056,
				"bits_per_second":	102624261.72433718,
				"omitted":	false,
				"sender":	false
			}
		}, {
			"streams":	[{
					"socket":	5,
					"start":	11.014009,
					"end":	12.012768,
					"seconds":	0.99875897169113159,
					"bytes":	11141120,
					"bits_per_second":	89239709.005150571,
					"omitted":	false,
					"sender":	false
				}],
			"sum":	{
				"start":	11.014009,
				"end":	12.012768,
				"seconds":	0.99875897169113159,
				"bytes":	11141120,
				"bits_per_second":	89239709.005150571,
				"omitted":	false,
				"sender":	false
			}
		}, {
			"streams":	[{
					"socket":	5,
					"start":	12.012768,
					"end":	13.003964,
					"seconds":	0.99119597673416138,
					"bytes":	11141120,
					"bits_per_second":	89920623.259253174,
					"omitted":	false,
					"sender":	false
				}],
			"sum":	{
				"start":	12.012768,
				"end":	13.003964,
				"seconds":	0.99119597673416138,
				"bytes":	11141120,
				"bits_per_second":	89920623.259253174,
				"omitted":	false,
				"sender":	false
			}
		}, {
			"streams":	[{
					"socket":	5,
					"start":	13.003964,
					"end":	14.000942,
					"seconds":	0.996977984905243,
					"bytes":	11141120,
					"bits_per_second":	89399125.506739452,
					"omitted":	false,
					"sender":	false
				}],
			"sum":	{
				"start":	13.003964,
				"end":	14.000942,
				"seconds":	0.996977984905243,
				"bytes":	11141120,
				"bits_per_second":	89399125.506739452,
				"omitted":	false,
				"sender":	false
			}
		}, {
			"streams":	[{
					"socket":	5,
					"start":	14.000942,
					"end":	15.010332,
					"seconds":	1.0093899965286255,
					"bytes":	12058624,
					"bits_per_second":	95571575.2402587,
					"omitted":	false,
					"sender":	false
				}],
			"sum":	{
				"start":	14.000942,
				"end":	15.010332,
				"seconds":	1.0093899965286255,
				"bytes":	12058624,
				"bits_per_second":	95571575.2402587,
				"omitted":	false,
				"sender":	false
			}
		}, {
			"streams":	[{
					"socket":	5,
					"start":	15.010332,
					"end":	16.006302,
					"seconds":	0.99597001075744629,
					"bytes":	11272192,
					"bits_per_second":	90542420.982554466,
					"omitted":	false,
					"sender":	false
				}],
			"sum":	{
				"start":	15.010332,
				"end":	16.006302,
				"seconds":	0.99597001075744629,
				"bytes":	11272192,
				"bits_per_second":	90542420.982554466,
				"omitted":	false,
				"sender":	false
			}
		}, {
			"streams":	[{
					"socket":	5,
					"start":	16.006302,
					"end":	17.002839,
					"seconds":	0.99653702974319458,
					"bytes":	11141120,
					"bits_per_second":	89438683.500771,
					"omitted":	false,
					"sender":	false
				}],
			"sum":	{
				"start":	16.006302,
				"end":	17.002839,
				"seconds":	0.99653702974319458,
				"bytes":	11141120,
				"bits_per_second":	89438683.500771,
				"omitted":	false,
				"sender":	false
			}
		}, {
			"streams":	[{
					"socket":	5,
					"start":	17.002839,
					"end":	18.012889,
					"seconds":	1.0100500583648682,
					"bytes":	11141120,
					"bits_per_second":	88242121.5283998,
					"omitted":	false,
					"sender":	false
				}],
			"sum":	{
				"start":	17.002839,
				"end":	18.012889,
				"seconds":	1.0100500583648682,
				"bytes":	11141120,
				"bits_per_second":	88242121.5283998,
				"omitted":	false,
				"sender":	false
			}
		}, {
			"streams":	[{
					"socket":	5,
					"start":	18.012889,
					"end":	19.007978,
					"seconds":	0.99508899450302124,
					"bytes":	11141120,
					"bits_per_second":	89568833.031375051,
					"omitted":	false,
					"sender":	false
				}],
			"sum":	{
				"start":	18.012889,
				"end":	19.007978,
				"seconds":	0.99508899450302124,
				"bytes":	11141120,
				"bits_per_second":	89568833.031375051,
				"omitted":	false,
				"sender":	false
			}
		}, {
			"streams":	[{
					"socket":	5,
					"start":	19.007978,
					"end":	20.005265,
					"seconds":	0.99728697538375854,
					"bytes":	13107200,
					"bits_per_second":	105142855.15425541,
					"omitted":	false,
					"sender":	false
				}],
			"sum":	{
				"start":	19.007978,
				"end":	20.005265,
				"seconds":	0.99728697538375854,
				"bytes":	13107200,
				"bits_per_second":	105142855.15425541,
				"omitted":	false,
				"sender":	false
			}
		}, {
			"streams":	[{
					"socket":	5,
					"start":	20.005265,
					"end":	21.003586,
					"seconds":	0.998320996761322,
					"bytes":	11665408,
					"bits_per_second":	93480217.5880827,
					"omitted":	false,
					"sender":	false
				}],
			"sum":	{
				"start":	20.005265,
				"end":	21.003586,
				"seconds":	0.998320996761322,
				"bytes":	11665408,
				"bits_per_second":	93480217.5880827,
				"omitted":	false,
				"sender":	false
			}
		}, {
			"streams":	[{
					"socket":	5,
					"start":	21.003586,
					"end":	22.004238,
					"seconds":	1.0006519556045532,
					"bytes":	11141120,
					"bits_per_second":	89070889.734235227,
					"omitted":	false,
					"sender":	false
				}],
			"sum":	{
				"start":	21.003586,
				"end":	22.004238,
				"seconds":	1.0006519556045532,
				"bytes":	11141120,
				"bits_per_second":	89070889.734235227,
				"omitted":	false,
				"sender":	false
			}
		}, {
			"streams":	[{
					"socket":	5,
					"start":	22.004238,
					"end":	23.001145,
					"seconds":	0.99690699577331543,
					"bytes":	11141120,
					"bits_per_second":	89405491.5632941,
					"omitted":	false,
					"sender":	false
				}],
			"sum":	{
				"start":	22.004238,
				"end":	23.001145,
				"seconds":	0.99690699577331543,
				"bytes":	11141120,
				"bits_per_second":	89405491.5632941,
				"omitted":	false,
				"sender":	false
			}
		}, {
			"streams":	[{
					"socket":	5,
					"start":	23.001145,
					"end":	24.000852,
					"seconds":	0.99970698356628418,
					"bytes":	11272192,
					"bits_per_second":	90203967.2447891,
					"omitted":	false,
					"sender":	false
				}],
			"sum":	{
				"start":	23.001145,
				"end":	24.000852,
				"seconds":	0.99970698356628418,
				"bytes":	11272192,
				"bits_per_second":	90203967.2447891,
				"omitted":	false,
				"sender":	false
			}
		}, {
			"streams":	[{
					"socket":	5,
					"start":	24.000852,
					"end":	25.012821,
					"seconds":	1.0119689702987671,
					"bytes":	12058624,
					"bits_per_second":	95328013.833783,
					"omitted":	false,
					"sender":	false
				}],
			"sum":	{
				"start":	24.000852,
				"end":	25.012821,
				"seconds":	1.0119689702987671,
				"bytes":	12058624,
				"bits_per_second":	95328013.833783,
				"omitted":	false,
				"sender":	false
			}
		}, {
			"streams":	[{
					"socket":	5,
					"start":	25.012821,
					"end":	26.010688,
					"seconds":	0.997866988182068,
					"bytes":	11141120,
					"bits_per_second":	89319479.505356476,
					"omitted":	false,
					"sender":	false
				}],
			"sum":	{
				"start":	25.012821,
				"end":	26.010688,
				"seconds":	0.997866988182068,
				"bytes":	11141120,
				"bits_per_second":	89319479.505356476,
				"omitted":	false,
				"sender":	false
			}
		}, {
			"streams":	[{
					"socket":	5,
					"start":	26.010688,
					"end":	27.007136,
					"seconds":	0.9964479804039,
					"bytes":	11272192,
					"bits_per_second":	90498990.186569944,
					"omitted":	false,
					"sender":	false
				}],
			"sum":	{
				"start":	26.010688,
				"end":	27.007136,
				"seconds":	0.9964479804039,
				"bytes":	11272192,
				"bits_per_second":	90498990.186569944,
				"omitted":	false,
				"sender":	false
			}
		}, {
			"streams":	[{
					"socket":	5,
					"start":	27.007136,
					"end":	28.00369,
					"seconds":	0.99655401706695557,
					"bytes":	11141120,
					"bits_per_second":	89437158.923229426,
					"omitted":	false,
					"sender":	false
				}],
			"sum":	{
				"start":	27.007136,
				"end":	28.00369,
				"seconds":	0.99655401706695557,
				"bytes":	11141120,
				"bits_per_second":	89437158.923229426,
				"omitted":	false,
				"sender":	false
			}
		}, {
			"streams":	[{
					"socket":	5,
					"start":	28.00369,
					"end":	29.001731,
					"seconds":	0.99804097414016724,
					"bytes":	11534336,
					"bits_per_second":	92455811.325278044,
					"omitted":	false,
					"sender":	false
				}],
			"sum":	{
				"start":	28.00369,
				"end":	29.001731,
				"seconds":	0.99804097414016724,
				"bytes":	11534336,
				"bits_per_second":	92455811.325278044,
				"omitted":	false,
				"sender":	false
			}
		}, {
			"streams":	[{
					"socket":	5,
					"start":	29.001731,
					"end":	30.012723,
					"seconds":	1.0109920501708984,
					"bytes":	12976128,
					"bits_per_second":	102680356.371202,
					"omitted":	false,
					"sender":	false
				}],
			"sum":	{
				"start":	29.001731,
				"end":	30.012723,
				"seconds":	1.0109920501708984,
				"bytes":	12976128,
				"bits_per_second":	102680356.371202,
				"omitted":	false,
				"sender":	false
			}
		}, {
			"streams":	[{
					"socket":	5,
					"start":	30.012723,
					"end":	30.03516,
					"seconds":	0.022437000647187233,
					"bytes":	917504,
					"bits_per_second":	327139625.98740518,
					"omitted":	false,
					"sender":	false
				}],
			"sum":	{
				"start":	30.012723,
				"end":	30.03516,
				"seconds":	0.022437000647187233,
				"bytes":	917504,
				"bits_per_second":	327139625.98740518,
				"omitted":	false,
				"sender":	false
			}
		}],
	"end":	{
		"streams":	[{
				"sender":	{
					"socket":	5,
					"start":	0,
					"end":	30.03516,
					"seconds":	30.03516,
					"bytes":	0,
					"bits_per_second":	0,
					"sender":	false
				},
				"receiver":	{
					"socket":	5,
					"start":	0,
					"end":	30.03516,
					"seconds":	30.03516,
					"bytes":	356646912,
					"bits_per_second":	94994509.6347081,
					"sender":	false
				}
			}],
		"sum_sent":	{
			"start":	0,
			"end":	30.03516,
			"seconds":	30.03516,
			"bytes":	0,
			"bits_per_second":	0,
			"sender":	false
		},
		"sum_received":	{
			"start":	0,
			"end":	30.03516,
			"seconds":	30.03516,
			"bytes":	356646912,
			"bits_per_second":	94994509.6347081,
			"sender":	false
		},
		"cpu_utilization_percent":	{
			"host_total":	0,
			"host_user":	0,
			"host_system":	0,
			"remote_total":	0.72912065618461952,
			"remote_user":	0.15647794904418774,
			"remote_system":	0.57264270714043175
		}
	}
}
{
	"start":	{
		"connected":	[],
		"version":	"iperf 3.18",
		"system_info":	"CYGWIN_NT-10.0-22621 WIN-20250124JFD 3.5.4-1.x86_64 2024-08-25 16:52 UTC x86_64"
	},
	"intervals":	[],
	"end":	{
	},
	"error":	"interrupt - the server has terminated"
}
