{
	"start":	{
		"connected":	[{
				"socket":	5,
				"local_host":	"192.168.5.30",
				"local_port":	5201,
				"remote_host":	"192.168.5.20",
				"remote_port":	54700
			}],
		"version":	"iperf 3.18",
		"system_info":	"CYGWIN_NT-10.0-22621 WIN-20250124JFD 3.5.4-1.x86_64 2024-08-25 16:52 UTC x86_64",
		"sock_bufsize":	0,
		"sndbuf_actual":	65536,
		"rcvbuf_actual":	65536,
		"timestamp":	{
			"time":	"Tue, 11 Feb 2025 18:13:51 GMT",
			"timesecs":	1739297631
		},
		"accepted_connection":	{
			"host":	"192.168.5.20",
			"port":	54694
		},
		"cookie":	"wobfflfld2mguqo7wok52zyw6ejuj2gtbydt",
		"tcp_mss_default":	0,
		"target_bitrate":	0,
		"fq_rate":	0,
		"test_start":	{
			"protocol":	"TCP",
			"num_streams":	1,
			"blksize":	131072,
			"omit":	0,
			"duration":	30,
			"bytes":	0,
			"blocks":	0,
			"reverse":	0,
			"tos":	0,
			"target_bitrate":	0,
			"bidir":	0,
			"fqrate":	0,
			"interval":	1
		}
	},
	"intervals":	[{
			"streams":	[{
					"socket":	5,
					"start":	0,
					"end":	1.015503,
					"seconds":	1.0155030488967896,
					"bytes":	120193024,
					"bits_per_second":	946864899.16952121,
					"omitted":	false,
					"sender":	false
				}],
			"sum":	{
				"start":	0,
				"end":	1.015503,
				"seconds":	1.0155030488967896,
				"bytes":	120193024,
				"bits_per_second":	946864899.16952121,
				"omitted":	false,
				"sender":	false
			}
		}, {
			"streams":	[{
					"socket":	5,
					"start":	1.015503,
					"end":	2.00341,
					"seconds":	0.98790699243545532,
					"bytes":	117309440,
					"bits_per_second":	949963435.005563,
					"omitted":	false,
					"sender":	false
				}],
			"sum":	{
				"start":	1.015503,
				"end":	2.00341,
				"seconds":	0.98790699243545532,
				"bytes":	117309440,
				"bits_per_second":	949963435.005563,
				"omitted":	false,
				"sender":	false
			}
		}, {
			"streams":	[{
					"socket":	5,
					"start":	2.00341,
					"end":	3.010067,
					"seconds":	1.0066570043563843,
					"bytes":	119406592,
					"bits_per_second":	948935667.12998724,
					"omitted":	false,
					"sender":	false
				}],
			"sum":	{
				"start":	2.00341,
				"end":	3.010067,
				"seconds":	1.0066570043563843,
				"bytes":	119406592,
				"bits_per_second":	948935667.12998724,
				"omitted":	false,
				"sender":	false
			}
		}, {
			"streams":	[{
					"socket":	5,
					"start":	3.010067,
					"end":	4.001559,
					"seconds":	0.991491973400116,
					"bytes":	80347136,
					"bits_per_second":	648292780.21861267,
					"omitted":	false,
					"sender":	false
				}],
			"sum":	{
				"start":	3.010067,
				"end":	4.001559,
				"seconds":	0.991491973400116,
				"bytes":	80347136,
				"bits_per_second":	648292780.21861267,
				"omitted":	false,
				"sender":	false
			}
		}, {
			"streams":	[{
					"socket":	5,
					"start":	4.001559,
					"end":	5.006947,
					"seconds":	1.0053880214691162,
					"bytes":	79953920,
					"bits_per_second":	636203481.98036337,
					"omitted":	false,
					"sender":	false
				}],
			"sum":	{
				"start":	4.001559,
				"end":	5.006947,
				"seconds":	1.0053880214691162,
				"bytes":	79953920,
				"bits_per_second":	636203481.98036337,
				"omitted":	false,
				"sender":	false
			}
		}, {
			"streams":	[{
					"socket":	5,
					"start":	5.006947,
					"end":	6.009636,
					"seconds":	1.002689003944397,
					"bytes":	83623936,
					"bits_per_second":	667197391.5823437,
					"omitted":	false,
					"sender":	false
				}],
			"sum":	{
				"start":	5.006947,
				"end":	6.009636,
				"seconds":	1.002689003944397,
				"bytes":	83623936,
				"bits_per_second":	667197391.5823437,
				"omitted":	false,
				"sender":	false
			}
		}, {
			"streams":	[{
					"socket":	5,
					"start":	6.009636,
					"end":	7.011,
					"seconds":	1.00136399269104,
					"bytes":	118751232,
					"bits_per_second":	948715814.563062,
					"omitted":	false,
					"sender":	false
				}],
			"sum":	{
				"start":	6.009636,
				"end":	7.011,
				"seconds":	1.00136399269104,
				"bytes":	118751232,
				"bits_per_second":	948715814.563062,
				"omitted":	false,
				"sender":	false
			}
		}, {
			"streams":	[{
					"socket":	5,
					"start":	7.011,
					"end":	8.000871,
					"seconds":	0.98987102508544922,
					"bytes":	82444288,
					"bits_per_second":	666303273.139109,
					"omitted":	false,
					"sender":	false
				}],
			"sum":	{
				"start":	7.011,
				"end":	8.000871,
				"seconds":	0.98987102508544922,
				"bytes":	82444288,
				"bits_per_second":	666303273.139109,
				"omitted":	false,
				"sender":	false
			}
		}, {
			"streams":	[{
					"socket":	5,
					"start":	8.000871,
					"end":	9.004989,
					"seconds":	1.0041179656982422,
					"bytes":	117833728,
					"bits_per_second":	938803861.89932132,
					"omitted":	false,
					"sender":	false
				}],
			"sum":	{
				"start":	8.000871,
				"end":	9.004989,
				"seconds":	1.0041179656982422,
				"bytes":	117833728,
				"bits_per_second":	938803861.89932132,
				"omitted":	false,
				"sender":	false
			}
		}, {
			"streams":	[{
					"socket":	5,
					"start":	9.004989,
					"end":	10.007801,
					"seconds":	1.0028120279312134,
					"bytes":	119013376,
					"bits_per_second":	949437164.17540669,
					"omitted":	false,
					"sender":	false
				}],
			"sum":	{
				"start":	9.004989,
				"end":	10.007801,
				"seconds":	1.0028120279312134,
				"bytes":	119013376,
				"bits_per_second":	949437164.17540669,
				"omitted":	false,
				"sender":	false
			}
		}, {
			"streams":	[{
					"socket":	5,
					"start":	10.007801,
					"end":	11.01098,
					"seconds":	1.0031789541244507,
					"bytes":	84148224,
					"bits_per_second":	671052546.73882151,
					"omitted":	false,
					"sender":	false
				}],
			"sum":	{
				"start":	10.007801,
				"end":	11.01098,
				"seconds":	1.0031789541244507,
				"bytes":	84148224,
				"bits_per_second":	671052546.73882151,
				"omitted":	false,
				"sender":	false
			}
		}, {
			"streams":	[{
					"socket":	5,
					"start":	11.01098,
					"end":	12.014053,
					"seconds":	1.00307297706604,
					"bytes":	118620160,
					"bits_per_second":	946054077.516558,
					"omitted":	false,
					"sender":	false
				}],
			"sum":	{
				"start":	11.01098,
				"end":	12.014053,
				"seconds":	1.00307297706604,
				"bytes":	118620160,
				"bits_per_second":	946054077.516558,
				"omitted":	false,
				"sender":	false
			}
		}, {
			"streams":	[{
					"socket":	5,
					"start":	12.014053,
					"end":	13.012991,
					"seconds":	0.998938024044037,
					"bytes":	118095872,
					"bits_per_second":	945771362.446757,
					"omitted":	false,
					"sender":	false
				}],
			"sum":	{
				"start":	12.014053,
				"end":	13.012991,
				"seconds":	0.998938024044037,
				"bytes":	118095872,
				"bits_per_second":	945771362.446757,
				"omitted":	false,
				"sender":	false
			}
		}, {
			"streams":	[{
					"socket":	5,
					"start":	13.012991,
					"end":	14.014968,
					"seconds":	1.00197696685791,
					"bytes":	83886080,
					"bits_per_second":	669764537.706351,
					"omitted":	false,
					"sender":	false
				}],
			"sum":	{
				"start":	13.012991,
				"end":	14.014968,
				"seconds":	1.00197696685791,
				"bytes":	83886080,
				"bits_per_second":	669764537.706351,
				"omitted":	false,
				"sender":	false
			}
		}, {
			"streams":	[{
					"socket":	5,
					"start":	14.014968,
					"end":	15.015268,
					"seconds":	1.0003000497817993,
					"bytes":	118620160,
					"bits_per_second":	948676629.784235,
					"omitted":	false,
					"sender":	false
				}],
			"sum":	{
				"start":	14.014968,
				"end":	15.015268,
				"seconds":	1.0003000497817993,
				"bytes":	118620160,
				"bits_per_second":	948676629.784235,
				"omitted":	false,
				"sender":	false
			}
		}, {
			"streams":	[{
					"socket":	5,
					"start":	15.015268,
					"end":	16.00427,
					"seconds":	0.989001989364624,
					"bytes":	82182144,
					"bits_per_second":	664768280.620323,
					"omitted":	false,
					"sender":	false
				}],
			"sum":	{
				"start":	15.015268,
				"end":	16.00427,
				"seconds":	0.989001989364624,
				"bytes":	82182144,
				"bits_per_second":	664768280.620323,
				"omitted":	false,
				"sender":	false
			}
		}, {
			"streams":	[{
					"socket":	5,
					"start":	16.00427,
					"end":	17.003746,
					"seconds":	0.99947601556777954,
					"bytes":	118226944,
					"bits_per_second":	946311404.44396126,
					"omitted":	false,
					"sender":	false
				}],
			"sum":	{
				"start":	16.00427,
				"end":	17.003746,
				"seconds":	0.99947601556777954,
				"bytes":	118226944,
				"bits_per_second":	946311404.44396126,
				"omitted":	false,
				"sender":	false
			}
		}, {
			"streams":	[{
					"socket":	5,
					"start":	17.003746,
					"end":	18.003781,
					"seconds":	1.0000350475311279,
					"bytes":	117440512,
					"bits_per_second":	939491169.15400469,
					"omitted":	false,
					"sender":	false
				}],
			"sum":	{
				"start":	17.003746,
				"end":	18.003781,
				"seconds":	1.0000350475311279,
				"bytes":	117440512,
				"bits_per_second":	939491169.15400469,
				"omitted":	false,
				"sender":	false
			}
		}, {
			"streams":	[{
					"socket":	5,
					"start":	18.003781,
					"end":	19.015156,
					"seconds":	1.0113749504089355,
					"bytes":	117702656,
					"bits_per_second":	931030818.6091305,
					"omitted":	false,
					"sender":	false
				}],
			"sum":	{
				"start":	18.003781,
				"end":	19.015156,
				"seconds":	1.0113749504089355,
				"bytes":	117702656,
				"bits_per_second":	931030818.6091305,
				"omitted":	false,
				"sender":	false
			}
		}, {
			"streams":	[{
					"socket":	5,
					"start":	19.015156,
					"end":	20.01047,
					"seconds":	0.99531400203704834,
					"bytes":	117833728,
					"bits_per_second":	947107970.01820052,
					"omitted":	false,
					"sender":	false
				}],
			"sum":	{
				"start":	19.015156,
				"end":	20.01047,
				"seconds":	0.99531400203704834,
				"bytes":	117833728,
				"bits_per_second":	947107970.01820052,
				"omitted":	false,
				"sender":	false
			}
		}, {
			"streams":	[{
					"socket":	5,
					"start":	20.01047,
					"end":	21.009671,
					"seconds":	0.999200999736786,
					"bytes":	118489088,
					"bits_per_second":	948670692.13271761,
					"omitted":	false,
					"sender":	false
				}],
			"sum":	{
				"start":	20.01047,
				"end":	21.009671,
				"seconds":	0.999200999736786,
				"bytes":	118489088,
				"bits_per_second":	948670692.13271761,
				"omitted":	false,
				"sender":	false
			}
		}, {
			"streams":	[{
					"socket":	5,
					"start":	21.009671,
					"end":	22.012853,
					"seconds":	1.003182053565979,
					"bytes":	82706432,
					"bits_per_second":	659552723.90295339,
					"omitted":	false,
					"sender":	false
				}],
			"sum":	{
				"start":	21.009671,
				"end":	22.012853,
				"seconds":	1.003182053565979,
				"bytes":	82706432,
				"bits_per_second":	659552723.90295339,
				"omitted":	false,
				"sender":	false
			}
		}, {
			"streams":	[{
					"socket":	5,
					"start":	22.012853,
					"end":	23.001529,
					"seconds":	0.98867601156234741,
					"bytes":	116654080,
					"bits_per_second":	943921597.25334752,
					"omitted":	false,
					"sender":	false
				}],
			"sum":	{
				"start":	22.012853,
				"end":	23.001529,
				"seconds":	0.98867601156234741,
				"bytes":	116654080,
				"bits_per_second":	943921597.25334752,
				"omitted":	false,
				"sender":	false
			}
		}, {
			"streams":	[{
					"socket":	5,
					"start":	23.001529,
					"end":	24.013135,
					"seconds":	1.011605978012085,
					"bytes":	120061952,
					"bits_per_second":	949476018.20965672,
					"omitted":	false,
					"sender":	false
				}],
			"sum":	{
				"start":	23.001529,
				"end":	24.013135,
				"seconds":	1.011605978012085,
				"bytes":	120061952,
				"bits_per_second":	949476018.20965672,
				"omitted":	false,
				"sender":	false
			}
		}, {
			"streams":	[{
					"socket":	5,
					"start":	24.013135,
					"end":	25.012802,
					"seconds":	0.99966698884964,
					"bytes":	82837504,
					"bits_per_second":	662920792.01554668,
					"omitted":	false,
					"sender":	false
				}],
			"sum":	{
				"start":	24.013135,
				"end":	25.012802,
				"seconds":	0.99966698884964,
				"bytes":	82837504,
				"bits_per_second":	662920792.01554668,
				"omitted":	false,
				"sender":	false
			}
		}, {
			"streams":	[{
					"socket":	5,
					"start":	25.012802,
					"end":	26.010214,
					"seconds":	0.99741202592849731,
					"bytes":	117702656,
					"bits_per_second":	944064462.35039,
					"omitted":	false,
					"sender":	false
				}],
			"sum":	{
				"start":	25.012802,
				"end":	26.010214,
				"seconds":	0.99741202592849731,
				"bytes":	117702656,
				"bits_per_second":	944064462.35039,
				"omitted":	false,
				"sender":	false
			}
		}, {
			"streams":	[{
					"socket":	5,
					"start":	26.010214,
					"end":	27.011505,
					"seconds":	1.001291036605835,
					"bytes":	118882304,
					"bits_per_second":	949832163.90699661,
					"omitted":	false,
					"sender":	false
				}],
			"sum":	{
				"start":	26.010214,
				"end":	27.011505,
				"seconds":	1.001291036605835,
				"bytes":	118882304,
				"bits_per_second":	949832163.90699661,
				"omitted":	false,
				"sender":	false
			}
		}, {
			"streams":	[{
					"socket":	5,
					"start":	27.011505,
					"end":	28.012089,
					"seconds":	1.0005840063095093,
					"bytes":	118358016,
					"bits_per_second":	946311476.1271807,
					"omitted":	false,
					"sender":	false
				}],
			"sum":	{
				"start":	27.011505,
				"end":	28.012089,
				"seconds":	1.0005840063095093,
				"bytes":	118358016,
				"bits_per_second":	946311476.1271807,
				"omitted":	false,
				"sender":	false
			}
		}, {
			"streams":	[{
					"socket":	5,
					"start":	28.012089,
					"end":	29.010894,
					"seconds":	0.99880498647689819,
					"bytes":	117047296,
					"bits_per_second":	937498691.61436939,
					"omitted":	false,
					"sender":	false
				}],
			"sum":	{
				"start":	28.012089,
				"end":	29.010894,
				"seconds":	0.99880498647689819,
				"bytes":	117047296,
				"bits_per_second":	937498691.61436939,
				"omitted":	false,
				"sender":	false
			}
		}, {
			"streams":	[{
					"socket":	5,
					"start":	29.010894,
					"end":	30.000937,
					"seconds":	0.99004298448562622,
					"bytes":	117178368,
					"bits_per_second":	946854791.852333,
					"omitted":	false,
					"sender":	false
				}],
			"sum":	{
				"start":	29.010894,
				"end":	30.000937,
				"seconds":	0.99004298448562622,
				"bytes":	117178368,
				"bits_per_second":	946854791.852333,
				"omitted":	false,
				"sender":	false
			}
		}, {
			"streams":	[{
					"socket":	5,
					"start":	30.000937,
					"end":	30.019843,
					"seconds":	0.0189059991389513,
					"bytes":	2228224,
					"bits_per_second":	942864318.83275652,
					"omitted":	false,
					"sender":	false
				}],
			"sum":	{
				"start":	30.000937,
				"end":	30.019843,
				"seconds":	0.0189059991389513,
				"bytes":	2228224,
				"bits_per_second":	942864318.83275652,
				"omitted":	false,
				"sender":	false
			}
		}],
	"end":	{
		"streams":	[{
				"sender":	{
					"socket":	5,
					"start":	0,
					"end":	30.019843,
					"seconds":	30.019843,
					"bytes":	0,
					"bits_per_second":	0,
					"sender":	false
				},
				"receiver":	{
					"socket":	5,
					"start":	0,
					"end":	30.019843,
					"seconds":	30.019843,
					"bytes":	3227779072,
					"bits_per_second":	860172139.34130168,
					"sender":	false
				}
			}],
		"sum_sent":	{
			"start":	0,
			"end":	30.019843,
			"seconds":	30.019843,
			"bytes":	0,
			"bits_per_second":	0,
			"sender":	false
		},
		"sum_received":	{
			"start":	0,
			"end":	30.019843,
			"seconds":	30.019843,
			"bytes":	3227779072,
			"bits_per_second":	860172139.34130168,
			"sender":	false
		},
		"cpu_utilization_percent":	{
			"host_total":	0,
			"host_user":	0,
			"host_system":	0,
			"remote_total":	0,
			"remote_user":	0,
			"remote_system":	0
		}
	}
}
{
	"start":	{
		"connected":	[],
		"version":	"iperf 3.18",
		"system_info":	"CYGWIN_NT-10.0-22621 WIN-20250124JFD 3.5.4-1.x86_64 2024-08-25 16:52 UTC x86_64"
	},
	"intervals":	[],
	"end":	{
	},
	"error":	"interrupt - the server has terminated"
}
