{
	"start":	{
		"connected":	[{
				"socket":	5,
				"local_host":	"192.168.5.37",
				"local_port":	5201,
				"remote_host":	"192.168.5.27",
				"remote_port":	49173
			}],
		"version":	"iperf 3.18",
		"system_info":	"CYGWIN_NT-10.0-22621 WIN-20250124JFD 3.5.4-1.x86_64 2024-08-25 16:52 UTC x86_64",
		"sock_bufsize":	0,
		"sndbuf_actual":	65536,
		"rcvbuf_actual":	65536,
		"timestamp":	{
			"time":	"Tue, 11 Feb 2025 18:34:13 GMT",
			"timesecs":	1739298853
		},
		"accepted_connection":	{
			"host":	"192.168.5.27",
			"port":	49170
		},
		"cookie":	"gwcizahvggp6b23yrsnoxsenvv3fsd7quy47",
		"tcp_mss_default":	0,
		"target_bitrate":	0,
		"fq_rate":	0,
		"test_start":	{
			"protocol":	"TCP",
			"num_streams":	1,
			"blksize":	131072,
			"omit":	0,
			"duration":	30,
			"bytes":	0,
			"blocks":	0,
			"reverse":	0,
			"tos":	0,
			"target_bitrate":	0,
			"bidir":	0,
			"fqrate":	0,
			"interval":	1
		}
	},
	"intervals":	[{
			"streams":	[{
					"socket":	5,
					"start":	0,
					"end":	1.010444,
					"seconds":	1.0104440450668335,
					"bytes":	9961472,
					"bits_per_second":	78868074.277907163,
					"omitted":	false,
					"sender":	false
				}],
			"sum":	{
				"start":	0,
				"end":	1.010444,
				"seconds":	1.0104440450668335,
				"bytes":	9961472,
				"bits_per_second":	78868074.277907163,
				"omitted":	false,
				"sender":	false
			}
		}, {
			"streams":	[{
					"socket":	5,
					"start":	1.010444,
					"end":	2.009456,
					"seconds":	0.999011993408203,
					"bytes":	12976128,
					"bits_per_second":	103911689.43412566,
					"omitted":	false,
					"sender":	false
				}],
			"sum":	{
				"start":	1.010444,
				"end":	2.009456,
				"seconds":	0.999011993408203,
				"bytes":	12976128,
				"bits_per_second":	103911689.43412566,
				"omitted":	false,
				"sender":	false
			}
		}, {
			"streams":	[{
					"socket":	5,
					"start":	2.009456,
					"end":	3.006395,
					"seconds":	0.99693900346755981,
					"bytes":	12320768,
					"bits_per_second":	98868780.9957947,
					"omitted":	false,
					"sender":	false
				}],
			"sum":	{
				"start":	2.009456,
				"end":	3.006395,
				"seconds":	0.99693900346755981,
				"bytes":	12320768,
				"bits_per_second":	98868780.9957947,
				"omitted":	false,
				"sender":	false
			}
		}, {
			"streams":	[{
					"socket":	5,
					"start":	3.006395,
					"end":	4.007512,
					"seconds":	1.0011169910430908,
					"bytes":	12189696,
					"bits_per_second":	97408763.283893332,
					"omitted":	false,
					"sender":	false
				}],
			"sum":	{
				"start":	3.006395,
				"end":	4.007512,
				"seconds":	1.0011169910430908,
				"bytes":	12189696,
				"bits_per_second":	97408763.283893332,
				"omitted":	false,
				"sender":	false
			}
		}, {
			"streams":	[{
					"socket":	5,
					"start":	4.007512,
					"end":	5.007506,
					"seconds":	0.99999397993087769,
					"bytes":	12320768,
					"bits_per_second":	98566737.3785722,
					"omitted":	false,
					"sender":	false
				}],
			"sum":	{
				"start":	4.007512,
				"end":	5.007506,
				"seconds":	0.99999397993087769,
				"bytes":	12320768,
				"bits_per_second":	98566737.3785722,
				"omitted":	false,
				"sender":	false
			}
		}, {
			"streams":	[{
					"socket":	5,
					"start":	5.007506,
					"end":	6.013887,
					"seconds":	1.0063810348510742,
					"bytes":	12320768,
					"bits_per_second":	97941177.93027167,
					"omitted":	false,
					"sender":	false
				}],
			"sum":	{
				"start":	5.007506,
				"end":	6.013887,
				"seconds":	1.0063810348510742,
				"bytes":	12320768,
				"bits_per_second":	97941177.93027167,
				"omitted":	false,
				"sender":	false
			}
		}, {
			"streams":	[{
					"socket":	5,
					"start":	6.013887,
					"end":	7.011268,
					"seconds":	0.99738097190856934,
					"bytes":	12189696,
					"bits_per_second":	97773639.909524471,
					"omitted":	false,
					"sender":	false
				}],
			"sum":	{
				"start":	6.013887,
				"end":	7.011268,
				"seconds":	0.99738097190856934,
				"bytes":	12189696,
				"bits_per_second":	97773639.909524471,
				"omitted":	false,
				"sender":	false
			}
		}, {
			"streams":	[{
					"socket":	5,
					"start":	7.011268,
					"end":	8.012705,
					"seconds":	1.0014369487762451,
					"bytes":	12320768,
					"bits_per_second":	98424712.7294911,
					"omitted":	false,
					"sender":	false
				}],
			"sum":	{
				"start":	7.011268,
				"end":	8.012705,
				"seconds":	1.0014369487762451,
				"bytes":	12320768,
				"bits_per_second":	98424712.7294911,
				"omitted":	false,
				"sender":	false
			}
		}, {
			"streams":	[{
					"socket":	5,
					"start":	8.012705,
					"end":	9.011228,
					"seconds":	0.99852299690246582,
					"bytes":	12189696,
					"bits_per_second":	97661814.8029748,
					"omitted":	false,
					"sender":	false
				}],
			"sum":	{
				"start":	8.012705,
				"end":	9.011228,
				"seconds":	0.99852299690246582,
				"bytes":	12189696,
				"bits_per_second":	97661814.8029748,
				"omitted":	false,
				"sender":	false
			}
		}, {
			"streams":	[{
					"socket":	5,
					"start":	9.011228,
					"end":	10.010181,
					"seconds":	0.99895298480987549,
					"bytes":	10878976,
					"bits_per_second":	87123027.1328177,
					"omitted":	false,
					"sender":	false
				}],
			"sum":	{
				"start":	9.011228,
				"end":	10.010181,
				"seconds":	0.99895298480987549,
				"bytes":	10878976,
				"bits_per_second":	87123027.1328177,
				"omitted":	false,
				"sender":	false
			}
		}, {
			"streams":	[{
					"socket":	5,
					"start":	10.010181,
					"end":	11.009337,
					"seconds":	0.99915599822998047,
					"bytes":	12189696,
					"bits_per_second":	97599942.524244264,
					"omitted":	false,
					"sender":	false
				}],
			"sum":	{
				"start":	10.010181,
				"end":	11.009337,
				"seconds":	0.99915599822998047,
				"bytes":	12189696,
				"bits_per_second":	97599942.524244264,
				"omitted":	false,
				"sender":	false
			}
		}, {
			"streams":	[{
					"socket":	5,
					"start":	11.009337,
					"end":	12.004024,
					"seconds":	0.994687020778656,
					"bytes":	12320768,
					"bits_per_second":	99092621.036555737,
					"omitted":	false,
					"sender":	false
				}],
			"sum":	{
				"start":	11.009337,
				"end":	12.004024,
				"seconds":	0.994687020778656,
				"bytes":	12320768,
				"bits_per_second":	99092621.036555737,
				"omitted":	false,
				"sender":	false
			}
		}, {
			"streams":	[{
					"socket":	5,
					"start":	12.004024,
					"end":	13.010493,
					"seconds":	1.0064690113067627,
					"bytes":	12320768,
					"bits_per_second":	97932616.7946545,
					"omitted":	false,
					"sender":	false
				}],
			"sum":	{
				"start":	12.004024,
				"end":	13.010493,
				"seconds":	1.0064690113067627,
				"bytes":	12320768,
				"bits_per_second":	97932616.7946545,
				"omitted":	false,
				"sender":	false
			}
		}, {
			"streams":	[{
					"socket":	5,
					"start":	13.010493,
					"end":	14.008517,
					"seconds":	0.99802398681640625,
					"bytes":	12189696,
					"bits_per_second":	97710645.523732349,
					"omitted":	false,
					"sender":	false
				}],
			"sum":	{
				"start":	13.010493,
				"end":	14.008517,
				"seconds":	0.99802398681640625,
				"bytes":	12189696,
				"bits_per_second":	97710645.523732349,
				"omitted":	false,
				"sender":	false
			}
		}, {
			"streams":	[{
					"socket":	5,
					"start":	14.008517,
					"end":	15.003994,
					"seconds":	0.995477020740509,
					"bytes":	12189696,
					"bits_per_second":	97960641.9517944,
					"omitted":	false,
					"sender":	false
				}],
			"sum":	{
				"start":	14.008517,
				"end":	15.003994,
				"seconds":	0.995477020740509,
				"bytes":	12189696,
				"bits_per_second":	97960641.9517944,
				"omitted":	false,
				"sender":	false
			}
		}, {
			"streams":	[{
					"socket":	5,
					"start":	15.003994,
					"end":	16.003544,
					"seconds":	0.9995499849319458,
					"bytes":	12320768,
					"bits_per_second":	98610520.219967648,
					"omitted":	false,
					"sender":	false
				}],
			"sum":	{
				"start":	15.003994,
				"end":	16.003544,
				"seconds":	0.9995499849319458,
				"bytes":	12320768,
				"bits_per_second":	98610520.219967648,
				"omitted":	false,
				"sender":	false
			}
		}, {
			"streams":	[{
					"socket":	5,
					"start":	16.003544,
					"end":	17.015265,
					"seconds":	1.0117210149765015,
					"bytes":	12320768,
					"bits_per_second":	97424233.104705572,
					"omitted":	false,
					"sender":	false
				}],
			"sum":	{
				"start":	16.003544,
				"end":	17.015265,
				"seconds":	1.0117210149765015,
				"bytes":	12320768,
				"bits_per_second":	97424233.104705572,
				"omitted":	false,
				"sender":	false
			}
		}, {
			"streams":	[{
					"socket":	5,
					"start":	17.015265,
					"end":	18.011319,
					"seconds":	0.99605399370193481,
					"bytes":	12320768,
					"bits_per_second":	98956627.475252643,
					"omitted":	false,
					"sender":	false
				}],
			"sum":	{
				"start":	17.015265,
				"end":	18.011319,
				"seconds":	0.99605399370193481,
				"bytes":	12320768,
				"bits_per_second":	98956627.475252643,
				"omitted":	false,
				"sender":	false
			}
		}, {
			"streams":	[{
					"socket":	5,
					"start":	18.011319,
					"end":	19.001718,
					"seconds":	0.99039900302886963,
					"bytes":	9830400,
					"bits_per_second":	79405572.662624732,
					"omitted":	false,
					"sender":	false
				}],
			"sum":	{
				"start":	18.011319,
				"end":	19.001718,
				"seconds":	0.99039900302886963,
				"bytes":	9830400,
				"bits_per_second":	79405572.662624732,
				"omitted":	false,
				"sender":	false
			}
		}, {
			"streams":	[{
					"socket":	5,
					"start":	19.001718,
					"end":	20.000385,
					"seconds":	0.998667001724243,
					"bytes":	11665408,
					"bits_per_second":	93447829.795991272,
					"omitted":	false,
					"sender":	false
				}],
			"sum":	{
				"start":	19.001718,
				"end":	20.000385,
				"seconds":	0.998667001724243,
				"bytes":	11665408,
				"bits_per_second":	93447829.795991272,
				"omitted":	false,
				"sender":	false
			}
		}, {
			"streams":	[{
					"socket":	5,
					"start":	20.000385,
					"end":	21.010532,
					"seconds":	1.0101469755172729,
					"bytes":	12451840,
					"bits_per_second":	98614085.290895,
					"omitted":	false,
					"sender":	false
				}],
			"sum":	{
				"start":	20.000385,
				"end":	21.010532,
				"seconds":	1.0101469755172729,
				"bytes":	12451840,
				"bits_per_second":	98614085.290895,
				"omitted":	false,
				"sender":	false
			}
		}, {
			"streams":	[{
					"socket":	5,
					"start":	21.010532,
					"end":	22.007474,
					"seconds":	0.99694198369979858,
					"bytes":	12189696,
					"bits_per_second":	97816693.0417535,
					"omitted":	false,
					"sender":	false
				}],
			"sum":	{
				"start":	21.010532,
				"end":	22.007474,
				"seconds":	0.99694198369979858,
				"bytes":	12189696,
				"bits_per_second":	97816693.0417535,
				"omitted":	false,
				"sender":	false
			}
		}, {
			"streams":	[{
					"socket":	5,
					"start":	22.007474,
					"end":	23.004197,
					"seconds":	0.9967229962348938,
					"bytes":	12320768,
					"bits_per_second":	98890207.582580253,
					"omitted":	false,
					"sender":	false
				}],
			"sum":	{
				"start":	22.007474,
				"end":	23.004197,
				"seconds":	0.9967229962348938,
				"bytes":	12320768,
				"bits_per_second":	98890207.582580253,
				"omitted":	false,
				"sender":	false
			}
		}, {
			"streams":	[{
					"socket":	5,
					"start":	23.004197,
					"end":	24.00337,
					"seconds":	0.99917298555374146,
					"bytes":	12976128,
					"bits_per_second":	103894946.62174945,
					"omitted":	false,
					"sender":	false
				}],
			"sum":	{
				"start":	23.004197,
				"end":	24.00337,
				"seconds":	0.99917298555374146,
				"bytes":	12976128,
				"bits_per_second":	103894946.62174945,
				"omitted":	false,
				"sender":	false
			}
		}, {
			"streams":	[{
					"socket":	5,
					"start":	24.00337,
					"end":	25.001441,
					"seconds":	0.998071014881134,
					"bytes":	12320768,
					"bits_per_second":	98756644.096851975,
					"omitted":	false,
					"sender":	false
				}],
			"sum":	{
				"start":	24.00337,
				"end":	25.001441,
				"seconds":	0.998071014881134,
				"bytes":	12320768,
				"bits_per_second":	98756644.096851975,
				"omitted":	false,
				"sender":	false
			}
		}, {
			"streams":	[{
					"socket":	5,
					"start":	25.001441,
					"end":	26.001325,
					"seconds":	0.999884009361267,
					"bytes":	12189696,
					"bits_per_second":	97528880.4371368,
					"omitted":	false,
					"sender":	false
				}],
			"sum":	{
				"start":	25.001441,
				"end":	26.001325,
				"seconds":	0.999884009361267,
				"bytes":	12189696,
				"bits_per_second":	97528880.4371368,
				"omitted":	false,
				"sender":	false
			}
		}, {
			"streams":	[{
					"socket":	5,
					"start":	26.001325,
					"end":	27.013804,
					"seconds":	1.0124789476394653,
					"bytes":	12451840,
					"bits_per_second":	98386954.348281324,
					"omitted":	false,
					"sender":	false
				}],
			"sum":	{
				"start":	26.001325,
				"end":	27.013804,
				"seconds":	1.0124789476394653,
				"bytes":	12451840,
				"bits_per_second":	98386954.348281324,
				"omitted":	false,
				"sender":	false
			}
		}, {
			"streams":	[{
					"socket":	5,
					"start":	27.013804,
					"end":	28.013567,
					"seconds":	0.999763011932373,
					"bytes":	12189696,
					"bits_per_second":	97540683.978211,
					"omitted":	false,
					"sender":	false
				}],
			"sum":	{
				"start":	27.013804,
				"end":	28.013567,
				"seconds":	0.999763011932373,
				"bytes":	12189696,
				"bits_per_second":	97540683.978211,
				"omitted":	false,
				"sender":	false
			}
		}, {
			"streams":	[{
					"socket":	5,
					"start":	28.013567,
					"end":	29.005328,
					"seconds":	0.991761028766632,
					"bytes":	9306112,
					"bits_per_second":	75067373.9344101,
					"omitted":	false,
					"sender":	false
				}],
			"sum":	{
				"start":	28.013567,
				"end":	29.005328,
				"seconds":	0.991761028766632,
				"bytes":	9306112,
				"bits_per_second":	75067373.9344101,
				"omitted":	false,
				"sender":	false
			}
		}, {
			"streams":	[{
					"socket":	5,
					"start":	29.005328,
					"end":	30.001481,
					"seconds":	0.99615299701690674,
					"bytes":	12320768,
					"bits_per_second":	98946792.606324032,
					"omitted":	false,
					"sender":	false
				}],
			"sum":	{
				"start":	29.005328,
				"end":	30.001481,
				"seconds":	0.99615299701690674,
				"bytes":	12320768,
				"bits_per_second":	98946792.606324032,
				"omitted":	false,
				"sender":	false
			}
		}, {
			"streams":	[{
					"socket":	5,
					"start":	30.001481,
					"end":	30.021479,
					"seconds":	0.01999799907207489,
					"bytes":	393216,
					"bits_per_second":	157302137.51198137,
					"omitted":	false,
					"sender":	false
				}],
			"sum":	{
				"start":	30.001481,
				"end":	30.021479,
				"seconds":	0.01999799907207489,
				"bytes":	393216,
				"bits_per_second":	157302137.51198137,
				"omitted":	false,
				"sender":	false
			}
		}],
	"end":	{
		"streams":	[{
				"sender":	{
					"socket":	5,
					"start":	0,
					"end":	30.021479,
					"seconds":	30.021479,
					"bytes":	0,
					"bits_per_second":	0,
					"sender":	false
				},
				"receiver":	{
					"socket":	5,
					"start":	0,
					"end":	30.021479,
					"seconds":	30.021479,
					"bytes":	360448000,
					"bits_per_second":	96050697.568897262,
					"sender":	false
				}
			}],
		"sum_sent":	{
			"start":	0,
			"end":	30.021479,
			"seconds":	30.021479,
			"bytes":	0,
			"bits_per_second":	0,
			"sender":	false
		},
		"sum_received":	{
			"start":	0,
			"end":	30.021479,
			"seconds":	30.021479,
			"bytes":	360448000,
			"bits_per_second":	96050697.568897262,
			"sender":	false
		},
		"cpu_utilization_percent":	{
			"host_total":	1.2491019789506,
			"host_user":	0.41636732631686663,
			"host_system":	0.83273465263373325,
			"remote_total":	0,
			"remote_user":	0,
			"remote_system":	0
		}
	}
}
{
	"start":	{
		"connected":	[{
				"socket":	5,
				"local_host":	"192.168.5.37",
				"local_port":	5201,
				"remote_host":	"192.168.5.27",
				"remote_port":	49275
			}],
		"version":	"iperf 3.18",
		"system_info":	"CYGWIN_NT-10.0-22621 WIN-20250124JFD 3.5.4-1.x86_64 2024-08-25 16:52 UTC x86_64",
		"sock_bufsize":	0,
		"sndbuf_actual":	65536,
		"rcvbuf_actual":	65536,
		"timestamp":	{
			"time":	"Tue, 11 Feb 2025 18:43:49 GMT",
			"timesecs":	1739299429
		},
		"accepted_connection":	{
			"host":	"192.168.5.27",
			"port":	49268
		},
		"cookie":	"usfop7zmnofdcgtmd5bgiha3vvjdqeywynef",
		"tcp_mss_default":	0,
		"target_bitrate":	0,
		"fq_rate":	0,
		"test_start":	{
			"protocol":	"TCP",
			"num_streams":	1,
			"blksize":	131072,
			"omit":	0,
			"duration":	30,
			"bytes":	0,
			"blocks":	0,
			"reverse":	0,
			"tos":	0,
			"target_bitrate":	0,
			"bidir":	0,
			"fqrate":	0,
			"interval":	1
		}
	},
	"intervals":	[{
			"streams":	[{
					"socket":	5,
					"start":	0,
					"end":	1.006217,
					"seconds":	1.0062170028686523,
					"bytes":	14286848,
					"bits_per_second":	113588603.32726815,
					"omitted":	false,
					"sender":	false
				}],
			"sum":	{
				"start":	0,
				"end":	1.006217,
				"seconds":	1.0062170028686523,
				"bytes":	14286848,
				"bits_per_second":	113588603.32726815,
				"omitted":	false,
				"sender":	false
			}
		}, {
			"streams":	[{
					"socket":	5,
					"start":	1.006217,
					"end":	2.002804,
					"seconds":	0.99658697843551636,
					"bytes":	11796480,
					"bits_per_second":	94695036.2006022,
					"omitted":	false,
					"sender":	false
				}],
			"sum":	{
				"start":	1.006217,
				"end":	2.002804,
				"seconds":	0.99658697843551636,
				"bytes":	11796480,
				"bits_per_second":	94695036.2006022,
				"omitted":	false,
				"sender":	false
			}
		}, {
			"streams":	[{
					"socket":	5,
					"start":	2.002804,
					"end":	3.014456,
					"seconds":	1.0116519927978516,
					"bytes":	11272192,
					"bits_per_second":	89138890.292305574,
					"omitted":	false,
					"sender":	false
				}],
			"sum":	{
				"start":	2.002804,
				"end":	3.014456,
				"seconds":	1.0116519927978516,
				"bytes":	11272192,
				"bits_per_second":	89138890.292305574,
				"omitted":	false,
				"sender":	false
			}
		}, {
			"streams":	[{
					"socket":	5,
					"start":	3.014456,
					"end":	4.000185,
					"seconds":	0.98572897911071777,
					"bytes":	11141120,
					"bits_per_second":	90419336.236222163,
					"omitted":	false,
					"sender":	false
				}],
			"sum":	{
				"start":	3.014456,
				"end":	4.000185,
				"seconds":	0.98572897911071777,
				"bytes":	11141120,
				"bits_per_second":	90419336.236222163,
				"omitted":	false,
				"sender":	false
			}
		}, {
			"streams":	[{
					"socket":	5,
					"start":	4.000185,
					"end":	5.014036,
					"seconds":	1.0138510465621948,
					"bytes":	10092544,
					"bits_per_second":	79637292.158229247,
					"omitted":	false,
					"sender":	false
				}],
			"sum":	{
				"start":	4.000185,
				"end":	5.014036,
				"seconds":	1.0138510465621948,
				"bytes":	10092544,
				"bits_per_second":	79637292.158229247,
				"omitted":	false,
				"sender":	false
			}
		}, {
			"streams":	[{
					"socket":	5,
					"start":	5.014036,
					"end":	6.011253,
					"seconds":	0.99721699953079224,
					"bytes":	9043968,
					"bits_per_second":	72553660.8722502,
					"omitted":	false,
					"sender":	false
				}],
			"sum":	{
				"start":	5.014036,
				"end":	6.011253,
				"seconds":	0.99721699953079224,
				"bytes":	9043968,
				"bits_per_second":	72553660.8722502,
				"omitted":	false,
				"sender":	false
			}
		}, {
			"streams":	[{
					"socket":	5,
					"start":	6.011253,
					"end":	7.008518,
					"seconds":	0.99726498126983643,
					"bytes":	11272192,
					"bits_per_second":	90424849.657485455,
					"omitted":	false,
					"sender":	false
				}],
			"sum":	{
				"start":	6.011253,
				"end":	7.008518,
				"seconds":	0.99726498126983643,
				"bytes":	11272192,
				"bits_per_second":	90424849.657485455,
				"omitted":	false,
				"sender":	false
			}
		}, {
			"streams":	[{
					"socket":	5,
					"start":	7.008518,
					"end":	8.002126,
					"seconds":	0.993607997894287,
					"bytes":	11141120,
					"bits_per_second":	89702337.53038156,
					"omitted":	false,
					"sender":	false
				}],
			"sum":	{
				"start":	7.008518,
				"end":	8.002126,
				"seconds":	0.993607997894287,
				"bytes":	11141120,
				"bits_per_second":	89702337.53038156,
				"omitted":	false,
				"sender":	false
			}
		}, {
			"streams":	[{
					"socket":	5,
					"start":	8.002126,
					"end":	9.00105,
					"seconds":	0.99892401695251465,
					"bytes":	11272192,
					"bits_per_second":	90274670.014553,
					"omitted":	false,
					"sender":	false
				}],
			"sum":	{
				"start":	8.002126,
				"end":	9.00105,
				"seconds":	0.99892401695251465,
				"bytes":	11272192,
				"bits_per_second":	90274670.014553,
				"omitted":	false,
				"sender":	false
			}
		}, {
			"streams":	[{
					"socket":	5,
					"start":	9.00105,
					"end":	10.003202,
					"seconds":	1.0021519660949707,
					"bytes":	12320768,
					"bits_per_second":	98354488.4755125,
					"omitted":	false,
					"sender":	false
				}],
			"sum":	{
				"start":	9.00105,
				"end":	10.003202,
				"seconds":	1.0021519660949707,
				"bytes":	12320768,
				"bits_per_second":	98354488.4755125,
				"omitted":	false,
				"sender":	false
			}
		}, {
			"streams":	[{
					"socket":	5,
					"start":	10.003202,
					"end":	11.004208,
					"seconds":	1.001006007194519,
					"bytes":	12845056,
					"bits_per_second":	102657174.1442419,
					"omitted":	false,
					"sender":	false
				}],
			"sum":	{
				"start":	10.003202,
				"end":	11.004208,
				"seconds":	1.001006007194519,
				"bytes":	12845056,
				"bits_per_second":	102657174.1442419,
				"omitted":	false,
				"sender":	false
			}
		}, {
			"streams":	[{
					"socket":	5,
					"start":	11.004208,
					"end":	12.002884,
					"seconds":	0.99867600202560425,
					"bytes":	11141120,
					"bits_per_second":	89247123.010086,
					"omitted":	false,
					"sender":	false
				}],
			"sum":	{
				"start":	11.004208,
				"end":	12.002884,
				"seconds":	0.99867600202560425,
				"bytes":	11141120,
				"bits_per_second":	89247123.010086,
				"omitted":	false,
				"sender":	false
			}
		}, {
			"streams":	[{
					"socket":	5,
					"start":	12.002884,
					"end":	13.009887,
					"seconds":	1.0070029497146606,
					"bytes":	11272192,
					"bits_per_second":	89550418.9193808,
					"omitted":	false,
					"sender":	false
				}],
			"sum":	{
				"start":	12.002884,
				"end":	13.009887,
				"seconds":	1.0070029497146606,
				"bytes":	11272192,
				"bits_per_second":	89550418.9193808,
				"omitted":	false,
				"sender":	false
			}
		}, {
			"streams":	[{
					"socket":	5,
					"start":	13.009887,
					"end":	14.006891,
					"seconds":	0.997003972530365,
					"bytes":	11141120,
					"bits_per_second":	89396795.254279152,
					"omitted":	false,
					"sender":	false
				}],
			"sum":	{
				"start":	13.009887,
				"end":	14.006891,
				"seconds":	0.997003972530365,
				"bytes":	11141120,
				"bits_per_second":	89396795.254279152,
				"omitted":	false,
				"sender":	false
			}
		}, {
			"streams":	[{
					"socket":	5,
					"start":	14.006891,
					"end":	15.000542,
					"seconds":	0.99365097284317,
					"bytes":	7733248,
					"bits_per_second":	62261282.573880628,
					"omitted":	false,
					"sender":	false
				}],
			"sum":	{
				"start":	14.006891,
				"end":	15.000542,
				"seconds":	0.99365097284317,
				"bytes":	7733248,
				"bits_per_second":	62261282.573880628,
				"omitted":	false,
				"sender":	false
			}
		}, {
			"streams":	[{
					"socket":	5,
					"start":	15.000542,
					"end":	16.01228,
					"seconds":	1.0117379426956177,
					"bytes":	11403264,
					"bits_per_second":	90167728.3713827,
					"omitted":	false,
					"sender":	false
				}],
			"sum":	{
				"start":	15.000542,
				"end":	16.01228,
				"seconds":	1.0117379426956177,
				"bytes":	11403264,
				"bits_per_second":	90167728.3713827,
				"omitted":	false,
				"sender":	false
			}
		}, {
			"streams":	[{
					"socket":	5,
					"start":	16.01228,
					"end":	17.0088,
					"seconds":	0.99651998281478882,
					"bytes":	11141120,
					"bits_per_second":	89440213.4799592,
					"omitted":	false,
					"sender":	false
				}],
			"sum":	{
				"start":	16.01228,
				"end":	17.0088,
				"seconds":	0.99651998281478882,
				"bytes":	11141120,
				"bits_per_second":	89440213.4799592,
				"omitted":	false,
				"sender":	false
			}
		}, {
			"streams":	[{
					"socket":	5,
					"start":	17.0088,
					"end":	18.00303,
					"seconds":	0.99422997236251831,
					"bytes":	11010048,
					"bits_per_second":	88591559.7481947,
					"omitted":	false,
					"sender":	false
				}],
			"sum":	{
				"start":	17.0088,
				"end":	18.00303,
				"seconds":	0.99422997236251831,
				"bytes":	11010048,
				"bits_per_second":	88591559.7481947,
				"omitted":	false,
				"sender":	false
			}
		}, {
			"streams":	[{
					"socket":	5,
					"start":	18.00303,
					"end":	19.013914,
					"seconds":	1.0108840465545654,
					"bytes":	11272192,
					"bits_per_second":	89206607.134968176,
					"omitted":	false,
					"sender":	false
				}],
			"sum":	{
				"start":	18.00303,
				"end":	19.013914,
				"seconds":	1.0108840465545654,
				"bytes":	11272192,
				"bits_per_second":	89206607.134968176,
				"omitted":	false,
				"sender":	false
			}
		}, {
			"streams":	[{
					"socket":	5,
					"start":	19.013914,
					"end":	20.011252,
					"seconds":	0.99733799695968628,
					"bytes":	13107200,
					"bits_per_second":	105137476.28151229,
					"omitted":	false,
					"sender":	false
				}],
			"sum":	{
				"start":	19.013914,
				"end":	20.011252,
				"seconds":	0.99733799695968628,
				"bytes":	13107200,
				"bits_per_second":	105137476.28151229,
				"omitted":	false,
				"sender":	false
			}
		}, {
			"streams":	[{
					"socket":	5,
					"start":	20.011252,
					"end":	21.009536,
					"seconds":	0.9982839822769165,
					"bytes":	11665408,
					"bits_per_second":	93483683.657976225,
					"omitted":	false,
					"sender":	false
				}],
			"sum":	{
				"start":	20.011252,
				"end":	21.009536,
				"seconds":	0.9982839822769165,
				"bytes":	11665408,
				"bits_per_second":	93483683.657976225,
				"omitted":	false,
				"sender":	false
			}
		}, {
			"streams":	[{
					"socket":	5,
					"start":	21.009536,
					"end":	22.010176,
					"seconds":	1.0006400346755981,
					"bytes":	11272192,
					"bits_per_second":	90119856.167093143,
					"omitted":	false,
					"sender":	false
				}],
			"sum":	{
				"start":	21.009536,
				"end":	22.010176,
				"seconds":	1.0006400346755981,
				"bytes":	11272192,
				"bits_per_second":	90119856.167093143,
				"omitted":	false,
				"sender":	false
			}
		}, {
			"streams":	[{
					"socket":	5,
					"start":	22.010176,
					"end":	23.007107,
					"seconds":	0.99693101644516,
					"bytes":	11141120,
					"bits_per_second":	89403337.372142926,
					"omitted":	false,
					"sender":	false
				}],
			"sum":	{
				"start":	22.010176,
				"end":	23.007107,
				"seconds":	0.99693101644516,
				"bytes":	11141120,
				"bits_per_second":	89403337.372142926,
				"omitted":	false,
				"sender":	false
			}
		}, {
			"streams":	[{
					"socket":	5,
					"start":	23.007107,
					"end":	24.006812,
					"seconds":	0.99970501661300659,
					"bytes":	11141120,
					"bits_per_second":	89155259.3203626,
					"omitted":	false,
					"sender":	false
				}],
			"sum":	{
				"start":	23.007107,
				"end":	24.006812,
				"seconds":	0.99970501661300659,
				"bytes":	11141120,
				"bits_per_second":	89155259.3203626,
				"omitted":	false,
				"sender":	false
			}
		}, {
			"streams":	[{
					"socket":	5,
					"start":	24.006812,
					"end":	25.003008,
					"seconds":	0.99619597196578979,
					"bytes":	7864320,
					"bits_per_second":	63154802.63973657,
					"omitted":	false,
					"sender":	false
				}],
			"sum":	{
				"start":	24.006812,
				"end":	25.003008,
				"seconds":	0.99619597196578979,
				"bytes":	7864320,
				"bits_per_second":	63154802.63973657,
				"omitted":	false,
				"sender":	false
			}
		}, {
			"streams":	[{
					"socket":	5,
					"start":	25.003008,
					"end":	26.001936,
					"seconds":	0.9989280104637146,
					"bytes":	11141120,
					"bits_per_second":	89224607.845990077,
					"omitted":	false,
					"sender":	false
				}],
			"sum":	{
				"start":	25.003008,
				"end":	26.001936,
				"seconds":	0.9989280104637146,
				"bytes":	11141120,
				"bits_per_second":	89224607.845990077,
				"omitted":	false,
				"sender":	false
			}
		}, {
			"streams":	[{
					"socket":	5,
					"start":	26.001936,
					"end":	27.013098,
					"seconds":	1.0111620426177979,
					"bytes":	11272192,
					"bits_per_second":	89182081.802180126,
					"omitted":	false,
					"sender":	false
				}],
			"sum":	{
				"start":	26.001936,
				"end":	27.013098,
				"seconds":	1.0111620426177979,
				"bytes":	11272192,
				"bits_per_second":	89182081.802180126,
				"omitted":	false,
				"sender":	false
			}
		}, {
			"streams":	[{
					"socket":	5,
					"start":	27.013098,
					"end":	28.009631,
					"seconds":	0.99653297662735,
					"bytes":	11272192,
					"bits_per_second":	90491271.352801,
					"omitted":	false,
					"sender":	false
				}],
			"sum":	{
				"start":	27.013098,
				"end":	28.009631,
				"seconds":	0.99653297662735,
				"bytes":	11272192,
				"bits_per_second":	90491271.352801,
				"omitted":	false,
				"sender":	false
			}
		}, {
			"streams":	[{
					"socket":	5,
					"start":	28.009631,
					"end":	29.007677,
					"seconds":	0.99804598093032837,
					"bytes":	11534336,
					"bits_per_second":	92455347.512131825,
					"omitted":	false,
					"sender":	false
				}],
			"sum":	{
				"start":	28.009631,
				"end":	29.007677,
				"seconds":	0.99804598093032837,
				"bytes":	11534336,
				"bits_per_second":	92455347.512131825,
				"omitted":	false,
				"sender":	false
			}
		}, {
			"streams":	[{
					"socket":	5,
					"start":	29.007677,
					"end":	30.003509,
					"seconds":	0.99583202600479126,
					"bytes":	12713984,
					"bits_per_second":	102137578.77225634,
					"omitted":	false,
					"sender":	false
				}],
			"sum":	{
				"start":	29.007677,
				"end":	30.003509,
				"seconds":	0.99583202600479126,
				"bytes":	12713984,
				"bits_per_second":	102137578.77225634,
				"omitted":	false,
				"sender":	false
			}
		}, {
			"streams":	[{
					"socket":	5,
					"start":	30.003509,
					"end":	30.029619,
					"seconds":	0.026110000908374786,
					"bytes":	524288,
					"bits_per_second":	160639749.29448113,
					"omitted":	false,
					"sender":	false
				}],
			"sum":	{
				"start":	30.003509,
				"end":	30.029619,
				"seconds":	0.026110000908374786,
				"bytes":	524288,
				"bits_per_second":	160639749.29448113,
				"omitted":	false,
				"sender":	false
			}
		}],
	"end":	{
		"streams":	[{
				"sender":	{
					"socket":	5,
					"start":	0,
					"end":	30.029619,
					"seconds":	30.029619,
					"bytes":	0,
					"bits_per_second":	0,
					"sender":	false
				},
				"receiver":	{
					"socket":	5,
					"start":	0,
					"end":	30.029619,
					"seconds":	30.029619,
					"bytes":	337248256,
					"bits_per_second":	89844165.122441277,
					"sender":	false
				}
			}],
		"sum_sent":	{
			"start":	0,
			"end":	30.029619,
			"seconds":	30.029619,
			"bytes":	0,
			"bits_per_second":	0,
			"sender":	false
		},
		"sum_received":	{
			"start":	0,
			"end":	30.029619,
			"seconds":	30.029619,
			"bytes":	337248256,
			"bits_per_second":	89844165.122441277,
			"sender":	false
		},
		"cpu_utilization_percent":	{
			"host_total":	0,
			"host_user":	0,
			"host_system":	0,
			"remote_total":	0.31309982348497822,
			"remote_user":	0.15654991174248911,
			"remote_system":	0.15654991174248911
		}
	}
}
{
	"start":	{
		"connected":	[],
		"version":	"iperf 3.18",
		"system_info":	"CYGWIN_NT-10.0-22621 WIN-20250124JFD 3.5.4-1.x86_64 2024-08-25 16:52 UTC x86_64"
	},
	"intervals":	[],
	"end":	{
	},
	"error":	"interrupt - the server has terminated"
}
