{
	"start":	{
		"connected":	[{
				"socket":	5,
				"local_host":	"192.168.5.37",
				"local_port":	5201,
				"remote_host":	"192.168.5.27",
				"remote_port":	49367
			}],
		"version":	"iperf 3.18",
		"system_info":	"CYGWIN_NT-10.0-22621 WIN-20250124JFD 3.5.4-1.x86_64 2024-08-25 16:52 UTC x86_64",
		"sock_bufsize":	0,
		"sndbuf_actual":	65536,
		"rcvbuf_actual":	65536,
		"timestamp":	{
			"time":	"Tue, 11 Feb 2025 18:55:23 GMT",
			"timesecs":	1739300123
		},
		"accepted_connection":	{
			"host":	"192.168.5.27",
			"port":	49360
		},
		"cookie":	"i7tlhfm6tv6zyptnakqijrytyp5fq2juitog",
		"tcp_mss_default":	0,
		"target_bitrate":	0,
		"fq_rate":	0,
		"test_start":	{
			"protocol":	"TCP",
			"num_streams":	1,
			"blksize":	131072,
			"omit":	0,
			"duration":	30,
			"bytes":	0,
			"blocks":	0,
			"reverse":	0,
			"tos":	0,
			"target_bitrate":	0,
			"bidir":	0,
			"fqrate":	0,
			"interval":	1
		}
	},
	"intervals":	[{
			"streams":	[{
					"socket":	5,
					"start":	0,
					"end":	1.007419,
					"seconds":	1.0074189901351929,
					"bytes":	13762560,
					"bits_per_second":	109289661.08255,
					"omitted":	false,
					"sender":	false
				}],
			"sum":	{
				"start":	0,
				"end":	1.007419,
				"seconds":	1.0074189901351929,
				"bytes":	13762560,
				"bits_per_second":	109289661.08255,
				"omitted":	false,
				"sender":	false
			}
		}, {
			"streams":	[{
					"socket":	5,
					"start":	1.007419,
					"end":	2.003112,
					"seconds":	0.995693027973175,
					"bytes":	11010048,
					"bits_per_second":	88461384.709397569,
					"omitted":	false,
					"sender":	false
				}],
			"sum":	{
				"start":	1.007419,
				"end":	2.003112,
				"seconds":	0.995693027973175,
				"bytes":	11010048,
				"bits_per_second":	88461384.709397569,
				"omitted":	false,
				"sender":	false
			}
		}, {
			"streams":	[{
					"socket":	5,
					"start":	2.003112,
					"end":	3.009008,
					"seconds":	1.0058959722518921,
					"bytes":	12713984,
					"bits_per_second":	101115696.65827209,
					"omitted":	false,
					"sender":	false
				}],
			"sum":	{
				"start":	2.003112,
				"end":	3.009008,
				"seconds":	1.0058959722518921,
				"bytes":	12713984,
				"bits_per_second":	101115696.65827209,
				"omitted":	false,
				"sender":	false
			}
		}, {
			"streams":	[{
					"socket":	5,
					"start":	3.009008,
					"end":	4.015016,
					"seconds":	1.00600802898407,
					"bytes":	12320768,
					"bits_per_second":	97977492.3859587,
					"omitted":	false,
					"sender":	false
				}],
			"sum":	{
				"start":	3.009008,
				"end":	4.015016,
				"seconds":	1.00600802898407,
				"bytes":	12320768,
				"bits_per_second":	97977492.3859587,
				"omitted":	false,
				"sender":	false
			}
		}, {
			"streams":	[{
					"socket":	5,
					"start":	4.015016,
					"end":	5.009999,
					"seconds":	0.9949830174446106,
					"bytes":	12058624,
					"bits_per_second":	96955415.6288605,
					"omitted":	false,
					"sender":	false
				}],
			"sum":	{
				"start":	4.015016,
				"end":	5.009999,
				"seconds":	0.9949830174446106,
				"bytes":	12058624,
				"bits_per_second":	96955415.6288605,
				"omitted":	false,
				"sender":	false
			}
		}, {
			"streams":	[{
					"socket":	5,
					"start":	5.009999,
					"end":	6.004043,
					"seconds":	0.994044005870819,
					"bytes":	12058624,
					"bits_per_second":	97047003.38240017,
					"omitted":	false,
					"sender":	false
				}],
			"sum":	{
				"start":	5.009999,
				"end":	6.004043,
				"seconds":	0.994044005870819,
				"bytes":	12058624,
				"bits_per_second":	97047003.38240017,
				"omitted":	false,
				"sender":	false
			}
		}, {
			"streams":	[{
					"socket":	5,
					"start":	6.004043,
					"end":	7.009188,
					"seconds":	1.0051449537277222,
					"bytes":	12320768,
					"bits_per_second":	98061621.4949431,
					"omitted":	false,
					"sender":	false
				}],
			"sum":	{
				"start":	6.004043,
				"end":	7.009188,
				"seconds":	1.0051449537277222,
				"bytes":	12320768,
				"bits_per_second":	98061621.4949431,
				"omitted":	false,
				"sender":	false
			}
		}, {
			"streams":	[{
					"socket":	5,
					"start":	7.009188,
					"end":	8.002755,
					"seconds":	0.99356698989868164,
					"bytes":	12058624,
					"bits_per_second":	97093596.084384173,
					"omitted":	false,
					"sender":	false
				}],
			"sum":	{
				"start":	7.009188,
				"end":	8.002755,
				"seconds":	0.99356698989868164,
				"bytes":	12058624,
				"bits_per_second":	97093596.084384173,
				"omitted":	false,
				"sender":	false
			}
		}, {
			"streams":	[{
					"socket":	5,
					"start":	8.002755,
					"end":	9.009793,
					"seconds":	1.0070379972457886,
					"bytes":	12189696,
					"bits_per_second":	96836036.2436243,
					"omitted":	false,
					"sender":	false
				}],
			"sum":	{
				"start":	8.002755,
				"end":	9.009793,
				"seconds":	1.0070379972457886,
				"bytes":	12189696,
				"bits_per_second":	96836036.2436243,
				"omitted":	false,
				"sender":	false
			}
		}, {
			"streams":	[{
					"socket":	5,
					"start":	9.009793,
					"end":	10.000544,
					"seconds":	0.990751028060913,
					"bytes":	12058624,
					"bits_per_second":	97369560.331224725,
					"omitted":	false,
					"sender":	false
				}],
			"sum":	{
				"start":	9.009793,
				"end":	10.000544,
				"seconds":	0.990751028060913,
				"bytes":	12058624,
				"bits_per_second":	97369560.331224725,
				"omitted":	false,
				"sender":	false
			}
		}, {
			"streams":	[{
					"socket":	5,
					"start":	10.000544,
					"end":	11.006879,
					"seconds":	1.0063350200653076,
					"bytes":	12189696,
					"bits_per_second":	96903681.234974265,
					"omitted":	false,
					"sender":	false
				}],
			"sum":	{
				"start":	10.000544,
				"end":	11.006879,
				"seconds":	1.0063350200653076,
				"bytes":	12189696,
				"bits_per_second":	96903681.234974265,
				"omitted":	false,
				"sender":	false
			}
		}, {
			"streams":	[{
					"socket":	5,
					"start":	11.006879,
					"end":	12.003293,
					"seconds":	0.99641400575637817,
					"bytes":	10223616,
					"bits_per_second":	82083278.1629901,
					"omitted":	false,
					"sender":	false
				}],
			"sum":	{
				"start":	11.006879,
				"end":	12.003293,
				"seconds":	0.99641400575637817,
				"bytes":	10223616,
				"bits_per_second":	82083278.1629901,
				"omitted":	false,
				"sender":	false
			}
		}, {
			"streams":	[{
					"socket":	5,
					"start":	12.003293,
					"end":	13.011979,
					"seconds":	1.0086859464645386,
					"bytes":	13631488,
					"bits_per_second":	108112841.64533944,
					"omitted":	false,
					"sender":	false
				}],
			"sum":	{
				"start":	12.003293,
				"end":	13.011979,
				"seconds":	1.0086859464645386,
				"bytes":	13631488,
				"bits_per_second":	108112841.64533944,
				"omitted":	false,
				"sender":	false
			}
		}, {
			"streams":	[{
					"socket":	5,
					"start":	13.011979,
					"end":	14.003029,
					"seconds":	0.99105000495910645,
					"bytes":	12058624,
					"bits_per_second":	97340186.183623075,
					"omitted":	false,
					"sender":	false
				}],
			"sum":	{
				"start":	13.011979,
				"end":	14.003029,
				"seconds":	0.99105000495910645,
				"bytes":	12058624,
				"bits_per_second":	97340186.183623075,
				"omitted":	false,
				"sender":	false
			}
		}, {
			"streams":	[{
					"socket":	5,
					"start":	14.003029,
					"end":	15.012111,
					"seconds":	1.0090819597244263,
					"bytes":	12189696,
					"bits_per_second":	96639888.425546139,
					"omitted":	false,
					"sender":	false
				}],
			"sum":	{
				"start":	14.003029,
				"end":	15.012111,
				"seconds":	1.0090819597244263,
				"bytes":	12189696,
				"bits_per_second":	96639888.425546139,
				"omitted":	false,
				"sender":	false
			}
		}, {
			"streams":	[{
					"socket":	5,
					"start":	15.012111,
					"end":	16.006272,
					"seconds":	0.99416100978851318,
					"bytes":	12189696,
					"bits_per_second":	98090316.3972854,
					"omitted":	false,
					"sender":	false
				}],
			"sum":	{
				"start":	15.012111,
				"end":	16.006272,
				"seconds":	0.99416100978851318,
				"bytes":	12189696,
				"bits_per_second":	98090316.3972854,
				"omitted":	false,
				"sender":	false
			}
		}, {
			"streams":	[{
					"socket":	5,
					"start":	16.006272,
					"end":	17.015042,
					"seconds":	1.0087699890136719,
					"bytes":	12189696,
					"bits_per_second":	96669775.134119645,
					"omitted":	false,
					"sender":	false
				}],
			"sum":	{
				"start":	16.006272,
				"end":	17.015042,
				"seconds":	1.0087699890136719,
				"bytes":	12189696,
				"bits_per_second":	96669775.134119645,
				"omitted":	false,
				"sender":	false
			}
		}, {
			"streams":	[{
					"socket":	5,
					"start":	17.015042,
					"end":	18.005079,
					"seconds":	0.99003702402114868,
					"bytes":	12058624,
					"bits_per_second":	97439782.209538132,
					"omitted":	false,
					"sender":	false
				}],
			"sum":	{
				"start":	17.015042,
				"end":	18.005079,
				"seconds":	0.99003702402114868,
				"bytes":	12058624,
				"bits_per_second":	97439782.209538132,
				"omitted":	false,
				"sender":	false
			}
		}, {
			"streams":	[{
					"socket":	5,
					"start":	18.005079,
					"end":	19.012085,
					"seconds":	1.007006049156189,
					"bytes":	12189696,
					"bits_per_second":	96839108.4459859,
					"omitted":	false,
					"sender":	false
				}],
			"sum":	{
				"start":	18.005079,
				"end":	19.012085,
				"seconds":	1.007006049156189,
				"bytes":	12189696,
				"bits_per_second":	96839108.4459859,
				"omitted":	false,
				"sender":	false
			}
		}, {
			"streams":	[{
					"socket":	5,
					"start":	19.012085,
					"end":	20.002098,
					"seconds":	0.9900130033493042,
					"bytes":	12058624,
					"bits_per_second":	97442146.389629841,
					"omitted":	false,
					"sender":	false
				}],
			"sum":	{
				"start":	19.012085,
				"end":	20.002098,
				"seconds":	0.9900130033493042,
				"bytes":	12058624,
				"bits_per_second":	97442146.389629841,
				"omitted":	false,
				"sender":	false
			}
		}, {
			"streams":	[{
					"socket":	5,
					"start":	20.002098,
					"end":	21.012238,
					"seconds":	1.0101399421691895,
					"bytes":	12189696,
					"bits_per_second":	96538671.454362378,
					"omitted":	false,
					"sender":	false
				}],
			"sum":	{
				"start":	20.002098,
				"end":	21.012238,
				"seconds":	1.0101399421691895,
				"bytes":	12189696,
				"bits_per_second":	96538671.454362378,
				"omitted":	false,
				"sender":	false
			}
		}, {
			"streams":	[{
					"socket":	5,
					"start":	21.012238,
					"end":	22.001309,
					"seconds":	0.989071011543274,
					"bytes":	11534336,
					"bits_per_second":	93294300.3314002,
					"omitted":	false,
					"sender":	false
				}],
			"sum":	{
				"start":	21.012238,
				"end":	22.001309,
				"seconds":	0.989071011543274,
				"bytes":	11534336,
				"bits_per_second":	93294300.3314002,
				"omitted":	false,
				"sender":	false
			}
		}, {
			"streams":	[{
					"socket":	5,
					"start":	22.001309,
					"end":	23.006375,
					"seconds":	1.0050660371780396,
					"bytes":	12189696,
					"bits_per_second":	97026030.522137254,
					"omitted":	false,
					"sender":	false
				}],
			"sum":	{
				"start":	22.001309,
				"end":	23.006375,
				"seconds":	1.0050660371780396,
				"bytes":	12189696,
				"bits_per_second":	97026030.522137254,
				"omitted":	false,
				"sender":	false
			}
		}, {
			"streams":	[{
					"socket":	5,
					"start":	23.006375,
					"end":	24.011101,
					"seconds":	1.0047260522842407,
					"bytes":	12320768,
					"bits_per_second":	98102506.4254184,
					"omitted":	false,
					"sender":	false
				}],
			"sum":	{
				"start":	23.006375,
				"end":	24.011101,
				"seconds":	1.0047260522842407,
				"bytes":	12320768,
				"bits_per_second":	98102506.4254184,
				"omitted":	false,
				"sender":	false
			}
		}, {
			"streams":	[{
					"socket":	5,
					"start":	24.011101,
					"end":	25.001501,
					"seconds":	0.99040001630783081,
					"bytes":	12058624,
					"bits_per_second":	97404069.47854495,
					"omitted":	false,
					"sender":	false
				}],
			"sum":	{
				"start":	24.011101,
				"end":	25.001501,
				"seconds":	0.99040001630783081,
				"bytes":	12058624,
				"bits_per_second":	97404069.47854495,
				"omitted":	false,
				"sender":	false
			}
		}, {
			"streams":	[{
					"socket":	5,
					"start":	25.001501,
					"end":	26.010982,
					"seconds":	1.0094809532165527,
					"bytes":	12189696,
					"bits_per_second":	96601691.8786586,
					"omitted":	false,
					"sender":	false
				}],
			"sum":	{
				"start":	25.001501,
				"end":	26.010982,
				"seconds":	1.0094809532165527,
				"bytes":	12189696,
				"bits_per_second":	96601691.8786586,
				"omitted":	false,
				"sender":	false
			}
		}, {
			"streams":	[{
					"socket":	5,
					"start":	26.010982,
					"end":	27.003867,
					"seconds":	0.99288499355316162,
					"bytes":	12058624,
					"bits_per_second":	97160288.076037675,
					"omitted":	false,
					"sender":	false
				}],
			"sum":	{
				"start":	26.010982,
				"end":	27.003867,
				"seconds":	0.99288499355316162,
				"bytes":	12058624,
				"bits_per_second":	97160288.076037675,
				"omitted":	false,
				"sender":	false
			}
		}, {
			"streams":	[{
					"socket":	5,
					"start":	27.003867,
					"end":	28.010972,
					"seconds":	1.0071049928665161,
					"bytes":	12189696,
					"bits_per_second":	96829594.4223615,
					"omitted":	false,
					"sender":	false
				}],
			"sum":	{
				"start":	27.003867,
				"end":	28.010972,
				"seconds":	1.0071049928665161,
				"bytes":	12189696,
				"bits_per_second":	96829594.4223615,
				"omitted":	false,
				"sender":	false
			}
		}, {
			"streams":	[{
					"socket":	5,
					"start":	28.010972,
					"end":	29.000523,
					"seconds":	0.98955100774765,
					"bytes":	12058624,
					"bits_per_second":	97487639.590784,
					"omitted":	false,
					"sender":	false
				}],
			"sum":	{
				"start":	28.010972,
				"end":	29.000523,
				"seconds":	0.98955100774765,
				"bytes":	12058624,
				"bits_per_second":	97487639.590784,
				"omitted":	false,
				"sender":	false
			}
		}, {
			"streams":	[{
					"socket":	5,
					"start":	29.000523,
					"end":	30.008873,
					"seconds":	1.0083500146865845,
					"bytes":	12451840,
					"bits_per_second":	98789823.522700369,
					"omitted":	false,
					"sender":	false
				}],
			"sum":	{
				"start":	29.000523,
				"end":	30.008873,
				"seconds":	1.0083500146865845,
				"bytes":	12451840,
				"bits_per_second":	98789823.522700369,
				"omitted":	false,
				"sender":	false
			}
		}, {
			"streams":	[{
					"socket":	5,
					"start":	30.008873,
					"end":	30.022377,
					"seconds":	0.013504000380635262,
					"bytes":	393216,
					"bits_per_second":	232947860.7325111,
					"omitted":	false,
					"sender":	false
				}],
			"sum":	{
				"start":	30.008873,
				"end":	30.022377,
				"seconds":	0.013504000380635262,
				"bytes":	393216,
				"bits_per_second":	232947860.7325111,
				"omitted":	false,
				"sender":	false
			}
		}],
	"end":	{
		"streams":	[{
				"sender":	{
					"socket":	5,
					"start":	0,
					"end":	30.022377,
					"seconds":	30.022377,
					"bytes":	0,
					"bits_per_second":	0,
					"sender":	false
				},
				"receiver":	{
					"socket":	5,
					"start":	0,
					"end":	30.022377,
					"seconds":	30.022377,
					"bytes":	365166592,
					"bits_per_second":	97305177.934445366,
					"sender":	false
				}
			}],
		"sum_sent":	{
			"start":	0,
			"end":	30.022377,
			"seconds":	30.022377,
			"bytes":	0,
			"bits_per_second":	0,
			"sender":	false
		},
		"sum_received":	{
			"start":	0,
			"end":	30.022377,
			"seconds":	30.022377,
			"bytes":	365166592,
			"bits_per_second":	97305177.934445366,
			"sender":	false
		},
		"cpu_utilization_percent":	{
			"host_total":	0.56957367410493243,
			"host_user":	0.049962602991660748,
			"host_system":	0.51961107111327176,
			"remote_total":	0,
			"remote_user":	0,
			"remote_system":	0
		}
	}
}
{
	"start":	{
		"connected":	[],
		"version":	"iperf 3.18",
		"system_info":	"CYGWIN_NT-10.0-22621 WIN-20250124JFD 3.5.4-1.x86_64 2024-08-25 16:52 UTC x86_64"
	},
	"intervals":	[],
	"end":	{
	},
	"error":	"interrupt - the server has terminated"
}
