{
	"start":	{
		"connected":	[{
				"socket":	5,
				"local_host":	"192.168.5.35",
				"local_port":	5201,
				"remote_host":	"192.168.5.25",
				"remote_port":	49369
			}],
		"version":	"iperf 3.18",
		"system_info":	"CYGWIN_NT-10.0-22621 WIN-20250124JFD 3.5.4-1.x86_64 2024-08-25 16:52 UTC x86_64",
		"sock_bufsize":	0,
		"sndbuf_actual":	65536,
		"rcvbuf_actual":	65536,
		"timestamp":	{
			"time":	"Tue, 11 Feb 2025 18:55:23 GMT",
			"timesecs":	1739300123
		},
		"accepted_connection":	{
			"host":	"192.168.5.25",
			"port":	49365
		},
		"cookie":	"nop7vciwz2xt2ftmrpbz5civ7ecg6v5kitod",
		"tcp_mss_default":	0,
		"target_bitrate":	0,
		"fq_rate":	0,
		"test_start":	{
			"protocol":	"TCP",
			"num_streams":	1,
			"blksize":	131072,
			"omit":	0,
			"duration":	30,
			"bytes":	0,
			"blocks":	0,
			"reverse":	0,
			"tos":	0,
			"target_bitrate":	0,
			"bidir":	0,
			"fqrate":	0,
			"interval":	1
		}
	},
	"intervals":	[{
			"streams":	[{
					"socket":	5,
					"start":	0,
					"end":	1.011155,
					"seconds":	1.0111550092697144,
					"bytes":	13893632,
					"bits_per_second":	109922865.41731627,
					"omitted":	false,
					"sender":	false
				}],
			"sum":	{
				"start":	0,
				"end":	1.011155,
				"seconds":	1.0111550092697144,
				"bytes":	13893632,
				"bits_per_second":	109922865.41731627,
				"omitted":	false,
				"sender":	false
			}
		}, {
			"streams":	[{
					"socket":	5,
					"start":	1.011155,
					"end":	2.006343,
					"seconds":	0.995187997817993,
					"bytes":	11927552,
					"bits_per_second":	95881799.428062573,
					"omitted":	false,
					"sender":	false
				}],
			"sum":	{
				"start":	1.011155,
				"end":	2.006343,
				"seconds":	0.995187997817993,
				"bytes":	11927552,
				"bits_per_second":	95881799.428062573,
				"omitted":	false,
				"sender":	false
			}
		}, {
			"streams":	[{
					"socket":	5,
					"start":	2.006343,
					"end":	3.012745,
					"seconds":	1.0064020156860352,
					"bytes":	10092544,
					"bits_per_second":	80226739.1574744,
					"omitted":	false,
					"sender":	false
				}],
			"sum":	{
				"start":	2.006343,
				"end":	3.012745,
				"seconds":	1.0064020156860352,
				"bytes":	10092544,
				"bits_per_second":	80226739.1574744,
				"omitted":	false,
				"sender":	false
			}
		}, {
			"streams":	[{
					"socket":	5,
					"start":	3.012745,
					"end":	4.003434,
					"seconds":	0.990688979625702,
					"bytes":	12058624,
					"bits_per_second":	97375658.742512226,
					"omitted":	false,
					"sender":	false
				}],
			"sum":	{
				"start":	3.012745,
				"end":	4.003434,
				"seconds":	0.990688979625702,
				"bytes":	12058624,
				"bits_per_second":	97375658.742512226,
				"omitted":	false,
				"sender":	false
			}
		}, {
			"streams":	[{
					"socket":	5,
					"start":	4.003434,
					"end":	5.013842,
					"seconds":	1.0104080438613892,
					"bytes":	12320768,
					"bits_per_second":	97550830.675613269,
					"omitted":	false,
					"sender":	false
				}],
			"sum":	{
				"start":	4.003434,
				"end":	5.013842,
				"seconds":	1.0104080438613892,
				"bytes":	12320768,
				"bits_per_second":	97550830.675613269,
				"omitted":	false,
				"sender":	false
			}
		}, {
			"streams":	[{
					"socket":	5,
					"start":	5.013842,
					"end":	6.007795,
					"seconds":	0.993952989578247,
					"bytes":	12058624,
					"bits_per_second":	97055889.978190631,
					"omitted":	false,
					"sender":	false
				}],
			"sum":	{
				"start":	5.013842,
				"end":	6.007795,
				"seconds":	0.993952989578247,
				"bytes":	12058624,
				"bits_per_second":	97055889.978190631,
				"omitted":	false,
				"sender":	false
			}
		}, {
			"streams":	[{
					"socket":	5,
					"start":	6.007795,
					"end":	7.013172,
					"seconds":	1.0053770542144775,
					"bytes":	12189696,
					"bits_per_second":	96996015.16785416,
					"omitted":	false,
					"sender":	false
				}],
			"sum":	{
				"start":	6.007795,
				"end":	7.013172,
				"seconds":	1.0053770542144775,
				"bytes":	12189696,
				"bits_per_second":	96996015.16785416,
				"omitted":	false,
				"sender":	false
			}
		}, {
			"streams":	[{
					"socket":	5,
					"start":	7.013172,
					"end":	8.005921,
					"seconds":	0.99274897575378418,
					"bytes":	12058624,
					"bits_per_second":	97173600.130639344,
					"omitted":	false,
					"sender":	false
				}],
			"sum":	{
				"start":	7.013172,
				"end":	8.005921,
				"seconds":	0.99274897575378418,
				"bytes":	12058624,
				"bits_per_second":	97173600.130639344,
				"omitted":	false,
				"sender":	false
			}
		}, {
			"streams":	[{
					"socket":	5,
					"start":	8.005921,
					"end":	9.013361,
					"seconds":	1.0074399709701538,
					"bytes":	12320768,
					"bits_per_second":	97838230.4060081,
					"omitted":	false,
					"sender":	false
				}],
			"sum":	{
				"start":	8.005921,
				"end":	9.013361,
				"seconds":	1.0074399709701538,
				"bytes":	12320768,
				"bits_per_second":	97838230.4060081,
				"omitted":	false,
				"sender":	false
			}
		}, {
			"streams":	[{
					"socket":	5,
					"start":	9.013361,
					"end":	10.004477,
					"seconds":	0.9911159873008728,
					"bytes":	11927552,
					"bits_per_second":	96275730.8151798,
					"omitted":	false,
					"sender":	false
				}],
			"sum":	{
				"start":	9.013361,
				"end":	10.004477,
				"seconds":	0.9911159873008728,
				"bytes":	11927552,
				"bits_per_second":	96275730.8151798,
				"omitted":	false,
				"sender":	false
			}
		}, {
			"streams":	[{
					"socket":	5,
					"start":	10.004477,
					"end":	11.010454,
					"seconds":	1.0059770345687866,
					"bytes":	12320768,
					"bits_per_second":	97980511.098099276,
					"omitted":	false,
					"sender":	false
				}],
			"sum":	{
				"start":	10.004477,
				"end":	11.010454,
				"seconds":	1.0059770345687866,
				"bytes":	12320768,
				"bits_per_second":	97980511.098099276,
				"omitted":	false,
				"sender":	false
			}
		}, {
			"streams":	[{
					"socket":	5,
					"start":	11.010454,
					"end":	12.006487,
					"seconds":	0.996033012866974,
					"bytes":	12189696,
					"bits_per_second":	97905959.6823063,
					"omitted":	false,
					"sender":	false
				}],
			"sum":	{
				"start":	11.010454,
				"end":	12.006487,
				"seconds":	0.996033012866974,
				"bytes":	12189696,
				"bits_per_second":	97905959.6823063,
				"omitted":	false,
				"sender":	false
			}
		}, {
			"streams":	[{
					"socket":	5,
					"start":	12.006487,
					"end":	13.000364,
					"seconds":	0.99387699365615845,
					"bytes":	10223616,
					"bits_per_second":	82292807.381650373,
					"omitted":	false,
					"sender":	false
				}],
			"sum":	{
				"start":	12.006487,
				"end":	13.000364,
				"seconds":	0.99387699365615845,
				"bytes":	10223616,
				"bits_per_second":	82292807.381650373,
				"omitted":	false,
				"sender":	false
			}
		}, {
			"streams":	[{
					"socket":	5,
					"start":	13.000364,
					"end":	14.006241,
					"seconds":	1.0058770179748535,
					"bytes":	12189696,
					"bits_per_second":	96947804.0131919,
					"omitted":	false,
					"sender":	false
				}],
			"sum":	{
				"start":	13.000364,
				"end":	14.006241,
				"seconds":	1.0058770179748535,
				"bytes":	12189696,
				"bits_per_second":	96947804.0131919,
				"omitted":	false,
				"sender":	false
			}
		}, {
			"streams":	[{
					"socket":	5,
					"start":	14.006241,
					"end":	15.000529,
					"seconds":	0.99428802728652954,
					"bytes":	12058624,
					"bits_per_second":	97023185.789805338,
					"omitted":	false,
					"sender":	false
				}],
			"sum":	{
				"start":	14.006241,
				"end":	15.000529,
				"seconds":	0.99428802728652954,
				"bytes":	12058624,
				"bits_per_second":	97023185.789805338,
				"omitted":	false,
				"sender":	false
			}
		}, {
			"streams":	[{
					"socket":	5,
					"start":	15.000529,
					"end":	16.010281,
					"seconds":	1.0097520351409912,
					"bytes":	12320768,
					"bits_per_second":	97614206.8247847,
					"omitted":	false,
					"sender":	false
				}],
			"sum":	{
				"start":	15.000529,
				"end":	16.010281,
				"seconds":	1.0097520351409912,
				"bytes":	12320768,
				"bits_per_second":	97614206.8247847,
				"omitted":	false,
				"sender":	false
			}
		}, {
			"streams":	[{
					"socket":	5,
					"start":	16.010281,
					"end":	17.003501,
					"seconds":	0.99321997165679932,
					"bytes":	12058624,
					"bits_per_second":	97127519.3339892,
					"omitted":	false,
					"sender":	false
				}],
			"sum":	{
				"start":	16.010281,
				"end":	17.003501,
				"seconds":	0.99321997165679932,
				"bytes":	12058624,
				"bits_per_second":	97127519.3339892,
				"omitted":	false,
				"sender":	false
			}
		}, {
			"streams":	[{
					"socket":	5,
					"start":	17.003501,
					"end":	18.008634,
					"seconds":	1.0051330327987671,
					"bytes":	12189696,
					"bits_per_second":	97019563.398951128,
					"omitted":	false,
					"sender":	false
				}],
			"sum":	{
				"start":	17.003501,
				"end":	18.008634,
				"seconds":	1.0051330327987671,
				"bytes":	12189696,
				"bits_per_second":	97019563.398951128,
				"omitted":	false,
				"sender":	false
			}
		}, {
			"streams":	[{
					"socket":	5,
					"start":	18.008634,
					"end":	19.000487,
					"seconds":	0.99185299873352051,
					"bytes":	12058624,
					"bits_per_second":	97261380.590853229,
					"omitted":	false,
					"sender":	false
				}],
			"sum":	{
				"start":	18.008634,
				"end":	19.000487,
				"seconds":	0.99185299873352051,
				"bytes":	12058624,
				"bits_per_second":	97261380.590853229,
				"omitted":	false,
				"sender":	false
			}
		}, {
			"streams":	[{
					"socket":	5,
					"start":	19.000487,
					"end":	20.005903,
					"seconds":	1.0054160356521606,
					"bytes":	12189696,
					"bits_per_second":	96992254.4916896,
					"omitted":	false,
					"sender":	false
				}],
			"sum":	{
				"start":	19.000487,
				"end":	20.005903,
				"seconds":	1.0054160356521606,
				"bytes":	12189696,
				"bits_per_second":	96992254.4916896,
				"omitted":	false,
				"sender":	false
			}
		}, {
			"streams":	[{
					"socket":	5,
					"start":	20.005903,
					"end":	21.000689,
					"seconds":	0.994786024093628,
					"bytes":	12189696,
					"bits_per_second":	98028687.213263243,
					"omitted":	false,
					"sender":	false
				}],
			"sum":	{
				"start":	20.005903,
				"end":	21.000689,
				"seconds":	0.994786024093628,
				"bytes":	12189696,
				"bits_per_second":	98028687.213263243,
				"omitted":	false,
				"sender":	false
			}
		}, {
			"streams":	[{
					"socket":	5,
					"start":	21.000689,
					"end":	22.00507,
					"seconds":	1.0043809413909912,
					"bytes":	10616832,
					"bits_per_second":	84564185.2605964,
					"omitted":	false,
					"sender":	false
				}],
			"sum":	{
				"start":	21.000689,
				"end":	22.00507,
				"seconds":	1.0043809413909912,
				"bytes":	10616832,
				"bits_per_second":	84564185.2605964,
				"omitted":	false,
				"sender":	false
			}
		}, {
			"streams":	[{
					"socket":	5,
					"start":	22.00507,
					"end":	23.010389,
					"seconds":	1.0053189992904663,
					"bytes":	12320768,
					"bits_per_second":	98044644.604912445,
					"omitted":	false,
					"sender":	false
				}],
			"sum":	{
				"start":	22.00507,
				"end":	23.010389,
				"seconds":	1.0053189992904663,
				"bytes":	12320768,
				"bits_per_second":	98044644.604912445,
				"omitted":	false,
				"sender":	false
			}
		}, {
			"streams":	[{
					"socket":	5,
					"start":	23.010389,
					"end":	24.014987,
					"seconds":	1.0045980215072632,
					"bytes":	12189696,
					"bits_per_second":	97071232.385753766,
					"omitted":	false,
					"sender":	false
				}],
			"sum":	{
				"start":	23.010389,
				"end":	24.014987,
				"seconds":	1.0045980215072632,
				"bytes":	12189696,
				"bits_per_second":	97071232.385753766,
				"omitted":	false,
				"sender":	false
			}
		}, {
			"streams":	[{
					"socket":	5,
					"start":	24.014987,
					"end":	25.005208,
					"seconds":	0.99022102355957031,
					"bytes":	12058624,
					"bits_per_second":	97421676.277100936,
					"omitted":	false,
					"sender":	false
				}],
			"sum":	{
				"start":	24.014987,
				"end":	25.005208,
				"seconds":	0.99022102355957031,
				"bytes":	12058624,
				"bits_per_second":	97421676.277100936,
				"omitted":	false,
				"sender":	false
			}
		}, {
			"streams":	[{
					"socket":	5,
					"start":	25.005208,
					"end":	26.014726,
					"seconds":	1.009518027305603,
					"bytes":	12320768,
					"bits_per_second":	97636833.948446065,
					"omitted":	false,
					"sender":	false
				}],
			"sum":	{
				"start":	25.005208,
				"end":	26.014726,
				"seconds":	1.009518027305603,
				"bytes":	12320768,
				"bits_per_second":	97636833.948446065,
				"omitted":	false,
				"sender":	false
			}
		}, {
			"streams":	[{
					"socket":	5,
					"start":	26.014726,
					"end":	27.00763,
					"seconds":	0.992904007434845,
					"bytes":	12058624,
					"bits_per_second":	97158427.4790334,
					"omitted":	false,
					"sender":	false
				}],
			"sum":	{
				"start":	26.014726,
				"end":	27.00763,
				"seconds":	0.992904007434845,
				"bytes":	12058624,
				"bits_per_second":	97158427.4790334,
				"omitted":	false,
				"sender":	false
			}
		}, {
			"streams":	[{
					"socket":	5,
					"start":	27.00763,
					"end":	28.014653,
					"seconds":	1.0070229768753052,
					"bytes":	12189696,
					"bits_per_second":	96837480.612992138,
					"omitted":	false,
					"sender":	false
				}],
			"sum":	{
				"start":	27.00763,
				"end":	28.014653,
				"seconds":	1.0070229768753052,
				"bytes":	12189696,
				"bits_per_second":	96837480.612992138,
				"omitted":	false,
				"sender":	false
			}
		}, {
			"streams":	[{
					"socket":	5,
					"start":	28.014653,
					"end":	29.004261,
					"seconds":	0.98960798978805542,
					"bytes":	12058624,
					"bits_per_second":	97482026.211874858,
					"omitted":	false,
					"sender":	false
				}],
			"sum":	{
				"start":	28.014653,
				"end":	29.004261,
				"seconds":	0.98960798978805542,
				"bytes":	12058624,
				"bits_per_second":	97482026.211874858,
				"omitted":	false,
				"sender":	false
			}
		}, {
			"streams":	[{
					"socket":	5,
					"start":	29.004261,
					"end":	30.01275,
					"seconds":	1.0084890127182007,
					"bytes":	12713984,
					"bits_per_second":	100855706.62376772,
					"omitted":	false,
					"sender":	false
				}],
			"sum":	{
				"start":	29.004261,
				"end":	30.01275,
				"seconds":	1.0084890127182007,
				"bytes":	12713984,
				"bits_per_second":	100855706.62376772,
				"omitted":	false,
				"sender":	false
			}
		}, {
			"streams":	[{
					"socket":	5,
					"start":	30.01275,
					"end":	30.018734,
					"seconds":	0.00598399993032217,
					"bytes":	262144,
					"bits_per_second":	350459897.12889123,
					"omitted":	false,
					"sender":	false
				}],
			"sum":	{
				"start":	30.01275,
				"end":	30.018734,
				"seconds":	0.00598399993032217,
				"bytes":	262144,
				"bits_per_second":	350459897.12889123,
				"omitted":	false,
				"sender":	false
			}
		}],
	"end":	{
		"streams":	[{
				"sender":	{
					"socket":	5,
					"start":	0,
					"end":	30.018734,
					"seconds":	30.018734,
					"bytes":	0,
					"bits_per_second":	0,
					"sender":	false
				},
				"receiver":	{
					"socket":	5,
					"start":	0,
					"end":	30.018734,
					"seconds":	30.018734,
					"bytes":	361627648,
					"bits_per_second":	96373857.205303863,
					"sender":	false
				}
			}],
		"sum_sent":	{
			"start":	0,
			"end":	30.018734,
			"seconds":	30.018734,
			"bytes":	0,
			"bits_per_second":	0,
			"sender":	false
		},
		"sum_received":	{
			"start":	0,
			"end":	30.018734,
			"seconds":	30.018734,
			"bytes":	361627648,
			"bits_per_second":	96373857.205303863,
			"sender":	false
		},
		"cpu_utilization_percent":	{
			"host_total":	0.36310543625802327,
			"host_user":	0,
			"host_system":	0.36310543625802327,
			"remote_total":	0,
			"remote_user":	0,
			"remote_system":	0
		}
	}
}
{
	"start":	{
		"connected":	[],
		"version":	"iperf 3.18",
		"system_info":	"CYGWIN_NT-10.0-22621 WIN-20250124JFD 3.5.4-1.x86_64 2024-08-25 16:52 UTC x86_64"
	},
	"intervals":	[],
	"end":	{
	},
	"error":	"interrupt - the server has terminated"
}
