{
	"start":	{
		"connected":	[{
				"socket":	5,
				"local_host":	"192.168.5.36",
				"local_port":	5201,
				"remote_host":	"192.168.5.26",
				"remote_port":	49172
			}],
		"version":	"iperf 3.18",
		"system_info":	"CYGWIN_NT-10.0-22621 WIN-20250124JFD 3.5.4-1.x86_64 2024-08-25 16:52 UTC x86_64",
		"sock_bufsize":	0,
		"sndbuf_actual":	65536,
		"rcvbuf_actual":	65536,
		"timestamp":	{
			"time":	"Tue, 11 Feb 2025 18:34:13 GMT",
			"timesecs":	1739298853
		},
		"accepted_connection":	{
			"host":	"192.168.5.26",
			"port":	49165
		},
		"cookie":	"gb53zpdahjueifsbfqxyblomhdx5xhzufkoh",
		"tcp_mss_default":	0,
		"target_bitrate":	0,
		"fq_rate":	0,
		"test_start":	{
			"protocol":	"TCP",
			"num_streams":	1,
			"blksize":	131072,
			"omit":	0,
			"duration":	30,
			"bytes":	0,
			"blocks":	0,
			"reverse":	0,
			"tos":	0,
			"target_bitrate":	0,
			"bidir":	0,
			"fqrate":	0,
			"interval":	1
		}
	},
	"intervals":	[{
			"streams":	[{
					"socket":	5,
					"start":	0,
					"end":	1.014949,
					"seconds":	1.0149489641189575,
					"bytes":	10223616,
					"bits_per_second":	80584276.54143,
					"omitted":	false,
					"sender":	false
				}],
			"sum":	{
				"start":	0,
				"end":	1.014949,
				"seconds":	1.0149489641189575,
				"bytes":	10223616,
				"bits_per_second":	80584276.54143,
				"omitted":	false,
				"sender":	false
			}
		}, {
			"streams":	[{
					"socket":	5,
					"start":	1.014949,
					"end":	2.013965,
					"seconds":	0.999015986919403,
					"bytes":	13107200,
					"bits_per_second":	104960882.8817066,
					"omitted":	false,
					"sender":	false
				}],
			"sum":	{
				"start":	1.014949,
				"end":	2.013965,
				"seconds":	0.999015986919403,
				"bytes":	13107200,
				"bits_per_second":	104960882.8817066,
				"omitted":	false,
				"sender":	false
			}
		}, {
			"streams":	[{
					"socket":	5,
					"start":	2.013965,
					"end":	3.01092,
					"seconds":	0.99695497751235962,
					"bytes":	12189696,
					"bits_per_second":	97815418.1478983,
					"omitted":	false,
					"sender":	false
				}],
			"sum":	{
				"start":	2.013965,
				"end":	3.01092,
				"seconds":	0.99695497751235962,
				"bytes":	12189696,
				"bits_per_second":	97815418.1478983,
				"omitted":	false,
				"sender":	false
			}
		}, {
			"streams":	[{
					"socket":	5,
					"start":	3.01092,
					"end":	4.012004,
					"seconds":	1.0010839700698853,
					"bytes":	12320768,
					"bits_per_second":	98459416.93893984,
					"omitted":	false,
					"sender":	false
				}],
			"sum":	{
				"start":	3.01092,
				"end":	4.012004,
				"seconds":	1.0010839700698853,
				"bytes":	12320768,
				"bits_per_second":	98459416.93893984,
				"omitted":	false,
				"sender":	false
			}
		}, {
			"streams":	[{
					"socket":	5,
					"start":	4.012004,
					"end":	5.012031,
					"seconds":	1.0000269412994385,
					"bytes":	12189696,
					"bits_per_second":	97514940.8207796,
					"omitted":	false,
					"sender":	false
				}],
			"sum":	{
				"start":	4.012004,
				"end":	5.012031,
				"seconds":	1.0000269412994385,
				"bytes":	12189696,
				"bits_per_second":	97514940.8207796,
				"omitted":	false,
				"sender":	false
			}
		}, {
			"streams":	[{
					"socket":	5,
					"start":	5.012031,
					"end":	6.003738,
					"seconds":	0.99170702695846558,
					"bytes":	12189696,
					"bits_per_second":	98333041.260263458,
					"omitted":	false,
					"sender":	false
				}],
			"sum":	{
				"start":	5.012031,
				"end":	6.003738,
				"seconds":	0.99170702695846558,
				"bytes":	12189696,
				"bits_per_second":	98333041.260263458,
				"omitted":	false,
				"sender":	false
			}
		}, {
			"streams":	[{
					"socket":	5,
					"start":	6.003738,
					"end":	7.000637,
					"seconds":	0.99689900875091553,
					"bytes":	12189696,
					"bits_per_second":	97820909.785221457,
					"omitted":	false,
					"sender":	false
				}],
			"sum":	{
				"start":	6.003738,
				"end":	7.000637,
				"seconds":	0.99689900875091553,
				"bytes":	12189696,
				"bits_per_second":	97820909.785221457,
				"omitted":	false,
				"sender":	false
			}
		}, {
			"streams":	[{
					"socket":	5,
					"start":	7.000637,
					"end":	8.002067,
					"seconds":	1.0014300346374512,
					"bytes":	12320768,
					"bits_per_second":	98425392.2798351,
					"omitted":	false,
					"sender":	false
				}],
			"sum":	{
				"start":	7.000637,
				"end":	8.002067,
				"seconds":	1.0014300346374512,
				"bytes":	12320768,
				"bits_per_second":	98425392.2798351,
				"omitted":	false,
				"sender":	false
			}
		}, {
			"streams":	[{
					"socket":	5,
					"start":	8.002067,
					"end":	9.000084,
					"seconds":	0.99801701307296753,
					"bytes":	12189696,
					"bits_per_second":	97711328.286615342,
					"omitted":	false,
					"sender":	false
				}],
			"sum":	{
				"start":	8.002067,
				"end":	9.000084,
				"seconds":	0.99801701307296753,
				"bytes":	12189696,
				"bits_per_second":	97711328.286615342,
				"omitted":	false,
				"sender":	false
			}
		}, {
			"streams":	[{
					"socket":	5,
					"start":	9.000084,
					"end":	10.014708,
					"seconds":	1.0146239995956421,
					"bytes":	11141120,
					"bits_per_second":	87844324.6321007,
					"omitted":	false,
					"sender":	false
				}],
			"sum":	{
				"start":	9.000084,
				"end":	10.014708,
				"seconds":	1.0146239995956421,
				"bytes":	11141120,
				"bits_per_second":	87844324.6321007,
				"omitted":	false,
				"sender":	false
			}
		}, {
			"streams":	[{
					"socket":	5,
					"start":	10.014708,
					"end":	11.013855,
					"seconds":	0.99914699792861938,
					"bytes":	12320768,
					"bits_per_second":	98650292.904189572,
					"omitted":	false,
					"sender":	false
				}],
			"sum":	{
				"start":	10.014708,
				"end":	11.013855,
				"seconds":	0.99914699792861938,
				"bytes":	12320768,
				"bits_per_second":	98650292.904189572,
				"omitted":	false,
				"sender":	false
			}
		}, {
			"streams":	[{
					"socket":	5,
					"start":	11.013855,
					"end":	12.008556,
					"seconds":	0.99470102787017822,
					"bytes":	12189696,
					"bits_per_second":	98037063.668066651,
					"omitted":	false,
					"sender":	false
				}],
			"sum":	{
				"start":	11.013855,
				"end":	12.008556,
				"seconds":	0.99470102787017822,
				"bytes":	12189696,
				"bits_per_second":	98037063.668066651,
				"omitted":	false,
				"sender":	false
			}
		}, {
			"streams":	[{
					"socket":	5,
					"start":	12.008556,
					"end":	13.015019,
					"seconds":	1.0064630508422852,
					"bytes":	12320768,
					"bits_per_second":	97933196.770127147,
					"omitted":	false,
					"sender":	false
				}],
			"sum":	{
				"start":	12.008556,
				"end":	13.015019,
				"seconds":	1.0064630508422852,
				"bytes":	12320768,
				"bits_per_second":	97933196.770127147,
				"omitted":	false,
				"sender":	false
			}
		}, {
			"streams":	[{
					"socket":	5,
					"start":	13.015019,
					"end":	14.013036,
					"seconds":	0.99801701307296753,
					"bytes":	12189696,
					"bits_per_second":	97711328.286615342,
					"omitted":	false,
					"sender":	false
				}],
			"sum":	{
				"start":	13.015019,
				"end":	14.013036,
				"seconds":	0.99801701307296753,
				"bytes":	12189696,
				"bits_per_second":	97711328.286615342,
				"omitted":	false,
				"sender":	false
			}
		}, {
			"streams":	[{
					"socket":	5,
					"start":	14.013036,
					"end":	15.008491,
					"seconds":	0.995455026626587,
					"bytes":	12189696,
					"bits_per_second":	97962806.346429348,
					"omitted":	false,
					"sender":	false
				}],
			"sum":	{
				"start":	14.013036,
				"end":	15.008491,
				"seconds":	0.995455026626587,
				"bytes":	12189696,
				"bits_per_second":	97962806.346429348,
				"omitted":	false,
				"sender":	false
			}
		}, {
			"streams":	[{
					"socket":	5,
					"start":	15.008491,
					"end":	16.008066,
					"seconds":	0.99957501888275146,
					"bytes":	12320768,
					"bits_per_second":	98608050.559496477,
					"omitted":	false,
					"sender":	false
				}],
			"sum":	{
				"start":	15.008491,
				"end":	16.008066,
				"seconds":	0.99957501888275146,
				"bytes":	12320768,
				"bits_per_second":	98608050.559496477,
				"omitted":	false,
				"sender":	false
			}
		}, {
			"streams":	[{
					"socket":	5,
					"start":	16.008066,
					"end":	17.004116,
					"seconds":	0.996050000190735,
					"bytes":	12189696,
					"bits_per_second":	97904289.926536053,
					"omitted":	false,
					"sender":	false
				}],
			"sum":	{
				"start":	16.008066,
				"end":	17.004116,
				"seconds":	0.996050000190735,
				"bytes":	12189696,
				"bits_per_second":	97904289.926536053,
				"omitted":	false,
				"sender":	false
			}
		}, {
			"streams":	[{
					"socket":	5,
					"start":	17.004116,
					"end":	18.000183,
					"seconds":	0.996066987514496,
					"bytes":	12320768,
					"bits_per_second":	98955336.5742538,
					"omitted":	false,
					"sender":	false
				}],
			"sum":	{
				"start":	17.004116,
				"end":	18.000183,
				"seconds":	0.996066987514496,
				"bytes":	12320768,
				"bits_per_second":	98955336.5742538,
				"omitted":	false,
				"sender":	false
			}
		}, {
			"streams":	[{
					"socket":	5,
					"start":	18.000183,
					"end":	19.006217,
					"seconds":	1.0060340166091919,
					"bytes":	9568256,
					"bits_per_second":	76086938.1514516,
					"omitted":	false,
					"sender":	false
				}],
			"sum":	{
				"start":	18.000183,
				"end":	19.006217,
				"seconds":	1.0060340166091919,
				"bytes":	9568256,
				"bits_per_second":	76086938.1514516,
				"omitted":	false,
				"sender":	false
			}
		}, {
			"streams":	[{
					"socket":	5,
					"start":	19.006217,
					"end":	20.004906,
					"seconds":	0.99868899583816528,
					"bytes":	12451840,
					"bits_per_second":	99745486.7482512,
					"omitted":	false,
					"sender":	false
				}],
			"sum":	{
				"start":	19.006217,
				"end":	20.004906,
				"seconds":	0.99868899583816528,
				"bytes":	12451840,
				"bits_per_second":	99745486.7482512,
				"omitted":	false,
				"sender":	false
			}
		}, {
			"streams":	[{
					"socket":	5,
					"start":	20.004906,
					"end":	21.015048,
					"seconds":	1.0101419687271118,
					"bytes":	12451840,
					"bits_per_second":	98614574.073707,
					"omitted":	false,
					"sender":	false
				}],
			"sum":	{
				"start":	20.004906,
				"end":	21.015048,
				"seconds":	1.0101419687271118,
				"bytes":	12451840,
				"bits_per_second":	98614574.073707,
				"omitted":	false,
				"sender":	false
			}
		}, {
			"streams":	[{
					"socket":	5,
					"start":	21.015048,
					"end":	22.012014,
					"seconds":	0.996966004371643,
					"bytes":	12189696,
					"bits_per_second":	97814336.268629655,
					"omitted":	false,
					"sender":	false
				}],
			"sum":	{
				"start":	21.015048,
				"end":	22.012014,
				"seconds":	0.996966004371643,
				"bytes":	12189696,
				"bits_per_second":	97814336.268629655,
				"omitted":	false,
				"sender":	false
			}
		}, {
			"streams":	[{
					"socket":	5,
					"start":	22.012014,
					"end":	23.00871,
					"seconds":	0.99669599533081055,
					"bytes":	12189696,
					"bits_per_second":	97840834.5742708,
					"omitted":	false,
					"sender":	false
				}],
			"sum":	{
				"start":	22.012014,
				"end":	23.00871,
				"seconds":	0.99669599533081055,
				"bytes":	12189696,
				"bits_per_second":	97840834.5742708,
				"omitted":	false,
				"sender":	false
			}
		}, {
			"streams":	[{
					"socket":	5,
					"start":	23.00871,
					"end":	24.007874,
					"seconds":	0.99916398525238037,
					"bytes":	13107200,
					"bits_per_second":	104945335.84846321,
					"omitted":	false,
					"sender":	false
				}],
			"sum":	{
				"start":	23.00871,
				"end":	24.007874,
				"seconds":	0.99916398525238037,
				"bytes":	13107200,
				"bits_per_second":	104945335.84846321,
				"omitted":	false,
				"sender":	false
			}
		}, {
			"streams":	[{
					"socket":	5,
					"start":	24.007874,
					"end":	25.005953,
					"seconds":	0.998079001903534,
					"bytes":	12320768,
					"bits_per_second":	98755853.807178468,
					"omitted":	false,
					"sender":	false
				}],
			"sum":	{
				"start":	24.007874,
				"end":	25.005953,
				"seconds":	0.998079001903534,
				"bytes":	12320768,
				"bits_per_second":	98755853.807178468,
				"omitted":	false,
				"sender":	false
			}
		}, {
			"streams":	[{
					"socket":	5,
					"start":	25.005953,
					"end":	26.005849,
					"seconds":	0.999895989894867,
					"bytes":	12189696,
					"bits_per_second":	97527711.867564738,
					"omitted":	false,
					"sender":	false
				}],
			"sum":	{
				"start":	25.005953,
				"end":	26.005849,
				"seconds":	0.999895989894867,
				"bytes":	12189696,
				"bits_per_second":	97527711.867564738,
				"omitted":	false,
				"sender":	false
			}
		}, {
			"streams":	[{
					"socket":	5,
					"start":	26.005849,
					"end":	27.003064,
					"seconds":	0.99721497297287,
					"bytes":	12189696,
					"bits_per_second":	97789915.5578093,
					"omitted":	false,
					"sender":	false
				}],
			"sum":	{
				"start":	26.005849,
				"end":	27.003064,
				"seconds":	0.99721497297287,
				"bytes":	12189696,
				"bits_per_second":	97789915.5578093,
				"omitted":	false,
				"sender":	false
			}
		}, {
			"streams":	[{
					"socket":	5,
					"start":	27.003064,
					"end":	28.002924,
					"seconds":	0.99985998868942261,
					"bytes":	12320768,
					"bits_per_second":	98579946.307479158,
					"omitted":	false,
					"sender":	false
				}],
			"sum":	{
				"start":	27.003064,
				"end":	28.002924,
				"seconds":	0.99985998868942261,
				"bytes":	12320768,
				"bits_per_second":	98579946.307479158,
				"omitted":	false,
				"sender":	false
			}
		}, {
			"streams":	[{
					"socket":	5,
					"start":	28.002924,
					"end":	29.00985,
					"seconds":	1.0069259405136108,
					"bytes":	9568256,
					"bits_per_second":	76019541.1799159,
					"omitted":	false,
					"sender":	false
				}],
			"sum":	{
				"start":	28.002924,
				"end":	29.00985,
				"seconds":	1.0069259405136108,
				"bytes":	9568256,
				"bits_per_second":	76019541.1799159,
				"omitted":	false,
				"sender":	false
			}
		}, {
			"streams":	[{
					"socket":	5,
					"start":	29.00985,
					"end":	30.005985,
					"seconds":	0.99613499641418457,
					"bytes":	12320768,
					"bits_per_second":	98948580.6189034,
					"omitted":	false,
					"sender":	false
				}],
			"sum":	{
				"start":	29.00985,
				"end":	30.005985,
				"seconds":	0.99613499641418457,
				"bytes":	12320768,
				"bits_per_second":	98948580.6189034,
				"omitted":	false,
				"sender":	false
			}
		}, {
			"streams":	[{
					"socket":	5,
					"start":	30.005985,
					"end":	30.026259,
					"seconds":	0.020274000242352486,
					"bytes":	393216,
					"bits_per_second":	155160696.57671991,
					"omitted":	false,
					"sender":	false
				}],
			"sum":	{
				"start":	30.005985,
				"end":	30.026259,
				"seconds":	0.020274000242352486,
				"bytes":	393216,
				"bits_per_second":	155160696.57671991,
				"omitted":	false,
				"sender":	false
			}
		}],
	"end":	{
		"streams":	[{
				"sender":	{
					"socket":	5,
					"start":	0,
					"end":	30.026259,
					"seconds":	30.026259,
					"bytes":	0,
					"bits_per_second":	0,
					"sender":	false
				},
				"receiver":	{
					"socket":	5,
					"start":	0,
					"end":	30.026259,
					"seconds":	30.026259,
					"bytes":	361365504,
					"bits_per_second":	96279860.637983575,
					"sender":	false
				}
			}],
		"sum_sent":	{
			"start":	0,
			"end":	30.026259,
			"seconds":	30.026259,
			"bytes":	0,
			"bits_per_second":	0,
			"sender":	false
		},
		"sum_received":	{
			"start":	0,
			"end":	30.026259,
			"seconds":	30.026259,
			"bytes":	361365504,
			"bits_per_second":	96279860.637983575,
			"sender":	false
		},
		"cpu_utilization_percent":	{
			"host_total":	1.0390876118043284,
			"host_user":	0.15319881456089457,
			"host_system":	0.88588879724343372,
			"remote_total":	0,
			"remote_user":	0,
			"remote_system":	0
		}
	}
}
{
	"start":	{
		"connected":	[{
				"socket":	5,
				"local_host":	"192.168.5.36",
				"local_port":	5201,
				"remote_host":	"192.168.5.26",
				"remote_port":	49256
			}],
		"version":	"iperf 3.18",
		"system_info":	"CYGWIN_NT-10.0-22621 WIN-20250124JFD 3.5.4-1.x86_64 2024-08-25 16:52 UTC x86_64",
		"sock_bufsize":	0,
		"sndbuf_actual":	65536,
		"rcvbuf_actual":	65536,
		"timestamp":	{
			"time":	"Tue, 11 Feb 2025 18:43:03 GMT",
			"timesecs":	1739299383
		},
		"accepted_connection":	{
			"host":	"192.168.5.26",
			"port":	49250
		},
		"cookie":	"kbsizg24yuebuolprbnajznxhnmb4sxv4g4m",
		"tcp_mss_default":	0,
		"target_bitrate":	0,
		"fq_rate":	0,
		"test_start":	{
			"protocol":	"TCP",
			"num_streams":	1,
			"blksize":	131072,
			"omit":	0,
			"duration":	30,
			"bytes":	0,
			"blocks":	0,
			"reverse":	0,
			"tos":	0,
			"target_bitrate":	0,
			"bidir":	0,
			"fqrate":	0,
			"interval":	1
		}
	},
	"intervals":	[{
			"streams":	[{
					"socket":	5,
					"start":	0,
					"end":	1.012484,
					"seconds":	1.0124839544296265,
					"bytes":	15204352,
					"bits_per_second":	120135055.44245574,
					"omitted":	false,
					"sender":	false
				}],
			"sum":	{
				"start":	0,
				"end":	1.012484,
				"seconds":	1.0124839544296265,
				"bytes":	15204352,
				"bits_per_second":	120135055.44245574,
				"omitted":	false,
				"sender":	false
			}
		}, {
			"streams":	[{
					"socket":	5,
					"start":	1.012484,
					"end":	2.006971,
					"seconds":	0.99448698759078979,
					"bytes":	12451840,
					"bits_per_second":	100166941.59198926,
					"omitted":	false,
					"sender":	false
				}],
			"sum":	{
				"start":	1.012484,
				"end":	2.006971,
				"seconds":	0.99448698759078979,
				"bytes":	12451840,
				"bits_per_second":	100166941.59198926,
				"omitted":	false,
				"sender":	false
			}
		}, {
			"streams":	[{
					"socket":	5,
					"start":	2.006971,
					"end":	3.001822,
					"seconds":	0.994850993156433,
					"bytes":	13762560,
					"bits_per_second":	110670322.24662764,
					"omitted":	false,
					"sender":	false
				}],
			"sum":	{
				"start":	2.006971,
				"end":	3.001822,
				"seconds":	0.994850993156433,
				"bytes":	13762560,
				"bits_per_second":	110670322.24662764,
				"omitted":	false,
				"sender":	false
			}
		}, {
			"streams":	[{
					"socket":	5,
					"start":	3.001822,
					"end":	4.002509,
					"seconds":	1.0006870031356812,
					"bytes":	13762560,
					"bits_per_second":	110024892.55381255,
					"omitted":	false,
					"sender":	false
				}],
			"sum":	{
				"start":	3.001822,
				"end":	4.002509,
				"seconds":	1.0006870031356812,
				"bytes":	13762560,
				"bits_per_second":	110024892.55381255,
				"omitted":	false,
				"sender":	false
			}
		}, {
			"streams":	[{
					"socket":	5,
					"start":	4.002509,
					"end":	5.000563,
					"seconds":	0.998054027557373,
					"bytes":	13762560,
					"bits_per_second":	110315150.24237591,
					"omitted":	false,
					"sender":	false
				}],
			"sum":	{
				"start":	4.002509,
				"end":	5.000563,
				"seconds":	0.998054027557373,
				"bytes":	13762560,
				"bits_per_second":	110315150.24237591,
				"omitted":	false,
				"sender":	false
			}
		}, {
			"streams":	[{
					"socket":	5,
					"start":	5.000563,
					"end":	6.015203,
					"seconds":	1.0146399736404419,
					"bytes":	13893632,
					"bits_per_second":	109545315.46909851,
					"omitted":	false,
					"sender":	false
				}],
			"sum":	{
				"start":	5.000563,
				"end":	6.015203,
				"seconds":	1.0146399736404419,
				"bytes":	13893632,
				"bits_per_second":	109545315.46909851,
				"omitted":	false,
				"sender":	false
			}
		}, {
			"streams":	[{
					"socket":	5,
					"start":	6.015203,
					"end":	7.011635,
					"seconds":	0.99643200635910034,
					"bytes":	13631488,
					"bits_per_second":	109442393.76499835,
					"omitted":	false,
					"sender":	false
				}],
			"sum":	{
				"start":	6.015203,
				"end":	7.011635,
				"seconds":	0.99643200635910034,
				"bytes":	13631488,
				"bits_per_second":	109442393.76499835,
				"omitted":	false,
				"sender":	false
			}
		}, {
			"streams":	[{
					"socket":	5,
					"start":	7.011635,
					"end":	8.012639,
					"seconds":	1.0010039806365967,
					"bytes":	13762560,
					"bits_per_second":	109990052.11745581,
					"omitted":	false,
					"sender":	false
				}],
			"sum":	{
				"start":	7.011635,
				"end":	8.012639,
				"seconds":	1.0010039806365967,
				"bytes":	13762560,
				"bits_per_second":	109990052.11745581,
				"omitted":	false,
				"sender":	false
			}
		}, {
			"streams":	[{
					"socket":	5,
					"start":	8.012639,
					"end":	9.005301,
					"seconds":	0.992662012577057,
					"bytes":	13500416,
					"bits_per_second":	108801713.60603575,
					"omitted":	false,
					"sender":	false
				}],
			"sum":	{
				"start":	8.012639,
				"end":	9.005301,
				"seconds":	0.992662012577057,
				"bytes":	13500416,
				"bits_per_second":	108801713.60603575,
				"omitted":	false,
				"sender":	false
			}
		}, {
			"streams":	[{
					"socket":	5,
					"start":	9.005301,
					"end":	10.004722,
					"seconds":	0.999421000480652,
					"bytes":	13762560,
					"bits_per_second":	110164265.05651706,
					"omitted":	false,
					"sender":	false
				}],
			"sum":	{
				"start":	9.005301,
				"end":	10.004722,
				"seconds":	0.999421000480652,
				"bytes":	13762560,
				"bits_per_second":	110164265.05651706,
				"omitted":	false,
				"sender":	false
			}
		}, {
			"streams":	[{
					"socket":	5,
					"start":	10.004722,
					"end":	11.002869,
					"seconds":	0.99814701080322266,
					"bytes":	9568256,
					"bits_per_second":	76688150.314052776,
					"omitted":	false,
					"sender":	false
				}],
			"sum":	{
				"start":	10.004722,
				"end":	11.002869,
				"seconds":	0.99814701080322266,
				"bytes":	9568256,
				"bits_per_second":	76688150.314052776,
				"omitted":	false,
				"sender":	false
			}
		}, {
			"streams":	[{
					"socket":	5,
					"start":	11.002869,
					"end":	12.014264,
					"seconds":	1.01139497756958,
					"bytes":	15073280,
					"bits_per_second":	119227643.67465344,
					"omitted":	false,
					"sender":	false
				}],
			"sum":	{
				"start":	11.002869,
				"end":	12.014264,
				"seconds":	1.01139497756958,
				"bytes":	15073280,
				"bits_per_second":	119227643.67465344,
				"omitted":	false,
				"sender":	false
			}
		}, {
			"streams":	[{
					"socket":	5,
					"start":	12.014264,
					"end":	13.010708,
					"seconds":	0.9964439868927002,
					"bytes":	13631488,
					"bits_per_second":	109441077.90751615,
					"omitted":	false,
					"sender":	false
				}],
			"sum":	{
				"start":	12.014264,
				"end":	13.010708,
				"seconds":	0.9964439868927002,
				"bytes":	13631488,
				"bits_per_second":	109441077.90751615,
				"omitted":	false,
				"sender":	false
			}
		}, {
			"streams":	[{
					"socket":	5,
					"start":	13.010708,
					"end":	14.008481,
					"seconds":	0.997772991657257,
					"bytes":	13631488,
					"bits_per_second":	109295305.55729873,
					"omitted":	false,
					"sender":	false
				}],
			"sum":	{
				"start":	13.010708,
				"end":	14.008481,
				"seconds":	0.997772991657257,
				"bytes":	13631488,
				"bits_per_second":	109295305.55729873,
				"omitted":	false,
				"sender":	false
			}
		}, {
			"streams":	[{
					"socket":	5,
					"start":	14.008481,
					"end":	15.006897,
					"seconds":	0.998416006565094,
					"bytes":	14024704,
					"bits_per_second":	112375634.26692221,
					"omitted":	false,
					"sender":	false
				}],
			"sum":	{
				"start":	14.008481,
				"end":	15.006897,
				"seconds":	0.998416006565094,
				"bytes":	14024704,
				"bits_per_second":	112375634.26692221,
				"omitted":	false,
				"sender":	false
			}
		}, {
			"streams":	[{
					"socket":	5,
					"start":	15.006897,
					"end":	16.008597,
					"seconds":	1.0017000436782837,
					"bytes":	14680064,
					"bits_per_second":	117241196.84447014,
					"omitted":	false,
					"sender":	false
				}],
			"sum":	{
				"start":	15.006897,
				"end":	16.008597,
				"seconds":	1.0017000436782837,
				"bytes":	14680064,
				"bits_per_second":	117241196.84447014,
				"omitted":	false,
				"sender":	false
			}
		}, {
			"streams":	[{
					"socket":	5,
					"start":	16.008597,
					"end":	17.006071,
					"seconds":	0.99747401475906372,
					"bytes":	13631488,
					"bits_per_second":	109328065.07880919,
					"omitted":	false,
					"sender":	false
				}],
			"sum":	{
				"start":	16.008597,
				"end":	17.006071,
				"seconds":	0.99747401475906372,
				"bytes":	13631488,
				"bits_per_second":	109328065.07880919,
				"omitted":	false,
				"sender":	false
			}
		}, {
			"streams":	[{
					"socket":	5,
					"start":	17.006071,
					"end":	18.00494,
					"seconds":	0.998869001865387,
					"bytes":	13762560,
					"bits_per_second":	110225144.43274088,
					"omitted":	false,
					"sender":	false
				}],
			"sum":	{
				"start":	17.006071,
				"end":	18.00494,
				"seconds":	0.998869001865387,
				"bytes":	13762560,
				"bits_per_second":	110225144.43274088,
				"omitted":	false,
				"sender":	false
			}
		}, {
			"streams":	[{
					"socket":	5,
					"start":	18.00494,
					"end":	19.00356,
					"seconds":	0.99861997365951538,
					"bytes":	13631488,
					"bits_per_second":	109202606.47338285,
					"omitted":	false,
					"sender":	false
				}],
			"sum":	{
				"start":	18.00494,
				"end":	19.00356,
				"seconds":	0.99861997365951538,
				"bytes":	13631488,
				"bits_per_second":	109202606.47338285,
				"omitted":	false,
				"sender":	false
			}
		}, {
			"streams":	[{
					"socket":	5,
					"start":	19.00356,
					"end":	20.001979,
					"seconds":	0.99841898679733276,
					"bytes":	11403264,
					"bits_per_second":	91370570.077627957,
					"omitted":	false,
					"sender":	false
				}],
			"sum":	{
				"start":	19.00356,
				"end":	20.001979,
				"seconds":	0.99841898679733276,
				"bytes":	11403264,
				"bits_per_second":	91370570.077627957,
				"omitted":	false,
				"sender":	false
			}
		}, {
			"streams":	[{
					"socket":	5,
					"start":	20.001979,
					"end":	21.014168,
					"seconds":	1.0121890306472778,
					"bytes":	13369344,
					"bits_per_second":	105666776.42377159,
					"omitted":	false,
					"sender":	false
				}],
			"sum":	{
				"start":	20.001979,
				"end":	21.014168,
				"seconds":	1.0121890306472778,
				"bytes":	13369344,
				"bits_per_second":	105666776.42377159,
				"omitted":	false,
				"sender":	false
			}
		}, {
			"streams":	[{
					"socket":	5,
					"start":	21.014168,
					"end":	22.013979,
					"seconds":	0.99981099367141724,
					"bytes":	13500416,
					"bits_per_second":	108023745.17147462,
					"omitted":	false,
					"sender":	false
				}],
			"sum":	{
				"start":	21.014168,
				"end":	22.013979,
				"seconds":	0.99981099367141724,
				"bytes":	13500416,
				"bits_per_second":	108023745.17147462,
				"omitted":	false,
				"sender":	false
			}
		}, {
			"streams":	[{
					"socket":	5,
					"start":	22.013979,
					"end":	23.009475,
					"seconds":	0.99549597501754761,
					"bytes":	13500416,
					"bits_per_second":	108491978.5819287,
					"omitted":	false,
					"sender":	false
				}],
			"sum":	{
				"start":	22.013979,
				"end":	23.009475,
				"seconds":	0.99549597501754761,
				"bytes":	13500416,
				"bits_per_second":	108491978.5819287,
				"omitted":	false,
				"sender":	false
			}
		}, {
			"streams":	[{
					"socket":	5,
					"start":	23.009475,
					"end":	24.008404,
					"seconds":	0.99892902374267578,
					"bytes":	13631488,
					"bits_per_second":	109168821.21556194,
					"omitted":	false,
					"sender":	false
				}],
			"sum":	{
				"start":	23.009475,
				"end":	24.008404,
				"seconds":	0.99892902374267578,
				"bytes":	13631488,
				"bits_per_second":	109168821.21556194,
				"omitted":	false,
				"sender":	false
			}
		}, {
			"streams":	[{
					"socket":	5,
					"start":	24.008404,
					"end":	25.004753,
					"seconds":	0.99634897708892822,
					"bytes":	14942208,
					"bits_per_second":	119975698.02225107,
					"omitted":	false,
					"sender":	false
				}],
			"sum":	{
				"start":	24.008404,
				"end":	25.004753,
				"seconds":	0.99634897708892822,
				"bytes":	14942208,
				"bits_per_second":	119975698.02225107,
				"omitted":	false,
				"sender":	false
			}
		}, {
			"streams":	[{
					"socket":	5,
					"start":	25.004753,
					"end":	26.002226,
					"seconds":	0.99747300148010254,
					"bytes":	13500416,
					"bits_per_second":	108276943.6764093,
					"omitted":	false,
					"sender":	false
				}],
			"sum":	{
				"start":	25.004753,
				"end":	26.002226,
				"seconds":	0.99747300148010254,
				"bytes":	13500416,
				"bits_per_second":	108276943.6764093,
				"omitted":	false,
				"sender":	false
			}
		}, {
			"streams":	[{
					"socket":	5,
					"start":	26.002226,
					"end":	27.005023,
					"seconds":	1.00279700756073,
					"bytes":	13500416,
					"bits_per_second":	107702084.45547166,
					"omitted":	false,
					"sender":	false
				}],
			"sum":	{
				"start":	26.002226,
				"end":	27.005023,
				"seconds":	1.00279700756073,
				"bytes":	13500416,
				"bits_per_second":	107702084.45547166,
				"omitted":	false,
				"sender":	false
			}
		}, {
			"streams":	[{
					"socket":	5,
					"start":	27.005023,
					"end":	28.002933,
					"seconds":	0.9979100227355957,
					"bytes":	13631488,
					"bits_per_second":	109280297.33688143,
					"omitted":	false,
					"sender":	false
				}],
			"sum":	{
				"start":	27.005023,
				"end":	28.002933,
				"seconds":	0.9979100227355957,
				"bytes":	13631488,
				"bits_per_second":	109280297.33688143,
				"omitted":	false,
				"sender":	false
			}
		}, {
			"streams":	[{
					"socket":	5,
					"start":	28.002933,
					"end":	29.015066,
					"seconds":	1.012133002281189,
					"bytes":	13631488,
					"bits_per_second":	107744638.06062457,
					"omitted":	false,
					"sender":	false
				}],
			"sum":	{
				"start":	28.002933,
				"end":	29.015066,
				"seconds":	1.012133002281189,
				"bytes":	13631488,
				"bits_per_second":	107744638.06062457,
				"omitted":	false,
				"sender":	false
			}
		}, {
			"streams":	[{
					"socket":	5,
					"start":	29.015066,
					"end":	30.011881,
					"seconds":	0.996815025806427,
					"bytes":	9437184,
					"bits_per_second":	75738697.797941267,
					"omitted":	false,
					"sender":	false
				}],
			"sum":	{
				"start":	29.015066,
				"end":	30.011881,
				"seconds":	0.996815025806427,
				"bytes":	9437184,
				"bits_per_second":	75738697.797941267,
				"omitted":	false,
				"sender":	false
			}
		}, {
			"streams":	[{
					"socket":	5,
					"start":	30.011881,
					"end":	30.015553,
					"seconds":	0.0036720000207424164,
					"bytes":	131072,
					"bits_per_second":	285559911.240958,
					"omitted":	false,
					"sender":	false
				}],
			"sum":	{
				"start":	30.011881,
				"end":	30.015553,
				"seconds":	0.0036720000207424164,
				"bytes":	131072,
				"bits_per_second":	285559911.240958,
				"omitted":	false,
				"sender":	false
			}
		}],
	"end":	{
		"streams":	[{
				"sender":	{
					"socket":	5,
					"start":	0,
					"end":	30.015553,
					"seconds":	30.015553,
					"bytes":	0,
					"bits_per_second":	0,
					"sender":	false
				},
				"receiver":	{
					"socket":	5,
					"start":	0,
					"end":	30.015553,
					"seconds":	30.015553,
					"bytes":	403308544,
					"bits_per_second":	107493216.99986669,
					"sender":	false
				}
			}],
		"sum_sent":	{
			"start":	0,
			"end":	30.015553,
			"seconds":	30.015553,
			"bytes":	0,
			"bits_per_second":	0,
			"sender":	false
		},
		"sum_received":	{
			"start":	0,
			"end":	30.015553,
			"seconds":	30.015553,
			"bytes":	403308544,
			"bits_per_second":	107493216.99986669,
			"sender":	false
		},
		"cpu_utilization_percent":	{
			"host_total":	0,
			"host_user":	0,
			"host_system":	0,
			"remote_total":	0.676092303718248,
			"remote_user":	0.259779308817849,
			"remote_system":	0.416312994900399
		}
	}
}
{
	"start":	{
		"connected":	[{
				"socket":	5,
				"local_host":	"192.168.5.36",
				"local_port":	5201,
				"remote_host":	"192.168.5.26",
				"remote_port":	49274
			}],
		"version":	"iperf 3.18",
		"system_info":	"CYGWIN_NT-10.0-22621 WIN-20250124JFD 3.5.4-1.x86_64 2024-08-25 16:52 UTC x86_64",
		"sock_bufsize":	0,
		"sndbuf_actual":	65536,
		"rcvbuf_actual":	65536,
		"timestamp":	{
			"time":	"Tue, 11 Feb 2025 18:43:49 GMT",
			"timesecs":	1739299429
		},
		"accepted_connection":	{
			"host":	"192.168.5.26",
			"port":	49267
		},
		"cookie":	"afqmlbfuhznwob66wvyi7bviicn3ekl33o4c",
		"tcp_mss_default":	0,
		"target_bitrate":	0,
		"fq_rate":	0,
		"test_start":	{
			"protocol":	"TCP",
			"num_streams":	1,
			"blksize":	131072,
			"omit":	0,
			"duration":	30,
			"bytes":	0,
			"blocks":	0,
			"reverse":	0,
			"tos":	0,
			"target_bitrate":	0,
			"bidir":	0,
			"fqrate":	0,
			"interval":	1
		}
	},
	"intervals":	[{
			"streams":	[{
					"socket":	5,
					"start":	0,
					"end":	1.009947,
					"seconds":	1.0099469423294067,
					"bytes":	14286848,
					"bits_per_second":	113169097.51356159,
					"omitted":	false,
					"sender":	false
				}],
			"sum":	{
				"start":	0,
				"end":	1.009947,
				"seconds":	1.0099469423294067,
				"bytes":	14286848,
				"bits_per_second":	113169097.51356159,
				"omitted":	false,
				"sender":	false
			}
		}, {
			"streams":	[{
					"socket":	5,
					"start":	1.009947,
					"end":	2.00653,
					"seconds":	0.99658298492431641,
					"bytes":	11796480,
					"bits_per_second":	94695415.6629183,
					"omitted":	false,
					"sender":	false
				}],
			"sum":	{
				"start":	1.009947,
				"end":	2.00653,
				"seconds":	0.99658298492431641,
				"bytes":	11796480,
				"bits_per_second":	94695415.6629183,
				"omitted":	false,
				"sender":	false
			}
		}, {
			"streams":	[{
					"socket":	5,
					"start":	2.00653,
					"end":	3.003108,
					"seconds":	0.99657797813415527,
					"bytes":	11141120,
					"bits_per_second":	89435008.5548467,
					"omitted":	false,
					"sender":	false
				}],
			"sum":	{
				"start":	2.00653,
				"end":	3.003108,
				"seconds":	0.99657797813415527,
				"bytes":	11141120,
				"bits_per_second":	89435008.5548467,
				"omitted":	false,
				"sender":	false
			}
		}, {
			"streams":	[{
					"socket":	5,
					"start":	3.003108,
					"end":	4.003896,
					"seconds":	1.0007879734039307,
					"bytes":	11272192,
					"bits_per_second":	90106534.447335139,
					"omitted":	false,
					"sender":	false
				}],
			"sum":	{
				"start":	3.003108,
				"end":	4.003896,
				"seconds":	1.0007879734039307,
				"bytes":	11272192,
				"bits_per_second":	90106534.447335139,
				"omitted":	false,
				"sender":	false
			}
		}, {
			"streams":	[{
					"socket":	5,
					"start":	4.003896,
					"end":	5.002016,
					"seconds":	0.9981200098991394,
					"bytes":	11534336,
					"bits_per_second":	92448490.246502936,
					"omitted":	false,
					"sender":	false
				}],
			"sum":	{
				"start":	4.003896,
				"end":	5.002016,
				"seconds":	0.9981200098991394,
				"bytes":	11534336,
				"bits_per_second":	92448490.246502936,
				"omitted":	false,
				"sender":	false
			}
		}, {
			"streams":	[{
					"socket":	5,
					"start":	5.002016,
					"end":	6.014976,
					"seconds":	1.0129599571228027,
					"bytes":	11927552,
					"bits_per_second":	94199593.309720561,
					"omitted":	false,
					"sender":	false
				}],
			"sum":	{
				"start":	5.002016,
				"end":	6.014976,
				"seconds":	1.0129599571228027,
				"bytes":	11927552,
				"bits_per_second":	94199593.309720561,
				"omitted":	false,
				"sender":	false
			}
		}, {
			"streams":	[{
					"socket":	5,
					"start":	6.014976,
					"end":	7.012258,
					"seconds":	0.99728202819824219,
					"bytes":	11272192,
					"bits_per_second":	90423303.990467861,
					"omitted":	false,
					"sender":	false
				}],
			"sum":	{
				"start":	6.014976,
				"end":	7.012258,
				"seconds":	0.99728202819824219,
				"bytes":	11272192,
				"bits_per_second":	90423303.990467861,
				"omitted":	false,
				"sender":	false
			}
		}, {
			"streams":	[{
					"socket":	5,
					"start":	7.012258,
					"end":	8.005868,
					"seconds":	0.99361002445220947,
					"bytes":	11141120,
					"bits_per_second":	89702154.574314,
					"omitted":	false,
					"sender":	false
				}],
			"sum":	{
				"start":	7.012258,
				"end":	8.005868,
				"seconds":	0.99361002445220947,
				"bytes":	11141120,
				"bits_per_second":	89702154.574314,
				"omitted":	false,
				"sender":	false
			}
		}, {
			"streams":	[{
					"socket":	5,
					"start":	8.005868,
					"end":	9.004791,
					"seconds":	0.99892300367355347,
					"bytes":	11272192,
					"bits_per_second":	90274761.5865996,
					"omitted":	false,
					"sender":	false
				}],
			"sum":	{
				"start":	8.005868,
				"end":	9.004791,
				"seconds":	0.99892300367355347,
				"bytes":	11272192,
				"bits_per_second":	90274761.5865996,
				"omitted":	false,
				"sender":	false
			}
		}, {
			"streams":	[{
					"socket":	5,
					"start":	9.004791,
					"end":	10.006936,
					"seconds":	1.0021450519561768,
					"bytes":	11141120,
					"bits_per_second":	88938182.9766272,
					"omitted":	false,
					"sender":	false
				}],
			"sum":	{
				"start":	9.004791,
				"end":	10.006936,
				"seconds":	1.0021450519561768,
				"bytes":	11141120,
				"bits_per_second":	88938182.9766272,
				"omitted":	false,
				"sender":	false
			}
		}, {
			"streams":	[{
					"socket":	5,
					"start":	10.006936,
					"end":	11.007955,
					"seconds":	1.00101900100708,
					"bytes":	9699328,
					"bits_per_second":	77515635.4893719,
					"omitted":	false,
					"sender":	false
				}],
			"sum":	{
				"start":	10.006936,
				"end":	11.007955,
				"seconds":	1.00101900100708,
				"bytes":	9699328,
				"bits_per_second":	77515635.4893719,
				"omitted":	false,
				"sender":	false
			}
		}, {
			"streams":	[{
					"socket":	5,
					"start":	11.007955,
					"end":	12.00662,
					"seconds":	0.9986649751663208,
					"bytes":	11141120,
					"bits_per_second":	89248108.4411278,
					"omitted":	false,
					"sender":	false
				}],
			"sum":	{
				"start":	11.007955,
				"end":	12.00662,
				"seconds":	0.9986649751663208,
				"bytes":	11141120,
				"bits_per_second":	89248108.4411278,
				"omitted":	false,
				"sender":	false
			}
		}, {
			"streams":	[{
					"socket":	5,
					"start":	12.00662,
					"end":	13.013637,
					"seconds":	1.0070170164108276,
					"bytes":	11272192,
					"bits_per_second":	89549168.018438652,
					"omitted":	false,
					"sender":	false
				}],
			"sum":	{
				"start":	12.00662,
				"end":	13.013637,
				"seconds":	1.0070170164108276,
				"bytes":	11272192,
				"bits_per_second":	89549168.018438652,
				"omitted":	false,
				"sender":	false
			}
		}, {
			"streams":	[{
					"socket":	5,
					"start":	13.013637,
					"end":	14.010638,
					"seconds":	0.99700099229812622,
					"bytes":	11141120,
					"bits_per_second":	89397062.4788991,
					"omitted":	false,
					"sender":	false
				}],
			"sum":	{
				"start":	13.013637,
				"end":	14.010638,
				"seconds":	0.99700099229812622,
				"bytes":	11141120,
				"bits_per_second":	89397062.4788991,
				"omitted":	false,
				"sender":	false
			}
		}, {
			"streams":	[{
					"socket":	5,
					"start":	14.010638,
					"end":	15.004261,
					"seconds":	0.99362301826477051,
					"bytes":	12058624,
					"bits_per_second":	97088121.175443545,
					"omitted":	false,
					"sender":	false
				}],
			"sum":	{
				"start":	14.010638,
				"end":	15.004261,
				"seconds":	0.99362301826477051,
				"bytes":	12058624,
				"bits_per_second":	97088121.175443545,
				"omitted":	false,
				"sender":	false
			}
		}, {
			"streams":	[{
					"socket":	5,
					"start":	15.004261,
					"end":	16.000735,
					"seconds":	0.996474027633667,
					"bytes":	11141120,
					"bits_per_second":	89444338.2650475,
					"omitted":	false,
					"sender":	false
				}],
			"sum":	{
				"start":	15.004261,
				"end":	16.000735,
				"seconds":	0.996474027633667,
				"bytes":	11141120,
				"bits_per_second":	89444338.2650475,
				"omitted":	false,
				"sender":	false
			}
		}, {
			"streams":	[{
					"socket":	5,
					"start":	16.000735,
					"end":	17.012539,
					"seconds":	1.0118039846420288,
					"bytes":	11272192,
					"bits_per_second":	89125499.967174336,
					"omitted":	false,
					"sender":	false
				}],
			"sum":	{
				"start":	16.000735,
				"end":	17.012539,
				"seconds":	1.0118039846420288,
				"bytes":	11272192,
				"bits_per_second":	89125499.967174336,
				"omitted":	false,
				"sender":	false
			}
		}, {
			"streams":	[{
					"socket":	5,
					"start":	17.012539,
					"end":	18.006753,
					"seconds":	0.99421399831771851,
					"bytes":	11141120,
					"bits_per_second":	89647661.520369455,
					"omitted":	false,
					"sender":	false
				}],
			"sum":	{
				"start":	17.012539,
				"end":	18.006753,
				"seconds":	0.99421399831771851,
				"bytes":	11141120,
				"bits_per_second":	89647661.520369455,
				"omitted":	false,
				"sender":	false
			}
		}, {
			"streams":	[{
					"socket":	5,
					"start":	18.006753,
					"end":	19.00247,
					"seconds":	0.99571698904037476,
					"bytes":	11010048,
					"bits_per_second":	88459255.962768838,
					"omitted":	false,
					"sender":	false
				}],
			"sum":	{
				"start":	18.006753,
				"end":	19.00247,
				"seconds":	0.99571698904037476,
				"bytes":	11010048,
				"bits_per_second":	88459255.962768838,
				"omitted":	false,
				"sender":	false
			}
		}, {
			"streams":	[{
					"socket":	5,
					"start":	19.00247,
					"end":	20.015005,
					"seconds":	1.0125349760055542,
					"bytes":	9175040,
					"bits_per_second":	72491639.0439804,
					"omitted":	false,
					"sender":	false
				}],
			"sum":	{
				"start":	19.00247,
				"end":	20.015005,
				"seconds":	1.0125349760055542,
				"bytes":	9175040,
				"bits_per_second":	72491639.0439804,
				"omitted":	false,
				"sender":	false
			}
		}, {
			"streams":	[{
					"socket":	5,
					"start":	20.015005,
					"end":	21.01327,
					"seconds":	0.998265027999878,
					"bytes":	11665408,
					"bits_per_second":	93485458.653181836,
					"omitted":	false,
					"sender":	false
				}],
			"sum":	{
				"start":	20.015005,
				"end":	21.01327,
				"seconds":	0.998265027999878,
				"bytes":	11665408,
				"bits_per_second":	93485458.653181836,
				"omitted":	false,
				"sender":	false
			}
		}, {
			"streams":	[{
					"socket":	5,
					"start":	21.01327,
					"end":	22.013896,
					"seconds":	1.0006259679794312,
					"bytes":	11141120,
					"bits_per_second":	89073203.027079672,
					"omitted":	false,
					"sender":	false
				}],
			"sum":	{
				"start":	21.01327,
				"end":	22.013896,
				"seconds":	1.0006259679794312,
				"bytes":	11141120,
				"bits_per_second":	89073203.027079672,
				"omitted":	false,
				"sender":	false
			}
		}, {
			"streams":	[{
					"socket":	5,
					"start":	22.013896,
					"end":	23.010828,
					"seconds":	0.996932029724121,
					"bytes":	11141120,
					"bits_per_second":	89403246.502837777,
					"omitted":	false,
					"sender":	false
				}],
			"sum":	{
				"start":	22.013896,
				"end":	23.010828,
				"seconds":	0.996932029724121,
				"bytes":	11141120,
				"bits_per_second":	89403246.502837777,
				"omitted":	false,
				"sender":	false
			}
		}, {
			"streams":	[{
					"socket":	5,
					"start":	23.010828,
					"end":	24.010552,
					"seconds":	0.999723970890045,
					"bytes":	11272192,
					"bits_per_second":	90202434.497710168,
					"omitted":	false,
					"sender":	false
				}],
			"sum":	{
				"start":	23.010828,
				"end":	24.010552,
				"seconds":	0.999723970890045,
				"bytes":	11272192,
				"bits_per_second":	90202434.497710168,
				"omitted":	false,
				"sender":	false
			}
		}, {
			"streams":	[{
					"socket":	5,
					"start":	24.010552,
					"end":	25.006742,
					"seconds":	0.99619001150131226,
					"bytes":	11927552,
					"bits_per_second":	95785357.1089277,
					"omitted":	false,
					"sender":	false
				}],
			"sum":	{
				"start":	24.010552,
				"end":	25.006742,
				"seconds":	0.99619001150131226,
				"bytes":	11927552,
				"bits_per_second":	95785357.1089277,
				"omitted":	false,
				"sender":	false
			}
		}, {
			"streams":	[{
					"socket":	5,
					"start":	25.006742,
					"end":	26.005639,
					"seconds":	0.9988970160484314,
					"bytes":	11141120,
					"bits_per_second":	89227376.364170253,
					"omitted":	false,
					"sender":	false
				}],
			"sum":	{
				"start":	25.006742,
				"end":	26.005639,
				"seconds":	0.9988970160484314,
				"bytes":	11141120,
				"bits_per_second":	89227376.364170253,
				"omitted":	false,
				"sender":	false
			}
		}, {
			"streams":	[{
					"socket":	5,
					"start":	26.005639,
					"end":	27.001239,
					"seconds":	0.99559998512268066,
					"bytes":	11141120,
					"bits_per_second":	89522861.924327239,
					"omitted":	false,
					"sender":	false
				}],
			"sum":	{
				"start":	26.005639,
				"end":	27.001239,
				"seconds":	0.99559998512268066,
				"bytes":	11141120,
				"bits_per_second":	89522861.924327239,
				"omitted":	false,
				"sender":	false
			}
		}, {
			"streams":	[{
					"socket":	5,
					"start":	27.001239,
					"end":	28.013373,
					"seconds":	1.0121339559555054,
					"bytes":	11403264,
					"bits_per_second":	90132448.8356662,
					"omitted":	false,
					"sender":	false
				}],
			"sum":	{
				"start":	27.001239,
				"end":	28.013373,
				"seconds":	1.0121339559555054,
				"bytes":	11403264,
				"bits_per_second":	90132448.8356662,
				"omitted":	false,
				"sender":	false
			}
		}, {
			"streams":	[{
					"socket":	5,
					"start":	28.013373,
					"end":	29.011424,
					"seconds":	0.9980509877204895,
					"bytes":	11534336,
					"bits_per_second":	92454883.7036391,
					"omitted":	false,
					"sender":	false
				}],
			"sum":	{
				"start":	28.013373,
				"end":	29.011424,
				"seconds":	0.9980509877204895,
				"bytes":	11534336,
				"bits_per_second":	92454883.7036391,
				"omitted":	false,
				"sender":	false
			}
		}, {
			"streams":	[{
					"socket":	5,
					"start":	29.011424,
					"end":	30.007227,
					"seconds":	0.99580299854278564,
					"bytes":	8781824,
					"bits_per_second":	70550693.362851366,
					"omitted":	false,
					"sender":	false
				}],
			"sum":	{
				"start":	29.011424,
				"end":	30.007227,
				"seconds":	0.99580299854278564,
				"bytes":	8781824,
				"bits_per_second":	70550693.362851366,
				"omitted":	false,
				"sender":	false
			}
		}, {
			"streams":	[{
					"socket":	5,
					"start":	30.007227,
					"end":	30.030612,
					"seconds":	0.023384999483823776,
					"bytes":	262144,
					"bits_per_second":	89679369.0951618,
					"omitted":	false,
					"sender":	false
				}],
			"sum":	{
				"start":	30.007227,
				"end":	30.030612,
				"seconds":	0.023384999483823776,
				"bytes":	262144,
				"bits_per_second":	89679369.0951618,
				"omitted":	false,
				"sender":	false
			}
		}],
	"end":	{
		"streams":	[{
				"sender":	{
					"socket":	5,
					"start":	0,
					"end":	30.030612,
					"seconds":	30.030612,
					"bytes":	0,
					"bits_per_second":	0,
					"sender":	false
				},
				"receiver":	{
					"socket":	5,
					"start":	0,
					"end":	30.030612,
					"seconds":	30.030612,
					"bytes":	337248256,
					"bits_per_second":	89841194.3119907,
					"sender":	false
				}
			}],
		"sum_sent":	{
			"start":	0,
			"end":	30.030612,
			"seconds":	30.030612,
			"bytes":	0,
			"bits_per_second":	0,
			"sender":	false
		},
		"sum_received":	{
			"start":	0,
			"end":	30.030612,
			"seconds":	30.030612,
			"bytes":	337248256,
			"bits_per_second":	89841194.3119907,
			"sender":	false
		},
		"cpu_utilization_percent":	{
			"host_total":	0.053278891186356078,
			"host_user":	0,
			"host_system":	0.053278891186356078,
			"remote_total":	0.72903269511902624,
			"remote_user":	0.15645907155522482,
			"remote_system":	0.57257362356380148
		}
	}
}
{
	"start":	{
		"connected":	[],
		"version":	"iperf 3.18",
		"system_info":	"CYGWIN_NT-10.0-22621 WIN-20250124JFD 3.5.4-1.x86_64 2024-08-25 16:52 UTC x86_64"
	},
	"intervals":	[],
	"end":	{
	},
	"error":	"interrupt - the server has terminated"
}
